[ 2016-11-01T08:29:09+08:00 ] ::1 /wei/index.php/Gwc/gwc.html
INFO: [ app_init ] --START--
INFO: Run Behavior\BuildLiteBehavior [ RunTime:0.000049s ]
INFO: [ app_init ] --END-- [ RunTime:0.172251s ]
INFO: [ app_begin ] --START--
INFO: Run Behavior\ReadHtmlCacheBehavior [ RunTime:0.032051s ]
INFO: [ app_begin ] --END-- [ RunTime:0.032220s ]
NOTIC: [8] A session had already been started - ignoring session_start() D:\wamp\www\wei\Application\Home\Controller\GwcController.class.php 第 12 行.
SQL: SHOW COLUMNS FROM `sw_gwc` [ RunTime:0.1675s ]
SQL: SELECT * FROM `sw_gwc` WHERE ( gwc_user_id=229 )  [ RunTime:0.0462s ]
SQL: SHOW COLUMNS FROM `sw_cate` [ RunTime:0.0294s ]
SQL: SELECT * FROM `sw_cate` WHERE ( cate_level=0 )  [ RunTime:0.0003s ]
INFO: [ view_parse ] --START--
INFO: [ template_filter ] --START--
INFO: Run Behavior\ContentReplaceBehavior [ RunTime:0.043976s ]
INFO: [ template_filter ] --END-- [ RunTime:0.044205s ]
INFO: Run Behavior\ParseTemplateBehavior [ RunTime:0.441193s ]
INFO: [ view_parse ] --END-- [ RunTime:0.441327s ]
INFO: [ view_filter ] --START--
INFO: Run Behavior\WriteHtmlCacheBehavior [ RunTime:0.009356s ]
INFO: [ view_filter ] --END-- [ RunTime:0.009838s ]
INFO: [ app_end ] --START--
INFO: Run Behavior\ShowPageTraceBehavior [ RunTime:0.008799s ]
INFO: [ app_end ] --END-- [ RunTime:0.009009s ]

[ 2016-11-01T08:29:10+08:00 ] ::1 /wei/index.php/Index/verifyImg.html
INFO: [ app_init ] --START--
INFO: Run Behavior\BuildLiteBehavior [ RunTime:0.000061s ]
INFO: [ app_init ] --END-- [ RunTime:0.000769s ]
INFO: [ app_begin ] --START--
INFO: Run Behavior\ReadHtmlCacheBehavior [ RunTime:0.000560s ]
INFO: [ app_begin ] --END-- [ RunTime:0.000702s ]
INFO: [ app_end ] --START--
INFO: Run Behavior\ShowPageTraceBehavior [ RunTime:0.000570s ]
INFO: [ app_end ] --END-- [ RunTime:0.000715s ]

[ 2016-11-01T10:15:27+08:00 ] ::1 /wei/index.php/Index/verifyImg.html
INFO: [ app_init ] --START--
INFO: Run Behavior\BuildLiteBehavior [ RunTime:0.000027s ]
INFO: [ app_init ] --END-- [ RunTime:0.000456s ]
INFO: [ app_begin ] --START--
INFO: Run Behavior\ReadHtmlCacheBehavior [ RunTime:0.000594s ]
INFO: [ app_begin ] --END-- [ RunTime:0.000729s ]
INFO: [ app_end ] --START--
INFO: Run Behavior\ShowPageTraceBehavior [ RunTime:0.000599s ]
INFO: [ app_end ] --END-- [ RunTime:0.000739s ]

[ 2016-11-01T14:38:35+08:00 ] ::1 /wei/index.php/Index/verifyImg.html
INFO: [ app_init ] --START--
INFO: Run Behavior\BuildLiteBehavior [ RunTime:0.000044s ]
INFO: [ app_init ] --END-- [ RunTime:0.010887s ]
INFO: [ app_begin ] --START--
INFO: Run Behavior\ReadHtmlCacheBehavior [ RunTime:0.001217s ]
INFO: [ app_begin ] --END-- [ RunTime:0.001351s ]
INFO: [ app_end ] --START--
INFO: Run Behavior\ShowPageTraceBehavior [ RunTime:0.027325s ]
INFO: [ app_end ] --END-- [ RunTime:0.027506s ]

[ 2016-11-01T16:28:35+08:00 ] ::1 /wei/index.php/Index/verifyImg.html
INFO: [ app_init ] --START--
INFO: Run Behavior\BuildLiteBehavior [ RunTime:0.000045s ]
INFO: [ app_init ] --END-- [ RunTime:0.009186s ]
INFO: [ app_begin ] --START--
INFO: Run Behavior\ReadHtmlCacheBehavior [ RunTime:0.021208s ]
INFO: [ app_begin ] --END-- [ RunTime:0.021365s ]
INFO: [ app_end ] --START--
INFO: Run Behavior\ShowPageTraceBehavior [ RunTime:0.049786s ]
INFO: [ app_end ] --END-- [ RunTime:0.049954s ]

