[ 2016-11-03T20:56:32+08:00 ] ::1 /wei/
INFO: [ app_init ] --START--
INFO: Run Behavior\BuildLiteBehavior [ RunTime:0.000026s ]
INFO: [ app_init ] --END-- [ RunTime:0.000758s ]
INFO: [ app_begin ] --START--
INFO: Run Behavior\ReadHtmlCacheBehavior [ RunTime:0.000872s ]
INFO: [ app_begin ] --END-- [ RunTime:0.001034s ]
SQL: SHOW COLUMNS FROM `sw_goods` [ RunTime:0.0895s ]
SQL: SELECT * FROM `sw_goods` ORDER BY goods_create_time desc LIMIT 7   [ RunTime:0.0009s ]
SQL: SELECT * FROM `sw_goods` ORDER BY goods_view desc LIMIT 3   [ RunTime:0.0003s ]
SQL: SELECT * FROM `sw_goods` WHERE ( goods_price < 400  ) ORDER BY goods_price asc LIMIT 3   [ RunTime:0.0006s ]
SQL: SELECT * FROM `sw_goods` ORDER BY goods_create_time desc LIMIT 3   [ RunTime:0.0003s ]
SQL: SHOW COLUMNS FROM `sw_cate` [ RunTime:0.0158s ]
SQL: SELECT * FROM `sw_cate` WHERE ( cate_level=0 )  [ RunTime:0.0003s ]
NOTIC: [8] Undefined index: user_name D:\wamp\www\wei\Application\Home\Controller\IndexController.class.php 第 27 行.
INFO: [ view_parse ] --START--
INFO: [ template_filter ] --START--
INFO: Run Behavior\ContentReplaceBehavior [ RunTime:0.042376s ]
INFO: [ template_filter ] --END-- [ RunTime:0.042513s ]
INFO: Run Behavior\ParseTemplateBehavior [ RunTime:0.098254s ]
INFO: [ view_parse ] --END-- [ RunTime:0.098370s ]
INFO: [ view_filter ] --START--
INFO: Run Behavior\WriteHtmlCacheBehavior [ RunTime:0.020937s ]
INFO: [ view_filter ] --END-- [ RunTime:0.021050s ]
INFO: [ app_end ] --START--
INFO: Run Behavior\ShowPageTraceBehavior [ RunTime:0.010617s ]
INFO: [ app_end ] --END-- [ RunTime:0.010766s ]

[ 2016-11-03T20:56:33+08:00 ] ::1 /wei/index.php/Index/verifyImg.html
INFO: [ app_init ] --START--
INFO: Run Behavior\BuildLiteBehavior [ RunTime:0.000027s ]
INFO: [ app_init ] --END-- [ RunTime:0.000423s ]
INFO: [ app_begin ] --START--
INFO: Run Behavior\ReadHtmlCacheBehavior [ RunTime:0.000523s ]
INFO: [ app_begin ] --END-- [ RunTime:0.000691s ]
INFO: [ app_end ] --START--
INFO: Run Behavior\ShowPageTraceBehavior [ RunTime:0.000577s ]
INFO: [ app_end ] --END-- [ RunTime:0.000705s ]

[ 2016-11-03T20:57:11+08:00 ] ::1 /wei/
INFO: [ app_init ] --START--
INFO: Run Behavior\BuildLiteBehavior [ RunTime:0.000027s ]
INFO: [ app_init ] --END-- [ RunTime:0.000453s ]
INFO: [ app_begin ] --START--
INFO: Run Behavior\ReadHtmlCacheBehavior [ RunTime:0.000454s ]
INFO: [ app_begin ] --END-- [ RunTime:0.000594s ]
SQL: SHOW COLUMNS FROM `sw_goods` [ RunTime:0.0025s ]
SQL: SELECT * FROM `sw_goods` ORDER BY goods_create_time desc LIMIT 7   [ RunTime:0.0006s ]
SQL: SELECT * FROM `sw_goods` ORDER BY goods_view desc LIMIT 3   [ RunTime:0.0005s ]
SQL: SELECT * FROM `sw_goods` WHERE ( goods_price < 400  ) ORDER BY goods_price asc LIMIT 3   [ RunTime:0.0002s ]
SQL: SELECT * FROM `sw_goods` ORDER BY goods_create_time desc LIMIT 3   [ RunTime:0.0002s ]
SQL: SHOW COLUMNS FROM `sw_cate` [ RunTime:0.0025s ]
SQL: SELECT * FROM `sw_cate` WHERE ( cate_level=0 )  [ RunTime:0.0003s ]
NOTIC: [8] Undefined index: user_name D:\wamp\www\wei\Application\Home\Controller\IndexController.class.php 第 27 行.
INFO: [ view_parse ] --START--
INFO: [ template_filter ] --START--
INFO: Run Behavior\ContentReplaceBehavior [ RunTime:0.000268s ]
INFO: [ template_filter ] --END-- [ RunTime:0.000385s ]
INFO: Run Behavior\ParseTemplateBehavior [ RunTime:0.027749s ]
INFO: [ view_parse ] --END-- [ RunTime:0.027897s ]
INFO: [ view_filter ] --START--
INFO: Run Behavior\WriteHtmlCacheBehavior [ RunTime:0.000471s ]
INFO: [ view_filter ] --END-- [ RunTime:0.000583s ]
INFO: [ app_end ] --START--
INFO: Run Behavior\ShowPageTraceBehavior [ RunTime:0.000787s ]
INFO: [ app_end ] --END-- [ RunTime:0.000980s ]

[ 2016-11-03T20:57:12+08:00 ] ::1 /wei/index.php/Index/verifyImg.html
INFO: [ app_init ] --START--
INFO: Run Behavior\BuildLiteBehavior [ RunTime:0.000042s ]
INFO: [ app_init ] --END-- [ RunTime:0.001247s ]
INFO: [ app_begin ] --START--
INFO: Run Behavior\ReadHtmlCacheBehavior [ RunTime:0.000579s ]
INFO: [ app_begin ] --END-- [ RunTime:0.000753s ]
INFO: [ app_end ] --START--
INFO: Run Behavior\ShowPageTraceBehavior [ RunTime:0.000837s ]
INFO: [ app_end ] --END-- [ RunTime:0.001033s ]

[ 2016-11-03T20:59:34+08:00 ] ::1 /wei/
INFO: [ app_init ] --START--
INFO: Run Behavior\BuildLiteBehavior [ RunTime:0.000024s ]
INFO: [ app_init ] --END-- [ RunTime:0.000403s ]
INFO: [ app_begin ] --START--
INFO: Run Behavior\ReadHtmlCacheBehavior [ RunTime:0.000463s ]
INFO: [ app_begin ] --END-- [ RunTime:0.000585s ]
SQL: SHOW COLUMNS FROM `sw_goods` [ RunTime:0.0027s ]
SQL: SELECT * FROM `sw_goods` ORDER BY goods_create_time desc LIMIT 7   [ RunTime:0.0004s ]
SQL: SELECT * FROM `sw_goods` ORDER BY goods_view desc LIMIT 3   [ RunTime:0.0002s ]
SQL: SELECT * FROM `sw_goods` WHERE ( goods_price < 400  ) ORDER BY goods_price asc LIMIT 3   [ RunTime:0.0002s ]
SQL: SELECT * FROM `sw_goods` ORDER BY goods_create_time desc LIMIT 3   [ RunTime:0.0002s ]
SQL: SHOW COLUMNS FROM `sw_cate` [ RunTime:0.0025s ]
SQL: SELECT * FROM `sw_cate` WHERE ( cate_level=0 )  [ RunTime:0.0003s ]
NOTIC: [8] Undefined index: user_name D:\wamp\www\wei\Application\Home\Controller\IndexController.class.php 第 27 行.
INFO: [ view_parse ] --START--
INFO: [ template_filter ] --START--
INFO: Run Behavior\ContentReplaceBehavior [ RunTime:0.000290s ]
INFO: [ template_filter ] --END-- [ RunTime:0.000414s ]
INFO: Run Behavior\ParseTemplateBehavior [ RunTime:0.027337s ]
INFO: [ view_parse ] --END-- [ RunTime:0.027468s ]
INFO: [ view_filter ] --START--
INFO: Run Behavior\WriteHtmlCacheBehavior [ RunTime:0.000446s ]
INFO: [ view_filter ] --END-- [ RunTime:0.000550s ]
INFO: [ app_end ] --START--
INFO: Run Behavior\ShowPageTraceBehavior [ RunTime:0.000567s ]
INFO: [ app_end ] --END-- [ RunTime:0.000696s ]

[ 2016-11-03T20:59:35+08:00 ] ::1 /wei/index.php/Index/verifyImg.html
INFO: [ app_init ] --START--
INFO: Run Behavior\BuildLiteBehavior [ RunTime:0.000051s ]
INFO: [ app_init ] --END-- [ RunTime:0.001101s ]
INFO: [ app_begin ] --START--
INFO: Run Behavior\ReadHtmlCacheBehavior [ RunTime:0.000973s ]
INFO: [ app_begin ] --END-- [ RunTime:0.001177s ]
INFO: [ app_end ] --START--
INFO: Run Behavior\ShowPageTraceBehavior [ RunTime:0.000688s ]
INFO: [ app_end ] --END-- [ RunTime:0.000872s ]

[ 2016-11-03T21:04:31+08:00 ] ::1 /wei/
INFO: [ app_init ] --START--
INFO: Run Behavior\BuildLiteBehavior [ RunTime:0.000027s ]
INFO: [ app_init ] --END-- [ RunTime:0.000540s ]
INFO: [ app_begin ] --START--
INFO: Run Behavior\ReadHtmlCacheBehavior [ RunTime:0.000855s ]
INFO: [ app_begin ] --END-- [ RunTime:0.001060s ]
SQL: SHOW COLUMNS FROM `sw_goods` [ RunTime:0.0023s ]
SQL: SELECT * FROM `sw_goods` ORDER BY goods_create_time desc LIMIT 7   [ RunTime:0.0004s ]
SQL: SELECT * FROM `sw_goods` ORDER BY goods_view desc LIMIT 3   [ RunTime:0.0002s ]
SQL: SELECT * FROM `sw_goods` WHERE ( goods_price < 400  ) ORDER BY goods_price asc LIMIT 3   [ RunTime:0.0008s ]
SQL: SELECT * FROM `sw_goods` ORDER BY goods_create_time desc LIMIT 3   [ RunTime:0.0005s ]
SQL: SHOW COLUMNS FROM `sw_cate` [ RunTime:0.0022s ]
SQL: SELECT * FROM `sw_cate` WHERE ( cate_level=0 )  [ RunTime:0.0002s ]
NOTIC: [8] Undefined index: user_name D:\wamp\www\wei\Application\Home\Controller\IndexController.class.php 第 27 行.
INFO: [ view_parse ] --START--
INFO: [ template_filter ] --START--
INFO: Run Behavior\ContentReplaceBehavior [ RunTime:0.000243s ]
INFO: [ template_filter ] --END-- [ RunTime:0.000383s ]
INFO: Run Behavior\ParseTemplateBehavior [ RunTime:0.030012s ]
INFO: [ view_parse ] --END-- [ RunTime:0.030129s ]
INFO: [ view_filter ] --START--
INFO: Run Behavior\WriteHtmlCacheBehavior [ RunTime:0.000417s ]
INFO: [ view_filter ] --END-- [ RunTime:0.000520s ]
INFO: [ app_end ] --START--
INFO: Run Behavior\ShowPageTraceBehavior [ RunTime:0.000520s ]
INFO: [ app_end ] --END-- [ RunTime:0.000636s ]

[ 2016-11-03T21:04:32+08:00 ] ::1 /wei/index.php/Index/verifyImg.html
INFO: [ app_init ] --START--
INFO: Run Behavior\BuildLiteBehavior [ RunTime:0.000030s ]
INFO: [ app_init ] --END-- [ RunTime:0.000479s ]
INFO: [ app_begin ] --START--
INFO: Run Behavior\ReadHtmlCacheBehavior [ RunTime:0.000811s ]
INFO: [ app_begin ] --END-- [ RunTime:0.000985s ]
INFO: [ app_end ] --START--
INFO: Run Behavior\ShowPageTraceBehavior [ RunTime:0.000744s ]
INFO: [ app_end ] --END-- [ RunTime:0.000989s ]

[ 2016-11-03T21:04:44+08:00 ] ::1 /wei/index.php/Index/ckname.html
INFO: [ app_init ] --START--
INFO: Run Behavior\BuildLiteBehavior [ RunTime:0.000025s ]
INFO: [ app_init ] --END-- [ RunTime:0.000397s ]
INFO: [ app_begin ] --START--
INFO: Run Behavior\ReadHtmlCacheBehavior [ RunTime:0.000530s ]
INFO: [ app_begin ] --END-- [ RunTime:0.000643s ]
SQL: SHOW COLUMNS FROM `sw_user` [ RunTime:0.0022s ]
SQL: SELECT * FROM `sw_user` WHERE ( username = 'tom33' ) LIMIT 1   [ RunTime:0.0008s ]

[ 2016-11-03T21:05:23+08:00 ] ::1 /wei/
INFO: [ app_init ] --START--
INFO: Run Behavior\BuildLiteBehavior [ RunTime:0.000024s ]
INFO: [ app_init ] --END-- [ RunTime:0.000354s ]
INFO: [ app_begin ] --START--
INFO: Run Behavior\ReadHtmlCacheBehavior [ RunTime:0.000463s ]
INFO: [ app_begin ] --END-- [ RunTime:0.000571s ]
SQL: SHOW COLUMNS FROM `sw_goods` [ RunTime:0.0023s ]
SQL: SELECT * FROM `sw_goods` ORDER BY goods_create_time desc LIMIT 7   [ RunTime:0.0005s ]
SQL: SELECT * FROM `sw_goods` ORDER BY goods_view desc LIMIT 3   [ RunTime:0.0003s ]
SQL: SELECT * FROM `sw_goods` WHERE ( goods_price < 400  ) ORDER BY goods_price asc LIMIT 3   [ RunTime:0.0003s ]
SQL: SELECT * FROM `sw_goods` ORDER BY goods_create_time desc LIMIT 3   [ RunTime:0.0002s ]
SQL: SHOW COLUMNS FROM `sw_cate` [ RunTime:0.0023s ]
SQL: SELECT * FROM `sw_cate` WHERE ( cate_level=0 )  [ RunTime:0.0002s ]
NOTIC: [8] Undefined index: user_name D:\wamp\www\wei\Application\Home\Controller\IndexController.class.php 第 27 行.
INFO: [ view_parse ] --START--
INFO: [ template_filter ] --START--
INFO: Run Behavior\ContentReplaceBehavior [ RunTime:0.000256s ]
INFO: [ template_filter ] --END-- [ RunTime:0.000387s ]
INFO: Run Behavior\ParseTemplateBehavior [ RunTime:0.036969s ]
INFO: [ view_parse ] --END-- [ RunTime:0.037087s ]
INFO: [ view_filter ] --START--
INFO: Run Behavior\WriteHtmlCacheBehavior [ RunTime:0.000335s ]
INFO: [ view_filter ] --END-- [ RunTime:0.000433s ]
INFO: [ app_end ] --START--
INFO: Run Behavior\ShowPageTraceBehavior [ RunTime:0.000959s ]
INFO: [ app_end ] --END-- [ RunTime:0.001473s ]

[ 2016-11-03T21:05:23+08:00 ] ::1 /wei/index.php/Index/verifyImg.html
INFO: [ app_init ] --START--
INFO: Run Behavior\BuildLiteBehavior [ RunTime:0.000041s ]
INFO: [ app_init ] --END-- [ RunTime:0.000617s ]
INFO: [ app_begin ] --START--
INFO: Run Behavior\ReadHtmlCacheBehavior [ RunTime:0.001044s ]
INFO: [ app_begin ] --END-- [ RunTime:0.001276s ]
INFO: [ app_end ] --START--
INFO: Run Behavior\ShowPageTraceBehavior [ RunTime:0.000586s ]
INFO: [ app_end ] --END-- [ RunTime:0.000731s ]

[ 2016-11-03T21:05:28+08:00 ] ::1 /wei/index.php/Index/ckname.html
INFO: [ app_init ] --START--
INFO: Run Behavior\BuildLiteBehavior [ RunTime:0.000027s ]
INFO: [ app_init ] --END-- [ RunTime:0.000416s ]
INFO: [ app_begin ] --START--
INFO: Run Behavior\ReadHtmlCacheBehavior [ RunTime:0.000523s ]
INFO: [ app_begin ] --END-- [ RunTime:0.000625s ]
SQL: SHOW COLUMNS FROM `sw_user` [ RunTime:0.0025s ]
SQL: SELECT * FROM `sw_user` WHERE ( username = 'tom' ) LIMIT 1   [ RunTime:0.0003s ]

[ 2016-11-03T21:09:44+08:00 ] ::1 /wei/
INFO: [ app_init ] --START--
INFO: Run Behavior\BuildLiteBehavior [ RunTime:0.000039s ]
INFO: [ app_init ] --END-- [ RunTime:0.000586s ]
INFO: [ app_begin ] --START--
INFO: Run Behavior\ReadHtmlCacheBehavior [ RunTime:0.000809s ]
INFO: [ app_begin ] --END-- [ RunTime:0.001044s ]
SQL: SHOW COLUMNS FROM `sw_goods` [ RunTime:0.0031s ]
SQL: SELECT * FROM `sw_goods` ORDER BY goods_create_time desc LIMIT 7   [ RunTime:0.0004s ]
SQL: SELECT * FROM `sw_goods` ORDER BY goods_view desc LIMIT 3   [ RunTime:0.0002s ]
SQL: SELECT * FROM `sw_goods` WHERE ( goods_price < 400  ) ORDER BY goods_price asc LIMIT 3   [ RunTime:0.0002s ]
SQL: SELECT * FROM `sw_goods` ORDER BY goods_create_time desc LIMIT 3   [ RunTime:0.0002s ]
SQL: SHOW COLUMNS FROM `sw_cate` [ RunTime:0.0022s ]
SQL: SELECT * FROM `sw_cate` WHERE ( cate_level=0 )  [ RunTime:0.0003s ]
NOTIC: [8] Undefined index: user_name D:\wamp\www\wei\Application\Home\Controller\IndexController.class.php 第 27 行.
INFO: [ view_parse ] --START--
INFO: [ template_filter ] --START--
INFO: Run Behavior\ContentReplaceBehavior [ RunTime:0.000217s ]
INFO: [ template_filter ] --END-- [ RunTime:0.000336s ]
INFO: Run Behavior\ParseTemplateBehavior [ RunTime:0.029519s ]
INFO: [ view_parse ] --END-- [ RunTime:0.029637s ]
INFO: [ view_filter ] --START--
INFO: Run Behavior\WriteHtmlCacheBehavior [ RunTime:0.000430s ]
INFO: [ view_filter ] --END-- [ RunTime:0.000532s ]
INFO: [ app_end ] --START--
INFO: Run Behavior\ShowPageTraceBehavior [ RunTime:0.000800s ]
INFO: [ app_end ] --END-- [ RunTime:0.001001s ]

[ 2016-11-03T21:09:44+08:00 ] ::1 /wei/index.php/Index/verifyImg.html
INFO: [ app_init ] --START--
INFO: Run Behavior\BuildLiteBehavior [ RunTime:0.000044s ]
INFO: [ app_init ] --END-- [ RunTime:0.001052s ]
INFO: [ app_begin ] --START--
INFO: Run Behavior\ReadHtmlCacheBehavior [ RunTime:0.000996s ]
INFO: [ app_begin ] --END-- [ RunTime:0.001451s ]
INFO: [ app_end ] --START--
INFO: Run Behavior\ShowPageTraceBehavior [ RunTime:0.000672s ]
INFO: [ app_end ] --END-- [ RunTime:0.000905s ]

[ 2016-11-03T21:09:50+08:00 ] ::1 /wei/
INFO: [ app_init ] --START--
INFO: Run Behavior\BuildLiteBehavior [ RunTime:0.000041s ]
INFO: [ app_init ] --END-- [ RunTime:0.000524s ]
INFO: [ app_begin ] --START--
INFO: Run Behavior\ReadHtmlCacheBehavior [ RunTime:0.000523s ]
INFO: [ app_begin ] --END-- [ RunTime:0.000652s ]
SQL: SHOW COLUMNS FROM `sw_goods` [ RunTime:0.0041s ]
SQL: SELECT * FROM `sw_goods` ORDER BY goods_create_time desc LIMIT 7   [ RunTime:0.0004s ]
SQL: SELECT * FROM `sw_goods` ORDER BY goods_view desc LIMIT 3   [ RunTime:0.0002s ]
SQL: SELECT * FROM `sw_goods` WHERE ( goods_price < 400  ) ORDER BY goods_price asc LIMIT 3   [ RunTime:0.0003s ]
SQL: SELECT * FROM `sw_goods` ORDER BY goods_create_time desc LIMIT 3   [ RunTime:0.0002s ]
SQL: SHOW COLUMNS FROM `sw_cate` [ RunTime:0.0025s ]
SQL: SELECT * FROM `sw_cate` WHERE ( cate_level=0 )  [ RunTime:0.0003s ]
NOTIC: [8] Undefined index: user_name D:\wamp\www\wei\Application\Home\Controller\IndexController.class.php 第 27 行.
INFO: [ view_parse ] --START--
INFO: [ template_filter ] --START--
INFO: Run Behavior\ContentReplaceBehavior [ RunTime:0.000229s ]
INFO: [ template_filter ] --END-- [ RunTime:0.000365s ]
INFO: Run Behavior\ParseTemplateBehavior [ RunTime:0.032833s ]
INFO: [ view_parse ] --END-- [ RunTime:0.032959s ]
INFO: [ view_filter ] --START--
INFO: Run Behavior\WriteHtmlCacheBehavior [ RunTime:0.000457s ]
INFO: [ view_filter ] --END-- [ RunTime:0.000561s ]
INFO: [ app_end ] --START--
INFO: Run Behavior\ShowPageTraceBehavior [ RunTime:0.000548s ]
INFO: [ app_end ] --END-- [ RunTime:0.000666s ]

[ 2016-11-03T21:09:50+08:00 ] ::1 /wei/index.php/Index/verifyImg.html
INFO: [ app_init ] --START--
INFO: Run Behavior\BuildLiteBehavior [ RunTime:0.000043s ]
INFO: [ app_init ] --END-- [ RunTime:0.000747s ]
INFO: [ app_begin ] --START--
INFO: Run Behavior\ReadHtmlCacheBehavior [ RunTime:0.000803s ]
INFO: [ app_begin ] --END-- [ RunTime:0.001076s ]
INFO: [ app_end ] --START--
INFO: Run Behavior\ShowPageTraceBehavior [ RunTime:0.000658s ]
INFO: [ app_end ] --END-- [ RunTime:0.000820s ]

[ 2016-11-03T21:09:56+08:00 ] ::1 /wei/index.php/Index/ckname.html
INFO: [ app_init ] --START--
INFO: Run Behavior\BuildLiteBehavior [ RunTime:0.000023s ]
INFO: [ app_init ] --END-- [ RunTime:0.000353s ]
INFO: [ app_begin ] --START--
INFO: Run Behavior\ReadHtmlCacheBehavior [ RunTime:0.000424s ]
INFO: [ app_begin ] --END-- [ RunTime:0.000515s ]
SQL: SHOW COLUMNS FROM `sw_user` [ RunTime:0.0023s ]
SQL: SELECT * FROM `sw_user` WHERE ( username = 'tom31' ) LIMIT 1   [ RunTime:0.0003s ]
INFO: [ app_end ] --START--
INFO: Run Behavior\ShowPageTraceBehavior [ RunTime:0.000537s ]
INFO: [ app_end ] --END-- [ RunTime:0.000629s ]

[ 2016-11-03T21:10:01+08:00 ] ::1 /wei/index.php/Index/ckname.html
INFO: [ app_init ] --START--
INFO: Run Behavior\BuildLiteBehavior [ RunTime:0.000023s ]
INFO: [ app_init ] --END-- [ RunTime:0.000400s ]
INFO: [ app_begin ] --START--
INFO: Run Behavior\ReadHtmlCacheBehavior [ RunTime:0.000604s ]
INFO: [ app_begin ] --END-- [ RunTime:0.000713s ]
SQL: SHOW COLUMNS FROM `sw_user` [ RunTime:0.0024s ]
SQL: SELECT * FROM `sw_user` WHERE ( username = 'tom' ) LIMIT 1   [ RunTime:0.0003s ]
INFO: [ app_end ] --START--
INFO: Run Behavior\ShowPageTraceBehavior [ RunTime:0.000635s ]
INFO: [ app_end ] --END-- [ RunTime:0.000735s ]

[ 2016-11-03T21:10:04+08:00 ] ::1 /wei/index.php/Index/ckname.html
INFO: [ app_init ] --START--
INFO: Run Behavior\BuildLiteBehavior [ RunTime:0.000023s ]
INFO: [ app_init ] --END-- [ RunTime:0.000355s ]
INFO: [ app_begin ] --START--
INFO: Run Behavior\ReadHtmlCacheBehavior [ RunTime:0.000447s ]
INFO: [ app_begin ] --END-- [ RunTime:0.000552s ]
SQL: SHOW COLUMNS FROM `sw_user` [ RunTime:0.0029s ]
SQL: SELECT * FROM `sw_user` WHERE ( username = 'tom3' ) LIMIT 1   [ RunTime:0.0003s ]
INFO: [ app_end ] --START--
INFO: Run Behavior\ShowPageTraceBehavior [ RunTime:0.000558s ]
INFO: [ app_end ] --END-- [ RunTime:0.000670s ]

[ 2016-11-03T21:20:45+08:00 ] ::1 /wei/index.php/Goods/detail/goods_id/204.html
INFO: [ app_init ] --START--
INFO: Run Behavior\BuildLiteBehavior [ RunTime:0.000023s ]
INFO: [ app_init ] --END-- [ RunTime:0.000372s ]
INFO: [ app_begin ] --START--
INFO: Run Behavior\ReadHtmlCacheBehavior [ RunTime:0.000737s ]
INFO: [ app_begin ] --END-- [ RunTime:0.000898s ]
SQL: SHOW COLUMNS FROM `sw_goods` [ RunTime:0.0022s ]
SQL: UPDATE `sw_goods` SET `goods_view`=goods_view+1 WHERE ( goods_id=204 ) [ RunTime:0.0598s ]
SQL: SELECT * FROM `sw_goods` WHERE `goods_id` = 204 LIMIT 1   [ RunTime:0.0004s ]
SQL: SHOW COLUMNS FROM `sw_cate` [ RunTime:0.0029s ]
SQL: SELECT * FROM `sw_cate` WHERE ( cate_level=0 )  [ RunTime:0.0003s ]
NOTIC: [8] Undefined index: user_name D:\wamp\www\wei\Application\Home\Controller\GoodsController.class.php 第 54 行.
INFO: [ view_parse ] --START--
INFO: [ template_filter ] --START--
INFO: Run Behavior\ContentReplaceBehavior [ RunTime:0.000286s ]
INFO: [ template_filter ] --END-- [ RunTime:0.000437s ]
INFO: Run Behavior\ParseTemplateBehavior [ RunTime:0.054039s ]
INFO: [ view_parse ] --END-- [ RunTime:0.054168s ]
INFO: [ view_filter ] --START--
INFO: Run Behavior\WriteHtmlCacheBehavior [ RunTime:0.000384s ]
INFO: [ view_filter ] --END-- [ RunTime:0.000489s ]
INFO: [ app_end ] --START--
INFO: Run Behavior\ShowPageTraceBehavior [ RunTime:0.000747s ]
INFO: [ app_end ] --END-- [ RunTime:0.000966s ]

[ 2016-11-03T21:20:46+08:00 ] ::1 /wei/index.php/Index/verifyImg.html
INFO: [ app_init ] --START--
INFO: Run Behavior\BuildLiteBehavior [ RunTime:0.000027s ]
INFO: [ app_init ] --END-- [ RunTime:0.000453s ]
INFO: [ app_begin ] --START--
INFO: Run Behavior\ReadHtmlCacheBehavior [ RunTime:0.000652s ]
INFO: [ app_begin ] --END-- [ RunTime:0.000807s ]
INFO: [ app_end ] --START--
INFO: Run Behavior\ShowPageTraceBehavior [ RunTime:0.000647s ]
INFO: [ app_end ] --END-- [ RunTime:0.000829s ]

[ 2016-11-03T21:21:00+08:00 ] ::1 /wei/index.php/Goods/detail/goods_id/204.html
INFO: [ app_init ] --START--
INFO: Run Behavior\BuildLiteBehavior [ RunTime:0.000026s ]
INFO: [ app_init ] --END-- [ RunTime:0.000390s ]
INFO: [ app_begin ] --START--
INFO: Run Behavior\ReadHtmlCacheBehavior [ RunTime:0.000600s ]
INFO: [ app_begin ] --END-- [ RunTime:0.000722s ]
SQL: SHOW COLUMNS FROM `sw_goods` [ RunTime:0.0024s ]
SQL: UPDATE `sw_goods` SET `goods_view`=goods_view+1 WHERE ( goods_id=204 ) [ RunTime:0.0348s ]
SQL: SELECT * FROM `sw_goods` WHERE `goods_id` = 204 LIMIT 1   [ RunTime:0.0004s ]
SQL: SHOW COLUMNS FROM `sw_cate` [ RunTime:0.0024s ]
SQL: SELECT * FROM `sw_cate` WHERE ( cate_level=0 )  [ RunTime:0.0003s ]
NOTIC: [8] Undefined index: user_name D:\wamp\www\wei\Application\Home\Controller\GoodsController.class.php 第 54 行.
INFO: [ view_parse ] --START--
INFO: [ template_filter ] --START--
INFO: Run Behavior\ContentReplaceBehavior [ RunTime:0.000234s ]
INFO: [ template_filter ] --END-- [ RunTime:0.000352s ]
INFO: Run Behavior\ParseTemplateBehavior [ RunTime:0.019100s ]
INFO: [ view_parse ] --END-- [ RunTime:0.019230s ]
INFO: [ view_filter ] --START--
INFO: Run Behavior\WriteHtmlCacheBehavior [ RunTime:0.000353s ]
INFO: [ view_filter ] --END-- [ RunTime:0.000450s ]
INFO: [ app_end ] --START--
INFO: Run Behavior\ShowPageTraceBehavior [ RunTime:0.000694s ]
INFO: [ app_end ] --END-- [ RunTime:0.000825s ]

[ 2016-11-03T21:21:00+08:00 ] ::1 /wei/index.php/Index/verifyImg.html
INFO: [ app_init ] --START--
INFO: Run Behavior\BuildLiteBehavior [ RunTime:0.000062s ]
INFO: [ app_init ] --END-- [ RunTime:0.000585s ]
INFO: [ app_begin ] --START--
INFO: Run Behavior\ReadHtmlCacheBehavior [ RunTime:0.000563s ]
INFO: [ app_begin ] --END-- [ RunTime:0.000703s ]
INFO: [ app_end ] --START--
INFO: Run Behavior\ShowPageTraceBehavior [ RunTime:0.000581s ]
INFO: [ app_end ] --END-- [ RunTime:0.000713s ]

[ 2016-11-03T21:21:15+08:00 ] ::1 /wei/index.php/Goods/detail/goods_id/204.html
INFO: [ app_init ] --START--
INFO: Run Behavior\BuildLiteBehavior [ RunTime:0.000027s ]
INFO: [ app_init ] --END-- [ RunTime:0.000419s ]
INFO: [ app_begin ] --START--
INFO: Run Behavior\ReadHtmlCacheBehavior [ RunTime:0.000531s ]
INFO: [ app_begin ] --END-- [ RunTime:0.000652s ]
SQL: SHOW COLUMNS FROM `sw_goods` [ RunTime:0.0040s ]
SQL: UPDATE `sw_goods` SET `goods_view`=goods_view+1 WHERE ( goods_id=204 ) [ RunTime:0.0815s ]
SQL: SELECT * FROM `sw_goods` WHERE `goods_id` = 204 LIMIT 1   [ RunTime:0.0003s ]
SQL: SHOW COLUMNS FROM `sw_cate` [ RunTime:0.0024s ]
SQL: SELECT * FROM `sw_cate` WHERE ( cate_level=0 )  [ RunTime:0.0003s ]
NOTIC: [8] Undefined index: user_name D:\wamp\www\wei\Application\Home\Controller\GoodsController.class.php 第 54 行.
INFO: [ view_parse ] --START--
INFO: [ template_filter ] --START--
INFO: Run Behavior\ContentReplaceBehavior [ RunTime:0.000243s ]
INFO: [ template_filter ] --END-- [ RunTime:0.000367s ]
INFO: Run Behavior\ParseTemplateBehavior [ RunTime:0.018190s ]
INFO: [ view_parse ] --END-- [ RunTime:0.018326s ]
INFO: [ view_filter ] --START--
INFO: Run Behavior\WriteHtmlCacheBehavior [ RunTime:0.000281s ]
INFO: [ view_filter ] --END-- [ RunTime:0.000378s ]
INFO: [ app_end ] --START--
INFO: Run Behavior\ShowPageTraceBehavior [ RunTime:0.000506s ]
INFO: [ app_end ] --END-- [ RunTime:0.000621s ]

[ 2016-11-03T21:21:15+08:00 ] ::1 /wei/index.php/Index/verifyImg.html
INFO: [ app_init ] --START--
INFO: Run Behavior\BuildLiteBehavior [ RunTime:0.000028s ]
INFO: [ app_init ] --END-- [ RunTime:0.000421s ]
INFO: [ app_begin ] --START--
INFO: Run Behavior\ReadHtmlCacheBehavior [ RunTime:0.000517s ]
INFO: [ app_begin ] --END-- [ RunTime:0.000638s ]
INFO: [ app_end ] --START--
INFO: Run Behavior\ShowPageTraceBehavior [ RunTime:0.000609s ]
INFO: [ app_end ] --END-- [ RunTime:0.000760s ]

