[ 2016-10-12T10:39:27+08:00 ] ::1 /wei/index.php/Home/Goods/detail
INFO: [ app_init ] --START--
INFO: Run Behavior\BuildLiteBehavior [ RunTime:0.000024s ]
INFO: [ app_init ] --END-- [ RunTime:0.000390s ]
INFO: [ app_begin ] --START--
INFO: Run Behavior\ReadHtmlCacheBehavior [ RunTime:0.000456s ]
INFO: [ app_begin ] --END-- [ RunTime:0.000568s ]

[ 2016-10-12T10:39:30+08:00 ] ::1 /wei/index.php/User/login.html
INFO: [ app_init ] --START--
INFO: Run Behavior\BuildLiteBehavior [ RunTime:0.000024s ]
INFO: [ app_init ] --END-- [ RunTime:0.000378s ]
INFO: [ app_begin ] --START--
INFO: Run Behavior\ReadHtmlCacheBehavior [ RunTime:0.000346s ]
INFO: [ app_begin ] --END-- [ RunTime:0.000450s ]
INFO: [ view_parse ] --START--
INFO: [ template_filter ] --START--
INFO: Run Behavior\ContentReplaceBehavior [ RunTime:0.000085s ]
INFO: [ template_filter ] --END-- [ RunTime:0.000197s ]
NOTIC: [8] Undefined variable: msg D:\wamp\www\wei\Application\Runtime\Cache\Home\5c9ee6d19cd41add49f97afe3aef0b25.php 第 13 行.
INFO: Run Behavior\ParseTemplateBehavior [ RunTime:0.060670s ]
INFO: [ view_parse ] --END-- [ RunTime:0.060782s ]
INFO: [ view_filter ] --START--
INFO: Run Behavior\WriteHtmlCacheBehavior [ RunTime:0.000359s ]
INFO: [ view_filter ] --END-- [ RunTime:0.000457s ]
INFO: [ app_end ] --START--
INFO: Run Behavior\ShowPageTraceBehavior [ RunTime:0.000465s ]
INFO: [ app_end ] --END-- [ RunTime:0.000569s ]

[ 2016-10-12T10:39:31+08:00 ] ::1 /wei/index.php/User/verifyImg.html
INFO: [ app_init ] --START--
INFO: Run Behavior\BuildLiteBehavior [ RunTime:0.000027s ]
INFO: [ app_init ] --END-- [ RunTime:0.000396s ]
INFO: [ app_begin ] --START--
INFO: Run Behavior\ReadHtmlCacheBehavior [ RunTime:0.000400s ]
INFO: [ app_begin ] --END-- [ RunTime:0.000517s ]
INFO: [ app_end ] --START--
INFO: Run Behavior\ShowPageTraceBehavior [ RunTime:0.000531s ]
INFO: [ app_end ] --END-- [ RunTime:0.000653s ]

[ 2016-10-12T10:40:50+08:00 ] ::1 /wei/index.php/User/login.html
INFO: [ app_init ] --START--
INFO: Run Behavior\BuildLiteBehavior [ RunTime:0.000026s ]
INFO: [ app_init ] --END-- [ RunTime:0.000468s ]
INFO: [ app_begin ] --START--
INFO: Run Behavior\ReadHtmlCacheBehavior [ RunTime:0.000441s ]
INFO: [ app_begin ] --END-- [ RunTime:0.000578s ]
INFO: [ view_parse ] --START--
INFO: [ template_filter ] --START--
INFO: Run Behavior\ContentReplaceBehavior [ RunTime:0.000081s ]
INFO: [ template_filter ] --END-- [ RunTime:0.000198s ]
INFO: Run Behavior\ParseTemplateBehavior [ RunTime:0.005787s ]
INFO: [ view_parse ] --END-- [ RunTime:0.005919s ]
INFO: [ view_filter ] --START--
INFO: Run Behavior\WriteHtmlCacheBehavior [ RunTime:0.000303s ]
INFO: [ view_filter ] --END-- [ RunTime:0.000402s ]
INFO: [ app_end ] --START--
INFO: Run Behavior\ShowPageTraceBehavior [ RunTime:0.000466s ]
INFO: [ app_end ] --END-- [ RunTime:0.000587s ]

[ 2016-10-12T10:40:50+08:00 ] ::1 /wei/index.php/User/verifyImg.html
INFO: [ app_init ] --START--
INFO: Run Behavior\BuildLiteBehavior [ RunTime:0.000041s ]
INFO: [ app_init ] --END-- [ RunTime:0.000583s ]
INFO: [ app_begin ] --START--
INFO: Run Behavior\ReadHtmlCacheBehavior [ RunTime:0.000430s ]
INFO: [ app_begin ] --END-- [ RunTime:0.000554s ]
INFO: [ app_end ] --START--
INFO: Run Behavior\ShowPageTraceBehavior [ RunTime:0.000901s ]
INFO: [ app_end ] --END-- [ RunTime:0.001112s ]

[ 2016-10-12T10:40:58+08:00 ] ::1 /wei/index.php/User/login.html
INFO: [ app_init ] --START--
INFO: Run Behavior\BuildLiteBehavior [ RunTime:0.000023s ]
INFO: [ app_init ] --END-- [ RunTime:0.000361s ]
INFO: [ app_begin ] --START--
INFO: Run Behavior\ReadHtmlCacheBehavior [ RunTime:0.000332s ]
INFO: [ app_begin ] --END-- [ RunTime:0.000440s ]
INFO: [ view_parse ] --START--
INFO: [ template_filter ] --START--
INFO: Run Behavior\ContentReplaceBehavior [ RunTime:0.000118s ]
INFO: [ template_filter ] --END-- [ RunTime:0.000335s ]
INFO: Run Behavior\ParseTemplateBehavior [ RunTime:0.006569s ]
INFO: [ view_parse ] --END-- [ RunTime:0.006715s ]
INFO: [ view_filter ] --START--
INFO: Run Behavior\WriteHtmlCacheBehavior [ RunTime:0.000373s ]
INFO: [ view_filter ] --END-- [ RunTime:0.000473s ]
INFO: [ app_end ] --START--
INFO: Run Behavior\ShowPageTraceBehavior [ RunTime:0.000578s ]
INFO: [ app_end ] --END-- [ RunTime:0.000683s ]

[ 2016-10-12T10:40:58+08:00 ] ::1 /wei/index.php/User/verifyImg.html
INFO: [ app_init ] --START--
INFO: Run Behavior\BuildLiteBehavior [ RunTime:0.000025s ]
INFO: [ app_init ] --END-- [ RunTime:0.000381s ]
INFO: [ app_begin ] --START--
INFO: Run Behavior\ReadHtmlCacheBehavior [ RunTime:0.000423s ]
INFO: [ app_begin ] --END-- [ RunTime:0.000541s ]
INFO: [ app_end ] --START--
INFO: Run Behavior\ShowPageTraceBehavior [ RunTime:0.000849s ]
INFO: [ app_end ] --END-- [ RunTime:0.001103s ]

[ 2016-10-12T10:41:02+08:00 ] ::1 /wei/index.php/Home/User/verifyImg/0.39123226697378366
INFO: [ app_init ] --START--
INFO: Run Behavior\BuildLiteBehavior [ RunTime:0.000024s ]
INFO: [ app_init ] --END-- [ RunTime:0.000404s ]
INFO: [ app_begin ] --START--
INFO: Run Behavior\ReadHtmlCacheBehavior [ RunTime:0.000371s ]
INFO: [ app_begin ] --END-- [ RunTime:0.000477s ]
INFO: [ app_end ] --START--
INFO: Run Behavior\ShowPageTraceBehavior [ RunTime:0.000465s ]
INFO: [ app_end ] --END-- [ RunTime:0.000579s ]

[ 2016-10-12T10:41:06+08:00 ] ::1 /wei/index.php/User/login.html
INFO: [ app_init ] --START--
INFO: Run Behavior\BuildLiteBehavior [ RunTime:0.000025s ]
INFO: [ app_init ] --END-- [ RunTime:0.000444s ]
INFO: [ app_begin ] --START--
INFO: Run Behavior\ReadHtmlCacheBehavior [ RunTime:0.000339s ]
INFO: [ app_begin ] --END-- [ RunTime:0.000467s ]
SQL: SHOW COLUMNS FROM `sw_user` [ RunTime:0.0395s ]
SQL: SELECT * FROM `sw_user` WHERE ( username='tom' ) LIMIT 1   [ RunTime:0.0004s ]
INFO: [ view_parse ] --START--
INFO: [ template_filter ] --START--
INFO: Run Behavior\ContentReplaceBehavior [ RunTime:0.000078s ]
INFO: [ template_filter ] --END-- [ RunTime:0.000188s ]
INFO: Run Behavior\ParseTemplateBehavior [ RunTime:0.005338s ]
INFO: [ view_parse ] --END-- [ RunTime:0.005458s ]
INFO: [ view_filter ] --START--
INFO: Run Behavior\WriteHtmlCacheBehavior [ RunTime:0.000286s ]
INFO: [ view_filter ] --END-- [ RunTime:0.000383s ]
INFO: [ app_end ] --START--
INFO: Run Behavior\ShowPageTraceBehavior [ RunTime:0.000434s ]
INFO: [ app_end ] --END-- [ RunTime:0.000537s ]

[ 2016-10-12T10:41:06+08:00 ] ::1 /wei/index.php/User/verifyImg.html
INFO: [ app_init ] --START--
INFO: Run Behavior\BuildLiteBehavior [ RunTime:0.000027s ]
INFO: [ app_init ] --END-- [ RunTime:0.000405s ]
INFO: [ app_begin ] --START--
INFO: Run Behavior\ReadHtmlCacheBehavior [ RunTime:0.000481s ]
INFO: [ app_begin ] --END-- [ RunTime:0.000645s ]
INFO: [ app_end ] --START--
INFO: Run Behavior\ShowPageTraceBehavior [ RunTime:0.000593s ]
INFO: [ app_end ] --END-- [ RunTime:0.000731s ]

[ 2016-10-12T10:41:17+08:00 ] ::1 /wei/index.php/User/login.html
INFO: [ app_init ] --START--
INFO: Run Behavior\BuildLiteBehavior [ RunTime:0.000026s ]
INFO: [ app_init ] --END-- [ RunTime:0.000376s ]
INFO: [ app_begin ] --START--
INFO: Run Behavior\ReadHtmlCacheBehavior [ RunTime:0.000369s ]
INFO: [ app_begin ] --END-- [ RunTime:0.000486s ]
SQL: SHOW COLUMNS FROM `sw_user` [ RunTime:0.0025s ]
SQL: SELECT * FROM `sw_user` WHERE ( username='jack' ) LIMIT 1   [ RunTime:0.0003s ]

[ 2016-10-12T10:41:17+08:00 ] ::1 /wei/index.php/Index/index.html
INFO: [ app_init ] --START--
INFO: Run Behavior\BuildLiteBehavior [ RunTime:0.000087s ]
INFO: [ app_init ] --END-- [ RunTime:0.000830s ]
INFO: [ app_begin ] --START--
INFO: Run Behavior\ReadHtmlCacheBehavior [ RunTime:0.000741s ]
INFO: [ app_begin ] --END-- [ RunTime:0.000926s ]
SQL: SHOW COLUMNS FROM `sw_goods` [ RunTime:0.0972s ]
SQL: SELECT * FROM `sw_goods` ORDER BY goods_create_time desc LIMIT 7   [ RunTime:0.0004s ]
SQL: SELECT * FROM `sw_goods` ORDER BY goods_view desc LIMIT 3   [ RunTime:0.0002s ]
SQL: SELECT * FROM `sw_goods` WHERE ( goods_price < 400  ) ORDER BY goods_price asc LIMIT 3   [ RunTime:0.0169s ]
SQL: SELECT * FROM `sw_goods` ORDER BY goods_create_time desc LIMIT 3   [ RunTime:0.0003s ]
INFO: [ view_parse ] --START--
INFO: [ template_filter ] --START--
INFO: Run Behavior\ContentReplaceBehavior [ RunTime:0.000187s ]
INFO: [ template_filter ] --END-- [ RunTime:0.000301s ]
INFO: Run Behavior\ParseTemplateBehavior [ RunTime:0.024050s ]
INFO: [ view_parse ] --END-- [ RunTime:0.024167s ]
INFO: [ view_filter ] --START--
INFO: Run Behavior\WriteHtmlCacheBehavior [ RunTime:0.000410s ]
INFO: [ view_filter ] --END-- [ RunTime:0.000520s ]
INFO: [ app_end ] --START--
INFO: Run Behavior\ShowPageTraceBehavior [ RunTime:0.000505s ]
INFO: [ app_end ] --END-- [ RunTime:0.000616s ]

[ 2016-10-12T10:42:22+08:00 ] ::1 /wei/index.php/User/out.html
INFO: [ app_init ] --START--
INFO: Run Behavior\BuildLiteBehavior [ RunTime:0.000025s ]
INFO: [ app_init ] --END-- [ RunTime:0.000417s ]
INFO: [ app_begin ] --START--
INFO: Run Behavior\ReadHtmlCacheBehavior [ RunTime:0.000618s ]
INFO: [ app_begin ] --END-- [ RunTime:0.000778s ]

[ 2016-10-12T10:42:22+08:00 ] ::1 /wei/index.php/User/login.html
INFO: [ app_init ] --START--
INFO: Run Behavior\BuildLiteBehavior [ RunTime:0.000025s ]
INFO: [ app_init ] --END-- [ RunTime:0.000401s ]
INFO: [ app_begin ] --START--
INFO: Run Behavior\ReadHtmlCacheBehavior [ RunTime:0.000461s ]
INFO: [ app_begin ] --END-- [ RunTime:0.000570s ]
INFO: [ view_parse ] --START--
INFO: [ template_filter ] --START--
INFO: Run Behavior\ContentReplaceBehavior [ RunTime:0.000086s ]
INFO: [ template_filter ] --END-- [ RunTime:0.000202s ]
NOTIC: [8] Undefined variable: msg D:\wamp\www\wei\Application\Runtime\Cache\Home\5c9ee6d19cd41add49f97afe3aef0b25.php 第 13 行.
INFO: Run Behavior\ParseTemplateBehavior [ RunTime:0.006178s ]
INFO: [ view_parse ] --END-- [ RunTime:0.006315s ]
INFO: [ view_filter ] --START--
INFO: Run Behavior\WriteHtmlCacheBehavior [ RunTime:0.000300s ]
INFO: [ view_filter ] --END-- [ RunTime:0.000400s ]
INFO: [ app_end ] --START--
INFO: Run Behavior\ShowPageTraceBehavior [ RunTime:0.000470s ]
INFO: [ app_end ] --END-- [ RunTime:0.000580s ]

[ 2016-10-12T10:42:22+08:00 ] ::1 /wei/index.php/User/verifyImg.html
INFO: [ app_init ] --START--
INFO: Run Behavior\BuildLiteBehavior [ RunTime:0.000038s ]
INFO: [ app_init ] --END-- [ RunTime:0.000590s ]
INFO: [ app_begin ] --START--
INFO: Run Behavior\ReadHtmlCacheBehavior [ RunTime:0.000512s ]
INFO: [ app_begin ] --END-- [ RunTime:0.000633s ]
INFO: [ app_end ] --START--
INFO: Run Behavior\ShowPageTraceBehavior [ RunTime:0.000618s ]
INFO: [ app_end ] --END-- [ RunTime:0.000770s ]

[ 2016-10-12T14:25:07+08:00 ] ::1 /wei/index.php/
INFO: [ app_init ] --START--
INFO: Run Behavior\BuildLiteBehavior [ RunTime:0.000040s ]
INFO: [ app_init ] --END-- [ RunTime:0.000701s ]
INFO: [ app_begin ] --START--
INFO: Run Behavior\ReadHtmlCacheBehavior [ RunTime:0.000812s ]
INFO: [ app_begin ] --END-- [ RunTime:0.000977s ]

[ 2016-10-12T14:25:10+08:00 ] ::1 /wei/index.php/User/login.html
INFO: [ app_init ] --START--
INFO: Run Behavior\BuildLiteBehavior [ RunTime:0.000024s ]
INFO: [ app_init ] --END-- [ RunTime:0.000427s ]
INFO: [ app_begin ] --START--
INFO: Run Behavior\ReadHtmlCacheBehavior [ RunTime:0.000802s ]
INFO: [ app_begin ] --END-- [ RunTime:0.000961s ]
INFO: [ view_parse ] --START--
INFO: [ template_filter ] --START--
INFO: Run Behavior\ContentReplaceBehavior [ RunTime:0.000089s ]
INFO: [ template_filter ] --END-- [ RunTime:0.000207s ]
NOTIC: [8] Undefined variable: msg D:\wamp\www\wei\Application\Runtime\Cache\Home\5c9ee6d19cd41add49f97afe3aef0b25.php 第 13 行.
INFO: Run Behavior\ParseTemplateBehavior [ RunTime:0.006127s ]
INFO: [ view_parse ] --END-- [ RunTime:0.006244s ]
INFO: [ view_filter ] --START--
INFO: Run Behavior\WriteHtmlCacheBehavior [ RunTime:0.000363s ]
INFO: [ view_filter ] --END-- [ RunTime:0.000464s ]
INFO: [ app_end ] --START--
INFO: Run Behavior\ShowPageTraceBehavior [ RunTime:0.000494s ]
INFO: [ app_end ] --END-- [ RunTime:0.000607s ]

[ 2016-10-12T14:25:10+08:00 ] ::1 /wei/index.php/User/verifyImg.html
INFO: [ app_init ] --START--
INFO: Run Behavior\BuildLiteBehavior [ RunTime:0.000041s ]
INFO: [ app_init ] --END-- [ RunTime:0.000666s ]
INFO: [ app_begin ] --START--
INFO: Run Behavior\ReadHtmlCacheBehavior [ RunTime:0.000887s ]
INFO: [ app_begin ] --END-- [ RunTime:0.001107s ]
INFO: [ app_end ] --START--
INFO: Run Behavior\ShowPageTraceBehavior [ RunTime:0.000842s ]
INFO: [ app_end ] --END-- [ RunTime:0.001062s ]

[ 2016-10-12T14:25:26+08:00 ] ::1 /wei/index.php/User/login.html
INFO: [ app_init ] --START--
INFO: Run Behavior\BuildLiteBehavior [ RunTime:0.000039s ]
INFO: [ app_init ] --END-- [ RunTime:0.000481s ]
INFO: [ app_begin ] --START--
INFO: Run Behavior\ReadHtmlCacheBehavior [ RunTime:0.000539s ]
INFO: [ app_begin ] --END-- [ RunTime:0.000653s ]
INFO: [ view_parse ] --START--
INFO: [ template_filter ] --START--
INFO: Run Behavior\ContentReplaceBehavior [ RunTime:0.000078s ]
INFO: [ template_filter ] --END-- [ RunTime:0.000220s ]
INFO: Run Behavior\ParseTemplateBehavior [ RunTime:0.006363s ]
INFO: [ view_parse ] --END-- [ RunTime:0.006473s ]
INFO: [ view_filter ] --START--
INFO: Run Behavior\WriteHtmlCacheBehavior [ RunTime:0.000311s ]
INFO: [ view_filter ] --END-- [ RunTime:0.000421s ]
INFO: [ app_end ] --START--
INFO: Run Behavior\ShowPageTraceBehavior [ RunTime:0.000706s ]
INFO: [ app_end ] --END-- [ RunTime:0.000887s ]

[ 2016-10-12T14:25:26+08:00 ] ::1 /wei/index.php/User/verifyImg.html
INFO: [ app_init ] --START--
INFO: Run Behavior\BuildLiteBehavior [ RunTime:0.000026s ]
INFO: [ app_init ] --END-- [ RunTime:0.000446s ]
INFO: [ app_begin ] --START--
INFO: Run Behavior\ReadHtmlCacheBehavior [ RunTime:0.000546s ]
INFO: [ app_begin ] --END-- [ RunTime:0.000679s ]
INFO: [ app_end ] --START--
INFO: Run Behavior\ShowPageTraceBehavior [ RunTime:0.001004s ]
INFO: [ app_end ] --END-- [ RunTime:0.001303s ]

[ 2016-10-12T14:25:37+08:00 ] ::1 /wei/index.php/User/login.html
INFO: [ app_init ] --START--
INFO: Run Behavior\BuildLiteBehavior [ RunTime:0.000024s ]
INFO: [ app_init ] --END-- [ RunTime:0.000399s ]
INFO: [ app_begin ] --START--
INFO: Run Behavior\ReadHtmlCacheBehavior [ RunTime:0.000470s ]
INFO: [ app_begin ] --END-- [ RunTime:0.000580s ]
SQL: SHOW COLUMNS FROM `sw_user` [ RunTime:0.0027s ]
SQL: SELECT * FROM `sw_user` WHERE ( username='jack' ) LIMIT 1   [ RunTime:0.0003s ]

[ 2016-10-12T14:25:37+08:00 ] ::1 /wei/index.php/Index/index.html
INFO: [ app_init ] --START--
INFO: Run Behavior\BuildLiteBehavior [ RunTime:0.000025s ]
INFO: [ app_init ] --END-- [ RunTime:0.000425s ]
INFO: [ app_begin ] --START--
INFO: Run Behavior\ReadHtmlCacheBehavior [ RunTime:0.000567s ]
INFO: [ app_begin ] --END-- [ RunTime:0.000709s ]
SQL: SHOW COLUMNS FROM `sw_goods` [ RunTime:0.0039s ]
SQL: SELECT * FROM `sw_goods` ORDER BY goods_create_time desc LIMIT 7   [ RunTime:0.0004s ]
SQL: SELECT * FROM `sw_goods` ORDER BY goods_view desc LIMIT 3   [ RunTime:0.0003s ]
SQL: SELECT * FROM `sw_goods` WHERE ( goods_price < 400  ) ORDER BY goods_price asc LIMIT 3   [ RunTime:0.0004s ]
SQL: SELECT * FROM `sw_goods` ORDER BY goods_create_time desc LIMIT 3   [ RunTime:0.0003s ]
INFO: [ view_parse ] --START--
INFO: [ template_filter ] --START--
INFO: Run Behavior\ContentReplaceBehavior [ RunTime:0.000271s ]
INFO: [ template_filter ] --END-- [ RunTime:0.000451s ]
INFO: Run Behavior\ParseTemplateBehavior [ RunTime:0.025188s ]
INFO: [ view_parse ] --END-- [ RunTime:0.025341s ]
INFO: [ view_filter ] --START--
INFO: Run Behavior\WriteHtmlCacheBehavior [ RunTime:0.000370s ]
INFO: [ view_filter ] --END-- [ RunTime:0.000470s ]
INFO: [ app_end ] --START--
INFO: Run Behavior\ShowPageTraceBehavior [ RunTime:0.001097s ]
INFO: [ app_end ] --END-- [ RunTime:0.001521s ]

[ 2016-10-12T14:25:40+08:00 ] ::1 /wei/index.php/Goods/showlist.html
INFO: [ app_init ] --START--
INFO: Run Behavior\BuildLiteBehavior [ RunTime:0.000024s ]
INFO: [ app_init ] --END-- [ RunTime:0.000364s ]
INFO: [ app_begin ] --START--
INFO: Run Behavior\ReadHtmlCacheBehavior [ RunTime:0.000534s ]
INFO: [ app_begin ] --END-- [ RunTime:0.000645s ]
SQL: SHOW COLUMNS FROM `sw_goods` [ RunTime:0.0025s ]
SQL: select *from sw_goods order by goods_id desc  [ RunTime:0.0004s ]
INFO: [ view_parse ] --START--
INFO: [ template_filter ] --START--
INFO: Run Behavior\ContentReplaceBehavior [ RunTime:0.000158s ]
INFO: [ template_filter ] --END-- [ RunTime:0.000297s ]
INFO: Run Behavior\ParseTemplateBehavior [ RunTime:0.033188s ]
INFO: [ view_parse ] --END-- [ RunTime:0.033368s ]
INFO: [ view_filter ] --START--
INFO: Run Behavior\WriteHtmlCacheBehavior [ RunTime:0.000337s ]
INFO: [ view_filter ] --END-- [ RunTime:0.000434s ]
INFO: [ app_end ] --START--
INFO: Run Behavior\ShowPageTraceBehavior [ RunTime:0.000534s ]
INFO: [ app_end ] --END-- [ RunTime:0.000645s ]

[ 2016-10-12T14:27:12+08:00 ] ::1 /wei/index.php/Goods/showlist.html
INFO: [ app_init ] --START--
INFO: Run Behavior\BuildLiteBehavior [ RunTime:0.000024s ]
INFO: [ app_init ] --END-- [ RunTime:0.000463s ]
INFO: [ app_begin ] --START--
INFO: Run Behavior\ReadHtmlCacheBehavior [ RunTime:0.000472s ]
INFO: [ app_begin ] --END-- [ RunTime:0.000579s ]
SQL: SHOW COLUMNS FROM `sw_goods` [ RunTime:0.0024s ]
SQL: select *from sw_goods order by goods_id desc  [ RunTime:0.0004s ]
INFO: [ view_parse ] --START--
INFO: [ template_filter ] --START--
INFO: Run Behavior\ContentReplaceBehavior [ RunTime:0.000138s ]
INFO: [ template_filter ] --END-- [ RunTime:0.000254s ]
INFO: Run Behavior\ParseTemplateBehavior [ RunTime:0.011696s ]
INFO: [ view_parse ] --END-- [ RunTime:0.011819s ]
INFO: [ view_filter ] --START--
INFO: Run Behavior\WriteHtmlCacheBehavior [ RunTime:0.000686s ]
INFO: [ view_filter ] --END-- [ RunTime:0.000839s ]
INFO: [ app_end ] --START--
INFO: Run Behavior\ShowPageTraceBehavior [ RunTime:0.000867s ]
INFO: [ app_end ] --END-- [ RunTime:0.001057s ]

[ 2016-10-12T14:27:45+08:00 ] ::1 /wei/index.php/Goods/showlist.html
INFO: [ app_init ] --START--
INFO: Run Behavior\BuildLiteBehavior [ RunTime:0.000025s ]
INFO: [ app_init ] --END-- [ RunTime:0.000405s ]
INFO: [ app_begin ] --START--
INFO: Run Behavior\ReadHtmlCacheBehavior [ RunTime:0.000470s ]
INFO: [ app_begin ] --END-- [ RunTime:0.000581s ]
SQL: SHOW COLUMNS FROM `sw_goods` [ RunTime:0.0026s ]
SQL: select *from sw_goods order by goods_id desc  [ RunTime:0.0004s ]
INFO: [ view_parse ] --START--
INFO: [ template_filter ] --START--
INFO: Run Behavior\ContentReplaceBehavior [ RunTime:0.000165s ]
INFO: [ template_filter ] --END-- [ RunTime:0.000274s ]
INFO: Run Behavior\ParseTemplateBehavior [ RunTime:0.012581s ]
INFO: [ view_parse ] --END-- [ RunTime:0.012710s ]
INFO: [ view_filter ] --START--
INFO: Run Behavior\WriteHtmlCacheBehavior [ RunTime:0.000524s ]
INFO: [ view_filter ] --END-- [ RunTime:0.000637s ]
INFO: [ app_end ] --START--
INFO: Run Behavior\ShowPageTraceBehavior [ RunTime:0.000589s ]
INFO: [ app_end ] --END-- [ RunTime:0.000716s ]

[ 2016-10-12T14:28:16+08:00 ] ::1 /wei/index.php/Goods/showlist.html
INFO: [ app_init ] --START--
INFO: Run Behavior\BuildLiteBehavior [ RunTime:0.000024s ]
INFO: [ app_init ] --END-- [ RunTime:0.000443s ]
INFO: [ app_begin ] --START--
INFO: Run Behavior\ReadHtmlCacheBehavior [ RunTime:0.000540s ]
INFO: [ app_begin ] --END-- [ RunTime:0.000689s ]
SQL: SHOW COLUMNS FROM `sw_goods` [ RunTime:0.0027s ]
SQL: select *from sw_goods order by goods_id desc  [ RunTime:0.0005s ]
INFO: [ view_parse ] --START--
INFO: [ template_filter ] --START--
INFO: Run Behavior\ContentReplaceBehavior [ RunTime:0.000135s ]
INFO: [ template_filter ] --END-- [ RunTime:0.000253s ]
INFO: Run Behavior\ParseTemplateBehavior [ RunTime:0.011975s ]
INFO: [ view_parse ] --END-- [ RunTime:0.012089s ]
INFO: [ view_filter ] --START--
INFO: Run Behavior\WriteHtmlCacheBehavior [ RunTime:0.000360s ]
INFO: [ view_filter ] --END-- [ RunTime:0.000461s ]
INFO: [ app_end ] --START--
INFO: Run Behavior\ShowPageTraceBehavior [ RunTime:0.000777s ]
INFO: [ app_end ] --END-- [ RunTime:0.000959s ]

[ 2016-10-12T14:28:40+08:00 ] ::1 /wei/index.php/Index/index.html
INFO: [ app_init ] --START--
INFO: Run Behavior\BuildLiteBehavior [ RunTime:0.000025s ]
INFO: [ app_init ] --END-- [ RunTime:0.000417s ]
INFO: [ app_begin ] --START--
INFO: Run Behavior\ReadHtmlCacheBehavior [ RunTime:0.000493s ]
INFO: [ app_begin ] --END-- [ RunTime:0.000610s ]
SQL: SHOW COLUMNS FROM `sw_goods` [ RunTime:0.0027s ]
SQL: SELECT * FROM `sw_goods` ORDER BY goods_create_time desc LIMIT 7   [ RunTime:0.0004s ]
SQL: SELECT * FROM `sw_goods` ORDER BY goods_view desc LIMIT 3   [ RunTime:0.0002s ]
SQL: SELECT * FROM `sw_goods` WHERE ( goods_price < 400  ) ORDER BY goods_price asc LIMIT 3   [ RunTime:0.0002s ]
SQL: SELECT * FROM `sw_goods` ORDER BY goods_create_time desc LIMIT 3   [ RunTime:0.0002s ]
INFO: [ view_parse ] --START--
INFO: [ template_filter ] --START--
INFO: Run Behavior\ContentReplaceBehavior [ RunTime:0.000194s ]
INFO: [ template_filter ] --END-- [ RunTime:0.000309s ]
INFO: Run Behavior\ParseTemplateBehavior [ RunTime:0.025236s ]
INFO: [ view_parse ] --END-- [ RunTime:0.025371s ]
INFO: [ view_filter ] --START--
INFO: Run Behavior\WriteHtmlCacheBehavior [ RunTime:0.000345s ]
INFO: [ view_filter ] --END-- [ RunTime:0.000443s ]
INFO: [ app_end ] --START--
INFO: Run Behavior\ShowPageTraceBehavior [ RunTime:0.000534s ]
INFO: [ app_end ] --END-- [ RunTime:0.000648s ]

[ 2016-10-12T14:29:10+08:00 ] ::1 /wei/index.php/Gwc/gwc.html
INFO: [ app_init ] --START--
INFO: Run Behavior\BuildLiteBehavior [ RunTime:0.000024s ]
INFO: [ app_init ] --END-- [ RunTime:0.000589s ]
INFO: [ app_begin ] --START--
INFO: Run Behavior\ReadHtmlCacheBehavior [ RunTime:0.000670s ]
INFO: [ app_begin ] --END-- [ RunTime:0.000784s ]
NOTIC: [8] A session had already been started - ignoring session_start() D:\wamp\www\wei\Application\Home\Controller\GwcController.class.php 第 20 行.
SQL: SHOW COLUMNS FROM `sw_gwc` [ RunTime:0.0036s ]
SQL: SELECT * FROM `sw_gwc` WHERE ( gwc_user_id=133 )  [ RunTime:0.0004s ]
INFO: [ view_parse ] --START--
INFO: [ template_filter ] --START--
INFO: Run Behavior\ContentReplaceBehavior [ RunTime:0.000232s ]
INFO: [ template_filter ] --END-- [ RunTime:0.000345s ]
INFO: Run Behavior\ParseTemplateBehavior [ RunTime:0.030001s ]
INFO: [ view_parse ] --END-- [ RunTime:0.030132s ]
INFO: [ view_filter ] --START--
INFO: Run Behavior\WriteHtmlCacheBehavior [ RunTime:0.000327s ]
INFO: [ view_filter ] --END-- [ RunTime:0.000424s ]
INFO: [ app_end ] --START--
INFO: Run Behavior\ShowPageTraceBehavior [ RunTime:0.000531s ]
INFO: [ app_end ] --END-- [ RunTime:0.000645s ]

[ 2016-10-12T14:29:20+08:00 ] ::1 /wei/index.php/Gwc/single-product.html
INFO: [ app_init ] --START--
INFO: Run Behavior\BuildLiteBehavior [ RunTime:0.000034s ]
INFO: [ app_init ] --END-- [ RunTime:0.000593s ]
INFO: [ app_begin ] --START--
INFO: Run Behavior\ReadHtmlCacheBehavior [ RunTime:0.000782s ]
INFO: [ app_begin ] --END-- [ RunTime:0.000918s ]
ERR: 非法操作:single-product

[ 2016-10-12T14:29:27+08:00 ] ::1 /wei/index.php/Index/index.html
INFO: [ app_init ] --START--
INFO: Run Behavior\BuildLiteBehavior [ RunTime:0.000025s ]
INFO: [ app_init ] --END-- [ RunTime:0.000384s ]
INFO: [ app_begin ] --START--
INFO: Run Behavior\ReadHtmlCacheBehavior [ RunTime:0.000453s ]
INFO: [ app_begin ] --END-- [ RunTime:0.000560s ]
SQL: SHOW COLUMNS FROM `sw_goods` [ RunTime:0.0028s ]
SQL: SELECT * FROM `sw_goods` ORDER BY goods_create_time desc LIMIT 7   [ RunTime:0.0005s ]
SQL: SELECT * FROM `sw_goods` ORDER BY goods_view desc LIMIT 3   [ RunTime:0.0003s ]
SQL: SELECT * FROM `sw_goods` WHERE ( goods_price < 400  ) ORDER BY goods_price asc LIMIT 3   [ RunTime:0.0003s ]
SQL: SELECT * FROM `sw_goods` ORDER BY goods_create_time desc LIMIT 3   [ RunTime:0.0003s ]
INFO: [ view_parse ] --START--
INFO: [ template_filter ] --START--
INFO: Run Behavior\ContentReplaceBehavior [ RunTime:0.000197s ]
INFO: [ template_filter ] --END-- [ RunTime:0.000313s ]
INFO: Run Behavior\ParseTemplateBehavior [ RunTime:0.024996s ]
INFO: [ view_parse ] --END-- [ RunTime:0.025147s ]
INFO: [ view_filter ] --START--
INFO: Run Behavior\WriteHtmlCacheBehavior [ RunTime:0.000469s ]
INFO: [ view_filter ] --END-- [ RunTime:0.000571s ]
INFO: [ app_end ] --START--
INFO: Run Behavior\ShowPageTraceBehavior [ RunTime:0.000754s ]
INFO: [ app_end ] --END-- [ RunTime:0.000903s ]

[ 2016-10-12T14:29:32+08:00 ] ::1 /wei/index.php/Goods/detail/goods_id/203.html
INFO: [ app_init ] --START--
INFO: Run Behavior\BuildLiteBehavior [ RunTime:0.000022s ]
INFO: [ app_init ] --END-- [ RunTime:0.000409s ]
INFO: [ app_begin ] --START--
INFO: Run Behavior\ReadHtmlCacheBehavior [ RunTime:0.000868s ]
INFO: [ app_begin ] --END-- [ RunTime:0.001023s ]
SQL: SHOW COLUMNS FROM `sw_goods` [ RunTime:0.0023s ]
SQL: UPDATE `sw_goods` SET `goods_view`=goods_view+1 WHERE ( goods_id=203 ) [ RunTime:0.0523s ]
SQL: SELECT * FROM `sw_goods` WHERE `goods_id` = 203 LIMIT 1   [ RunTime:0.0003s ]
INFO: [ view_parse ] --START--
INFO: [ template_filter ] --START--
INFO: Run Behavior\ContentReplaceBehavior [ RunTime:0.000203s ]
INFO: [ template_filter ] --END-- [ RunTime:0.000341s ]
INFO: Run Behavior\ParseTemplateBehavior [ RunTime:0.032832s ]
INFO: [ view_parse ] --END-- [ RunTime:0.032939s ]
INFO: [ view_filter ] --START--
INFO: Run Behavior\WriteHtmlCacheBehavior [ RunTime:0.000320s ]
INFO: [ view_filter ] --END-- [ RunTime:0.000417s ]
INFO: [ app_end ] --START--
INFO: Run Behavior\ShowPageTraceBehavior [ RunTime:0.000567s ]
INFO: [ app_end ] --END-- [ RunTime:0.000683s ]

[ 2016-10-12T14:29:37+08:00 ] ::1 /wei/index.php/Gwc/addgwc.html
INFO: [ app_init ] --START--
INFO: Run Behavior\BuildLiteBehavior [ RunTime:0.000039s ]
INFO: [ app_init ] --END-- [ RunTime:0.000733s ]
INFO: [ app_begin ] --START--
INFO: Run Behavior\ReadHtmlCacheBehavior [ RunTime:0.000854s ]
INFO: [ app_begin ] --END-- [ RunTime:0.001038s ]
NOTIC: [8] A session had already been started - ignoring session_start() D:\wamp\www\wei\Application\Home\Controller\GwcController.class.php 第 53 行.
SQL: SHOW COLUMNS FROM `sw_goods` [ RunTime:0.0032s ]
SQL: SELECT * FROM `sw_goods` WHERE `goods_id` = 203 LIMIT 1   [ RunTime:0.0004s ]
SQL: SHOW COLUMNS FROM `sw_gwc` [ RunTime:0.0032s ]
SQL: SELECT * FROM `sw_gwc` WHERE ( gwc_user_id = 133  and gwc_goods_id= 203  ) LIMIT 1   [ RunTime:0.0002s ]
SQL: INSERT INTO `sw_gwc` (`gwc_goods_big_img`,`gwc_user_id`,`gwc_goods_price`,`gwc_goods_price2`,`gwc_goods_name`,`gwc_goods_id`,`gwc_goods_num`) VALUES ('Application/Public/uploads/2016-10-11/57fcb33567d85.jpg','133','1111.00','1333','Apple new mac book 2016','203','3') [ RunTime:0.0872s ]
INFO: [ app_end ] --START--
INFO: Run Behavior\ShowPageTraceBehavior [ RunTime:0.000562s ]
INFO: [ app_end ] --END-- [ RunTime:0.000675s ]

[ 2016-10-12T14:29:40+08:00 ] ::1 /wei/index.php/Gwc/gwc.html
INFO: [ app_init ] --START--
INFO: Run Behavior\BuildLiteBehavior [ RunTime:0.000023s ]
INFO: [ app_init ] --END-- [ RunTime:0.000358s ]
INFO: [ app_begin ] --START--
INFO: Run Behavior\ReadHtmlCacheBehavior [ RunTime:0.000531s ]
INFO: [ app_begin ] --END-- [ RunTime:0.000654s ]
NOTIC: [8] A session had already been started - ignoring session_start() D:\wamp\www\wei\Application\Home\Controller\GwcController.class.php 第 20 行.
SQL: SHOW COLUMNS FROM `sw_gwc` [ RunTime:0.0022s ]
SQL: SELECT * FROM `sw_gwc` WHERE ( gwc_user_id=133 )  [ RunTime:0.0003s ]
INFO: [ view_parse ] --START--
INFO: [ template_filter ] --START--
INFO: Run Behavior\ContentReplaceBehavior [ RunTime:0.000230s ]
INFO: [ template_filter ] --END-- [ RunTime:0.000349s ]
INFO: Run Behavior\ParseTemplateBehavior [ RunTime:0.014744s ]
INFO: [ view_parse ] --END-- [ RunTime:0.014862s ]
INFO: [ view_filter ] --START--
INFO: Run Behavior\WriteHtmlCacheBehavior [ RunTime:0.000349s ]
INFO: [ view_filter ] --END-- [ RunTime:0.000452s ]
INFO: [ app_end ] --START--
INFO: Run Behavior\ShowPageTraceBehavior [ RunTime:0.000592s ]
INFO: [ app_end ] --END-- [ RunTime:0.000708s ]

[ 2016-10-12T14:29:44+08:00 ] ::1 /wei/index.php/Goods/showlist.html
INFO: [ app_init ] --START--
INFO: Run Behavior\BuildLiteBehavior [ RunTime:0.000023s ]
INFO: [ app_init ] --END-- [ RunTime:0.000381s ]
INFO: [ app_begin ] --START--
INFO: Run Behavior\ReadHtmlCacheBehavior [ RunTime:0.000452s ]
INFO: [ app_begin ] --END-- [ RunTime:0.000580s ]
SQL: SHOW COLUMNS FROM `sw_goods` [ RunTime:0.0030s ]
SQL: select *from sw_goods order by goods_id desc  [ RunTime:0.0005s ]
INFO: [ view_parse ] --START--
INFO: [ template_filter ] --START--
INFO: Run Behavior\ContentReplaceBehavior [ RunTime:0.000131s ]
INFO: [ template_filter ] --END-- [ RunTime:0.000268s ]
INFO: Run Behavior\ParseTemplateBehavior [ RunTime:0.011239s ]
INFO: [ view_parse ] --END-- [ RunTime:0.011350s ]
INFO: [ view_filter ] --START--
INFO: Run Behavior\WriteHtmlCacheBehavior [ RunTime:0.000352s ]
INFO: [ view_filter ] --END-- [ RunTime:0.000449s ]
INFO: [ app_end ] --START--
INFO: Run Behavior\ShowPageTraceBehavior [ RunTime:0.000770s ]
INFO: [ app_end ] --END-- [ RunTime:0.000947s ]

[ 2016-10-12T14:29:50+08:00 ] ::1 /wei/index.php/Home/Goods/detail/goods_id/204
INFO: [ app_init ] --START--
INFO: Run Behavior\BuildLiteBehavior [ RunTime:0.000023s ]
INFO: [ app_init ] --END-- [ RunTime:0.000558s ]
INFO: [ app_begin ] --START--
INFO: Run Behavior\ReadHtmlCacheBehavior [ RunTime:0.000552s ]
INFO: [ app_begin ] --END-- [ RunTime:0.000702s ]
SQL: SHOW COLUMNS FROM `sw_goods` [ RunTime:0.0030s ]
SQL: UPDATE `sw_goods` SET `goods_view`=goods_view+1 WHERE ( goods_id=204 ) [ RunTime:0.0360s ]
SQL: SELECT * FROM `sw_goods` WHERE `goods_id` = 204 LIMIT 1   [ RunTime:0.0003s ]
INFO: [ view_parse ] --START--
INFO: [ template_filter ] --START--
INFO: Run Behavior\ContentReplaceBehavior [ RunTime:0.000301s ]
INFO: [ template_filter ] --END-- [ RunTime:0.000448s ]
INFO: Run Behavior\ParseTemplateBehavior [ RunTime:0.012966s ]
INFO: [ view_parse ] --END-- [ RunTime:0.013111s ]
INFO: [ view_filter ] --START--
INFO: Run Behavior\WriteHtmlCacheBehavior [ RunTime:0.000394s ]
INFO: [ view_filter ] --END-- [ RunTime:0.000493s ]
INFO: [ app_end ] --START--
INFO: Run Behavior\ShowPageTraceBehavior [ RunTime:0.000824s ]
INFO: [ app_end ] --END-- [ RunTime:0.001005s ]

[ 2016-10-12T14:29:52+08:00 ] ::1 /wei/index.php/Gwc/addgwc.html
INFO: [ app_init ] --START--
INFO: Run Behavior\BuildLiteBehavior [ RunTime:0.000025s ]
INFO: [ app_init ] --END-- [ RunTime:0.000591s ]
INFO: [ app_begin ] --START--
INFO: Run Behavior\ReadHtmlCacheBehavior [ RunTime:0.000461s ]
INFO: [ app_begin ] --END-- [ RunTime:0.000551s ]
NOTIC: [8] A session had already been started - ignoring session_start() D:\wamp\www\wei\Application\Home\Controller\GwcController.class.php 第 53 行.
SQL: SHOW COLUMNS FROM `sw_goods` [ RunTime:0.0025s ]
SQL: SELECT * FROM `sw_goods` WHERE `goods_id` = 204 LIMIT 1   [ RunTime:0.0003s ]
SQL: SHOW COLUMNS FROM `sw_gwc` [ RunTime:0.0028s ]
SQL: SELECT * FROM `sw_gwc` WHERE ( gwc_user_id = 133  and gwc_goods_id= 204  ) LIMIT 1   [ RunTime:0.0002s ]
SQL: INSERT INTO `sw_gwc` (`gwc_goods_big_img`,`gwc_user_id`,`gwc_goods_price`,`gwc_goods_price2`,`gwc_goods_name`,`gwc_goods_id`,`gwc_goods_num`) VALUES ('Application/Public/uploads/2016-10-11/57fcb3627f0a2.jpg','133','6000.00','7000','Iphone 7','204','2') [ RunTime:0.0856s ]
INFO: [ app_end ] --START--
INFO: Run Behavior\ShowPageTraceBehavior [ RunTime:0.000758s ]
INFO: [ app_end ] --END-- [ RunTime:0.000898s ]

[ 2016-10-12T14:29:53+08:00 ] ::1 /wei/index.php/Gwc/gwc.html
INFO: [ app_init ] --START--
INFO: Run Behavior\BuildLiteBehavior [ RunTime:0.000023s ]
INFO: [ app_init ] --END-- [ RunTime:0.000362s ]
INFO: [ app_begin ] --START--
INFO: Run Behavior\ReadHtmlCacheBehavior [ RunTime:0.000550s ]
INFO: [ app_begin ] --END-- [ RunTime:0.000684s ]
NOTIC: [8] A session had already been started - ignoring session_start() D:\wamp\www\wei\Application\Home\Controller\GwcController.class.php 第 20 行.
SQL: SHOW COLUMNS FROM `sw_gwc` [ RunTime:0.0024s ]
SQL: SELECT * FROM `sw_gwc` WHERE ( gwc_user_id=133 )  [ RunTime:0.0003s ]
INFO: [ view_parse ] --START--
INFO: [ template_filter ] --START--
INFO: Run Behavior\ContentReplaceBehavior [ RunTime:0.000258s ]
INFO: [ template_filter ] --END-- [ RunTime:0.000437s ]
INFO: Run Behavior\ParseTemplateBehavior [ RunTime:0.014780s ]
INFO: [ view_parse ] --END-- [ RunTime:0.014895s ]
INFO: [ view_filter ] --START--
INFO: Run Behavior\WriteHtmlCacheBehavior [ RunTime:0.000357s ]
INFO: [ view_filter ] --END-- [ RunTime:0.000460s ]
INFO: [ app_end ] --START--
INFO: Run Behavior\ShowPageTraceBehavior [ RunTime:0.000818s ]
INFO: [ app_end ] --END-- [ RunTime:0.000994s ]

[ 2016-10-12T14:29:56+08:00 ] ::1 /wei/index.php/Order/order.html
INFO: [ app_init ] --START--
INFO: Run Behavior\BuildLiteBehavior [ RunTime:0.000024s ]
INFO: [ app_init ] --END-- [ RunTime:0.000373s ]
INFO: [ app_begin ] --START--
INFO: Run Behavior\ReadHtmlCacheBehavior [ RunTime:0.000503s ]
INFO: [ app_begin ] --END-- [ RunTime:0.000645s ]
SQL: SHOW COLUMNS FROM `sw_gwc` [ RunTime:0.0024s ]
SQL: SHOW COLUMNS FROM `sw_user` [ RunTime:0.0026s ]
SQL: SELECT * FROM `sw_gwc` WHERE ( gwc_user_id=133 )  [ RunTime:0.0003s ]
SQL: SELECT * FROM `sw_user` WHERE ( user_id= 133 ) LIMIT 1   [ RunTime:0.0002s ]
INFO: [ view_parse ] --START--
INFO: [ template_filter ] --START--
INFO: Run Behavior\ContentReplaceBehavior [ RunTime:0.000318s ]
INFO: [ template_filter ] --END-- [ RunTime:0.000473s ]
INFO: Run Behavior\ParseTemplateBehavior [ RunTime:0.047870s ]
INFO: [ view_parse ] --END-- [ RunTime:0.047985s ]
INFO: [ view_filter ] --START--
INFO: Run Behavior\WriteHtmlCacheBehavior [ RunTime:0.000330s ]
INFO: [ view_filter ] --END-- [ RunTime:0.000428s ]
INFO: [ app_end ] --START--
INFO: Run Behavior\ShowPageTraceBehavior [ RunTime:0.000756s ]
INFO: [ app_end ] --END-- [ RunTime:0.000939s ]

[ 2016-10-12T14:30:02+08:00 ] ::1 /wei/index.php/Order/add.html
INFO: [ app_init ] --START--
INFO: Run Behavior\BuildLiteBehavior [ RunTime:0.000023s ]
INFO: [ app_init ] --END-- [ RunTime:0.000357s ]
INFO: [ app_begin ] --START--
INFO: Run Behavior\ReadHtmlCacheBehavior [ RunTime:0.000545s ]
INFO: [ app_begin ] --END-- [ RunTime:0.000657s ]
SQL: SHOW COLUMNS FROM `sw_order` [ RunTime:0.0628s ]
SQL: INSERT INTO `sw_order` (`order_name`,`order_email`,`order_tel`,`order_addr`) VALUES ('jack','jack@qq.com','13245653478','') [ RunTime:0.0309s ]
SQL: SHOW COLUMNS FROM `sw_gwc` [ RunTime:0.0023s ]
SQL: DELETE FROM `sw_gwc` WHERE ( gwc_user_id = 133   ) [ RunTime:0.0412s ]

[ 2016-10-12T14:30:02+08:00 ] ::1 /wei/index.php/Index/index.html
INFO: [ app_init ] --START--
INFO: Run Behavior\BuildLiteBehavior [ RunTime:0.000024s ]
INFO: [ app_init ] --END-- [ RunTime:0.000417s ]
INFO: [ app_begin ] --START--
INFO: Run Behavior\ReadHtmlCacheBehavior [ RunTime:0.000501s ]
INFO: [ app_begin ] --END-- [ RunTime:0.000619s ]
SQL: SHOW COLUMNS FROM `sw_goods` [ RunTime:0.0025s ]
SQL: SELECT * FROM `sw_goods` ORDER BY goods_create_time desc LIMIT 7   [ RunTime:0.0003s ]
SQL: SELECT * FROM `sw_goods` ORDER BY goods_view desc LIMIT 3   [ RunTime:0.0002s ]
SQL: SELECT * FROM `sw_goods` WHERE ( goods_price < 400  ) ORDER BY goods_price asc LIMIT 3   [ RunTime:0.0002s ]
SQL: SELECT * FROM `sw_goods` ORDER BY goods_create_time desc LIMIT 3   [ RunTime:0.0002s ]
INFO: [ view_parse ] --START--
INFO: [ template_filter ] --START--
INFO: Run Behavior\ContentReplaceBehavior [ RunTime:0.000182s ]
INFO: [ template_filter ] --END-- [ RunTime:0.000303s ]
INFO: Run Behavior\ParseTemplateBehavior [ RunTime:0.022971s ]
INFO: [ view_parse ] --END-- [ RunTime:0.023108s ]
INFO: [ view_filter ] --START--
INFO: Run Behavior\WriteHtmlCacheBehavior [ RunTime:0.000802s ]
INFO: [ view_filter ] --END-- [ RunTime:0.000956s ]
INFO: [ app_end ] --START--
INFO: Run Behavior\ShowPageTraceBehavior [ RunTime:0.000860s ]
INFO: [ app_end ] --END-- [ RunTime:0.001053s ]

[ 2016-10-12T14:48:47+08:00 ] ::1 /wei/index.php/Goods/showlist.html
INFO: [ app_init ] --START--
INFO: Run Behavior\BuildLiteBehavior [ RunTime:0.000025s ]
INFO: [ app_init ] --END-- [ RunTime:0.000363s ]
INFO: [ app_begin ] --START--
INFO: Run Behavior\ReadHtmlCacheBehavior [ RunTime:0.000452s ]
INFO: [ app_begin ] --END-- [ RunTime:0.000559s ]
SQL: SHOW COLUMNS FROM `sw_goods` [ RunTime:0.0033s ]
SQL: select *from sw_goods order by goods_id desc  [ RunTime:0.0006s ]
INFO: [ view_parse ] --START--
INFO: [ template_filter ] --START--
INFO: Run Behavior\ContentReplaceBehavior [ RunTime:0.000133s ]
INFO: [ template_filter ] --END-- [ RunTime:0.000245s ]
INFO: Run Behavior\ParseTemplateBehavior [ RunTime:0.012132s ]
INFO: [ view_parse ] --END-- [ RunTime:0.012298s ]
INFO: [ view_filter ] --START--
INFO: Run Behavior\WriteHtmlCacheBehavior [ RunTime:0.000497s ]
INFO: [ view_filter ] --END-- [ RunTime:0.000603s ]
INFO: [ app_end ] --START--
INFO: Run Behavior\ShowPageTraceBehavior [ RunTime:0.000854s ]
INFO: [ app_end ] --END-- [ RunTime:0.001179s ]

[ 2016-10-12T14:49:33+08:00 ] ::1 /wei/index.php/Goods/checkout.html
INFO: [ app_init ] --START--
INFO: Run Behavior\BuildLiteBehavior [ RunTime:0.000025s ]
INFO: [ app_init ] --END-- [ RunTime:0.000419s ]
INFO: [ app_begin ] --START--
INFO: Run Behavior\ReadHtmlCacheBehavior [ RunTime:0.000443s ]
INFO: [ app_begin ] --END-- [ RunTime:0.000551s ]
ERR: 非法操作:checkout

[ 2016-10-12T14:52:56+08:00 ] ::1 /wei/index.php/Goods/showlist.html
INFO: [ app_init ] --START--
INFO: Run Behavior\BuildLiteBehavior [ RunTime:0.000023s ]
INFO: [ app_init ] --END-- [ RunTime:0.000389s ]
INFO: [ app_begin ] --START--
INFO: Run Behavior\ReadHtmlCacheBehavior [ RunTime:0.000904s ]
INFO: [ app_begin ] --END-- [ RunTime:0.001125s ]
SQL: SHOW COLUMNS FROM `sw_goods` [ RunTime:0.0025s ]
SQL: select *from sw_goods order by goods_id desc  [ RunTime:0.0004s ]
INFO: [ view_parse ] --START--
INFO: [ template_filter ] --START--
INFO: Run Behavior\ContentReplaceBehavior [ RunTime:0.000159s ]
INFO: [ template_filter ] --END-- [ RunTime:0.000271s ]
INFO: Run Behavior\ParseTemplateBehavior [ RunTime:0.011955s ]
INFO: [ view_parse ] --END-- [ RunTime:0.012074s ]
INFO: [ view_filter ] --START--
INFO: Run Behavior\WriteHtmlCacheBehavior [ RunTime:0.000344s ]
INFO: [ view_filter ] --END-- [ RunTime:0.000442s ]
INFO: [ app_end ] --START--
INFO: Run Behavior\ShowPageTraceBehavior [ RunTime:0.000560s ]
INFO: [ app_end ] --END-- [ RunTime:0.000702s ]

[ 2016-10-12T14:52:57+08:00 ] ::1 /wei/index.php/Goods/showlist.html
INFO: [ app_init ] --START--
INFO: Run Behavior\BuildLiteBehavior [ RunTime:0.000026s ]
INFO: [ app_init ] --END-- [ RunTime:0.000427s ]
INFO: [ app_begin ] --START--
INFO: Run Behavior\ReadHtmlCacheBehavior [ RunTime:0.000496s ]
INFO: [ app_begin ] --END-- [ RunTime:0.000614s ]
SQL: SHOW COLUMNS FROM `sw_goods` [ RunTime:0.0029s ]
SQL: select *from sw_goods order by goods_id desc  [ RunTime:0.0004s ]
INFO: [ view_parse ] --START--
INFO: [ template_filter ] --START--
INFO: Run Behavior\ContentReplaceBehavior [ RunTime:0.000137s ]
INFO: [ template_filter ] --END-- [ RunTime:0.000255s ]
INFO: Run Behavior\ParseTemplateBehavior [ RunTime:0.011981s ]
INFO: [ view_parse ] --END-- [ RunTime:0.012114s ]
INFO: [ view_filter ] --START--
INFO: Run Behavior\WriteHtmlCacheBehavior [ RunTime:0.000397s ]
INFO: [ view_filter ] --END-- [ RunTime:0.000497s ]
INFO: [ app_end ] --START--
INFO: Run Behavior\ShowPageTraceBehavior [ RunTime:0.000555s ]
INFO: [ app_end ] --END-- [ RunTime:0.000671s ]

[ 2016-10-12T15:39:27+08:00 ] ::1 /wei/
INFO: [ app_init ] --START--
INFO: Run Behavior\BuildLiteBehavior [ RunTime:0.000023s ]
INFO: [ app_init ] --END-- [ RunTime:0.000389s ]
INFO: [ app_begin ] --START--
INFO: Run Behavior\ReadHtmlCacheBehavior [ RunTime:0.000476s ]
INFO: [ app_begin ] --END-- [ RunTime:0.000604s ]
SQL: SHOW COLUMNS FROM `sw_goods` [ RunTime:0.0025s ]
SQL: SELECT * FROM `sw_goods` ORDER BY goods_create_time desc LIMIT 7   [ RunTime:0.0004s ]
SQL: SELECT * FROM `sw_goods` ORDER BY goods_view desc LIMIT 3   [ RunTime:0.0002s ]
SQL: SELECT * FROM `sw_goods` WHERE ( goods_price < 400  ) ORDER BY goods_price asc LIMIT 3   [ RunTime:0.0003s ]
SQL: SELECT * FROM `sw_goods` ORDER BY goods_create_time desc LIMIT 3   [ RunTime:0.0004s ]
INFO: [ view_parse ] --START--
INFO: [ template_filter ] --START--
INFO: Run Behavior\ContentReplaceBehavior [ RunTime:0.000199s ]
INFO: [ template_filter ] --END-- [ RunTime:0.000315s ]
INFO: Run Behavior\ParseTemplateBehavior [ RunTime:0.023187s ]
INFO: [ view_parse ] --END-- [ RunTime:0.023302s ]
INFO: [ view_filter ] --START--
INFO: Run Behavior\WriteHtmlCacheBehavior [ RunTime:0.000374s ]
INFO: [ view_filter ] --END-- [ RunTime:0.000474s ]
INFO: [ app_end ] --START--
INFO: Run Behavior\ShowPageTraceBehavior [ RunTime:0.000862s ]
INFO: [ app_end ] --END-- [ RunTime:0.001076s ]

[ 2016-10-12T15:39:33+08:00 ] ::1 /wei/index.php/Goods/showlist.html
INFO: [ app_init ] --START--
INFO: Run Behavior\BuildLiteBehavior [ RunTime:0.000022s ]
INFO: [ app_init ] --END-- [ RunTime:0.000360s ]
INFO: [ app_begin ] --START--
INFO: Run Behavior\ReadHtmlCacheBehavior [ RunTime:0.000595s ]
INFO: [ app_begin ] --END-- [ RunTime:0.000714s ]
SQL: SHOW COLUMNS FROM `sw_goods` [ RunTime:0.0035s ]
SQL: select *from sw_goods order by goods_id desc  [ RunTime:0.0005s ]
INFO: [ view_parse ] --START--
INFO: [ template_filter ] --START--
INFO: Run Behavior\ContentReplaceBehavior [ RunTime:0.000148s ]
INFO: [ template_filter ] --END-- [ RunTime:0.000286s ]
INFO: Run Behavior\ParseTemplateBehavior [ RunTime:0.014896s ]
INFO: [ view_parse ] --END-- [ RunTime:0.015026s ]
INFO: [ view_filter ] --START--
INFO: Run Behavior\WriteHtmlCacheBehavior [ RunTime:0.000344s ]
INFO: [ view_filter ] --END-- [ RunTime:0.000443s ]
INFO: [ app_end ] --START--
INFO: Run Behavior\ShowPageTraceBehavior [ RunTime:0.000789s ]
INFO: [ app_end ] --END-- [ RunTime:0.001004s ]

[ 2016-10-12T15:39:36+08:00 ] ::1 /wei/index.php/Home/Goods/detail/goods_id/204
INFO: [ app_init ] --START--
INFO: Run Behavior\BuildLiteBehavior [ RunTime:0.000024s ]
INFO: [ app_init ] --END-- [ RunTime:0.000360s ]
INFO: [ app_begin ] --START--
INFO: Run Behavior\ReadHtmlCacheBehavior [ RunTime:0.000452s ]
INFO: [ app_begin ] --END-- [ RunTime:0.000558s ]
SQL: SHOW COLUMNS FROM `sw_goods` [ RunTime:0.0024s ]
SQL: UPDATE `sw_goods` SET `goods_view`=goods_view+1 WHERE ( goods_id=204 ) [ RunTime:0.0811s ]
SQL: SELECT * FROM `sw_goods` WHERE `goods_id` = 204 LIMIT 1   [ RunTime:0.0003s ]
INFO: [ view_parse ] --START--
INFO: [ template_filter ] --START--
INFO: Run Behavior\ContentReplaceBehavior [ RunTime:0.000272s ]
INFO: [ template_filter ] --END-- [ RunTime:0.000384s ]
INFO: Run Behavior\ParseTemplateBehavior [ RunTime:0.013181s ]
INFO: [ view_parse ] --END-- [ RunTime:0.013295s ]
INFO: [ view_filter ] --START--
INFO: Run Behavior\WriteHtmlCacheBehavior [ RunTime:0.000385s ]
INFO: [ view_filter ] --END-- [ RunTime:0.000506s ]
INFO: [ app_end ] --START--
INFO: Run Behavior\ShowPageTraceBehavior [ RunTime:0.000510s ]
INFO: [ app_end ] --END-- [ RunTime:0.000621s ]

[ 2016-10-12T15:39:39+08:00 ] ::1 /wei/index.php/Gwc/addgwc.html
INFO: [ app_init ] --START--
INFO: Run Behavior\BuildLiteBehavior [ RunTime:0.000024s ]
INFO: [ app_init ] --END-- [ RunTime:0.000362s ]
INFO: [ app_begin ] --START--
INFO: Run Behavior\ReadHtmlCacheBehavior [ RunTime:0.000446s ]
INFO: [ app_begin ] --END-- [ RunTime:0.000537s ]
NOTIC: [8] A session had already been started - ignoring session_start() D:\wamp\www\wei\Application\Home\Controller\GwcController.class.php 第 53 行.
SQL: SHOW COLUMNS FROM `sw_goods` [ RunTime:0.0024s ]
SQL: SELECT * FROM `sw_goods` WHERE `goods_id` = 204 LIMIT 1   [ RunTime:0.0003s ]
SQL: SHOW COLUMNS FROM `sw_gwc` [ RunTime:0.0023s ]
SQL: SELECT * FROM `sw_gwc` WHERE ( gwc_user_id = 133  and gwc_goods_id= 204  ) LIMIT 1   [ RunTime:0.0002s ]
SQL: INSERT INTO `sw_gwc` (`gwc_goods_big_img`,`gwc_user_id`,`gwc_goods_price`,`gwc_goods_price2`,`gwc_goods_name`,`gwc_goods_id`,`gwc_goods_num`) VALUES ('Application/Public/uploads/2016-10-11/57fcb3627f0a2.jpg','133','6000.00','7000','Iphone 7','204','2') [ RunTime:0.0769s ]
INFO: [ app_end ] --START--
INFO: Run Behavior\ShowPageTraceBehavior [ RunTime:0.000598s ]
INFO: [ app_end ] --END-- [ RunTime:0.000690s ]

[ 2016-10-12T15:39:41+08:00 ] ::1 /wei/index.php/Gwc/gwc.html
INFO: [ app_init ] --START--
INFO: Run Behavior\BuildLiteBehavior [ RunTime:0.000041s ]
INFO: [ app_init ] --END-- [ RunTime:0.000543s ]
INFO: [ app_begin ] --START--
INFO: Run Behavior\ReadHtmlCacheBehavior [ RunTime:0.000463s ]
INFO: [ app_begin ] --END-- [ RunTime:0.000573s ]
NOTIC: [8] A session had already been started - ignoring session_start() D:\wamp\www\wei\Application\Home\Controller\GwcController.class.php 第 20 行.
SQL: SHOW COLUMNS FROM `sw_gwc` [ RunTime:0.0026s ]
SQL: SELECT * FROM `sw_gwc` WHERE ( gwc_user_id=133 )  [ RunTime:0.0003s ]
INFO: [ view_parse ] --START--
INFO: [ template_filter ] --START--
INFO: Run Behavior\ContentReplaceBehavior [ RunTime:0.000269s ]
INFO: [ template_filter ] --END-- [ RunTime:0.000386s ]
INFO: Run Behavior\ParseTemplateBehavior [ RunTime:0.015826s ]
INFO: [ view_parse ] --END-- [ RunTime:0.015936s ]
INFO: [ view_filter ] --START--
INFO: Run Behavior\WriteHtmlCacheBehavior [ RunTime:0.000386s ]
INFO: [ view_filter ] --END-- [ RunTime:0.000496s ]
INFO: [ app_end ] --START--
INFO: Run Behavior\ShowPageTraceBehavior [ RunTime:0.000855s ]
INFO: [ app_end ] --END-- [ RunTime:0.001026s ]

[ 2016-10-12T15:39:49+08:00 ] ::1 /wei/index.php/Order/order.html
INFO: [ app_init ] --START--
INFO: Run Behavior\BuildLiteBehavior [ RunTime:0.000036s ]
INFO: [ app_init ] --END-- [ RunTime:0.000403s ]
INFO: [ app_begin ] --START--
INFO: Run Behavior\ReadHtmlCacheBehavior [ RunTime:0.000512s ]
INFO: [ app_begin ] --END-- [ RunTime:0.000643s ]
SQL: SHOW COLUMNS FROM `sw_gwc` [ RunTime:0.0026s ]
SQL: SHOW COLUMNS FROM `sw_user` [ RunTime:0.0025s ]
SQL: SELECT * FROM `sw_gwc` WHERE ( gwc_user_id=133 )  [ RunTime:0.0003s ]
SQL: SELECT * FROM `sw_user` WHERE ( user_id= 133 ) LIMIT 1   [ RunTime:0.0007s ]
INFO: [ view_parse ] --START--
INFO: [ template_filter ] --START--
INFO: Run Behavior\ContentReplaceBehavior [ RunTime:0.000229s ]
INFO: [ template_filter ] --END-- [ RunTime:0.000343s ]
INFO: Run Behavior\ParseTemplateBehavior [ RunTime:0.012915s ]
INFO: [ view_parse ] --END-- [ RunTime:0.013046s ]
INFO: [ view_filter ] --START--
INFO: Run Behavior\WriteHtmlCacheBehavior [ RunTime:0.000335s ]
INFO: [ view_filter ] --END-- [ RunTime:0.000440s ]
INFO: [ app_end ] --START--
INFO: Run Behavior\ShowPageTraceBehavior [ RunTime:0.000936s ]
INFO: [ app_end ] --END-- [ RunTime:0.001144s ]

[ 2016-10-12T15:41:15+08:00 ] ::1 /wei/index.php/Goods/showlist.html
INFO: [ app_init ] --START--
INFO: Run Behavior\BuildLiteBehavior [ RunTime:0.000037s ]
INFO: [ app_init ] --END-- [ RunTime:0.000570s ]
INFO: [ app_begin ] --START--
INFO: Run Behavior\ReadHtmlCacheBehavior [ RunTime:0.000535s ]
INFO: [ app_begin ] --END-- [ RunTime:0.000662s ]
SQL: SHOW COLUMNS FROM `sw_goods` [ RunTime:0.0025s ]
SQL: select *from sw_goods order by goods_id desc  [ RunTime:0.0004s ]
INFO: [ view_parse ] --START--
INFO: [ template_filter ] --START--
INFO: Run Behavior\ContentReplaceBehavior [ RunTime:0.000133s ]
INFO: [ template_filter ] --END-- [ RunTime:0.000245s ]
INFO: Run Behavior\ParseTemplateBehavior [ RunTime:0.014440s ]
INFO: [ view_parse ] --END-- [ RunTime:0.014633s ]
INFO: [ view_filter ] --START--
INFO: Run Behavior\WriteHtmlCacheBehavior [ RunTime:0.000426s ]
INFO: [ view_filter ] --END-- [ RunTime:0.000559s ]
INFO: [ app_end ] --START--
INFO: Run Behavior\ShowPageTraceBehavior [ RunTime:0.000849s ]
INFO: [ app_end ] --END-- [ RunTime:0.001047s ]

[ 2016-10-12T15:41:16+08:00 ] ::1 /wei/index.php/Home/Goods/detail/goods_id/203
INFO: [ app_init ] --START--
INFO: Run Behavior\BuildLiteBehavior [ RunTime:0.000041s ]
INFO: [ app_init ] --END-- [ RunTime:0.000688s ]
INFO: [ app_begin ] --START--
INFO: Run Behavior\ReadHtmlCacheBehavior [ RunTime:0.000514s ]
INFO: [ app_begin ] --END-- [ RunTime:0.000627s ]
SQL: SHOW COLUMNS FROM `sw_goods` [ RunTime:0.0023s ]
SQL: UPDATE `sw_goods` SET `goods_view`=goods_view+1 WHERE ( goods_id=203 ) [ RunTime:0.0797s ]
SQL: SELECT * FROM `sw_goods` WHERE `goods_id` = 203 LIMIT 1   [ RunTime:0.0003s ]
INFO: [ view_parse ] --START--
INFO: [ template_filter ] --START--
INFO: Run Behavior\ContentReplaceBehavior [ RunTime:0.000236s ]
INFO: [ template_filter ] --END-- [ RunTime:0.000352s ]
INFO: Run Behavior\ParseTemplateBehavior [ RunTime:0.013172s ]
INFO: [ view_parse ] --END-- [ RunTime:0.013337s ]
INFO: [ view_filter ] --START--
INFO: Run Behavior\WriteHtmlCacheBehavior [ RunTime:0.001468s ]
INFO: [ view_filter ] --END-- [ RunTime:0.001681s ]
INFO: [ app_end ] --START--
INFO: Run Behavior\ShowPageTraceBehavior [ RunTime:0.000972s ]
INFO: [ app_end ] --END-- [ RunTime:0.001192s ]

[ 2016-10-12T15:41:22+08:00 ] ::1 /wei/index.php/Gwc/addgwc.html
INFO: [ app_init ] --START--
INFO: Run Behavior\BuildLiteBehavior [ RunTime:0.000028s ]
INFO: [ app_init ] --END-- [ RunTime:0.000485s ]
INFO: [ app_begin ] --START--
INFO: Run Behavior\ReadHtmlCacheBehavior [ RunTime:0.000452s ]
INFO: [ app_begin ] --END-- [ RunTime:0.000563s ]
NOTIC: [8] A session had already been started - ignoring session_start() D:\wamp\www\wei\Application\Home\Controller\GwcController.class.php 第 53 行.
SQL: SHOW COLUMNS FROM `sw_goods` [ RunTime:0.0022s ]
SQL: SELECT * FROM `sw_goods` WHERE `goods_id` = 203 LIMIT 1   [ RunTime:0.0003s ]
SQL: SHOW COLUMNS FROM `sw_gwc` [ RunTime:0.0021s ]
SQL: SELECT * FROM `sw_gwc` WHERE ( gwc_user_id = 133  and gwc_goods_id= 203  ) LIMIT 1   [ RunTime:0.0004s ]
SQL: INSERT INTO `sw_gwc` (`gwc_goods_big_img`,`gwc_user_id`,`gwc_goods_price`,`gwc_goods_price2`,`gwc_goods_name`,`gwc_goods_id`,`gwc_goods_num`) VALUES ('Application/Public/uploads/2016-10-11/57fcb33567d85.jpg','133','1111.00','1333','Apple new mac book 2016','203','1') [ RunTime:0.0731s ]
INFO: [ app_end ] --START--
INFO: Run Behavior\ShowPageTraceBehavior [ RunTime:0.000671s ]
INFO: [ app_end ] --END-- [ RunTime:0.000784s ]

[ 2016-10-12T15:41:23+08:00 ] ::1 /wei/index.php/Gwc/gwc.html
INFO: [ app_init ] --START--
INFO: Run Behavior\BuildLiteBehavior [ RunTime:0.000030s ]
INFO: [ app_init ] --END-- [ RunTime:0.000555s ]
INFO: [ app_begin ] --START--
INFO: Run Behavior\ReadHtmlCacheBehavior [ RunTime:0.000584s ]
INFO: [ app_begin ] --END-- [ RunTime:0.000711s ]
NOTIC: [8] A session had already been started - ignoring session_start() D:\wamp\www\wei\Application\Home\Controller\GwcController.class.php 第 20 行.
SQL: SHOW COLUMNS FROM `sw_gwc` [ RunTime:0.0028s ]
SQL: SELECT * FROM `sw_gwc` WHERE ( gwc_user_id=133 )  [ RunTime:0.0003s ]
INFO: [ view_parse ] --START--
INFO: [ template_filter ] --START--
INFO: Run Behavior\ContentReplaceBehavior [ RunTime:0.000207s ]
INFO: [ template_filter ] --END-- [ RunTime:0.000328s ]
INFO: Run Behavior\ParseTemplateBehavior [ RunTime:0.016358s ]
INFO: [ view_parse ] --END-- [ RunTime:0.016477s ]
INFO: [ view_filter ] --START--
INFO: Run Behavior\WriteHtmlCacheBehavior [ RunTime:0.000340s ]
INFO: [ view_filter ] --END-- [ RunTime:0.000443s ]
INFO: [ app_end ] --START--
INFO: Run Behavior\ShowPageTraceBehavior [ RunTime:0.000766s ]
INFO: [ app_end ] --END-- [ RunTime:0.000957s ]

[ 2016-10-12T15:41:27+08:00 ] ::1 /wei/index.php/Order/order.html
INFO: [ app_init ] --START--
INFO: Run Behavior\BuildLiteBehavior [ RunTime:0.000039s ]
INFO: [ app_init ] --END-- [ RunTime:0.000612s ]
INFO: [ app_begin ] --START--
INFO: Run Behavior\ReadHtmlCacheBehavior [ RunTime:0.000725s ]
INFO: [ app_begin ] --END-- [ RunTime:0.000904s ]
SQL: SHOW COLUMNS FROM `sw_gwc` [ RunTime:0.0022s ]
SQL: SHOW COLUMNS FROM `sw_user` [ RunTime:0.0028s ]
SQL: SELECT * FROM `sw_gwc` WHERE ( gwc_user_id=133 )  [ RunTime:0.0004s ]
SQL: SELECT * FROM `sw_user` WHERE ( user_id= 133 ) LIMIT 1   [ RunTime:0.0002s ]
INFO: [ view_parse ] --START--
INFO: [ template_filter ] --START--
INFO: Run Behavior\ContentReplaceBehavior [ RunTime:0.000208s ]
INFO: [ template_filter ] --END-- [ RunTime:0.000326s ]
INFO: Run Behavior\ParseTemplateBehavior [ RunTime:0.012884s ]
INFO: [ view_parse ] --END-- [ RunTime:0.013031s ]
INFO: [ view_filter ] --START--
INFO: Run Behavior\WriteHtmlCacheBehavior [ RunTime:0.000576s ]
INFO: [ view_filter ] --END-- [ RunTime:0.000755s ]
INFO: [ app_end ] --START--
INFO: Run Behavior\ShowPageTraceBehavior [ RunTime:0.000595s ]
INFO: [ app_end ] --END-- [ RunTime:0.000714s ]

[ 2016-10-12T16:36:17+08:00 ] ::1 /wei/index.php/Index/index.html
INFO: [ app_init ] --START--
INFO: Run Behavior\BuildLiteBehavior [ RunTime:0.000025s ]
INFO: [ app_init ] --END-- [ RunTime:0.000363s ]
INFO: [ app_begin ] --START--
INFO: Run Behavior\ReadHtmlCacheBehavior [ RunTime:0.000488s ]
INFO: [ app_begin ] --END-- [ RunTime:0.000597s ]
SQL: SHOW COLUMNS FROM `sw_goods` [ RunTime:0.0024s ]
SQL: SELECT * FROM `sw_goods` ORDER BY goods_create_time desc LIMIT 7   [ RunTime:0.0004s ]
SQL: SELECT * FROM `sw_goods` ORDER BY goods_view desc LIMIT 3   [ RunTime:0.0002s ]
SQL: SELECT * FROM `sw_goods` WHERE ( goods_price < 400  ) ORDER BY goods_price asc LIMIT 3   [ RunTime:0.0003s ]
SQL: SELECT * FROM `sw_goods` ORDER BY goods_create_time desc LIMIT 3   [ RunTime:0.0007s ]
INFO: [ view_parse ] --START--
INFO: [ template_filter ] --START--
INFO: Run Behavior\ContentReplaceBehavior [ RunTime:0.000175s ]
INFO: [ template_filter ] --END-- [ RunTime:0.000290s ]
INFO: Run Behavior\ParseTemplateBehavior [ RunTime:0.023069s ]
INFO: [ view_parse ] --END-- [ RunTime:0.023229s ]
INFO: [ view_filter ] --START--
INFO: Run Behavior\WriteHtmlCacheBehavior [ RunTime:0.000432s ]
INFO: [ view_filter ] --END-- [ RunTime:0.000536s ]
INFO: [ app_end ] --START--
INFO: Run Behavior\ShowPageTraceBehavior [ RunTime:0.000565s ]
INFO: [ app_end ] --END-- [ RunTime:0.000684s ]

[ 2016-10-12T18:40:28+08:00 ] ::1 /wei/index.php/Index/index.html
INFO: [ app_init ] --START--
INFO: Run Behavior\BuildLiteBehavior [ RunTime:0.000025s ]
INFO: [ app_init ] --END-- [ RunTime:0.000395s ]
INFO: [ app_begin ] --START--
INFO: Run Behavior\ReadHtmlCacheBehavior [ RunTime:0.001880s ]
INFO: [ app_begin ] --END-- [ RunTime:0.002138s ]
SQL: SHOW COLUMNS FROM `sw_goods` [ RunTime:0.0043s ]
SQL: SELECT * FROM `sw_goods` ORDER BY goods_create_time desc LIMIT 7   [ RunTime:0.0006s ]
SQL: SELECT * FROM `sw_goods` ORDER BY goods_view desc LIMIT 3   [ RunTime:0.0004s ]
SQL: SELECT * FROM `sw_goods` WHERE ( goods_price < 400  ) ORDER BY goods_price asc LIMIT 3   [ RunTime:0.0004s ]
SQL: SELECT * FROM `sw_goods` ORDER BY goods_create_time desc LIMIT 3   [ RunTime:0.0003s ]
INFO: [ view_parse ] --START--
INFO: [ template_filter ] --START--
INFO: Run Behavior\ContentReplaceBehavior [ RunTime:0.000173s ]
INFO: [ template_filter ] --END-- [ RunTime:0.000292s ]
INFO: Run Behavior\ParseTemplateBehavior [ RunTime:0.024070s ]
INFO: [ view_parse ] --END-- [ RunTime:0.024186s ]
INFO: [ view_filter ] --START--
INFO: Run Behavior\WriteHtmlCacheBehavior [ RunTime:0.000420s ]
INFO: [ view_filter ] --END-- [ RunTime:0.000521s ]
INFO: [ app_end ] --START--
INFO: Run Behavior\ShowPageTraceBehavior [ RunTime:0.000593s ]
INFO: [ app_end ] --END-- [ RunTime:0.000710s ]

[ 2016-10-12T18:40:50+08:00 ] ::1 /wei/index.php/Goods/showlist.html
INFO: [ app_init ] --START--
INFO: Run Behavior\BuildLiteBehavior [ RunTime:0.000044s ]
INFO: [ app_init ] --END-- [ RunTime:0.000394s ]
INFO: [ app_begin ] --START--
INFO: Run Behavior\ReadHtmlCacheBehavior [ RunTime:0.000489s ]
INFO: [ app_begin ] --END-- [ RunTime:0.000617s ]
SQL: SHOW COLUMNS FROM `sw_goods` [ RunTime:0.0034s ]
SQL: select *from sw_goods order by goods_id desc  [ RunTime:0.0005s ]
INFO: [ view_parse ] --START--
INFO: [ template_filter ] --START--
INFO: Run Behavior\ContentReplaceBehavior [ RunTime:0.000166s ]
INFO: [ template_filter ] --END-- [ RunTime:0.000300s ]
INFO: Run Behavior\ParseTemplateBehavior [ RunTime:0.013471s ]
INFO: [ view_parse ] --END-- [ RunTime:0.013625s ]
INFO: [ view_filter ] --START--
INFO: Run Behavior\WriteHtmlCacheBehavior [ RunTime:0.000346s ]
INFO: [ view_filter ] --END-- [ RunTime:0.000445s ]
INFO: [ app_end ] --START--
INFO: Run Behavior\ShowPageTraceBehavior [ RunTime:0.000897s ]
INFO: [ app_end ] --END-- [ RunTime:0.001280s ]

[ 2016-10-12T18:40:55+08:00 ] ::1 /wei/index.php/Home/Goods/detail/goods_id/197
INFO: [ app_init ] --START--
INFO: Run Behavior\BuildLiteBehavior [ RunTime:0.000023s ]
INFO: [ app_init ] --END-- [ RunTime:0.000358s ]
INFO: [ app_begin ] --START--
INFO: Run Behavior\ReadHtmlCacheBehavior [ RunTime:0.000358s ]
INFO: [ app_begin ] --END-- [ RunTime:0.000464s ]
SQL: SHOW COLUMNS FROM `sw_goods` [ RunTime:0.0024s ]
SQL: UPDATE `sw_goods` SET `goods_view`=goods_view+1 WHERE ( goods_id=197 ) [ RunTime:0.0427s ]
SQL: SELECT * FROM `sw_goods` WHERE `goods_id` = 197 LIMIT 1   [ RunTime:0.0003s ]
INFO: [ view_parse ] --START--
INFO: [ template_filter ] --START--
INFO: Run Behavior\ContentReplaceBehavior [ RunTime:0.000244s ]
INFO: [ template_filter ] --END-- [ RunTime:0.000404s ]
INFO: Run Behavior\ParseTemplateBehavior [ RunTime:0.013864s ]
INFO: [ view_parse ] --END-- [ RunTime:0.013976s ]
INFO: [ view_filter ] --START--
INFO: Run Behavior\WriteHtmlCacheBehavior [ RunTime:0.000339s ]
INFO: [ view_filter ] --END-- [ RunTime:0.000441s ]
INFO: [ app_end ] --START--
INFO: Run Behavior\ShowPageTraceBehavior [ RunTime:0.000611s ]
INFO: [ app_end ] --END-- [ RunTime:0.000761s ]

[ 2016-10-12T18:40:59+08:00 ] ::1 /wei/index.php/Gwc/addgwc.html
INFO: [ app_init ] --START--
INFO: Run Behavior\BuildLiteBehavior [ RunTime:0.000023s ]
INFO: [ app_init ] --END-- [ RunTime:0.000365s ]
INFO: [ app_begin ] --START--
INFO: Run Behavior\ReadHtmlCacheBehavior [ RunTime:0.000391s ]
INFO: [ app_begin ] --END-- [ RunTime:0.000480s ]
NOTIC: [8] A session had already been started - ignoring session_start() D:\wamp\www\wei\Application\Home\Controller\GwcController.class.php 第 53 行.
SQL: SHOW COLUMNS FROM `sw_goods` [ RunTime:0.0032s ]
SQL: SELECT * FROM `sw_goods` WHERE `goods_id` = 197 LIMIT 1   [ RunTime:0.0003s ]
SQL: SHOW COLUMNS FROM `sw_gwc` [ RunTime:0.0025s ]
SQL: SELECT * FROM `sw_gwc` WHERE ( gwc_user_id = 133  and gwc_goods_id= 197  ) LIMIT 1   [ RunTime:0.0002s ]
SQL: INSERT INTO `sw_gwc` (`gwc_goods_big_img`,`gwc_user_id`,`gwc_goods_price`,`gwc_goods_price2`,`gwc_goods_name`,`gwc_goods_id`,`gwc_goods_num`) VALUES ('Application/Public/uploads/2016-10-11/57fc58e386cfb.jpg','133','1200.00','1355','Sony Smart Air Condition','197','4') [ RunTime:0.0771s ]
INFO: [ app_end ] --START--
INFO: Run Behavior\ShowPageTraceBehavior [ RunTime:0.000547s ]
INFO: [ app_end ] --END-- [ RunTime:0.000634s ]

[ 2016-10-12T18:41:00+08:00 ] ::1 /wei/index.php/Gwc/gwc.html
INFO: [ app_init ] --START--
INFO: Run Behavior\BuildLiteBehavior [ RunTime:0.000029s ]
INFO: [ app_init ] --END-- [ RunTime:0.000530s ]
INFO: [ app_begin ] --START--
INFO: Run Behavior\ReadHtmlCacheBehavior [ RunTime:0.000571s ]
INFO: [ app_begin ] --END-- [ RunTime:0.000719s ]
NOTIC: [8] A session had already been started - ignoring session_start() D:\wamp\www\wei\Application\Home\Controller\GwcController.class.php 第 20 行.
SQL: SHOW COLUMNS FROM `sw_gwc` [ RunTime:0.0026s ]
SQL: SELECT * FROM `sw_gwc` WHERE ( gwc_user_id=133 )  [ RunTime:0.0003s ]
INFO: [ view_parse ] --START--
INFO: [ template_filter ] --START--
INFO: Run Behavior\ContentReplaceBehavior [ RunTime:0.000294s ]
INFO: [ template_filter ] --END-- [ RunTime:0.000422s ]
INFO: Run Behavior\ParseTemplateBehavior [ RunTime:0.016001s ]
INFO: [ view_parse ] --END-- [ RunTime:0.016114s ]
INFO: [ view_filter ] --START--
INFO: Run Behavior\WriteHtmlCacheBehavior [ RunTime:0.000363s ]
INFO: [ view_filter ] --END-- [ RunTime:0.000462s ]
INFO: [ app_end ] --START--
INFO: Run Behavior\ShowPageTraceBehavior [ RunTime:0.000839s ]
INFO: [ app_end ] --END-- [ RunTime:0.001020s ]

[ 2016-10-12T18:41:07+08:00 ] ::1 /wei/index.php/Order/order.html
INFO: [ app_init ] --START--
INFO: Run Behavior\BuildLiteBehavior [ RunTime:0.000026s ]
INFO: [ app_init ] --END-- [ RunTime:0.000388s ]
INFO: [ app_begin ] --START--
INFO: Run Behavior\ReadHtmlCacheBehavior [ RunTime:0.000411s ]
INFO: [ app_begin ] --END-- [ RunTime:0.000553s ]
SQL: SHOW COLUMNS FROM `sw_gwc` [ RunTime:0.0024s ]
SQL: SHOW COLUMNS FROM `sw_user` [ RunTime:0.0024s ]
SQL: SELECT * FROM `sw_gwc` WHERE ( gwc_user_id=133 )  [ RunTime:0.0005s ]
SQL: SELECT * FROM `sw_user` WHERE ( user_id= 133 ) LIMIT 1   [ RunTime:0.0007s ]
INFO: [ view_parse ] --START--
INFO: [ template_filter ] --START--
INFO: Run Behavior\ContentReplaceBehavior [ RunTime:0.000206s ]
INFO: [ template_filter ] --END-- [ RunTime:0.000320s ]
INFO: Run Behavior\ParseTemplateBehavior [ RunTime:0.012583s ]
INFO: [ view_parse ] --END-- [ RunTime:0.012696s ]
INFO: [ view_filter ] --START--
INFO: Run Behavior\WriteHtmlCacheBehavior [ RunTime:0.000392s ]
INFO: [ view_filter ] --END-- [ RunTime:0.000490s ]
INFO: [ app_end ] --START--
INFO: Run Behavior\ShowPageTraceBehavior [ RunTime:0.000544s ]
INFO: [ app_end ] --END-- [ RunTime:0.000660s ]

[ 2016-10-12T18:41:34+08:00 ] ::1 /wei/index.php/Order/add.html
INFO: [ app_init ] --START--
INFO: Run Behavior\BuildLiteBehavior [ RunTime:0.000023s ]
INFO: [ app_init ] --END-- [ RunTime:0.000373s ]
INFO: [ app_begin ] --START--
INFO: Run Behavior\ReadHtmlCacheBehavior [ RunTime:0.000360s ]
INFO: [ app_begin ] --END-- [ RunTime:0.000478s ]
SQL: SHOW COLUMNS FROM `sw_order` [ RunTime:0.0023s ]
SQL: INSERT INTO `sw_order` (`order_name`,`order_email`,`order_tel`,`order_addr`) VALUES ('jack','jack@qq.com','13245653478','') [ RunTime:0.1108s ]
SQL: SHOW COLUMNS FROM `sw_gwc` [ RunTime:0.0025s ]
SQL: DELETE FROM `sw_gwc` WHERE ( gwc_user_id = 133   ) [ RunTime:0.0669s ]

[ 2016-10-12T18:41:34+08:00 ] ::1 /wei/index.php/Index/index.html
INFO: [ app_init ] --START--
INFO: Run Behavior\BuildLiteBehavior [ RunTime:0.000024s ]
INFO: [ app_init ] --END-- [ RunTime:0.000377s ]
INFO: [ app_begin ] --START--
INFO: Run Behavior\ReadHtmlCacheBehavior [ RunTime:0.000628s ]
INFO: [ app_begin ] --END-- [ RunTime:0.001092s ]
SQL: SHOW COLUMNS FROM `sw_goods` [ RunTime:0.0023s ]
SQL: SELECT * FROM `sw_goods` ORDER BY goods_create_time desc LIMIT 7   [ RunTime:0.0004s ]
SQL: SELECT * FROM `sw_goods` ORDER BY goods_view desc LIMIT 3   [ RunTime:0.0003s ]
SQL: SELECT * FROM `sw_goods` WHERE ( goods_price < 400  ) ORDER BY goods_price asc LIMIT 3   [ RunTime:0.0002s ]
SQL: SELECT * FROM `sw_goods` ORDER BY goods_create_time desc LIMIT 3   [ RunTime:0.0002s ]
INFO: [ view_parse ] --START--
INFO: [ template_filter ] --START--
INFO: Run Behavior\ContentReplaceBehavior [ RunTime:0.000184s ]
INFO: [ template_filter ] --END-- [ RunTime:0.000305s ]
INFO: Run Behavior\ParseTemplateBehavior [ RunTime:0.024637s ]
INFO: [ view_parse ] --END-- [ RunTime:0.024780s ]
INFO: [ view_filter ] --START--
INFO: Run Behavior\WriteHtmlCacheBehavior [ RunTime:0.000523s ]
INFO: [ view_filter ] --END-- [ RunTime:0.000671s ]
INFO: [ app_end ] --START--
INFO: Run Behavior\ShowPageTraceBehavior [ RunTime:0.000939s ]
INFO: [ app_end ] --END-- [ RunTime:0.001150s ]

[ 2016-10-12T18:41:37+08:00 ] ::1 /wei/index.php/Gwc/gwc.html
INFO: [ app_init ] --START--
INFO: Run Behavior\BuildLiteBehavior [ RunTime:0.000026s ]
INFO: [ app_init ] --END-- [ RunTime:0.000397s ]
INFO: [ app_begin ] --START--
INFO: Run Behavior\ReadHtmlCacheBehavior [ RunTime:0.000831s ]
INFO: [ app_begin ] --END-- [ RunTime:0.001100s ]
NOTIC: [8] A session had already been started - ignoring session_start() D:\wamp\www\wei\Application\Home\Controller\GwcController.class.php 第 20 行.
SQL: SHOW COLUMNS FROM `sw_gwc` [ RunTime:0.0022s ]
SQL: SELECT * FROM `sw_gwc` WHERE ( gwc_user_id=133 )  [ RunTime:0.0002s ]
INFO: [ view_parse ] --START--
INFO: [ template_filter ] --START--
INFO: Run Behavior\ContentReplaceBehavior [ RunTime:0.000323s ]
INFO: [ template_filter ] --END-- [ RunTime:0.000435s ]
INFO: Run Behavior\ParseTemplateBehavior [ RunTime:0.016057s ]
INFO: [ view_parse ] --END-- [ RunTime:0.016224s ]
INFO: [ view_filter ] --START--
INFO: Run Behavior\WriteHtmlCacheBehavior [ RunTime:0.000493s ]
INFO: [ view_filter ] --END-- [ RunTime:0.000620s ]
INFO: [ app_end ] --START--
INFO: Run Behavior\ShowPageTraceBehavior [ RunTime:0.000715s ]
INFO: [ app_end ] --END-- [ RunTime:0.000861s ]

[ 2016-10-12T18:49:08+08:00 ] ::1 /wei/
INFO: [ app_init ] --START--
INFO: Run Behavior\BuildLiteBehavior [ RunTime:0.000026s ]
INFO: [ app_init ] --END-- [ RunTime:0.000409s ]
INFO: [ app_begin ] --START--
INFO: Run Behavior\ReadHtmlCacheBehavior [ RunTime:0.000576s ]
INFO: [ app_begin ] --END-- [ RunTime:0.000700s ]

[ 2016-10-12T18:49:11+08:00 ] ::1 /wei/index.php/User/login.html
INFO: [ app_init ] --START--
INFO: Run Behavior\BuildLiteBehavior [ RunTime:0.000024s ]
INFO: [ app_init ] --END-- [ RunTime:0.000384s ]
INFO: [ app_begin ] --START--
INFO: Run Behavior\ReadHtmlCacheBehavior [ RunTime:0.000467s ]
INFO: [ app_begin ] --END-- [ RunTime:0.000575s ]
INFO: [ view_parse ] --START--
INFO: [ template_filter ] --START--
INFO: Run Behavior\ContentReplaceBehavior [ RunTime:0.000090s ]
INFO: [ template_filter ] --END-- [ RunTime:0.000200s ]
NOTIC: [8] Undefined variable: msg D:\wamp\www\wei\Application\Runtime\Cache\Home\5c9ee6d19cd41add49f97afe3aef0b25.php 第 13 行.
INFO: Run Behavior\ParseTemplateBehavior [ RunTime:0.005657s ]
INFO: [ view_parse ] --END-- [ RunTime:0.005762s ]
INFO: [ view_filter ] --START--
INFO: Run Behavior\WriteHtmlCacheBehavior [ RunTime:0.000330s ]
INFO: [ view_filter ] --END-- [ RunTime:0.000451s ]
INFO: [ app_end ] --START--
INFO: Run Behavior\ShowPageTraceBehavior [ RunTime:0.000489s ]
INFO: [ app_end ] --END-- [ RunTime:0.000591s ]

[ 2016-10-12T18:49:11+08:00 ] ::1 /wei/index.php/User/verifyImg.html
INFO: [ app_init ] --START--
INFO: Run Behavior\BuildLiteBehavior [ RunTime:0.000038s ]
INFO: [ app_init ] --END-- [ RunTime:0.000544s ]
INFO: [ app_begin ] --START--
INFO: Run Behavior\ReadHtmlCacheBehavior [ RunTime:0.000742s ]
INFO: [ app_begin ] --END-- [ RunTime:0.000928s ]
INFO: [ app_end ] --START--
INFO: Run Behavior\ShowPageTraceBehavior [ RunTime:0.000529s ]
INFO: [ app_end ] --END-- [ RunTime:0.000648s ]

[ 2016-10-12T18:49:21+08:00 ] ::1 /wei/index.php/User/login.html
INFO: [ app_init ] --START--
INFO: Run Behavior\BuildLiteBehavior [ RunTime:0.000029s ]
INFO: [ app_init ] --END-- [ RunTime:0.000418s ]
INFO: [ app_begin ] --START--
INFO: Run Behavior\ReadHtmlCacheBehavior [ RunTime:0.000432s ]
INFO: [ app_begin ] --END-- [ RunTime:0.000561s ]
SQL: SHOW COLUMNS FROM `sw_user` [ RunTime:0.0023s ]
SQL: SELECT * FROM `sw_user` WHERE ( username='jack' ) LIMIT 1   [ RunTime:0.0004s ]

[ 2016-10-12T18:49:21+08:00 ] ::1 /wei/index.php/Index/index.html
INFO: [ app_init ] --START--
INFO: Run Behavior\BuildLiteBehavior [ RunTime:0.000023s ]
INFO: [ app_init ] --END-- [ RunTime:0.000346s ]
INFO: [ app_begin ] --START--
INFO: Run Behavior\ReadHtmlCacheBehavior [ RunTime:0.000371s ]
INFO: [ app_begin ] --END-- [ RunTime:0.000476s ]
SQL: SHOW COLUMNS FROM `sw_goods` [ RunTime:0.0024s ]
SQL: SELECT * FROM `sw_goods` ORDER BY goods_create_time desc LIMIT 7   [ RunTime:0.0004s ]
SQL: SELECT * FROM `sw_goods` ORDER BY goods_view desc LIMIT 3   [ RunTime:0.0002s ]
SQL: SELECT * FROM `sw_goods` WHERE ( goods_price < 400  ) ORDER BY goods_price asc LIMIT 3   [ RunTime:0.0002s ]
SQL: SELECT * FROM `sw_goods` ORDER BY goods_create_time desc LIMIT 3   [ RunTime:0.0002s ]
INFO: [ view_parse ] --START--
INFO: [ template_filter ] --START--
INFO: Run Behavior\ContentReplaceBehavior [ RunTime:0.000188s ]
INFO: [ template_filter ] --END-- [ RunTime:0.000310s ]
INFO: Run Behavior\ParseTemplateBehavior [ RunTime:0.028702s ]
INFO: [ view_parse ] --END-- [ RunTime:0.028861s ]
INFO: [ view_filter ] --START--
INFO: Run Behavior\WriteHtmlCacheBehavior [ RunTime:0.000602s ]
INFO: [ view_filter ] --END-- [ RunTime:0.000768s ]
INFO: [ app_end ] --START--
INFO: Run Behavior\ShowPageTraceBehavior [ RunTime:0.000990s ]
INFO: [ app_end ] --END-- [ RunTime:0.001188s ]

