[ 2017-04-25T04:42:19+08:00 ] 123.125.71.36 /wei/index.php/Index/verifyImg
INFO: [ app_init ] --START--
INFO: Run Behavior\BuildLiteBehavior [ RunTime:0.000000s ]
INFO: [ app_init ] --END-- [ RunTime:0.000000s ]
INFO: [ app_begin ] --START--
INFO: Run Behavior\ReadHtmlCacheBehavior [ RunTime:0.000000s ]
INFO: [ app_begin ] --END-- [ RunTime:0.000000s ]
INFO: [ app_end ] --START--
INFO: Run Behavior\ShowPageTraceBehavior [ RunTime:0.000000s ]
INFO: [ app_end ] --END-- [ RunTime:0.000000s ]

[ 2017-04-25T06:37:46+08:00 ] 123.125.71.32 /wei/index.php/Home/Cate/cates/id/23
INFO: [ app_init ] --START--
INFO: Run Behavior\BuildLiteBehavior [ RunTime:0.000000s ]
INFO: [ app_init ] --END-- [ RunTime:0.000000s ]
INFO: [ app_begin ] --START--
INFO: Run Behavior\ReadHtmlCacheBehavior [ RunTime:0.000000s ]
INFO: [ app_begin ] --END-- [ RunTime:0.000000s ]
SQL: SHOW COLUMNS FROM `sw_cate` [ RunTime:0.0156s ]
SQL: SELECT `cate_name` FROM `sw_cate` WHERE ( cate_id=23 ) LIMIT 1   [ RunTime:0.0000s ]
SQL: SELECT * FROM `sw_cate` WHERE ( cate_level=0 )  [ RunTime:0.0000s ]
SQL: SELECT * FROM `sw_cate` WHERE ( cate_level=1 )  [ RunTime:0.0000s ]
SQL: SHOW COLUMNS FROM `sw_goods` [ RunTime:0.0156s ]
SQL: SELECT COUNT(*) AS tp_count FROM `sw_goods` LIMIT 1   [ RunTime:0.0000s ]
SQL: select *from sw_goods  where goods_category_id=23 order by goods_id desc Limit 0, 3 [ RunTime:0.0000s ]
NOTIC: [8] Undefined index: user_name C:\yjdata\www\www\wei\Application\Home\Controller\CateController.class.php 第 66 行.
INFO: [ view_parse ] --START--
INFO: [ template_filter ] --START--
INFO: Run Behavior\ContentReplaceBehavior [ RunTime:0.000000s ]
INFO: [ template_filter ] --END-- [ RunTime:0.000000s ]
INFO: Run Behavior\ParseTemplateBehavior [ RunTime:0.046877s ]
INFO: [ view_parse ] --END-- [ RunTime:0.046877s ]
INFO: [ view_filter ] --START--
INFO: Run Behavior\WriteHtmlCacheBehavior [ RunTime:0.000000s ]
INFO: [ view_filter ] --END-- [ RunTime:0.000000s ]
INFO: [ app_end ] --START--
INFO: Run Behavior\ShowPageTraceBehavior [ RunTime:0.000000s ]
INFO: [ app_end ] --END-- [ RunTime:0.000000s ]

[ 2017-04-25T09:42:14+08:00 ] 106.120.173.123 /wei/index.php/Index/index
INFO: [ app_init ] --START--
INFO: Run Behavior\BuildLiteBehavior [ RunTime:0.000000s ]
INFO: [ app_init ] --END-- [ RunTime:0.000000s ]
INFO: [ app_begin ] --START--
INFO: Run Behavior\ReadHtmlCacheBehavior [ RunTime:0.000000s ]
INFO: [ app_begin ] --END-- [ RunTime:0.000000s ]
SQL: SHOW COLUMNS FROM `sw_goods` [ RunTime:0.0000s ]
SQL: SELECT * FROM `sw_goods` ORDER BY goods_create_time desc LIMIT 7   [ RunTime:0.0000s ]
SQL: SELECT * FROM `sw_goods` ORDER BY goods_view desc LIMIT 3   [ RunTime:0.0000s ]
SQL: SELECT * FROM `sw_goods` WHERE ( goods_price < 400  ) ORDER BY goods_price asc LIMIT 3   [ RunTime:0.0000s ]
SQL: SELECT * FROM `sw_goods` ORDER BY goods_create_time desc LIMIT 3   [ RunTime:0.0156s ]
SQL: SHOW COLUMNS FROM `sw_cate` [ RunTime:0.0000s ]
SQL: SELECT * FROM `sw_cate` WHERE ( cate_level=0 )  [ RunTime:0.0000s ]
NOTIC: [8] Undefined index: user_name C:\yjdata\www\www\wei\Application\Home\Controller\IndexController.class.php 第 27 行.
INFO: [ view_parse ] --START--
INFO: [ template_filter ] --START--
INFO: Run Behavior\ContentReplaceBehavior [ RunTime:0.000000s ]
INFO: [ template_filter ] --END-- [ RunTime:0.000000s ]
INFO: Run Behavior\ParseTemplateBehavior [ RunTime:0.015625s ]
INFO: [ view_parse ] --END-- [ RunTime:0.015625s ]
INFO: [ view_filter ] --START--
INFO: Run Behavior\WriteHtmlCacheBehavior [ RunTime:0.000000s ]
INFO: [ view_filter ] --END-- [ RunTime:0.000000s ]
INFO: [ app_end ] --START--
INFO: Run Behavior\ShowPageTraceBehavior [ RunTime:0.000000s ]
INFO: [ app_end ] --END-- [ RunTime:0.000000s ]

[ 2017-04-25T12:03:35+08:00 ] 42.236.10.80 /wei/index.php/Home/Cate/ca/id/19?page=4
INFO: [ app_init ] --START--
INFO: Run Behavior\BuildLiteBehavior [ RunTime:0.000000s ]
INFO: [ app_init ] --END-- [ RunTime:0.000000s ]
INFO: [ app_begin ] --START--
INFO: Run Behavior\ReadHtmlCacheBehavior [ RunTime:0.000000s ]
INFO: [ app_begin ] --END-- [ RunTime:0.000000s ]
SQL: SHOW COLUMNS FROM `sw_cate` [ RunTime:0.0000s ]
SQL: SELECT `cate_name` FROM `sw_cate` WHERE ( cate_id=19 ) LIMIT 1   [ RunTime:0.0000s ]
SQL: SELECT * FROM `sw_cate` WHERE ( cate_pid=19 )  [ RunTime:0.0000s ]
SQL: SELECT * FROM `sw_cate` WHERE ( cate_level=0 )  [ RunTime:0.0000s ]
SQL: SELECT * FROM `sw_cate` WHERE ( cate_level=1 )  [ RunTime:0.0000s ]
SQL: SHOW COLUMNS FROM `sw_goods` [ RunTime:0.0156s ]
SQL: SELECT COUNT(*) AS tp_count FROM `sw_goods` LIMIT 1   [ RunTime:0.0000s ]
SQL: select *from sw_goods  where goods_category_id in(23) order by goods_id desc Limit 9, 3 [ RunTime:0.0000s ]
INFO: [ view_parse ] --START--
INFO: [ template_filter ] --START--
INFO: Run Behavior\ContentReplaceBehavior [ RunTime:0.000000s ]
INFO: [ template_filter ] --END-- [ RunTime:0.000000s ]
INFO: Run Behavior\ParseTemplateBehavior [ RunTime:0.015625s ]
INFO: [ view_parse ] --END-- [ RunTime:0.015625s ]
INFO: [ view_filter ] --START--
INFO: Run Behavior\WriteHtmlCacheBehavior [ RunTime:0.000000s ]
INFO: [ view_filter ] --END-- [ RunTime:0.000000s ]
INFO: [ app_end ] --START--
INFO: Run Behavior\ShowPageTraceBehavior [ RunTime:0.000000s ]
INFO: [ app_end ] --END-- [ RunTime:0.000000s ]

[ 2017-04-25T12:03:35+08:00 ] 42.236.99.58 /wei/index.php/Home/Cate/cates/id/21?page=5
INFO: [ app_init ] --START--
INFO: Run Behavior\BuildLiteBehavior [ RunTime:0.000000s ]
INFO: [ app_init ] --END-- [ RunTime:0.000000s ]
INFO: [ app_begin ] --START--
INFO: Run Behavior\ReadHtmlCacheBehavior [ RunTime:0.000000s ]
INFO: [ app_begin ] --END-- [ RunTime:0.000000s ]
SQL: SHOW COLUMNS FROM `sw_cate` [ RunTime:0.0000s ]
SQL: SELECT `cate_name` FROM `sw_cate` WHERE ( cate_id=21 ) LIMIT 1   [ RunTime:0.0000s ]
SQL: SELECT * FROM `sw_cate` WHERE ( cate_level=0 )  [ RunTime:0.0000s ]
SQL: SELECT * FROM `sw_cate` WHERE ( cate_level=1 )  [ RunTime:0.0000s ]
SQL: SHOW COLUMNS FROM `sw_goods` [ RunTime:0.0000s ]
SQL: SELECT COUNT(*) AS tp_count FROM `sw_goods` LIMIT 1   [ RunTime:0.0000s ]
SQL: select *from sw_goods  where goods_category_id=21 order by goods_id desc Limit 12, 3 [ RunTime:0.0000s ]
NOTIC: [8] Undefined index: user_name C:\yjdata\www\www\wei\Application\Home\Controller\CateController.class.php 第 66 行.
INFO: [ view_parse ] --START--
INFO: [ template_filter ] --START--
INFO: Run Behavior\ContentReplaceBehavior [ RunTime:0.000000s ]
INFO: [ template_filter ] --END-- [ RunTime:0.000000s ]
INFO: Run Behavior\ParseTemplateBehavior [ RunTime:0.015625s ]
INFO: [ view_parse ] --END-- [ RunTime:0.015625s ]
INFO: [ view_filter ] --START--
INFO: Run Behavior\WriteHtmlCacheBehavior [ RunTime:0.000000s ]
INFO: [ view_filter ] --END-- [ RunTime:0.000000s ]
INFO: [ app_end ] --START--
INFO: Run Behavior\ShowPageTraceBehavior [ RunTime:0.000000s ]
INFO: [ app_end ] --END-- [ RunTime:0.000000s ]

[ 2017-04-25T12:03:36+08:00 ] 42.236.10.71 /wei/index.php/Home/Cate/cates/id/24?page=1
INFO: [ app_init ] --START--
INFO: Run Behavior\BuildLiteBehavior [ RunTime:0.000000s ]
INFO: [ app_init ] --END-- [ RunTime:0.000000s ]
INFO: [ app_begin ] --START--
INFO: Run Behavior\ReadHtmlCacheBehavior [ RunTime:0.000000s ]
INFO: [ app_begin ] --END-- [ RunTime:0.000000s ]
SQL: SHOW COLUMNS FROM `sw_cate` [ RunTime:0.0000s ]
SQL: SELECT `cate_name` FROM `sw_cate` WHERE ( cate_id=24 ) LIMIT 1   [ RunTime:0.0000s ]
SQL: SELECT * FROM `sw_cate` WHERE ( cate_level=0 )  [ RunTime:0.0000s ]
SQL: SELECT * FROM `sw_cate` WHERE ( cate_level=1 )  [ RunTime:0.0000s ]
SQL: SHOW COLUMNS FROM `sw_goods` [ RunTime:0.0000s ]
SQL: SELECT COUNT(*) AS tp_count FROM `sw_goods` LIMIT 1   [ RunTime:0.0000s ]
SQL: select *from sw_goods  where goods_category_id=24 order by goods_id desc Limit 0, 3 [ RunTime:0.0000s ]
NOTIC: [8] Undefined index: user_name C:\yjdata\www\www\wei\Application\Home\Controller\CateController.class.php 第 66 行.
INFO: [ view_parse ] --START--
INFO: [ template_filter ] --START--
INFO: Run Behavior\ContentReplaceBehavior [ RunTime:0.000000s ]
INFO: [ template_filter ] --END-- [ RunTime:0.000000s ]
INFO: Run Behavior\ParseTemplateBehavior [ RunTime:0.015625s ]
INFO: [ view_parse ] --END-- [ RunTime:0.015625s ]
INFO: [ view_filter ] --START--
INFO: Run Behavior\WriteHtmlCacheBehavior [ RunTime:0.000000s ]
INFO: [ view_filter ] --END-- [ RunTime:0.000000s ]
INFO: [ app_end ] --START--
INFO: Run Behavior\ShowPageTraceBehavior [ RunTime:0.000000s ]
INFO: [ app_end ] --END-- [ RunTime:0.000000s ]

[ 2017-04-25T12:03:36+08:00 ] 42.236.99.166 /wei/index.php/Index/index
INFO: [ app_init ] --START--
INFO: Run Behavior\BuildLiteBehavior [ RunTime:0.000000s ]
INFO: [ app_init ] --END-- [ RunTime:0.000000s ]
INFO: [ app_begin ] --START--
INFO: Run Behavior\ReadHtmlCacheBehavior [ RunTime:0.000000s ]
INFO: [ app_begin ] --END-- [ RunTime:0.000000s ]
SQL: SHOW COLUMNS FROM `sw_goods` [ RunTime:0.0000s ]
SQL: SELECT * FROM `sw_goods` ORDER BY goods_create_time desc LIMIT 7   [ RunTime:0.0000s ]
SQL: SELECT * FROM `sw_goods` ORDER BY goods_view desc LIMIT 3   [ RunTime:0.0000s ]
SQL: SELECT * FROM `sw_goods` WHERE ( goods_price < 400  ) ORDER BY goods_price asc LIMIT 3   [ RunTime:0.0000s ]
SQL: SELECT * FROM `sw_goods` ORDER BY goods_create_time desc LIMIT 3   [ RunTime:0.0000s ]
SQL: SHOW COLUMNS FROM `sw_cate` [ RunTime:0.0000s ]
SQL: SELECT * FROM `sw_cate` WHERE ( cate_level=0 )  [ RunTime:0.0000s ]
NOTIC: [8] Undefined index: user_name C:\yjdata\www\www\wei\Application\Home\Controller\IndexController.class.php 第 27 行.
INFO: [ view_parse ] --START--
INFO: [ template_filter ] --START--
INFO: Run Behavior\ContentReplaceBehavior [ RunTime:0.000000s ]
INFO: [ template_filter ] --END-- [ RunTime:0.000000s ]
INFO: Run Behavior\ParseTemplateBehavior [ RunTime:0.015625s ]
INFO: [ view_parse ] --END-- [ RunTime:0.015625s ]
INFO: [ view_filter ] --START--
INFO: Run Behavior\WriteHtmlCacheBehavior [ RunTime:0.000000s ]
INFO: [ view_filter ] --END-- [ RunTime:0.000000s ]
INFO: [ app_end ] --START--
INFO: Run Behavior\ShowPageTraceBehavior [ RunTime:0.000000s ]
INFO: [ app_end ] --END-- [ RunTime:0.000000s ]

[ 2017-04-25T12:03:36+08:00 ] 42.236.99.242 /wei/index.php/goods/detail/goods_id/203.html
INFO: [ app_init ] --START--
INFO: Run Behavior\BuildLiteBehavior [ RunTime:0.000000s ]
INFO: [ app_init ] --END-- [ RunTime:0.000000s ]
INFO: [ app_begin ] --START--
INFO: Run Behavior\ReadHtmlCacheBehavior [ RunTime:0.000000s ]
INFO: [ app_begin ] --END-- [ RunTime:0.000000s ]
SQL: SHOW COLUMNS FROM `sw_goods` [ RunTime:0.0000s ]
SQL: UPDATE `sw_goods` SET `goods_view`=goods_view+1 WHERE ( goods_id=203 ) [ RunTime:0.0000s ]
SQL: SELECT * FROM `sw_goods` WHERE `goods_id` = 203 LIMIT 1   [ RunTime:0.0000s ]
SQL: SHOW COLUMNS FROM `sw_cate` [ RunTime:0.0000s ]
SQL: SELECT * FROM `sw_cate` WHERE ( cate_level=0 )  [ RunTime:0.0000s ]
SQL: SELECT * FROM `sw_goods` ORDER BY goods_view DESC LIMIT 4   [ RunTime:0.0000s ]
SQL: SELECT * FROM `sw_goods` ORDER BY goods_create_time DESC LIMIT 5   [ RunTime:0.0000s ]
NOTIC: [8] Undefined index: user_name C:\yjdata\www\www\wei\Application\Home\Controller\GoodsController.class.php 第 56 行.
INFO: [ view_parse ] --START--
INFO: [ template_filter ] --START--
INFO: Run Behavior\ContentReplaceBehavior [ RunTime:0.000000s ]
INFO: [ template_filter ] --END-- [ RunTime:0.000000s ]
INFO: Run Behavior\ParseTemplateBehavior [ RunTime:0.015625s ]
INFO: [ view_parse ] --END-- [ RunTime:0.015625s ]
INFO: [ view_filter ] --START--
INFO: Run Behavior\WriteHtmlCacheBehavior [ RunTime:0.000000s ]
INFO: [ view_filter ] --END-- [ RunTime:0.000000s ]
INFO: [ app_end ] --START--
INFO: Run Behavior\ShowPageTraceBehavior [ RunTime:0.000000s ]
INFO: [ app_end ] --END-- [ RunTime:0.000000s ]

[ 2017-04-25T12:03:37+08:00 ] 42.236.99.37 /wei/index.php/cate/showlist?page=1
INFO: [ app_init ] --START--
INFO: Run Behavior\BuildLiteBehavior [ RunTime:0.000000s ]
INFO: [ app_init ] --END-- [ RunTime:0.000000s ]
INFO: [ app_begin ] --START--
INFO: Run Behavior\ReadHtmlCacheBehavior [ RunTime:0.000000s ]
INFO: [ app_begin ] --END-- [ RunTime:0.000000s ]
SQL: SHOW COLUMNS FROM `sw_cate` [ RunTime:0.0000s ]
SQL: SELECT * FROM `sw_cate` WHERE ( cate_level=0 )  [ RunTime:0.0000s ]
SQL: SELECT * FROM `sw_cate` WHERE ( cate_level=1 )  [ RunTime:0.0000s ]
SQL: SHOW COLUMNS FROM `sw_goods` [ RunTime:0.0000s ]
SQL: SELECT COUNT(*) AS tp_count FROM `sw_goods` LIMIT 1   [ RunTime:0.0000s ]
SQL: select *from sw_goods order by goods_id desc Limit 0, 5 [ RunTime:0.0000s ]
NOTIC: [8] Undefined index: user_name C:\yjdata\www\www\wei\Application\Home\Controller\CateController.class.php 第 31 行.
INFO: [ view_parse ] --START--
INFO: [ template_filter ] --START--
INFO: Run Behavior\ContentReplaceBehavior [ RunTime:0.000000s ]
INFO: [ template_filter ] --END-- [ RunTime:0.000000s ]
INFO: Run Behavior\ParseTemplateBehavior [ RunTime:0.031250s ]
INFO: [ view_parse ] --END-- [ RunTime:0.031250s ]
INFO: [ view_filter ] --START--
INFO: Run Behavior\WriteHtmlCacheBehavior [ RunTime:0.000000s ]
INFO: [ view_filter ] --END-- [ RunTime:0.000000s ]
INFO: [ app_end ] --START--
INFO: Run Behavior\ShowPageTraceBehavior [ RunTime:0.000000s ]
INFO: [ app_end ] --END-- [ RunTime:0.000000s ]

[ 2017-04-25T12:03:37+08:00 ] 42.236.10.111 /wei/index.php/Home/Cate/cates/id/24?page=2
INFO: [ app_init ] --START--
INFO: Run Behavior\BuildLiteBehavior [ RunTime:0.000000s ]
INFO: [ app_init ] --END-- [ RunTime:0.000000s ]
INFO: [ app_begin ] --START--
INFO: Run Behavior\ReadHtmlCacheBehavior [ RunTime:0.000000s ]
INFO: [ app_begin ] --END-- [ RunTime:0.000000s ]
SQL: SHOW COLUMNS FROM `sw_cate` [ RunTime:0.0000s ]
SQL: SELECT `cate_name` FROM `sw_cate` WHERE ( cate_id=24 ) LIMIT 1   [ RunTime:0.0000s ]
SQL: SELECT * FROM `sw_cate` WHERE ( cate_level=0 )  [ RunTime:0.0000s ]
SQL: SELECT * FROM `sw_cate` WHERE ( cate_level=1 )  [ RunTime:0.0000s ]
SQL: SHOW COLUMNS FROM `sw_goods` [ RunTime:0.0000s ]
SQL: SELECT COUNT(*) AS tp_count FROM `sw_goods` LIMIT 1   [ RunTime:0.0000s ]
SQL: select *from sw_goods  where goods_category_id=24 order by goods_id desc Limit 3, 3 [ RunTime:0.0000s ]
NOTIC: [8] Undefined index: user_name C:\yjdata\www\www\wei\Application\Home\Controller\CateController.class.php 第 66 行.
INFO: [ view_parse ] --START--
INFO: [ template_filter ] --START--
INFO: Run Behavior\ContentReplaceBehavior [ RunTime:0.000000s ]
INFO: [ template_filter ] --END-- [ RunTime:0.000000s ]
INFO: Run Behavior\ParseTemplateBehavior [ RunTime:0.015625s ]
INFO: [ view_parse ] --END-- [ RunTime:0.015625s ]
INFO: [ view_filter ] --START--
INFO: Run Behavior\WriteHtmlCacheBehavior [ RunTime:0.000000s ]
INFO: [ view_filter ] --END-- [ RunTime:0.000000s ]
INFO: [ app_end ] --START--
INFO: Run Behavior\ShowPageTraceBehavior [ RunTime:0.000000s ]
INFO: [ app_end ] --END-- [ RunTime:0.000000s ]

[ 2017-04-25T12:03:38+08:00 ] 42.236.99.130 /wei/index.php/Home/Goods/detail/goods_id/205
INFO: [ app_init ] --START--
INFO: Run Behavior\BuildLiteBehavior [ RunTime:0.000000s ]
INFO: [ app_init ] --END-- [ RunTime:0.000000s ]
INFO: [ app_begin ] --START--
INFO: Run Behavior\ReadHtmlCacheBehavior [ RunTime:0.000000s ]
INFO: [ app_begin ] --END-- [ RunTime:0.000000s ]
SQL: SHOW COLUMNS FROM `sw_goods` [ RunTime:0.0000s ]
SQL: UPDATE `sw_goods` SET `goods_view`=goods_view+1 WHERE ( goods_id=205 ) [ RunTime:0.0000s ]
SQL: SELECT * FROM `sw_goods` WHERE `goods_id` = 205 LIMIT 1   [ RunTime:0.0000s ]
SQL: SHOW COLUMNS FROM `sw_cate` [ RunTime:0.0000s ]
SQL: SELECT * FROM `sw_cate` WHERE ( cate_level=0 )  [ RunTime:0.0000s ]
SQL: SELECT * FROM `sw_goods` ORDER BY goods_view DESC LIMIT 4   [ RunTime:0.0000s ]
SQL: SELECT * FROM `sw_goods` ORDER BY goods_create_time DESC LIMIT 5   [ RunTime:0.0000s ]
NOTIC: [8] Undefined index: user_name C:\yjdata\www\www\wei\Application\Home\Controller\GoodsController.class.php 第 56 行.
INFO: [ view_parse ] --START--
INFO: [ template_filter ] --START--
INFO: Run Behavior\ContentReplaceBehavior [ RunTime:0.000000s ]
INFO: [ template_filter ] --END-- [ RunTime:0.000000s ]
INFO: Run Behavior\ParseTemplateBehavior [ RunTime:0.015625s ]
INFO: [ view_parse ] --END-- [ RunTime:0.015625s ]
INFO: [ view_filter ] --START--
INFO: Run Behavior\WriteHtmlCacheBehavior [ RunTime:0.000000s ]
INFO: [ view_filter ] --END-- [ RunTime:0.015625s ]
INFO: [ app_end ] --START--
INFO: Run Behavior\ShowPageTraceBehavior [ RunTime:0.000000s ]
INFO: [ app_end ] --END-- [ RunTime:0.000000s ]

[ 2017-04-25T12:03:38+08:00 ] 42.236.10.115 /wei/index.php/goods/detail/goods_id/191.html
INFO: [ app_init ] --START--
INFO: Run Behavior\BuildLiteBehavior [ RunTime:0.000000s ]
INFO: [ app_init ] --END-- [ RunTime:0.000000s ]
INFO: [ app_begin ] --START--
INFO: Run Behavior\ReadHtmlCacheBehavior [ RunTime:0.000000s ]
INFO: [ app_begin ] --END-- [ RunTime:0.000000s ]
SQL: SHOW COLUMNS FROM `sw_goods` [ RunTime:0.0000s ]
SQL: UPDATE `sw_goods` SET `goods_view`=goods_view+1 WHERE ( goods_id=191 ) [ RunTime:0.0000s ]
SQL: SELECT * FROM `sw_goods` WHERE `goods_id` = 191 LIMIT 1   [ RunTime:0.0000s ]
SQL: SHOW COLUMNS FROM `sw_cate` [ RunTime:0.0000s ]
SQL: SELECT * FROM `sw_cate` WHERE ( cate_level=0 )  [ RunTime:0.0000s ]
SQL: SELECT * FROM `sw_goods` ORDER BY goods_view DESC LIMIT 4   [ RunTime:0.0000s ]
SQL: SELECT * FROM `sw_goods` ORDER BY goods_create_time DESC LIMIT 5   [ RunTime:0.0156s ]
NOTIC: [8] Undefined index: user_name C:\yjdata\www\www\wei\Application\Home\Controller\GoodsController.class.php 第 56 行.
INFO: [ view_parse ] --START--
INFO: [ template_filter ] --START--
INFO: Run Behavior\ContentReplaceBehavior [ RunTime:0.000000s ]
INFO: [ template_filter ] --END-- [ RunTime:0.000000s ]
INFO: Run Behavior\ParseTemplateBehavior [ RunTime:0.000000s ]
INFO: [ view_parse ] --END-- [ RunTime:0.000000s ]
INFO: [ view_filter ] --START--
INFO: Run Behavior\WriteHtmlCacheBehavior [ RunTime:0.000000s ]
INFO: [ view_filter ] --END-- [ RunTime:0.000000s ]
INFO: [ app_end ] --START--
INFO: Run Behavior\ShowPageTraceBehavior [ RunTime:0.000000s ]
INFO: [ app_end ] --END-- [ RunTime:0.000000s ]

[ 2017-04-25T12:03:39+08:00 ] 42.236.99.242 /wei/index.php/Goods/showlist.html?page=2
INFO: [ app_init ] --START--
INFO: Run Behavior\BuildLiteBehavior [ RunTime:0.000000s ]
INFO: [ app_init ] --END-- [ RunTime:0.000000s ]
INFO: [ app_begin ] --START--
INFO: Run Behavior\ReadHtmlCacheBehavior [ RunTime:0.000000s ]
INFO: [ app_begin ] --END-- [ RunTime:0.000000s ]
SQL: SHOW COLUMNS FROM `sw_goods` [ RunTime:0.0000s ]
SQL: SELECT COUNT(*) AS tp_count FROM `sw_goods` LIMIT 1   [ RunTime:0.0000s ]
SQL: select *from sw_goods order by goods_id desc Limit 5, 5 [ RunTime:0.0000s ]
SQL: SHOW COLUMNS FROM `sw_cate` [ RunTime:0.0000s ]
SQL: SELECT * FROM `sw_cate` WHERE ( cate_level=0 )  [ RunTime:0.0000s ]
NOTIC: [8] Undefined index: user_name C:\yjdata\www\www\wei\Application\Home\Controller\GoodsController.class.php 第 32 行.
INFO: [ view_parse ] --START--
INFO: [ template_filter ] --START--
INFO: Run Behavior\ContentReplaceBehavior [ RunTime:0.000000s ]
INFO: [ template_filter ] --END-- [ RunTime:0.000000s ]
INFO: Run Behavior\ParseTemplateBehavior [ RunTime:0.015625s ]
INFO: [ view_parse ] --END-- [ RunTime:0.015625s ]
INFO: [ view_filter ] --START--
INFO: Run Behavior\WriteHtmlCacheBehavior [ RunTime:0.000000s ]
INFO: [ view_filter ] --END-- [ RunTime:0.000000s ]
INFO: [ app_end ] --START--
INFO: Run Behavior\ShowPageTraceBehavior [ RunTime:0.000000s ]
INFO: [ app_end ] --END-- [ RunTime:0.000000s ]

[ 2017-04-25T12:03:40+08:00 ] 42.236.99.23 /wei/index.php/home/cate/cates/id/22?page=3
INFO: [ app_init ] --START--
INFO: Run Behavior\BuildLiteBehavior [ RunTime:0.000000s ]
INFO: [ app_init ] --END-- [ RunTime:0.000000s ]
INFO: [ app_begin ] --START--
INFO: Run Behavior\ReadHtmlCacheBehavior [ RunTime:0.000000s ]
INFO: [ app_begin ] --END-- [ RunTime:0.000000s ]
SQL: SHOW COLUMNS FROM `sw_cate` [ RunTime:0.0000s ]
SQL: SELECT `cate_name` FROM `sw_cate` WHERE ( cate_id=22 ) LIMIT 1   [ RunTime:0.0000s ]
SQL: SELECT * FROM `sw_cate` WHERE ( cate_level=0 )  [ RunTime:0.0000s ]
SQL: SELECT * FROM `sw_cate` WHERE ( cate_level=1 )  [ RunTime:0.0000s ]
SQL: SHOW COLUMNS FROM `sw_goods` [ RunTime:0.0000s ]
SQL: SELECT COUNT(*) AS tp_count FROM `sw_goods` LIMIT 1   [ RunTime:0.0000s ]
SQL: select *from sw_goods  where goods_category_id=22 order by goods_id desc Limit 6, 3 [ RunTime:0.0000s ]
NOTIC: [8] Undefined index: user_name C:\yjdata\www\www\wei\Application\Home\Controller\CateController.class.php 第 66 行.
INFO: [ view_parse ] --START--
INFO: [ template_filter ] --START--
INFO: Run Behavior\ContentReplaceBehavior [ RunTime:0.000000s ]
INFO: [ template_filter ] --END-- [ RunTime:0.000000s ]
INFO: Run Behavior\ParseTemplateBehavior [ RunTime:0.015625s ]
INFO: [ view_parse ] --END-- [ RunTime:0.015625s ]
INFO: [ view_filter ] --START--
INFO: Run Behavior\WriteHtmlCacheBehavior [ RunTime:0.000000s ]
INFO: [ view_filter ] --END-- [ RunTime:0.000000s ]
INFO: [ app_end ] --START--
INFO: Run Behavior\ShowPageTraceBehavior [ RunTime:0.000000s ]
INFO: [ app_end ] --END-- [ RunTime:0.000000s ]

[ 2017-04-25T12:03:40+08:00 ] 42.236.99.16 /wei/index.php/goods/showlist?page=3
INFO: [ app_init ] --START--
INFO: Run Behavior\BuildLiteBehavior [ RunTime:0.000000s ]
INFO: [ app_init ] --END-- [ RunTime:0.000000s ]
INFO: [ app_begin ] --START--
INFO: Run Behavior\ReadHtmlCacheBehavior [ RunTime:0.000000s ]
INFO: [ app_begin ] --END-- [ RunTime:0.000000s ]
SQL: SHOW COLUMNS FROM `sw_goods` [ RunTime:0.0000s ]
SQL: SELECT COUNT(*) AS tp_count FROM `sw_goods` LIMIT 1   [ RunTime:0.0000s ]
SQL: select *from sw_goods order by goods_id desc Limit 10, 5 [ RunTime:0.0000s ]
SQL: SHOW COLUMNS FROM `sw_cate` [ RunTime:0.0000s ]
SQL: SELECT * FROM `sw_cate` WHERE ( cate_level=0 )  [ RunTime:0.0000s ]
NOTIC: [8] Undefined index: user_name C:\yjdata\www\www\wei\Application\Home\Controller\GoodsController.class.php 第 32 行.
INFO: [ view_parse ] --START--
INFO: [ template_filter ] --START--
INFO: Run Behavior\ContentReplaceBehavior [ RunTime:0.000000s ]
INFO: [ template_filter ] --END-- [ RunTime:0.000000s ]
INFO: Run Behavior\ParseTemplateBehavior [ RunTime:0.015625s ]
INFO: [ view_parse ] --END-- [ RunTime:0.015625s ]
INFO: [ view_filter ] --START--
INFO: Run Behavior\WriteHtmlCacheBehavior [ RunTime:0.000000s ]
INFO: [ view_filter ] --END-- [ RunTime:0.000000s ]
INFO: [ app_end ] --START--
INFO: Run Behavior\ShowPageTraceBehavior [ RunTime:0.000000s ]
INFO: [ app_end ] --END-- [ RunTime:0.000000s ]

[ 2017-04-25T12:03:41+08:00 ] 42.236.10.82 /wei/index.php/Home/Cate/ca/id/19?page=1
INFO: [ app_init ] --START--
INFO: Run Behavior\BuildLiteBehavior [ RunTime:0.000000s ]
INFO: [ app_init ] --END-- [ RunTime:0.000000s ]
INFO: [ app_begin ] --START--
INFO: Run Behavior\ReadHtmlCacheBehavior [ RunTime:0.000000s ]
INFO: [ app_begin ] --END-- [ RunTime:0.000000s ]
SQL: SHOW COLUMNS FROM `sw_cate` [ RunTime:0.4531s ]
SQL: SELECT `cate_name` FROM `sw_cate` WHERE ( cate_id=19 ) LIMIT 1   [ RunTime:0.0000s ]
SQL: SELECT * FROM `sw_cate` WHERE ( cate_pid=19 )  [ RunTime:0.0000s ]
SQL: SELECT * FROM `sw_cate` WHERE ( cate_level=0 )  [ RunTime:0.0000s ]
SQL: SELECT * FROM `sw_cate` WHERE ( cate_level=1 )  [ RunTime:0.0000s ]
SQL: SHOW COLUMNS FROM `sw_goods` [ RunTime:0.0000s ]
SQL: SELECT COUNT(*) AS tp_count FROM `sw_goods` LIMIT 1   [ RunTime:0.0000s ]
SQL: select *from sw_goods  where goods_category_id in(23) order by goods_id desc Limit 0, 3 [ RunTime:0.0000s ]
INFO: [ view_parse ] --START--
INFO: [ template_filter ] --START--
INFO: Run Behavior\ContentReplaceBehavior [ RunTime:0.000000s ]
INFO: [ template_filter ] --END-- [ RunTime:0.000000s ]
INFO: Run Behavior\ParseTemplateBehavior [ RunTime:0.015625s ]
INFO: [ view_parse ] --END-- [ RunTime:0.015625s ]
INFO: [ view_filter ] --START--
INFO: Run Behavior\WriteHtmlCacheBehavior [ RunTime:0.000000s ]
INFO: [ view_filter ] --END-- [ RunTime:0.000000s ]
INFO: [ app_end ] --START--
INFO: Run Behavior\ShowPageTraceBehavior [ RunTime:0.000000s ]
INFO: [ app_end ] --END-- [ RunTime:0.000000s ]

[ 2017-04-25T12:03:41+08:00 ] 42.236.99.16 /wei/index.php/index/index.html
INFO: [ app_init ] --START--
INFO: Run Behavior\BuildLiteBehavior [ RunTime:0.000000s ]
INFO: [ app_init ] --END-- [ RunTime:0.000000s ]
INFO: [ app_begin ] --START--
INFO: Run Behavior\ReadHtmlCacheBehavior [ RunTime:0.000000s ]
INFO: [ app_begin ] --END-- [ RunTime:0.000000s ]
SQL: SHOW COLUMNS FROM `sw_goods` [ RunTime:0.0000s ]
SQL: SELECT * FROM `sw_goods` ORDER BY goods_create_time desc LIMIT 7   [ RunTime:0.0000s ]
SQL: SELECT * FROM `sw_goods` ORDER BY goods_view desc LIMIT 3   [ RunTime:0.0000s ]
SQL: SELECT * FROM `sw_goods` WHERE ( goods_price < 400  ) ORDER BY goods_price asc LIMIT 3   [ RunTime:0.0000s ]
SQL: SELECT * FROM `sw_goods` ORDER BY goods_create_time desc LIMIT 3   [ RunTime:0.0000s ]
SQL: SHOW COLUMNS FROM `sw_cate` [ RunTime:0.0000s ]
SQL: SELECT * FROM `sw_cate` WHERE ( cate_level=0 )  [ RunTime:0.0000s ]
NOTIC: [8] Undefined index: user_name C:\yjdata\www\www\wei\Application\Home\Controller\IndexController.class.php 第 27 行.
INFO: [ view_parse ] --START--
INFO: [ template_filter ] --START--
INFO: Run Behavior\ContentReplaceBehavior [ RunTime:0.000000s ]
INFO: [ template_filter ] --END-- [ RunTime:0.000000s ]
INFO: Run Behavior\ParseTemplateBehavior [ RunTime:0.046875s ]
INFO: [ view_parse ] --END-- [ RunTime:0.046875s ]
INFO: [ view_filter ] --START--
INFO: Run Behavior\WriteHtmlCacheBehavior [ RunTime:0.000000s ]
INFO: [ view_filter ] --END-- [ RunTime:0.000000s ]
INFO: [ app_end ] --START--
INFO: Run Behavior\ShowPageTraceBehavior [ RunTime:0.000000s ]
INFO: [ app_end ] --END-- [ RunTime:0.000000s ]

[ 2017-04-25T12:03:41+08:00 ] 42.236.99.86 /wei/index.php/Home/Cate/cates/id/22?page=5
INFO: [ app_init ] --START--
INFO: Run Behavior\BuildLiteBehavior [ RunTime:0.000000s ]
INFO: [ app_init ] --END-- [ RunTime:0.000000s ]
INFO: [ app_begin ] --START--
INFO: Run Behavior\ReadHtmlCacheBehavior [ RunTime:0.000000s ]
INFO: [ app_begin ] --END-- [ RunTime:0.000000s ]
SQL: SHOW COLUMNS FROM `sw_cate` [ RunTime:0.6875s ]
SQL: SELECT `cate_name` FROM `sw_cate` WHERE ( cate_id=22 ) LIMIT 1   [ RunTime:0.0000s ]
SQL: SELECT * FROM `sw_cate` WHERE ( cate_level=0 )  [ RunTime:0.0000s ]
SQL: SELECT * FROM `sw_cate` WHERE ( cate_level=1 )  [ RunTime:0.0000s ]
SQL: SHOW COLUMNS FROM `sw_goods` [ RunTime:0.2969s ]
SQL: SELECT COUNT(*) AS tp_count FROM `sw_goods` LIMIT 1   [ RunTime:0.0000s ]
SQL: select *from sw_goods  where goods_category_id=22 order by goods_id desc Limit 12, 3 [ RunTime:0.0000s ]
NOTIC: [8] Undefined index: user_name C:\yjdata\www\www\wei\Application\Home\Controller\CateController.class.php 第 66 行.
INFO: [ view_parse ] --START--
INFO: [ template_filter ] --START--
INFO: Run Behavior\ContentReplaceBehavior [ RunTime:0.000000s ]
INFO: [ template_filter ] --END-- [ RunTime:0.000000s ]
INFO: Run Behavior\ParseTemplateBehavior [ RunTime:0.031250s ]
INFO: [ view_parse ] --END-- [ RunTime:0.031250s ]
INFO: [ view_filter ] --START--
INFO: Run Behavior\WriteHtmlCacheBehavior [ RunTime:0.000000s ]
INFO: [ view_filter ] --END-- [ RunTime:0.000000s ]
INFO: [ app_end ] --START--
INFO: Run Behavior\ShowPageTraceBehavior [ RunTime:0.015625s ]
INFO: [ app_end ] --END-- [ RunTime:0.015625s ]

[ 2017-04-25T12:03:42+08:00 ] 42.236.10.78 /wei/index.php/Goods/detail/goods_id/200.html
INFO: [ app_init ] --START--
INFO: Run Behavior\BuildLiteBehavior [ RunTime:0.000000s ]
INFO: [ app_init ] --END-- [ RunTime:0.000000s ]
INFO: [ app_begin ] --START--
INFO: Run Behavior\ReadHtmlCacheBehavior [ RunTime:0.000000s ]
INFO: [ app_begin ] --END-- [ RunTime:0.000000s ]
SQL: SHOW COLUMNS FROM `sw_goods` [ RunTime:0.0000s ]
SQL: UPDATE `sw_goods` SET `goods_view`=goods_view+1 WHERE ( goods_id=200 ) [ RunTime:0.0313s ]
SQL: SELECT * FROM `sw_goods` WHERE `goods_id` = 200 LIMIT 1   [ RunTime:0.0000s ]
SQL: SHOW COLUMNS FROM `sw_cate` [ RunTime:0.0156s ]
SQL: SELECT * FROM `sw_cate` WHERE ( cate_level=0 )  [ RunTime:0.0000s ]
SQL: SELECT * FROM `sw_goods` ORDER BY goods_view DESC LIMIT 4   [ RunTime:0.0000s ]
SQL: SELECT * FROM `sw_goods` ORDER BY goods_create_time DESC LIMIT 5   [ RunTime:0.0000s ]
NOTIC: [8] Undefined index: user_name C:\yjdata\www\www\wei\Application\Home\Controller\GoodsController.class.php 第 56 行.
INFO: [ view_parse ] --START--
INFO: [ template_filter ] --START--
INFO: Run Behavior\ContentReplaceBehavior [ RunTime:0.000000s ]
INFO: [ template_filter ] --END-- [ RunTime:0.000000s ]
INFO: Run Behavior\ParseTemplateBehavior [ RunTime:0.031250s ]
INFO: [ view_parse ] --END-- [ RunTime:0.031250s ]
INFO: [ view_filter ] --START--
INFO: Run Behavior\WriteHtmlCacheBehavior [ RunTime:0.000000s ]
INFO: [ view_filter ] --END-- [ RunTime:0.000000s ]
INFO: [ app_end ] --START--
INFO: Run Behavior\ShowPageTraceBehavior [ RunTime:0.000000s ]
INFO: [ app_end ] --END-- [ RunTime:0.000000s ]

[ 2017-04-25T12:03:42+08:00 ] 42.236.10.72 /wei/index.php/Cate/showlist?page=1
INFO: [ app_init ] --START--
INFO: Run Behavior\BuildLiteBehavior [ RunTime:0.000000s ]
INFO: [ app_init ] --END-- [ RunTime:0.000000s ]
INFO: [ app_begin ] --START--
INFO: Run Behavior\ReadHtmlCacheBehavior [ RunTime:0.000000s ]
INFO: [ app_begin ] --END-- [ RunTime:0.000000s ]
SQL: SHOW COLUMNS FROM `sw_cate` [ RunTime:0.0156s ]
SQL: SELECT * FROM `sw_cate` WHERE ( cate_level=0 )  [ RunTime:0.0000s ]
SQL: SELECT * FROM `sw_cate` WHERE ( cate_level=1 )  [ RunTime:0.0000s ]
SQL: SHOW COLUMNS FROM `sw_goods` [ RunTime:0.0000s ]
SQL: SELECT COUNT(*) AS tp_count FROM `sw_goods` LIMIT 1   [ RunTime:0.0000s ]
SQL: select *from sw_goods order by goods_id desc Limit 0, 5 [ RunTime:0.0000s ]
NOTIC: [8] Undefined index: user_name C:\yjdata\www\www\wei\Application\Home\Controller\CateController.class.php 第 31 行.
INFO: [ view_parse ] --START--
INFO: [ template_filter ] --START--
INFO: Run Behavior\ContentReplaceBehavior [ RunTime:0.000000s ]
INFO: [ template_filter ] --END-- [ RunTime:0.000000s ]
INFO: Run Behavior\ParseTemplateBehavior [ RunTime:0.015625s ]
INFO: [ view_parse ] --END-- [ RunTime:0.015625s ]
INFO: [ view_filter ] --START--
INFO: Run Behavior\WriteHtmlCacheBehavior [ RunTime:0.000000s ]
INFO: [ view_filter ] --END-- [ RunTime:0.000000s ]
INFO: [ app_end ] --START--
INFO: Run Behavior\ShowPageTraceBehavior [ RunTime:0.000000s ]
INFO: [ app_end ] --END-- [ RunTime:0.000000s ]

[ 2017-04-25T12:03:42+08:00 ] 42.236.99.142 /wei/index.php/goods/detail/goods_id/203
INFO: [ app_init ] --START--
INFO: Run Behavior\BuildLiteBehavior [ RunTime:0.000000s ]
INFO: [ app_init ] --END-- [ RunTime:0.000000s ]
INFO: [ app_begin ] --START--
INFO: Run Behavior\ReadHtmlCacheBehavior [ RunTime:0.000000s ]
INFO: [ app_begin ] --END-- [ RunTime:0.000000s ]
SQL: SHOW COLUMNS FROM `sw_goods` [ RunTime:0.0000s ]
SQL: UPDATE `sw_goods` SET `goods_view`=goods_view+1 WHERE ( goods_id=203 ) [ RunTime:0.0000s ]
SQL: SELECT * FROM `sw_goods` WHERE `goods_id` = 203 LIMIT 1   [ RunTime:0.0000s ]
SQL: SHOW COLUMNS FROM `sw_cate` [ RunTime:0.0000s ]
SQL: SELECT * FROM `sw_cate` WHERE ( cate_level=0 )  [ RunTime:0.0000s ]
SQL: SELECT * FROM `sw_goods` ORDER BY goods_view DESC LIMIT 4   [ RunTime:0.0000s ]
SQL: SELECT * FROM `sw_goods` ORDER BY goods_create_time DESC LIMIT 5   [ RunTime:0.0000s ]
NOTIC: [8] Undefined index: user_name C:\yjdata\www\www\wei\Application\Home\Controller\GoodsController.class.php 第 56 行.
INFO: [ view_parse ] --START--
INFO: [ template_filter ] --START--
INFO: Run Behavior\ContentReplaceBehavior [ RunTime:0.000000s ]
INFO: [ template_filter ] --END-- [ RunTime:0.000000s ]
INFO: Run Behavior\ParseTemplateBehavior [ RunTime:0.015625s ]
INFO: [ view_parse ] --END-- [ RunTime:0.015625s ]
INFO: [ view_filter ] --START--
INFO: Run Behavior\WriteHtmlCacheBehavior [ RunTime:0.000000s ]
INFO: [ view_filter ] --END-- [ RunTime:0.000000s ]
INFO: [ app_end ] --START--
INFO: Run Behavior\ShowPageTraceBehavior [ RunTime:0.000000s ]
INFO: [ app_end ] --END-- [ RunTime:0.000000s ]

[ 2017-04-25T12:03:42+08:00 ] 42.236.10.81 /wei/index.php/Cate/showlist.html
INFO: [ app_init ] --START--
INFO: Run Behavior\BuildLiteBehavior [ RunTime:0.000000s ]
INFO: [ app_init ] --END-- [ RunTime:0.000000s ]
INFO: [ app_begin ] --START--
INFO: Run Behavior\ReadHtmlCacheBehavior [ RunTime:0.000000s ]
INFO: [ app_begin ] --END-- [ RunTime:0.000000s ]
SQL: SHOW COLUMNS FROM `sw_cate` [ RunTime:0.0000s ]
SQL: SELECT * FROM `sw_cate` WHERE ( cate_level=0 )  [ RunTime:0.0000s ]
SQL: SELECT * FROM `sw_cate` WHERE ( cate_level=1 )  [ RunTime:0.0000s ]
SQL: SHOW COLUMNS FROM `sw_goods` [ RunTime:0.0000s ]
SQL: SELECT COUNT(*) AS tp_count FROM `sw_goods` LIMIT 1   [ RunTime:0.0000s ]
SQL: select *from sw_goods order by goods_id desc Limit 0, 5 [ RunTime:0.0000s ]
NOTIC: [8] Undefined index: user_name C:\yjdata\www\www\wei\Application\Home\Controller\CateController.class.php 第 31 行.
INFO: [ view_parse ] --START--
INFO: [ template_filter ] --START--
INFO: Run Behavior\ContentReplaceBehavior [ RunTime:0.000000s ]
INFO: [ template_filter ] --END-- [ RunTime:0.000000s ]
INFO: Run Behavior\ParseTemplateBehavior [ RunTime:0.031250s ]
INFO: [ view_parse ] --END-- [ RunTime:0.031250s ]
INFO: [ view_filter ] --START--
INFO: Run Behavior\WriteHtmlCacheBehavior [ RunTime:0.000000s ]
INFO: [ view_filter ] --END-- [ RunTime:0.000000s ]
INFO: [ app_end ] --START--
INFO: Run Behavior\ShowPageTraceBehavior [ RunTime:0.000000s ]
INFO: [ app_end ] --END-- [ RunTime:0.000000s ]

[ 2017-04-25T12:03:42+08:00 ] 42.236.10.113 /wei/index.php/Home/Cate/cates/id/21?page=4
INFO: [ app_init ] --START--
INFO: Run Behavior\BuildLiteBehavior [ RunTime:0.000000s ]
INFO: [ app_init ] --END-- [ RunTime:0.000000s ]
INFO: [ app_begin ] --START--
INFO: Run Behavior\ReadHtmlCacheBehavior [ RunTime:0.000000s ]
INFO: [ app_begin ] --END-- [ RunTime:0.000000s ]
SQL: SHOW COLUMNS FROM `sw_cate` [ RunTime:0.0000s ]
SQL: SELECT `cate_name` FROM `sw_cate` WHERE ( cate_id=21 ) LIMIT 1   [ RunTime:0.0000s ]
SQL: SELECT * FROM `sw_cate` WHERE ( cate_level=0 )  [ RunTime:0.0000s ]
SQL: SELECT * FROM `sw_cate` WHERE ( cate_level=1 )  [ RunTime:0.0000s ]
SQL: SHOW COLUMNS FROM `sw_goods` [ RunTime:0.0000s ]
SQL: SELECT COUNT(*) AS tp_count FROM `sw_goods` LIMIT 1   [ RunTime:0.0000s ]
SQL: select *from sw_goods  where goods_category_id=21 order by goods_id desc Limit 9, 3 [ RunTime:0.0000s ]
NOTIC: [8] Undefined index: user_name C:\yjdata\www\www\wei\Application\Home\Controller\CateController.class.php 第 66 行.
INFO: [ view_parse ] --START--
INFO: [ template_filter ] --START--
INFO: Run Behavior\ContentReplaceBehavior [ RunTime:0.000000s ]
INFO: [ template_filter ] --END-- [ RunTime:0.000000s ]
INFO: Run Behavior\ParseTemplateBehavior [ RunTime:0.015625s ]
INFO: [ view_parse ] --END-- [ RunTime:0.015625s ]
INFO: [ view_filter ] --START--
INFO: Run Behavior\WriteHtmlCacheBehavior [ RunTime:0.000000s ]
INFO: [ view_filter ] --END-- [ RunTime:0.000000s ]
INFO: [ app_end ] --START--
INFO: Run Behavior\ShowPageTraceBehavior [ RunTime:0.000000s ]
INFO: [ app_end ] --END-- [ RunTime:0.000000s ]

[ 2017-04-25T12:03:43+08:00 ] 42.236.99.242 /wei/index.php/cate/showlist?page=2
INFO: [ app_init ] --START--
INFO: Run Behavior\BuildLiteBehavior [ RunTime:0.000000s ]
INFO: [ app_init ] --END-- [ RunTime:0.000000s ]
INFO: [ app_begin ] --START--
INFO: Run Behavior\ReadHtmlCacheBehavior [ RunTime:0.000000s ]
INFO: [ app_begin ] --END-- [ RunTime:0.000000s ]
SQL: SHOW COLUMNS FROM `sw_cate` [ RunTime:0.0000s ]
SQL: SELECT * FROM `sw_cate` WHERE ( cate_level=0 )  [ RunTime:0.0000s ]
SQL: SELECT * FROM `sw_cate` WHERE ( cate_level=1 )  [ RunTime:0.0000s ]
SQL: SHOW COLUMNS FROM `sw_goods` [ RunTime:0.0000s ]
SQL: SELECT COUNT(*) AS tp_count FROM `sw_goods` LIMIT 1   [ RunTime:0.0000s ]
SQL: select *from sw_goods order by goods_id desc Limit 5, 5 [ RunTime:0.0000s ]
NOTIC: [8] Undefined index: user_name C:\yjdata\www\www\wei\Application\Home\Controller\CateController.class.php 第 31 行.
INFO: [ view_parse ] --START--
INFO: [ template_filter ] --START--
INFO: Run Behavior\ContentReplaceBehavior [ RunTime:0.000000s ]
INFO: [ template_filter ] --END-- [ RunTime:0.000000s ]
INFO: Run Behavior\ParseTemplateBehavior [ RunTime:0.015625s ]
INFO: [ view_parse ] --END-- [ RunTime:0.015625s ]
INFO: [ view_filter ] --START--
INFO: Run Behavior\WriteHtmlCacheBehavior [ RunTime:0.000000s ]
INFO: [ view_filter ] --END-- [ RunTime:0.000000s ]
INFO: [ app_end ] --START--
INFO: Run Behavior\ShowPageTraceBehavior [ RunTime:0.015625s ]
INFO: [ app_end ] --END-- [ RunTime:0.015625s ]

[ 2017-04-25T12:03:43+08:00 ] 42.236.99.194 /wei/index.php/index/index
INFO: [ app_init ] --START--
INFO: Run Behavior\BuildLiteBehavior [ RunTime:0.000000s ]
INFO: [ app_init ] --END-- [ RunTime:0.000000s ]
INFO: [ app_begin ] --START--
INFO: Run Behavior\ReadHtmlCacheBehavior [ RunTime:0.000000s ]
INFO: [ app_begin ] --END-- [ RunTime:0.000000s ]
SQL: SHOW COLUMNS FROM `sw_goods` [ RunTime:0.0000s ]
SQL: SELECT * FROM `sw_goods` ORDER BY goods_create_time desc LIMIT 7   [ RunTime:0.0000s ]
SQL: SELECT * FROM `sw_goods` ORDER BY goods_view desc LIMIT 3   [ RunTime:0.0000s ]
SQL: SELECT * FROM `sw_goods` WHERE ( goods_price < 400  ) ORDER BY goods_price asc LIMIT 3   [ RunTime:0.0000s ]
SQL: SELECT * FROM `sw_goods` ORDER BY goods_create_time desc LIMIT 3   [ RunTime:0.0000s ]
SQL: SHOW COLUMNS FROM `sw_cate` [ RunTime:0.0000s ]
SQL: SELECT * FROM `sw_cate` WHERE ( cate_level=0 )  [ RunTime:0.0000s ]
NOTIC: [8] Undefined index: user_name C:\yjdata\www\www\wei\Application\Home\Controller\IndexController.class.php 第 27 行.
INFO: [ view_parse ] --START--
INFO: [ template_filter ] --START--
INFO: Run Behavior\ContentReplaceBehavior [ RunTime:0.015625s ]
INFO: [ template_filter ] --END-- [ RunTime:0.015625s ]
INFO: Run Behavior\ParseTemplateBehavior [ RunTime:0.031250s ]
INFO: [ view_parse ] --END-- [ RunTime:0.031250s ]
INFO: [ view_filter ] --START--
INFO: Run Behavior\WriteHtmlCacheBehavior [ RunTime:0.000000s ]
INFO: [ view_filter ] --END-- [ RunTime:0.000000s ]
INFO: [ app_end ] --START--
INFO: Run Behavior\ShowPageTraceBehavior [ RunTime:0.000000s ]
INFO: [ app_end ] --END-- [ RunTime:0.000000s ]

[ 2017-04-25T12:03:43+08:00 ] 42.236.99.72 /wei/index.php/Home/Cate/ca/id/17?page=1
INFO: [ app_init ] --START--
INFO: Run Behavior\BuildLiteBehavior [ RunTime:0.000000s ]
INFO: [ app_init ] --END-- [ RunTime:0.000000s ]
INFO: [ app_begin ] --START--
INFO: Run Behavior\ReadHtmlCacheBehavior [ RunTime:0.000000s ]
INFO: [ app_begin ] --END-- [ RunTime:0.000000s ]
SQL: SHOW COLUMNS FROM `sw_cate` [ RunTime:0.0000s ]
SQL: SELECT `cate_name` FROM `sw_cate` WHERE ( cate_id=17 ) LIMIT 1   [ RunTime:0.0000s ]
SQL: SELECT * FROM `sw_cate` WHERE ( cate_pid=17 )  [ RunTime:0.0000s ]
SQL: SELECT * FROM `sw_cate` WHERE ( cate_level=0 )  [ RunTime:0.0000s ]
SQL: SELECT * FROM `sw_cate` WHERE ( cate_level=1 )  [ RunTime:0.0000s ]
SQL: SHOW COLUMNS FROM `sw_goods` [ RunTime:0.0000s ]
SQL: SELECT COUNT(*) AS tp_count FROM `sw_goods` LIMIT 1   [ RunTime:0.0000s ]
SQL: select *from sw_goods  where goods_category_id in(21) order by goods_id desc Limit 0, 3 [ RunTime:0.0000s ]
INFO: [ view_parse ] --START--
INFO: [ template_filter ] --START--
INFO: Run Behavior\ContentReplaceBehavior [ RunTime:0.000000s ]
INFO: [ template_filter ] --END-- [ RunTime:0.000000s ]
INFO: Run Behavior\ParseTemplateBehavior [ RunTime:0.015625s ]
INFO: [ view_parse ] --END-- [ RunTime:0.015625s ]
INFO: [ view_filter ] --START--
INFO: Run Behavior\WriteHtmlCacheBehavior [ RunTime:0.000000s ]
INFO: [ view_filter ] --END-- [ RunTime:0.000000s ]
INFO: [ app_end ] --START--
INFO: Run Behavior\ShowPageTraceBehavior [ RunTime:0.000000s ]
INFO: [ app_end ] --END-- [ RunTime:0.000000s ]

[ 2017-04-25T12:03:43+08:00 ] 42.236.99.65 /wei/index.php/Home/Cate/ca/id/20?page=3
INFO: [ app_init ] --START--
INFO: Run Behavior\BuildLiteBehavior [ RunTime:0.000000s ]
INFO: [ app_init ] --END-- [ RunTime:0.000000s ]
INFO: [ app_begin ] --START--
INFO: Run Behavior\ReadHtmlCacheBehavior [ RunTime:0.000000s ]
INFO: [ app_begin ] --END-- [ RunTime:0.000000s ]
SQL: SHOW COLUMNS FROM `sw_cate` [ RunTime:0.0000s ]
SQL: SELECT `cate_name` FROM `sw_cate` WHERE ( cate_id=20 ) LIMIT 1   [ RunTime:0.0000s ]
SQL: SELECT * FROM `sw_cate` WHERE ( cate_pid=20 )  [ RunTime:0.0000s ]
SQL: SELECT * FROM `sw_cate` WHERE ( cate_level=0 )  [ RunTime:0.0000s ]
SQL: SELECT * FROM `sw_cate` WHERE ( cate_level=1 )  [ RunTime:0.0000s ]
SQL: SHOW COLUMNS FROM `sw_goods` [ RunTime:0.0000s ]
SQL: SELECT COUNT(*) AS tp_count FROM `sw_goods` LIMIT 1   [ RunTime:0.0000s ]
SQL: select *from sw_goods  where goods_category_id in(24) order by goods_id desc Limit 6, 3 [ RunTime:0.0000s ]
INFO: [ view_parse ] --START--
INFO: [ template_filter ] --START--
INFO: Run Behavior\ContentReplaceBehavior [ RunTime:0.000000s ]
INFO: [ template_filter ] --END-- [ RunTime:0.000000s ]
INFO: Run Behavior\ParseTemplateBehavior [ RunTime:0.015625s ]
INFO: [ view_parse ] --END-- [ RunTime:0.015625s ]
INFO: [ view_filter ] --START--
INFO: Run Behavior\WriteHtmlCacheBehavior [ RunTime:0.000000s ]
INFO: [ view_filter ] --END-- [ RunTime:0.000000s ]
INFO: [ app_end ] --START--
INFO: Run Behavior\ShowPageTraceBehavior [ RunTime:0.000000s ]
INFO: [ app_end ] --END-- [ RunTime:0.000000s ]

[ 2017-04-25T12:03:44+08:00 ] 42.236.99.178 /wei/index.php/home/Cate/ca/id/18
INFO: [ app_init ] --START--
INFO: Run Behavior\BuildLiteBehavior [ RunTime:0.000000s ]
INFO: [ app_init ] --END-- [ RunTime:0.000000s ]
INFO: [ app_begin ] --START--
INFO: Run Behavior\ReadHtmlCacheBehavior [ RunTime:0.000000s ]
INFO: [ app_begin ] --END-- [ RunTime:0.000000s ]
SQL: SHOW COLUMNS FROM `sw_cate` [ RunTime:0.0000s ]
SQL: SELECT `cate_name` FROM `sw_cate` WHERE ( cate_id=18 ) LIMIT 1   [ RunTime:0.0000s ]
SQL: SELECT * FROM `sw_cate` WHERE ( cate_pid=18 )  [ RunTime:0.0000s ]
SQL: SELECT * FROM `sw_cate` WHERE ( cate_level=0 )  [ RunTime:0.0000s ]
SQL: SELECT * FROM `sw_cate` WHERE ( cate_level=1 )  [ RunTime:0.0000s ]
SQL: SHOW COLUMNS FROM `sw_goods` [ RunTime:0.0000s ]
SQL: SELECT COUNT(*) AS tp_count FROM `sw_goods` LIMIT 1   [ RunTime:0.0000s ]
SQL: select *from sw_goods  where goods_category_id in(22) order by goods_id desc Limit 0, 3 [ RunTime:0.0000s ]
INFO: [ view_parse ] --START--
INFO: [ template_filter ] --START--
INFO: Run Behavior\ContentReplaceBehavior [ RunTime:0.000000s ]
INFO: [ template_filter ] --END-- [ RunTime:0.000000s ]
INFO: Run Behavior\ParseTemplateBehavior [ RunTime:0.000000s ]
INFO: [ view_parse ] --END-- [ RunTime:0.000000s ]
INFO: [ view_filter ] --START--
INFO: Run Behavior\WriteHtmlCacheBehavior [ RunTime:0.015625s ]
INFO: [ view_filter ] --END-- [ RunTime:0.015625s ]
INFO: [ app_end ] --START--
INFO: Run Behavior\ShowPageTraceBehavior [ RunTime:0.000000s ]
INFO: [ app_end ] --END-- [ RunTime:0.000000s ]

[ 2017-04-25T12:03:44+08:00 ] 42.236.10.107 /wei/index.php/Goods/detail/goods_id/200
INFO: [ app_init ] --START--
INFO: Run Behavior\BuildLiteBehavior [ RunTime:0.000000s ]
INFO: [ app_init ] --END-- [ RunTime:0.000000s ]
INFO: [ app_begin ] --START--
INFO: Run Behavior\ReadHtmlCacheBehavior [ RunTime:0.000000s ]
INFO: [ app_begin ] --END-- [ RunTime:0.000000s ]
SQL: SHOW COLUMNS FROM `sw_goods` [ RunTime:0.5000s ]
SQL: UPDATE `sw_goods` SET `goods_view`=goods_view+1 WHERE ( goods_id=200 ) [ RunTime:0.2500s ]
SQL: SELECT * FROM `sw_goods` WHERE `goods_id` = 200 LIMIT 1   [ RunTime:0.0000s ]
SQL: SHOW COLUMNS FROM `sw_cate` [ RunTime:0.0000s ]
SQL: SELECT * FROM `sw_cate` WHERE ( cate_level=0 )  [ RunTime:0.0000s ]
SQL: SELECT * FROM `sw_goods` ORDER BY goods_view DESC LIMIT 4   [ RunTime:0.0000s ]
SQL: SELECT * FROM `sw_goods` ORDER BY goods_create_time DESC LIMIT 5   [ RunTime:0.0000s ]
NOTIC: [8] Undefined index: user_name C:\yjdata\www\www\wei\Application\Home\Controller\GoodsController.class.php 第 56 行.
INFO: [ view_parse ] --START--
INFO: [ template_filter ] --START--
INFO: Run Behavior\ContentReplaceBehavior [ RunTime:0.000000s ]
INFO: [ template_filter ] --END-- [ RunTime:0.000000s ]
INFO: Run Behavior\ParseTemplateBehavior [ RunTime:0.015625s ]
INFO: [ view_parse ] --END-- [ RunTime:0.015625s ]
INFO: [ view_filter ] --START--
INFO: Run Behavior\WriteHtmlCacheBehavior [ RunTime:0.000000s ]
INFO: [ view_filter ] --END-- [ RunTime:0.000000s ]
INFO: [ app_end ] --START--
INFO: Run Behavior\ShowPageTraceBehavior [ RunTime:0.000000s ]
INFO: [ app_end ] --END-- [ RunTime:0.000000s ]

[ 2017-04-25T12:03:44+08:00 ] 42.236.99.65 /wei/index.php/goods/showlist.html?page=3
INFO: [ app_init ] --START--
INFO: Run Behavior\BuildLiteBehavior [ RunTime:0.000000s ]
INFO: [ app_init ] --END-- [ RunTime:0.000000s ]
INFO: [ app_begin ] --START--
INFO: Run Behavior\ReadHtmlCacheBehavior [ RunTime:0.000000s ]
INFO: [ app_begin ] --END-- [ RunTime:0.000000s ]
SQL: SHOW COLUMNS FROM `sw_goods` [ RunTime:0.0000s ]
SQL: SELECT COUNT(*) AS tp_count FROM `sw_goods` LIMIT 1   [ RunTime:0.0000s ]
SQL: select *from sw_goods order by goods_id desc Limit 10, 5 [ RunTime:0.0000s ]
SQL: SHOW COLUMNS FROM `sw_cate` [ RunTime:0.0000s ]
SQL: SELECT * FROM `sw_cate` WHERE ( cate_level=0 )  [ RunTime:0.0000s ]
NOTIC: [8] Undefined index: user_name C:\yjdata\www\www\wei\Application\Home\Controller\GoodsController.class.php 第 32 行.
INFO: [ view_parse ] --START--
INFO: [ template_filter ] --START--
INFO: Run Behavior\ContentReplaceBehavior [ RunTime:0.000000s ]
INFO: [ template_filter ] --END-- [ RunTime:0.000000s ]
INFO: Run Behavior\ParseTemplateBehavior [ RunTime:0.015625s ]
INFO: [ view_parse ] --END-- [ RunTime:0.015625s ]
INFO: [ view_filter ] --START--
INFO: Run Behavior\WriteHtmlCacheBehavior [ RunTime:0.000000s ]
INFO: [ view_filter ] --END-- [ RunTime:0.000000s ]
INFO: [ app_end ] --START--
INFO: Run Behavior\ShowPageTraceBehavior [ RunTime:0.000000s ]
INFO: [ app_end ] --END-- [ RunTime:0.000000s ]

[ 2017-04-25T12:03:44+08:00 ] 180.153.236.165 /wei/index.php/Home/Cate/ca/id/17?page=2
INFO: [ app_init ] --START--
INFO: Run Behavior\BuildLiteBehavior [ RunTime:0.000000s ]
INFO: [ app_init ] --END-- [ RunTime:0.000000s ]
INFO: [ app_begin ] --START--
INFO: Run Behavior\ReadHtmlCacheBehavior [ RunTime:0.000000s ]
INFO: [ app_begin ] --END-- [ RunTime:0.000000s ]
SQL: SHOW COLUMNS FROM `sw_cate` [ RunTime:0.0000s ]
SQL: SELECT `cate_name` FROM `sw_cate` WHERE ( cate_id=17 ) LIMIT 1   [ RunTime:0.0000s ]
SQL: SELECT * FROM `sw_cate` WHERE ( cate_pid=17 )  [ RunTime:0.0000s ]
SQL: SELECT * FROM `sw_cate` WHERE ( cate_level=0 )  [ RunTime:0.0000s ]
SQL: SELECT * FROM `sw_cate` WHERE ( cate_level=1 )  [ RunTime:0.0000s ]
SQL: SHOW COLUMNS FROM `sw_goods` [ RunTime:0.0000s ]
SQL: SELECT COUNT(*) AS tp_count FROM `sw_goods` LIMIT 1   [ RunTime:0.0000s ]
SQL: select *from sw_goods  where goods_category_id in(21) order by goods_id desc Limit 3, 3 [ RunTime:0.0000s ]
INFO: [ view_parse ] --START--
INFO: [ template_filter ] --START--
INFO: Run Behavior\ContentReplaceBehavior [ RunTime:0.000000s ]
INFO: [ template_filter ] --END-- [ RunTime:0.000000s ]
INFO: Run Behavior\ParseTemplateBehavior [ RunTime:0.015625s ]
INFO: [ view_parse ] --END-- [ RunTime:0.015625s ]
INFO: [ view_filter ] --START--
INFO: Run Behavior\WriteHtmlCacheBehavior [ RunTime:0.000000s ]
INFO: [ view_filter ] --END-- [ RunTime:0.000000s ]
INFO: [ app_end ] --START--
INFO: Run Behavior\ShowPageTraceBehavior [ RunTime:0.000000s ]
INFO: [ app_end ] --END-- [ RunTime:0.000000s ]

[ 2017-04-25T12:03:44+08:00 ] 42.236.10.74 /wei/index.php/cate/showlist
INFO: [ app_init ] --START--
INFO: Run Behavior\BuildLiteBehavior [ RunTime:0.000000s ]
INFO: [ app_init ] --END-- [ RunTime:0.000000s ]
INFO: [ app_begin ] --START--
INFO: Run Behavior\ReadHtmlCacheBehavior [ RunTime:0.000000s ]
INFO: [ app_begin ] --END-- [ RunTime:0.000000s ]
SQL: SHOW COLUMNS FROM `sw_cate` [ RunTime:0.0000s ]
SQL: SELECT * FROM `sw_cate` WHERE ( cate_level=0 )  [ RunTime:0.0000s ]
SQL: SELECT * FROM `sw_cate` WHERE ( cate_level=1 )  [ RunTime:0.0000s ]
SQL: SHOW COLUMNS FROM `sw_goods` [ RunTime:0.0000s ]
SQL: SELECT COUNT(*) AS tp_count FROM `sw_goods` LIMIT 1   [ RunTime:0.0000s ]
SQL: select *from sw_goods order by goods_id desc Limit 0, 5 [ RunTime:0.0000s ]
NOTIC: [8] Undefined index: user_name C:\yjdata\www\www\wei\Application\Home\Controller\CateController.class.php 第 31 行.
INFO: [ view_parse ] --START--
INFO: [ template_filter ] --START--
INFO: Run Behavior\ContentReplaceBehavior [ RunTime:0.000000s ]
INFO: [ template_filter ] --END-- [ RunTime:0.000000s ]
INFO: Run Behavior\ParseTemplateBehavior [ RunTime:0.015625s ]
INFO: [ view_parse ] --END-- [ RunTime:0.015625s ]
INFO: [ view_filter ] --START--
INFO: Run Behavior\WriteHtmlCacheBehavior [ RunTime:0.000000s ]
INFO: [ view_filter ] --END-- [ RunTime:0.000000s ]
INFO: [ app_end ] --START--
INFO: Run Behavior\ShowPageTraceBehavior [ RunTime:0.000000s ]
INFO: [ app_end ] --END-- [ RunTime:0.000000s ]

[ 2017-04-25T12:03:45+08:00 ] 42.236.99.194 /wei/index.php/Home/Cate/cates/id/23
INFO: [ app_init ] --START--
INFO: Run Behavior\BuildLiteBehavior [ RunTime:0.000000s ]
INFO: [ app_init ] --END-- [ RunTime:0.000000s ]
INFO: [ app_begin ] --START--
INFO: Run Behavior\ReadHtmlCacheBehavior [ RunTime:0.000000s ]
INFO: [ app_begin ] --END-- [ RunTime:0.000000s ]
SQL: SHOW COLUMNS FROM `sw_cate` [ RunTime:0.0000s ]
SQL: SELECT `cate_name` FROM `sw_cate` WHERE ( cate_id=23 ) LIMIT 1   [ RunTime:0.0000s ]
SQL: SELECT * FROM `sw_cate` WHERE ( cate_level=0 )  [ RunTime:0.0000s ]
SQL: SELECT * FROM `sw_cate` WHERE ( cate_level=1 )  [ RunTime:0.0000s ]
SQL: SHOW COLUMNS FROM `sw_goods` [ RunTime:0.0000s ]
SQL: SELECT COUNT(*) AS tp_count FROM `sw_goods` LIMIT 1   [ RunTime:0.0156s ]
SQL: select *from sw_goods  where goods_category_id=23 order by goods_id desc Limit 0, 3 [ RunTime:0.0000s ]
NOTIC: [8] Undefined index: user_name C:\yjdata\www\www\wei\Application\Home\Controller\CateController.class.php 第 66 行.
INFO: [ view_parse ] --START--
INFO: [ template_filter ] --START--
INFO: Run Behavior\ContentReplaceBehavior [ RunTime:0.000000s ]
INFO: [ template_filter ] --END-- [ RunTime:0.000000s ]
INFO: Run Behavior\ParseTemplateBehavior [ RunTime:0.015625s ]
INFO: [ view_parse ] --END-- [ RunTime:0.015625s ]
INFO: [ view_filter ] --START--
INFO: Run Behavior\WriteHtmlCacheBehavior [ RunTime:0.000000s ]
INFO: [ view_filter ] --END-- [ RunTime:0.000000s ]
INFO: [ app_end ] --START--
INFO: Run Behavior\ShowPageTraceBehavior [ RunTime:0.000000s ]
INFO: [ app_end ] --END-- [ RunTime:0.000000s ]

[ 2017-04-25T12:03:45+08:00 ] 42.236.10.106 /wei/index.php/cate/showlist?page=1
INFO: [ app_init ] --START--
INFO: Run Behavior\BuildLiteBehavior [ RunTime:0.000000s ]
INFO: [ app_init ] --END-- [ RunTime:0.000000s ]
INFO: [ app_begin ] --START--
INFO: Run Behavior\ReadHtmlCacheBehavior [ RunTime:0.000000s ]
INFO: [ app_begin ] --END-- [ RunTime:0.000000s ]
SQL: SHOW COLUMNS FROM `sw_cate` [ RunTime:0.0000s ]
SQL: SELECT * FROM `sw_cate` WHERE ( cate_level=0 )  [ RunTime:0.0000s ]
SQL: SELECT * FROM `sw_cate` WHERE ( cate_level=1 )  [ RunTime:0.0000s ]
SQL: SHOW COLUMNS FROM `sw_goods` [ RunTime:0.0000s ]
SQL: SELECT COUNT(*) AS tp_count FROM `sw_goods` LIMIT 1   [ RunTime:0.0000s ]
SQL: select *from sw_goods order by goods_id desc Limit 0, 5 [ RunTime:0.0000s ]
NOTIC: [8] Undefined index: user_name C:\yjdata\www\www\wei\Application\Home\Controller\CateController.class.php 第 31 行.
INFO: [ view_parse ] --START--
INFO: [ template_filter ] --START--
INFO: Run Behavior\ContentReplaceBehavior [ RunTime:0.000000s ]
INFO: [ template_filter ] --END-- [ RunTime:0.000000s ]
INFO: Run Behavior\ParseTemplateBehavior [ RunTime:0.015625s ]
INFO: [ view_parse ] --END-- [ RunTime:0.015625s ]
INFO: [ view_filter ] --START--
INFO: Run Behavior\WriteHtmlCacheBehavior [ RunTime:0.000000s ]
INFO: [ view_filter ] --END-- [ RunTime:0.000000s ]
INFO: [ app_end ] --START--
INFO: Run Behavior\ShowPageTraceBehavior [ RunTime:0.000000s ]
INFO: [ app_end ] --END-- [ RunTime:0.000000s ]

[ 2017-04-25T12:03:45+08:00 ] 42.236.99.37 /wei/index.php/home/Cate/ca/id/19?page=1
INFO: [ app_init ] --START--
INFO: Run Behavior\BuildLiteBehavior [ RunTime:0.000000s ]
INFO: [ app_init ] --END-- [ RunTime:0.000000s ]
INFO: [ app_begin ] --START--
INFO: Run Behavior\ReadHtmlCacheBehavior [ RunTime:0.015625s ]
INFO: [ app_begin ] --END-- [ RunTime:0.015625s ]
SQL: SHOW COLUMNS FROM `sw_cate` [ RunTime:0.0000s ]
SQL: SELECT `cate_name` FROM `sw_cate` WHERE ( cate_id=19 ) LIMIT 1   [ RunTime:0.0000s ]
SQL: SELECT * FROM `sw_cate` WHERE ( cate_pid=19 )  [ RunTime:0.0000s ]
SQL: SELECT * FROM `sw_cate` WHERE ( cate_level=0 )  [ RunTime:0.0000s ]
SQL: SELECT * FROM `sw_cate` WHERE ( cate_level=1 )  [ RunTime:0.0000s ]
SQL: SHOW COLUMNS FROM `sw_goods` [ RunTime:0.0156s ]
SQL: SELECT COUNT(*) AS tp_count FROM `sw_goods` LIMIT 1   [ RunTime:0.0156s ]
SQL: select *from sw_goods  where goods_category_id in(23) order by goods_id desc Limit 0, 3 [ RunTime:0.0000s ]
INFO: [ view_parse ] --START--
INFO: [ template_filter ] --START--
INFO: Run Behavior\ContentReplaceBehavior [ RunTime:0.000000s ]
INFO: [ template_filter ] --END-- [ RunTime:0.000000s ]
INFO: Run Behavior\ParseTemplateBehavior [ RunTime:0.000000s ]
INFO: [ view_parse ] --END-- [ RunTime:0.000000s ]
INFO: [ view_filter ] --START--
INFO: Run Behavior\WriteHtmlCacheBehavior [ RunTime:0.000000s ]
INFO: [ view_filter ] --END-- [ RunTime:0.000000s ]
INFO: [ app_end ] --START--
INFO: Run Behavior\ShowPageTraceBehavior [ RunTime:0.000000s ]
INFO: [ app_end ] --END-- [ RunTime:0.000000s ]

[ 2017-04-25T12:03:46+08:00 ] 42.236.99.23 /wei/index.php/home/cate/cates/id/21?page=4
INFO: [ app_init ] --START--
INFO: Run Behavior\BuildLiteBehavior [ RunTime:0.000000s ]
INFO: [ app_init ] --END-- [ RunTime:0.000000s ]
INFO: [ app_begin ] --START--
INFO: Run Behavior\ReadHtmlCacheBehavior [ RunTime:0.015625s ]
INFO: [ app_begin ] --END-- [ RunTime:0.015625s ]
SQL: SHOW COLUMNS FROM `sw_cate` [ RunTime:0.0000s ]
SQL: SELECT `cate_name` FROM `sw_cate` WHERE ( cate_id=21 ) LIMIT 1   [ RunTime:0.0000s ]
SQL: SELECT * FROM `sw_cate` WHERE ( cate_level=0 )  [ RunTime:0.0000s ]
SQL: SELECT * FROM `sw_cate` WHERE ( cate_level=1 )  [ RunTime:0.0000s ]
SQL: SHOW COLUMNS FROM `sw_goods` [ RunTime:0.0000s ]
SQL: SELECT COUNT(*) AS tp_count FROM `sw_goods` LIMIT 1   [ RunTime:0.0000s ]
SQL: select *from sw_goods  where goods_category_id=21 order by goods_id desc Limit 9, 3 [ RunTime:0.0000s ]
NOTIC: [8] Undefined index: user_name C:\yjdata\www\www\wei\Application\Home\Controller\CateController.class.php 第 66 行.
INFO: [ view_parse ] --START--
INFO: [ template_filter ] --START--
INFO: Run Behavior\ContentReplaceBehavior [ RunTime:0.000000s ]
INFO: [ template_filter ] --END-- [ RunTime:0.000000s ]
INFO: Run Behavior\ParseTemplateBehavior [ RunTime:0.031250s ]
INFO: [ view_parse ] --END-- [ RunTime:0.031250s ]
INFO: [ view_filter ] --START--
INFO: Run Behavior\WriteHtmlCacheBehavior [ RunTime:0.000000s ]
INFO: [ view_filter ] --END-- [ RunTime:0.000000s ]
INFO: [ app_end ] --START--
INFO: Run Behavior\ShowPageTraceBehavior [ RunTime:0.000000s ]
INFO: [ app_end ] --END-- [ RunTime:0.000000s ]

[ 2017-04-25T14:36:33+08:00 ] 101.226.68.215 /wei/index.php/Home/Cate/cates/id/22?page%3D5
INFO: [ app_init ] --START--
INFO: Run Behavior\BuildLiteBehavior [ RunTime:0.000000s ]
INFO: [ app_init ] --END-- [ RunTime:0.015625s ]
INFO: [ app_begin ] --START--
INFO: Run Behavior\ReadHtmlCacheBehavior [ RunTime:0.000000s ]
INFO: [ app_begin ] --END-- [ RunTime:0.000000s ]
SQL: SHOW COLUMNS FROM `sw_cate` [ RunTime:0.0000s ]
SQL: SELECT `cate_name` FROM `sw_cate` WHERE ( cate_id=22 ) LIMIT 1   [ RunTime:0.0000s ]
SQL: SELECT * FROM `sw_cate` WHERE ( cate_level=0 )  [ RunTime:0.0000s ]
SQL: SELECT * FROM `sw_cate` WHERE ( cate_level=1 )  [ RunTime:0.0000s ]
SQL: SHOW COLUMNS FROM `sw_goods` [ RunTime:0.0000s ]
SQL: SELECT COUNT(*) AS tp_count FROM `sw_goods` LIMIT 1   [ RunTime:0.0000s ]
SQL: select *from sw_goods  where goods_category_id=22 order by goods_id desc Limit 0, 3 [ RunTime:0.0000s ]
NOTIC: [8] Undefined index: user_name C:\yjdata\www\www\wei\Application\Home\Controller\CateController.class.php 第 66 行.
INFO: [ view_parse ] --START--
INFO: [ template_filter ] --START--
INFO: Run Behavior\ContentReplaceBehavior [ RunTime:0.000000s ]
INFO: [ template_filter ] --END-- [ RunTime:0.000000s ]
INFO: Run Behavior\ParseTemplateBehavior [ RunTime:0.031250s ]
INFO: [ view_parse ] --END-- [ RunTime:0.031250s ]
INFO: [ view_filter ] --START--
INFO: Run Behavior\WriteHtmlCacheBehavior [ RunTime:0.000000s ]
INFO: [ view_filter ] --END-- [ RunTime:0.000000s ]
INFO: [ app_end ] --START--
INFO: Run Behavior\ShowPageTraceBehavior [ RunTime:0.015625s ]
INFO: [ app_end ] --END-- [ RunTime:0.015625s ]

[ 2017-04-25T14:46:34+08:00 ] 119.147.207.158 /wei/index.php/cate/showlist
INFO: [ app_init ] --START--
INFO: Run Behavior\BuildLiteBehavior [ RunTime:0.000000s ]
INFO: [ app_init ] --END-- [ RunTime:0.000000s ]
INFO: [ app_begin ] --START--
INFO: Run Behavior\ReadHtmlCacheBehavior [ RunTime:0.000000s ]
INFO: [ app_begin ] --END-- [ RunTime:0.000000s ]
SQL: SHOW COLUMNS FROM `sw_cate` [ RunTime:0.0000s ]
SQL: SELECT * FROM `sw_cate` WHERE ( cate_level=0 )  [ RunTime:0.0000s ]
SQL: SELECT * FROM `sw_cate` WHERE ( cate_level=1 )  [ RunTime:0.0000s ]
SQL: SHOW COLUMNS FROM `sw_goods` [ RunTime:0.0000s ]
SQL: SELECT COUNT(*) AS tp_count FROM `sw_goods` LIMIT 1   [ RunTime:0.0000s ]
SQL: select *from sw_goods order by goods_id desc Limit 0, 5 [ RunTime:0.0000s ]
NOTIC: [8] Undefined index: user_name C:\yjdata\www\www\wei\Application\Home\Controller\CateController.class.php 第 31 行.
INFO: [ view_parse ] --START--
INFO: [ template_filter ] --START--
INFO: Run Behavior\ContentReplaceBehavior [ RunTime:0.000000s ]
INFO: [ template_filter ] --END-- [ RunTime:0.000000s ]
INFO: Run Behavior\ParseTemplateBehavior [ RunTime:0.015625s ]
INFO: [ view_parse ] --END-- [ RunTime:0.015625s ]
INFO: [ view_filter ] --START--
INFO: Run Behavior\WriteHtmlCacheBehavior [ RunTime:0.000000s ]
INFO: [ view_filter ] --END-- [ RunTime:0.000000s ]
INFO: [ app_end ] --START--
INFO: Run Behavior\ShowPageTraceBehavior [ RunTime:0.000000s ]
INFO: [ app_end ] --END-- [ RunTime:0.000000s ]

[ 2017-04-25T15:06:28+08:00 ] 119.147.207.158 /wei/index.php/Home/Cate/ca/id/19?page%3D4
INFO: [ app_init ] --START--
INFO: Run Behavior\BuildLiteBehavior [ RunTime:0.000000s ]
INFO: [ app_init ] --END-- [ RunTime:0.000000s ]
INFO: [ app_begin ] --START--
INFO: Run Behavior\ReadHtmlCacheBehavior [ RunTime:0.015625s ]
INFO: [ app_begin ] --END-- [ RunTime:0.015625s ]
SQL: SHOW COLUMNS FROM `sw_cate` [ RunTime:0.0000s ]
SQL: SELECT `cate_name` FROM `sw_cate` WHERE ( cate_id=19 ) LIMIT 1   [ RunTime:0.0000s ]
SQL: SELECT * FROM `sw_cate` WHERE ( cate_pid=19 )  [ RunTime:0.0000s ]
SQL: SELECT * FROM `sw_cate` WHERE ( cate_level=0 )  [ RunTime:0.0000s ]
SQL: SELECT * FROM `sw_cate` WHERE ( cate_level=1 )  [ RunTime:0.0000s ]
SQL: SHOW COLUMNS FROM `sw_goods` [ RunTime:0.0000s ]
SQL: SELECT COUNT(*) AS tp_count FROM `sw_goods` LIMIT 1   [ RunTime:0.0000s ]
SQL: select *from sw_goods  where goods_category_id in(23) order by goods_id desc Limit 0, 3 [ RunTime:0.0000s ]
INFO: [ view_parse ] --START--
INFO: [ template_filter ] --START--
INFO: Run Behavior\ContentReplaceBehavior [ RunTime:0.000000s ]
INFO: [ template_filter ] --END-- [ RunTime:0.000000s ]
INFO: Run Behavior\ParseTemplateBehavior [ RunTime:0.015625s ]
INFO: [ view_parse ] --END-- [ RunTime:0.015625s ]
INFO: [ view_filter ] --START--
INFO: Run Behavior\WriteHtmlCacheBehavior [ RunTime:0.000000s ]
INFO: [ view_filter ] --END-- [ RunTime:0.000000s ]
INFO: [ app_end ] --START--
INFO: Run Behavior\ShowPageTraceBehavior [ RunTime:0.000000s ]
INFO: [ app_end ] --END-- [ RunTime:0.000000s ]

[ 2017-04-25T15:11:46+08:00 ] 101.226.64.174 /wei/index.php/Goods/detail/goods_id/200
INFO: [ app_init ] --START--
INFO: Run Behavior\BuildLiteBehavior [ RunTime:0.000000s ]
INFO: [ app_init ] --END-- [ RunTime:0.000000s ]
INFO: [ app_begin ] --START--
INFO: Run Behavior\ReadHtmlCacheBehavior [ RunTime:0.000000s ]
INFO: [ app_begin ] --END-- [ RunTime:0.000000s ]
SQL: SHOW COLUMNS FROM `sw_goods` [ RunTime:0.0000s ]
SQL: UPDATE `sw_goods` SET `goods_view`=goods_view+1 WHERE ( goods_id=200 ) [ RunTime:0.0000s ]
SQL: SELECT * FROM `sw_goods` WHERE `goods_id` = 200 LIMIT 1   [ RunTime:0.0000s ]
SQL: SHOW COLUMNS FROM `sw_cate` [ RunTime:0.0000s ]
SQL: SELECT * FROM `sw_cate` WHERE ( cate_level=0 )  [ RunTime:0.0000s ]
SQL: SELECT * FROM `sw_goods` ORDER BY goods_view DESC LIMIT 4   [ RunTime:0.0000s ]
SQL: SELECT * FROM `sw_goods` ORDER BY goods_create_time DESC LIMIT 5   [ RunTime:0.0000s ]
NOTIC: [8] Undefined index: user_name C:\yjdata\www\www\wei\Application\Home\Controller\GoodsController.class.php 第 56 行.
INFO: [ view_parse ] --START--
INFO: [ template_filter ] --START--
INFO: Run Behavior\ContentReplaceBehavior [ RunTime:0.000000s ]
INFO: [ template_filter ] --END-- [ RunTime:0.000000s ]
INFO: Run Behavior\ParseTemplateBehavior [ RunTime:0.031250s ]
INFO: [ view_parse ] --END-- [ RunTime:0.031250s ]
INFO: [ view_filter ] --START--
INFO: Run Behavior\WriteHtmlCacheBehavior [ RunTime:0.000000s ]
INFO: [ view_filter ] --END-- [ RunTime:0.000000s ]
INFO: [ app_end ] --START--
INFO: Run Behavior\ShowPageTraceBehavior [ RunTime:0.000000s ]
INFO: [ app_end ] --END-- [ RunTime:0.000000s ]

[ 2017-04-25T15:15:55+08:00 ] 101.226.68.215 /wei/index.php/Home/Cate/cates/id/21?page%3D5
INFO: [ app_init ] --START--
INFO: Run Behavior\BuildLiteBehavior [ RunTime:0.000000s ]
INFO: [ app_init ] --END-- [ RunTime:0.000000s ]
INFO: [ app_begin ] --START--
INFO: Run Behavior\ReadHtmlCacheBehavior [ RunTime:0.000000s ]
INFO: [ app_begin ] --END-- [ RunTime:0.000000s ]
SQL: SHOW COLUMNS FROM `sw_cate` [ RunTime:0.0000s ]
SQL: SELECT `cate_name` FROM `sw_cate` WHERE ( cate_id=21 ) LIMIT 1   [ RunTime:0.0000s ]
SQL: SELECT * FROM `sw_cate` WHERE ( cate_level=0 )  [ RunTime:0.0000s ]
SQL: SELECT * FROM `sw_cate` WHERE ( cate_level=1 )  [ RunTime:0.0000s ]
SQL: SHOW COLUMNS FROM `sw_goods` [ RunTime:0.0000s ]
SQL: SELECT COUNT(*) AS tp_count FROM `sw_goods` LIMIT 1   [ RunTime:0.0000s ]
SQL: select *from sw_goods  where goods_category_id=21 order by goods_id desc Limit 0, 3 [ RunTime:0.0000s ]
NOTIC: [8] Undefined index: user_name C:\yjdata\www\www\wei\Application\Home\Controller\CateController.class.php 第 66 行.
INFO: [ view_parse ] --START--
INFO: [ template_filter ] --START--
INFO: Run Behavior\ContentReplaceBehavior [ RunTime:0.000000s ]
INFO: [ template_filter ] --END-- [ RunTime:0.000000s ]
INFO: Run Behavior\ParseTemplateBehavior [ RunTime:0.015625s ]
INFO: [ view_parse ] --END-- [ RunTime:0.015625s ]
INFO: [ view_filter ] --START--
INFO: Run Behavior\WriteHtmlCacheBehavior [ RunTime:0.000000s ]
INFO: [ view_filter ] --END-- [ RunTime:0.000000s ]
INFO: [ app_end ] --START--
INFO: Run Behavior\ShowPageTraceBehavior [ RunTime:0.000000s ]
INFO: [ app_end ] --END-- [ RunTime:0.000000s ]

[ 2017-04-25T15:28:17+08:00 ] 119.147.207.158 /wei/index.php/home/Cate/ca/id/19?page%3D1
INFO: [ app_init ] --START--
INFO: Run Behavior\BuildLiteBehavior [ RunTime:0.000000s ]
INFO: [ app_init ] --END-- [ RunTime:0.000000s ]
INFO: [ app_begin ] --START--
INFO: Run Behavior\ReadHtmlCacheBehavior [ RunTime:0.000000s ]
INFO: [ app_begin ] --END-- [ RunTime:0.000000s ]
SQL: SHOW COLUMNS FROM `sw_cate` [ RunTime:0.0000s ]
SQL: SELECT `cate_name` FROM `sw_cate` WHERE ( cate_id=19 ) LIMIT 1   [ RunTime:0.0000s ]
SQL: SELECT * FROM `sw_cate` WHERE ( cate_pid=19 )  [ RunTime:0.0000s ]
SQL: SELECT * FROM `sw_cate` WHERE ( cate_level=0 )  [ RunTime:0.0000s ]
SQL: SELECT * FROM `sw_cate` WHERE ( cate_level=1 )  [ RunTime:0.0000s ]
SQL: SHOW COLUMNS FROM `sw_goods` [ RunTime:0.0000s ]
SQL: SELECT COUNT(*) AS tp_count FROM `sw_goods` LIMIT 1   [ RunTime:0.0000s ]
SQL: select *from sw_goods  where goods_category_id in(23) order by goods_id desc Limit 0, 3 [ RunTime:0.0000s ]
INFO: [ view_parse ] --START--
INFO: [ template_filter ] --START--
INFO: Run Behavior\ContentReplaceBehavior [ RunTime:0.000000s ]
INFO: [ template_filter ] --END-- [ RunTime:0.000000s ]
INFO: Run Behavior\ParseTemplateBehavior [ RunTime:0.015625s ]
INFO: [ view_parse ] --END-- [ RunTime:0.015625s ]
INFO: [ view_filter ] --START--
INFO: Run Behavior\WriteHtmlCacheBehavior [ RunTime:0.000000s ]
INFO: [ view_filter ] --END-- [ RunTime:0.000000s ]
INFO: [ app_end ] --START--
INFO: Run Behavior\ShowPageTraceBehavior [ RunTime:0.000000s ]
INFO: [ app_end ] --END-- [ RunTime:0.000000s ]

[ 2017-04-25T15:34:57+08:00 ] 101.226.64.174 /wei/index.php/goods/detail/goods_id/203.html
INFO: [ app_init ] --START--
INFO: Run Behavior\BuildLiteBehavior [ RunTime:0.000000s ]
INFO: [ app_init ] --END-- [ RunTime:0.000000s ]
INFO: [ app_begin ] --START--
INFO: Run Behavior\ReadHtmlCacheBehavior [ RunTime:0.000000s ]
INFO: [ app_begin ] --END-- [ RunTime:0.000000s ]
SQL: SHOW COLUMNS FROM `sw_goods` [ RunTime:0.0000s ]
SQL: UPDATE `sw_goods` SET `goods_view`=goods_view+1 WHERE ( goods_id=203 ) [ RunTime:0.0000s ]
SQL: SELECT * FROM `sw_goods` WHERE `goods_id` = 203 LIMIT 1   [ RunTime:0.0000s ]
SQL: SHOW COLUMNS FROM `sw_cate` [ RunTime:0.0000s ]
SQL: SELECT * FROM `sw_cate` WHERE ( cate_level=0 )  [ RunTime:0.0000s ]
SQL: SELECT * FROM `sw_goods` ORDER BY goods_view DESC LIMIT 4   [ RunTime:0.0000s ]
SQL: SELECT * FROM `sw_goods` ORDER BY goods_create_time DESC LIMIT 5   [ RunTime:0.0000s ]
NOTIC: [8] Undefined index: user_name C:\yjdata\www\www\wei\Application\Home\Controller\GoodsController.class.php 第 56 行.
INFO: [ view_parse ] --START--
INFO: [ template_filter ] --START--
INFO: Run Behavior\ContentReplaceBehavior [ RunTime:0.000000s ]
INFO: [ template_filter ] --END-- [ RunTime:0.000000s ]
INFO: Run Behavior\ParseTemplateBehavior [ RunTime:0.015625s ]
INFO: [ view_parse ] --END-- [ RunTime:0.015625s ]
INFO: [ view_filter ] --START--
INFO: Run Behavior\WriteHtmlCacheBehavior [ RunTime:0.000000s ]
INFO: [ view_filter ] --END-- [ RunTime:0.000000s ]
INFO: [ app_end ] --START--
INFO: Run Behavior\ShowPageTraceBehavior [ RunTime:0.000000s ]
INFO: [ app_end ] --END-- [ RunTime:0.000000s ]

[ 2017-04-25T17:59:31+08:00 ] 123.125.71.31 /wei/index.php/Home/Cate/cates/id/22?page=4
INFO: [ app_init ] --START--
INFO: Run Behavior\BuildLiteBehavior [ RunTime:0.000000s ]
INFO: [ app_init ] --END-- [ RunTime:0.000000s ]
INFO: [ app_begin ] --START--
INFO: Run Behavior\ReadHtmlCacheBehavior [ RunTime:0.000000s ]
INFO: [ app_begin ] --END-- [ RunTime:0.000000s ]
SQL: SHOW COLUMNS FROM `sw_cate` [ RunTime:0.0000s ]
SQL: SELECT `cate_name` FROM `sw_cate` WHERE ( cate_id=22 ) LIMIT 1   [ RunTime:0.0000s ]
SQL: SELECT * FROM `sw_cate` WHERE ( cate_level=0 )  [ RunTime:0.0000s ]
SQL: SELECT * FROM `sw_cate` WHERE ( cate_level=1 )  [ RunTime:0.0000s ]
SQL: SHOW COLUMNS FROM `sw_goods` [ RunTime:0.0000s ]
SQL: SELECT COUNT(*) AS tp_count FROM `sw_goods` LIMIT 1   [ RunTime:0.0000s ]
SQL: select *from sw_goods  where goods_category_id=22 order by goods_id desc Limit 9, 3 [ RunTime:0.0000s ]
NOTIC: [8] Undefined index: user_name C:\yjdata\www\www\wei\Application\Home\Controller\CateController.class.php 第 66 行.
INFO: [ view_parse ] --START--
INFO: [ template_filter ] --START--
INFO: Run Behavior\ContentReplaceBehavior [ RunTime:0.000000s ]
INFO: [ template_filter ] --END-- [ RunTime:0.000000s ]
INFO: Run Behavior\ParseTemplateBehavior [ RunTime:0.015625s ]
INFO: [ view_parse ] --END-- [ RunTime:0.015625s ]
INFO: [ view_filter ] --START--
INFO: Run Behavior\WriteHtmlCacheBehavior [ RunTime:0.000000s ]
INFO: [ view_filter ] --END-- [ RunTime:0.015625s ]
INFO: [ app_end ] --START--
INFO: Run Behavior\ShowPageTraceBehavior [ RunTime:0.000000s ]
INFO: [ app_end ] --END-- [ RunTime:0.000000s ]

