[ 2017-04-28T00:38:04+08:00 ] 106.120.173.123 /wei/index.php/Goods/detail/goods_id/198.html
INFO: [ app_init ] --START--
INFO: Run Behavior\BuildLiteBehavior [ RunTime:0.000000s ]
INFO: [ app_init ] --END-- [ RunTime:0.000000s ]
INFO: [ app_begin ] --START--
INFO: Run Behavior\ReadHtmlCacheBehavior [ RunTime:0.000000s ]
INFO: [ app_begin ] --END-- [ RunTime:0.000000s ]
SQL: SHOW COLUMNS FROM `sw_goods` [ RunTime:0.0156s ]
SQL: UPDATE `sw_goods` SET `goods_view`=goods_view+1 WHERE ( goods_id=198 ) [ RunTime:0.0000s ]
SQL: SELECT * FROM `sw_goods` WHERE `goods_id` = 198 LIMIT 1   [ RunTime:0.0000s ]
SQL: SHOW COLUMNS FROM `sw_cate` [ RunTime:0.0000s ]
SQL: SELECT * FROM `sw_cate` WHERE ( cate_level=0 )  [ RunTime:0.0000s ]
SQL: SELECT * FROM `sw_goods` ORDER BY goods_view DESC LIMIT 4   [ RunTime:0.0000s ]
SQL: SELECT * FROM `sw_goods` ORDER BY goods_create_time DESC LIMIT 5   [ RunTime:0.0000s ]
NOTIC: [8] Undefined index: user_name C:\yjdata\www\www\wei\Application\Home\Controller\GoodsController.class.php 第 56 行.
INFO: [ view_parse ] --START--
INFO: [ template_filter ] --START--
INFO: Run Behavior\ContentReplaceBehavior [ RunTime:0.000000s ]
INFO: [ template_filter ] --END-- [ RunTime:0.000000s ]
INFO: Run Behavior\ParseTemplateBehavior [ RunTime:0.031250s ]
INFO: [ view_parse ] --END-- [ RunTime:0.031250s ]
INFO: [ view_filter ] --START--
INFO: Run Behavior\WriteHtmlCacheBehavior [ RunTime:0.000000s ]
INFO: [ view_filter ] --END-- [ RunTime:0.000000s ]
INFO: [ app_end ] --START--
INFO: Run Behavior\ShowPageTraceBehavior [ RunTime:0.000000s ]
INFO: [ app_end ] --END-- [ RunTime:0.000000s ]

[ 2017-04-28T00:38:14+08:00 ] 106.120.173.123 /wei/index.php/Goods/showlist.html
INFO: [ app_init ] --START--
INFO: Run Behavior\BuildLiteBehavior [ RunTime:0.000000s ]
INFO: [ app_init ] --END-- [ RunTime:0.000000s ]
INFO: [ app_begin ] --START--
INFO: Run Behavior\ReadHtmlCacheBehavior [ RunTime:0.000000s ]
INFO: [ app_begin ] --END-- [ RunTime:0.000000s ]
SQL: SHOW COLUMNS FROM `sw_goods` [ RunTime:0.0000s ]
SQL: SELECT COUNT(*) AS tp_count FROM `sw_goods` LIMIT 1   [ RunTime:0.0000s ]
SQL: select *from sw_goods order by goods_id desc Limit 0, 5 [ RunTime:0.0000s ]
SQL: SHOW COLUMNS FROM `sw_cate` [ RunTime:0.0000s ]
SQL: SELECT * FROM `sw_cate` WHERE ( cate_level=0 )  [ RunTime:0.0000s ]
NOTIC: [8] Undefined index: user_name C:\yjdata\www\www\wei\Application\Home\Controller\GoodsController.class.php 第 32 行.
INFO: [ view_parse ] --START--
INFO: [ template_filter ] --START--
INFO: Run Behavior\ContentReplaceBehavior [ RunTime:0.000000s ]
INFO: [ template_filter ] --END-- [ RunTime:0.000000s ]
INFO: Run Behavior\ParseTemplateBehavior [ RunTime:0.015625s ]
INFO: [ view_parse ] --END-- [ RunTime:0.015625s ]
INFO: [ view_filter ] --START--
INFO: Run Behavior\WriteHtmlCacheBehavior [ RunTime:0.000000s ]
INFO: [ view_filter ] --END-- [ RunTime:0.000000s ]
INFO: [ app_end ] --START--
INFO: Run Behavior\ShowPageTraceBehavior [ RunTime:0.000000s ]
INFO: [ app_end ] --END-- [ RunTime:0.000000s ]

