[ 2017-04-12T00:18:16+08:00 ] 101.226.33.201 /wei/index.php/home/Cate/ca/id/17?%26page%3D5
INFO: [ app_init ] --START--
INFO: Run Behavior\BuildLiteBehavior [ RunTime:0.000000s ]
INFO: [ app_init ] --END-- [ RunTime:0.000000s ]
INFO: [ app_begin ] --START--
INFO: Run Behavior\ReadHtmlCacheBehavior [ RunTime:0.000000s ]
INFO: [ app_begin ] --END-- [ RunTime:0.000000s ]
SQL: SHOW COLUMNS FROM `sw_cate` [ RunTime:0.0000s ]
SQL: SELECT `cate_name` FROM `sw_cate` WHERE ( cate_id=17 ) LIMIT 1   [ RunTime:0.0000s ]
SQL: SELECT * FROM `sw_cate` WHERE ( cate_pid=17 )  [ RunTime:0.0000s ]
SQL: SELECT * FROM `sw_cate` WHERE ( cate_level=0 )  [ RunTime:0.0000s ]
SQL: SELECT * FROM `sw_cate` WHERE ( cate_level=1 )  [ RunTime:0.0000s ]
SQL: SHOW COLUMNS FROM `sw_goods` [ RunTime:0.0000s ]
SQL: SELECT COUNT(*) AS tp_count FROM `sw_goods` LIMIT 1   [ RunTime:0.0000s ]
SQL: select *from sw_goods  where goods_category_id in(21) order by goods_id desc Limit 0, 3 [ RunTime:0.0000s ]
INFO: [ view_parse ] --START--
INFO: [ template_filter ] --START--
INFO: Run Behavior\ContentReplaceBehavior [ RunTime:0.000000s ]
INFO: [ template_filter ] --END-- [ RunTime:0.000000s ]
INFO: Run Behavior\ParseTemplateBehavior [ RunTime:0.031250s ]
INFO: [ view_parse ] --END-- [ RunTime:0.031250s ]
INFO: [ view_filter ] --START--
INFO: Run Behavior\WriteHtmlCacheBehavior [ RunTime:0.000000s ]
INFO: [ view_filter ] --END-- [ RunTime:0.000000s ]
INFO: [ app_end ] --START--
INFO: Run Behavior\ShowPageTraceBehavior [ RunTime:0.000000s ]
INFO: [ app_end ] --END-- [ RunTime:0.000000s ]

[ 2017-04-12T03:15:45+08:00 ] 101.226.68.215 /wei/index.php/home/Cate/ca/id/17?%2526page%253D5
INFO: [ app_init ] --START--
INFO: Run Behavior\BuildLiteBehavior [ RunTime:0.000000s ]
INFO: [ app_init ] --END-- [ RunTime:0.000000s ]
INFO: [ app_begin ] --START--
INFO: Run Behavior\ReadHtmlCacheBehavior [ RunTime:0.000000s ]
INFO: [ app_begin ] --END-- [ RunTime:0.000000s ]
SQL: SHOW COLUMNS FROM `sw_cate` [ RunTime:0.0000s ]
SQL: SELECT `cate_name` FROM `sw_cate` WHERE ( cate_id=17 ) LIMIT 1   [ RunTime:0.0000s ]
SQL: SELECT * FROM `sw_cate` WHERE ( cate_pid=17 )  [ RunTime:0.0000s ]
SQL: SELECT * FROM `sw_cate` WHERE ( cate_level=0 )  [ RunTime:0.0000s ]
SQL: SELECT * FROM `sw_cate` WHERE ( cate_level=1 )  [ RunTime:0.0000s ]
SQL: SHOW COLUMNS FROM `sw_goods` [ RunTime:0.0000s ]
SQL: SELECT COUNT(*) AS tp_count FROM `sw_goods` LIMIT 1   [ RunTime:0.0000s ]
SQL: select *from sw_goods  where goods_category_id in(21) order by goods_id desc Limit 0, 3 [ RunTime:0.0000s ]
INFO: [ view_parse ] --START--
INFO: [ template_filter ] --START--
INFO: Run Behavior\ContentReplaceBehavior [ RunTime:0.000000s ]
INFO: [ template_filter ] --END-- [ RunTime:0.000000s ]
INFO: Run Behavior\ParseTemplateBehavior [ RunTime:0.015625s ]
INFO: [ view_parse ] --END-- [ RunTime:0.015625s ]
INFO: [ view_filter ] --START--
INFO: Run Behavior\WriteHtmlCacheBehavior [ RunTime:0.000000s ]
INFO: [ view_filter ] --END-- [ RunTime:0.000000s ]
INFO: [ app_end ] --START--
INFO: Run Behavior\ShowPageTraceBehavior [ RunTime:0.000000s ]
INFO: [ app_end ] --END-- [ RunTime:0.000000s ]

[ 2017-04-12T03:15:53+08:00 ] 101.226.65.102 /wei/index.php/home/Cate/ca/id/17?%2526page%253D5
INFO: [ app_init ] --START--
INFO: Run Behavior\BuildLiteBehavior [ RunTime:0.000000s ]
INFO: [ app_init ] --END-- [ RunTime:0.000000s ]
INFO: [ app_begin ] --START--
INFO: Run Behavior\ReadHtmlCacheBehavior [ RunTime:0.000000s ]
INFO: [ app_begin ] --END-- [ RunTime:0.000000s ]
SQL: SHOW COLUMNS FROM `sw_cate` [ RunTime:0.0000s ]
SQL: SELECT `cate_name` FROM `sw_cate` WHERE ( cate_id=17 ) LIMIT 1   [ RunTime:0.0000s ]
SQL: SELECT * FROM `sw_cate` WHERE ( cate_pid=17 )  [ RunTime:0.0000s ]
SQL: SELECT * FROM `sw_cate` WHERE ( cate_level=0 )  [ RunTime:0.0000s ]
SQL: SELECT * FROM `sw_cate` WHERE ( cate_level=1 )  [ RunTime:0.0000s ]
SQL: SHOW COLUMNS FROM `sw_goods` [ RunTime:0.0000s ]
SQL: SELECT COUNT(*) AS tp_count FROM `sw_goods` LIMIT 1   [ RunTime:0.0000s ]
SQL: select *from sw_goods  where goods_category_id in(21) order by goods_id desc Limit 0, 3 [ RunTime:0.0000s ]
INFO: [ view_parse ] --START--
INFO: [ template_filter ] --START--
INFO: Run Behavior\ContentReplaceBehavior [ RunTime:0.000000s ]
INFO: [ template_filter ] --END-- [ RunTime:0.000000s ]
INFO: Run Behavior\ParseTemplateBehavior [ RunTime:0.015625s ]
INFO: [ view_parse ] --END-- [ RunTime:0.015625s ]
INFO: [ view_filter ] --START--
INFO: Run Behavior\WriteHtmlCacheBehavior [ RunTime:0.000000s ]
INFO: [ view_filter ] --END-- [ RunTime:0.000000s ]
INFO: [ app_end ] --START--
INFO: Run Behavior\ShowPageTraceBehavior [ RunTime:0.000000s ]
INFO: [ app_end ] --END-- [ RunTime:0.000000s ]

[ 2017-04-12T03:51:02+08:00 ] 183.57.53.197 /wei/index.php/home/cate/cates/id/25?page%2525253D3
INFO: [ app_init ] --START--
INFO: Run Behavior\BuildLiteBehavior [ RunTime:0.000000s ]
INFO: [ app_init ] --END-- [ RunTime:0.000000s ]
INFO: [ app_begin ] --START--
INFO: Run Behavior\ReadHtmlCacheBehavior [ RunTime:0.000000s ]
INFO: [ app_begin ] --END-- [ RunTime:0.000000s ]
SQL: SHOW COLUMNS FROM `sw_cate` [ RunTime:0.0000s ]
SQL: SELECT `cate_name` FROM `sw_cate` WHERE ( cate_id=25 ) LIMIT 1   [ RunTime:0.0000s ]
SQL: SELECT * FROM `sw_cate` WHERE ( cate_level=0 )  [ RunTime:0.0000s ]
SQL: SELECT * FROM `sw_cate` WHERE ( cate_level=1 )  [ RunTime:0.0000s ]
SQL: SHOW COLUMNS FROM `sw_goods` [ RunTime:0.0000s ]
SQL: SELECT COUNT(*) AS tp_count FROM `sw_goods` LIMIT 1   [ RunTime:0.0000s ]
SQL: select *from sw_goods  where goods_category_id=25 order by goods_id desc Limit 0, 3 [ RunTime:0.0000s ]
NOTIC: [8] Undefined index: user_name C:\yjdata\www\www\wei\Application\Home\Controller\CateController.class.php 第 66 行.
INFO: [ view_parse ] --START--
INFO: [ template_filter ] --START--
INFO: Run Behavior\ContentReplaceBehavior [ RunTime:0.000000s ]
INFO: [ template_filter ] --END-- [ RunTime:0.000000s ]
INFO: Run Behavior\ParseTemplateBehavior [ RunTime:0.015625s ]
INFO: [ view_parse ] --END-- [ RunTime:0.015625s ]
INFO: [ view_filter ] --START--
INFO: Run Behavior\WriteHtmlCacheBehavior [ RunTime:0.000000s ]
INFO: [ view_filter ] --END-- [ RunTime:0.000000s ]
INFO: [ app_end ] --START--
INFO: Run Behavior\ShowPageTraceBehavior [ RunTime:0.000000s ]
INFO: [ app_end ] --END-- [ RunTime:0.000000s ]

[ 2017-04-12T03:51:10+08:00 ] 101.226.33.227 /wei/index.php/home/cate/cates/id/25?page%2525253D3
INFO: [ app_init ] --START--
INFO: Run Behavior\BuildLiteBehavior [ RunTime:0.000000s ]
INFO: [ app_init ] --END-- [ RunTime:0.000000s ]
INFO: [ app_begin ] --START--
INFO: Run Behavior\ReadHtmlCacheBehavior [ RunTime:0.015625s ]
INFO: [ app_begin ] --END-- [ RunTime:0.015625s ]
SQL: SHOW COLUMNS FROM `sw_cate` [ RunTime:0.0000s ]
SQL: SELECT `cate_name` FROM `sw_cate` WHERE ( cate_id=25 ) LIMIT 1   [ RunTime:0.0000s ]
SQL: SELECT * FROM `sw_cate` WHERE ( cate_level=0 )  [ RunTime:0.0000s ]
SQL: SELECT * FROM `sw_cate` WHERE ( cate_level=1 )  [ RunTime:0.0000s ]
SQL: SHOW COLUMNS FROM `sw_goods` [ RunTime:0.0000s ]
SQL: SELECT COUNT(*) AS tp_count FROM `sw_goods` LIMIT 1   [ RunTime:0.0000s ]
SQL: select *from sw_goods  where goods_category_id=25 order by goods_id desc Limit 0, 3 [ RunTime:0.0000s ]
NOTIC: [8] Undefined index: user_name C:\yjdata\www\www\wei\Application\Home\Controller\CateController.class.php 第 66 行.
INFO: [ view_parse ] --START--
INFO: [ template_filter ] --START--
INFO: Run Behavior\ContentReplaceBehavior [ RunTime:0.000000s ]
INFO: [ template_filter ] --END-- [ RunTime:0.000000s ]
INFO: Run Behavior\ParseTemplateBehavior [ RunTime:0.015625s ]
INFO: [ view_parse ] --END-- [ RunTime:0.015625s ]
INFO: [ view_filter ] --START--
INFO: Run Behavior\WriteHtmlCacheBehavior [ RunTime:0.000000s ]
INFO: [ view_filter ] --END-- [ RunTime:0.000000s ]
INFO: [ app_end ] --START--
INFO: Run Behavior\ShowPageTraceBehavior [ RunTime:0.000000s ]
INFO: [ app_end ] --END-- [ RunTime:0.000000s ]

[ 2017-04-12T03:51:49+08:00 ] 120.92.32.141 /wei/index.php/home/cate/cates/id/25%3Fpage%252525253D3
INFO: [ app_init ] --START--
INFO: Run Behavior\BuildLiteBehavior [ RunTime:0.000000s ]
INFO: [ app_init ] --END-- [ RunTime:0.000000s ]
INFO: [ app_begin ] --START--
INFO: Run Behavior\ReadHtmlCacheBehavior [ RunTime:0.000000s ]
INFO: [ app_begin ] --END-- [ RunTime:0.000000s ]
SQL: SHOW COLUMNS FROM `sw_cate` [ RunTime:0.0000s ]
ERR: :
 [ SQL语句 ] : SELECT `cate_name` FROM `sw_cate` WHERE ( cate_id=25?page%2525253D3 ) LIMIT 1  
ERR: :
 [ SQL语句 ] : SELECT `cate_name` FROM `sw_cate` WHERE ( cate_id=25?page%2525253D3 ) LIMIT 1  

[ 2017-04-12T03:52:02+08:00 ] 120.92.32.141 /wei/index.php/home/cate/cates/id/25%3Fpage%252525253D3
INFO: [ app_init ] --START--
INFO: Run Behavior\BuildLiteBehavior [ RunTime:0.000000s ]
INFO: [ app_init ] --END-- [ RunTime:0.000000s ]
INFO: [ app_begin ] --START--
INFO: Run Behavior\ReadHtmlCacheBehavior [ RunTime:0.000000s ]
INFO: [ app_begin ] --END-- [ RunTime:0.000000s ]
SQL: SHOW COLUMNS FROM `sw_cate` [ RunTime:0.0000s ]
ERR: :
 [ SQL语句 ] : SELECT `cate_name` FROM `sw_cate` WHERE ( cate_id=25?page%2525253D3 ) LIMIT 1  
ERR: :
 [ SQL语句 ] : SELECT `cate_name` FROM `sw_cate` WHERE ( cate_id=25?page%2525253D3 ) LIMIT 1  

[ 2017-04-12T04:39:31+08:00 ] 106.120.173.123 /wei/index.php/Home/Goods/detail/goods_id/191
INFO: [ app_init ] --START--
INFO: Run Behavior\BuildLiteBehavior [ RunTime:0.000000s ]
INFO: [ app_init ] --END-- [ RunTime:0.000000s ]
INFO: [ app_begin ] --START--
INFO: Run Behavior\ReadHtmlCacheBehavior [ RunTime:0.000000s ]
INFO: [ app_begin ] --END-- [ RunTime:0.000000s ]
SQL: SHOW COLUMNS FROM `sw_goods` [ RunTime:0.0000s ]
SQL: UPDATE `sw_goods` SET `goods_view`=goods_view+1 WHERE ( goods_id=191 ) [ RunTime:0.0000s ]
SQL: SELECT * FROM `sw_goods` WHERE `goods_id` = 191 LIMIT 1   [ RunTime:0.0000s ]
SQL: SHOW COLUMNS FROM `sw_cate` [ RunTime:0.0000s ]
SQL: SELECT * FROM `sw_cate` WHERE ( cate_level=0 )  [ RunTime:0.0000s ]
SQL: SELECT * FROM `sw_goods` ORDER BY goods_view DESC LIMIT 4   [ RunTime:0.0000s ]
SQL: SELECT * FROM `sw_goods` ORDER BY goods_create_time DESC LIMIT 5   [ RunTime:0.0000s ]
NOTIC: [8] Undefined index: user_name C:\yjdata\www\www\wei\Application\Home\Controller\GoodsController.class.php 第 56 行.
INFO: [ view_parse ] --START--
INFO: [ template_filter ] --START--
INFO: Run Behavior\ContentReplaceBehavior [ RunTime:0.000000s ]
INFO: [ template_filter ] --END-- [ RunTime:0.000000s ]
INFO: Run Behavior\ParseTemplateBehavior [ RunTime:0.031250s ]
INFO: [ view_parse ] --END-- [ RunTime:0.031250s ]
INFO: [ view_filter ] --START--
INFO: Run Behavior\WriteHtmlCacheBehavior [ RunTime:0.000000s ]
INFO: [ view_filter ] --END-- [ RunTime:0.000000s ]
INFO: [ app_end ] --START--
INFO: Run Behavior\ShowPageTraceBehavior [ RunTime:0.000000s ]
INFO: [ app_end ] --END-- [ RunTime:0.000000s ]

[ 2017-04-12T05:37:32+08:00 ] 61.151.226.16 /wei/index.php/home/cate/cates/id/25?page%252525253D3
INFO: [ app_init ] --START--
INFO: Run Behavior\BuildLiteBehavior [ RunTime:0.000000s ]
INFO: [ app_init ] --END-- [ RunTime:0.000000s ]
INFO: [ app_begin ] --START--
INFO: Run Behavior\ReadHtmlCacheBehavior [ RunTime:0.000000s ]
INFO: [ app_begin ] --END-- [ RunTime:0.000000s ]
SQL: SHOW COLUMNS FROM `sw_cate` [ RunTime:0.0000s ]
SQL: SELECT `cate_name` FROM `sw_cate` WHERE ( cate_id=25 ) LIMIT 1   [ RunTime:0.0000s ]
SQL: SELECT * FROM `sw_cate` WHERE ( cate_level=0 )  [ RunTime:0.0000s ]
SQL: SELECT * FROM `sw_cate` WHERE ( cate_level=1 )  [ RunTime:0.0000s ]
SQL: SHOW COLUMNS FROM `sw_goods` [ RunTime:0.0000s ]
SQL: SELECT COUNT(*) AS tp_count FROM `sw_goods` LIMIT 1   [ RunTime:0.0000s ]
SQL: select *from sw_goods  where goods_category_id=25 order by goods_id desc Limit 0, 3 [ RunTime:0.0000s ]
NOTIC: [8] Undefined index: user_name C:\yjdata\www\www\wei\Application\Home\Controller\CateController.class.php 第 66 行.
INFO: [ view_parse ] --START--
INFO: [ template_filter ] --START--
INFO: Run Behavior\ContentReplaceBehavior [ RunTime:0.000000s ]
INFO: [ template_filter ] --END-- [ RunTime:0.000000s ]
INFO: Run Behavior\ParseTemplateBehavior [ RunTime:0.015625s ]
INFO: [ view_parse ] --END-- [ RunTime:0.015625s ]
INFO: [ view_filter ] --START--
INFO: Run Behavior\WriteHtmlCacheBehavior [ RunTime:0.000000s ]
INFO: [ view_filter ] --END-- [ RunTime:0.000000s ]
INFO: [ app_end ] --START--
INFO: Run Behavior\ShowPageTraceBehavior [ RunTime:0.000000s ]
INFO: [ app_end ] --END-- [ RunTime:0.000000s ]

[ 2017-04-12T06:01:48+08:00 ] 180.163.2.116 /wei/index.php/home/Cate/ca/id/17?%252526page%25253D5
INFO: [ app_init ] --START--
INFO: Run Behavior\BuildLiteBehavior [ RunTime:0.000000s ]
INFO: [ app_init ] --END-- [ RunTime:0.000000s ]
INFO: [ app_begin ] --START--
INFO: Run Behavior\ReadHtmlCacheBehavior [ RunTime:0.000000s ]
INFO: [ app_begin ] --END-- [ RunTime:0.000000s ]
SQL: SHOW COLUMNS FROM `sw_cate` [ RunTime:0.0000s ]
SQL: SELECT `cate_name` FROM `sw_cate` WHERE ( cate_id=17 ) LIMIT 1   [ RunTime:0.0000s ]
SQL: SELECT * FROM `sw_cate` WHERE ( cate_pid=17 )  [ RunTime:0.0000s ]
SQL: SELECT * FROM `sw_cate` WHERE ( cate_level=0 )  [ RunTime:0.0000s ]
SQL: SELECT * FROM `sw_cate` WHERE ( cate_level=1 )  [ RunTime:0.0000s ]
SQL: SHOW COLUMNS FROM `sw_goods` [ RunTime:0.0000s ]
SQL: SELECT COUNT(*) AS tp_count FROM `sw_goods` LIMIT 1   [ RunTime:0.0000s ]
SQL: select *from sw_goods  where goods_category_id in(21) order by goods_id desc Limit 0, 3 [ RunTime:0.0000s ]
INFO: [ view_parse ] --START--
INFO: [ template_filter ] --START--
INFO: Run Behavior\ContentReplaceBehavior [ RunTime:0.000000s ]
INFO: [ template_filter ] --END-- [ RunTime:0.000000s ]
INFO: Run Behavior\ParseTemplateBehavior [ RunTime:0.015625s ]
INFO: [ view_parse ] --END-- [ RunTime:0.015625s ]
INFO: [ view_filter ] --START--
INFO: Run Behavior\WriteHtmlCacheBehavior [ RunTime:0.000000s ]
INFO: [ view_filter ] --END-- [ RunTime:0.000000s ]
INFO: [ app_end ] --START--
INFO: Run Behavior\ShowPageTraceBehavior [ RunTime:0.000000s ]
INFO: [ app_end ] --END-- [ RunTime:0.000000s ]

[ 2017-04-12T06:12:59+08:00 ] 101.226.51.229 /wei/index.php/cate/showlist?page%25253D1
INFO: [ app_init ] --START--
INFO: Run Behavior\BuildLiteBehavior [ RunTime:0.000000s ]
INFO: [ app_init ] --END-- [ RunTime:0.000000s ]
INFO: [ app_begin ] --START--
INFO: Run Behavior\ReadHtmlCacheBehavior [ RunTime:0.000000s ]
INFO: [ app_begin ] --END-- [ RunTime:0.000000s ]
SQL: SHOW COLUMNS FROM `sw_cate` [ RunTime:0.0000s ]
SQL: SELECT * FROM `sw_cate` WHERE ( cate_level=0 )  [ RunTime:0.0000s ]
SQL: SELECT * FROM `sw_cate` WHERE ( cate_level=1 )  [ RunTime:0.0000s ]
SQL: SHOW COLUMNS FROM `sw_goods` [ RunTime:0.0000s ]
SQL: SELECT COUNT(*) AS tp_count FROM `sw_goods` LIMIT 1   [ RunTime:0.0000s ]
SQL: select *from sw_goods order by goods_id desc Limit 0, 5 [ RunTime:0.0000s ]
NOTIC: [8] Undefined index: user_name C:\yjdata\www\www\wei\Application\Home\Controller\CateController.class.php 第 31 行.
INFO: [ view_parse ] --START--
INFO: [ template_filter ] --START--
INFO: Run Behavior\ContentReplaceBehavior [ RunTime:0.000000s ]
INFO: [ template_filter ] --END-- [ RunTime:0.000000s ]
INFO: Run Behavior\ParseTemplateBehavior [ RunTime:0.015625s ]
INFO: [ view_parse ] --END-- [ RunTime:0.015625s ]
INFO: [ view_filter ] --START--
INFO: Run Behavior\WriteHtmlCacheBehavior [ RunTime:0.000000s ]
INFO: [ view_filter ] --END-- [ RunTime:0.000000s ]
INFO: [ app_end ] --START--
INFO: Run Behavior\ShowPageTraceBehavior [ RunTime:0.015625s ]
INFO: [ app_end ] --END-- [ RunTime:0.015625s ]

[ 2017-04-12T06:30:20+08:00 ] 140.207.185.107 /wei/index.php/Home/Cate/cates/id/21?page%25253D3
INFO: [ app_init ] --START--
INFO: Run Behavior\BuildLiteBehavior [ RunTime:0.000000s ]
INFO: [ app_init ] --END-- [ RunTime:0.000000s ]
INFO: [ app_begin ] --START--
INFO: Run Behavior\ReadHtmlCacheBehavior [ RunTime:0.000000s ]
INFO: [ app_begin ] --END-- [ RunTime:0.000000s ]
SQL: SHOW COLUMNS FROM `sw_cate` [ RunTime:0.0000s ]
SQL: SELECT `cate_name` FROM `sw_cate` WHERE ( cate_id=21 ) LIMIT 1   [ RunTime:0.0000s ]
SQL: SELECT * FROM `sw_cate` WHERE ( cate_level=0 )  [ RunTime:0.0000s ]
SQL: SELECT * FROM `sw_cate` WHERE ( cate_level=1 )  [ RunTime:0.0000s ]
SQL: SHOW COLUMNS FROM `sw_goods` [ RunTime:0.0000s ]
SQL: SELECT COUNT(*) AS tp_count FROM `sw_goods` LIMIT 1   [ RunTime:0.0000s ]
SQL: select *from sw_goods  where goods_category_id=21 order by goods_id desc Limit 0, 3 [ RunTime:0.0000s ]
NOTIC: [8] Undefined index: user_name C:\yjdata\www\www\wei\Application\Home\Controller\CateController.class.php 第 66 行.
INFO: [ view_parse ] --START--
INFO: [ template_filter ] --START--
INFO: Run Behavior\ContentReplaceBehavior [ RunTime:0.000000s ]
INFO: [ template_filter ] --END-- [ RunTime:0.000000s ]
INFO: Run Behavior\ParseTemplateBehavior [ RunTime:0.031250s ]
INFO: [ view_parse ] --END-- [ RunTime:0.031250s ]
INFO: [ view_filter ] --START--
INFO: Run Behavior\WriteHtmlCacheBehavior [ RunTime:0.000000s ]
INFO: [ view_filter ] --END-- [ RunTime:0.000000s ]
INFO: [ app_end ] --START--
INFO: Run Behavior\ShowPageTraceBehavior [ RunTime:0.000000s ]
INFO: [ app_end ] --END-- [ RunTime:0.000000s ]

[ 2017-04-12T06:39:25+08:00 ] 101.226.125.111 /wei/index.php/goods/showlist?page%25253D3
INFO: [ app_init ] --START--
INFO: Run Behavior\BuildLiteBehavior [ RunTime:0.000000s ]
INFO: [ app_init ] --END-- [ RunTime:0.000000s ]
INFO: [ app_begin ] --START--
INFO: Run Behavior\ReadHtmlCacheBehavior [ RunTime:0.000000s ]
INFO: [ app_begin ] --END-- [ RunTime:0.000000s ]
SQL: SHOW COLUMNS FROM `sw_goods` [ RunTime:0.0000s ]
SQL: SELECT COUNT(*) AS tp_count FROM `sw_goods` LIMIT 1   [ RunTime:0.0000s ]
SQL: select *from sw_goods order by goods_id desc Limit 0, 5 [ RunTime:0.0000s ]
SQL: SHOW COLUMNS FROM `sw_cate` [ RunTime:0.0000s ]
SQL: SELECT * FROM `sw_cate` WHERE ( cate_level=0 )  [ RunTime:0.0000s ]
NOTIC: [8] Undefined index: user_name C:\yjdata\www\www\wei\Application\Home\Controller\GoodsController.class.php 第 32 行.
INFO: [ view_parse ] --START--
INFO: [ template_filter ] --START--
INFO: Run Behavior\ContentReplaceBehavior [ RunTime:0.000000s ]
INFO: [ template_filter ] --END-- [ RunTime:0.000000s ]
INFO: Run Behavior\ParseTemplateBehavior [ RunTime:0.015625s ]
INFO: [ view_parse ] --END-- [ RunTime:0.015625s ]
INFO: [ view_filter ] --START--
INFO: Run Behavior\WriteHtmlCacheBehavior [ RunTime:0.000000s ]
INFO: [ view_filter ] --END-- [ RunTime:0.000000s ]
INFO: [ app_end ] --START--
INFO: Run Behavior\ShowPageTraceBehavior [ RunTime:0.000000s ]
INFO: [ app_end ] --END-- [ RunTime:0.000000s ]

[ 2017-04-12T07:13:40+08:00 ] 140.207.185.109 /wei/index.php/Home/Cate/cates/id/23?page%25253D2
INFO: [ app_init ] --START--
INFO: Run Behavior\BuildLiteBehavior [ RunTime:0.000000s ]
INFO: [ app_init ] --END-- [ RunTime:0.000000s ]
INFO: [ app_begin ] --START--
INFO: Run Behavior\ReadHtmlCacheBehavior [ RunTime:0.000000s ]
INFO: [ app_begin ] --END-- [ RunTime:0.000000s ]
SQL: SHOW COLUMNS FROM `sw_cate` [ RunTime:0.0000s ]
SQL: SELECT `cate_name` FROM `sw_cate` WHERE ( cate_id=23 ) LIMIT 1   [ RunTime:0.0000s ]
SQL: SELECT * FROM `sw_cate` WHERE ( cate_level=0 )  [ RunTime:0.0000s ]
SQL: SELECT * FROM `sw_cate` WHERE ( cate_level=1 )  [ RunTime:0.0000s ]
SQL: SHOW COLUMNS FROM `sw_goods` [ RunTime:0.0000s ]
SQL: SELECT COUNT(*) AS tp_count FROM `sw_goods` LIMIT 1   [ RunTime:0.0000s ]
SQL: select *from sw_goods  where goods_category_id=23 order by goods_id desc Limit 0, 3 [ RunTime:0.0000s ]
NOTIC: [8] Undefined index: user_name C:\yjdata\www\www\wei\Application\Home\Controller\CateController.class.php 第 66 行.
INFO: [ view_parse ] --START--
INFO: [ template_filter ] --START--
INFO: Run Behavior\ContentReplaceBehavior [ RunTime:0.000000s ]
INFO: [ template_filter ] --END-- [ RunTime:0.000000s ]
INFO: Run Behavior\ParseTemplateBehavior [ RunTime:0.031250s ]
INFO: [ view_parse ] --END-- [ RunTime:0.031250s ]
INFO: [ view_filter ] --START--
INFO: Run Behavior\WriteHtmlCacheBehavior [ RunTime:0.000000s ]
INFO: [ view_filter ] --END-- [ RunTime:0.000000s ]
INFO: [ app_end ] --START--
INFO: Run Behavior\ShowPageTraceBehavior [ RunTime:0.000000s ]
INFO: [ app_end ] --END-- [ RunTime:0.000000s ]

[ 2017-04-12T08:31:46+08:00 ] 180.153.201.15 /wei/index.php/cate/showlist?page%2525253D1
INFO: [ app_init ] --START--
INFO: Run Behavior\BuildLiteBehavior [ RunTime:0.000000s ]
INFO: [ app_init ] --END-- [ RunTime:0.000000s ]
INFO: [ app_begin ] --START--
INFO: Run Behavior\ReadHtmlCacheBehavior [ RunTime:0.000000s ]
INFO: [ app_begin ] --END-- [ RunTime:0.000000s ]
SQL: SHOW COLUMNS FROM `sw_cate` [ RunTime:0.0000s ]
SQL: SELECT * FROM `sw_cate` WHERE ( cate_level=0 )  [ RunTime:0.0000s ]
SQL: SELECT * FROM `sw_cate` WHERE ( cate_level=1 )  [ RunTime:0.0000s ]
SQL: SHOW COLUMNS FROM `sw_goods` [ RunTime:0.0000s ]
SQL: SELECT COUNT(*) AS tp_count FROM `sw_goods` LIMIT 1   [ RunTime:0.0000s ]
SQL: select *from sw_goods order by goods_id desc Limit 0, 5 [ RunTime:0.0000s ]
NOTIC: [8] Undefined index: user_name C:\yjdata\www\www\wei\Application\Home\Controller\CateController.class.php 第 31 行.
INFO: [ view_parse ] --START--
INFO: [ template_filter ] --START--
INFO: Run Behavior\ContentReplaceBehavior [ RunTime:0.000000s ]
INFO: [ template_filter ] --END-- [ RunTime:0.000000s ]
INFO: Run Behavior\ParseTemplateBehavior [ RunTime:0.031250s ]
INFO: [ view_parse ] --END-- [ RunTime:0.031250s ]
INFO: [ view_filter ] --START--
INFO: Run Behavior\WriteHtmlCacheBehavior [ RunTime:0.000000s ]
INFO: [ view_filter ] --END-- [ RunTime:0.000000s ]
INFO: [ app_end ] --START--
INFO: Run Behavior\ShowPageTraceBehavior [ RunTime:0.000000s ]
INFO: [ app_end ] --END-- [ RunTime:0.000000s ]

[ 2017-04-12T08:50:46+08:00 ] 101.226.33.226 /wei/index.php/Home/Cate/cates/id/21?page%2525253D3
INFO: [ app_init ] --START--
INFO: Run Behavior\BuildLiteBehavior [ RunTime:0.000000s ]
INFO: [ app_init ] --END-- [ RunTime:0.000000s ]
INFO: [ app_begin ] --START--
INFO: Run Behavior\ReadHtmlCacheBehavior [ RunTime:0.000000s ]
INFO: [ app_begin ] --END-- [ RunTime:0.000000s ]
SQL: SHOW COLUMNS FROM `sw_cate` [ RunTime:0.0000s ]
SQL: SELECT `cate_name` FROM `sw_cate` WHERE ( cate_id=21 ) LIMIT 1   [ RunTime:0.0000s ]
SQL: SELECT * FROM `sw_cate` WHERE ( cate_level=0 )  [ RunTime:0.0000s ]
SQL: SELECT * FROM `sw_cate` WHERE ( cate_level=1 )  [ RunTime:0.0000s ]
SQL: SHOW COLUMNS FROM `sw_goods` [ RunTime:0.0000s ]
SQL: SELECT COUNT(*) AS tp_count FROM `sw_goods` LIMIT 1   [ RunTime:0.0000s ]
SQL: select *from sw_goods  where goods_category_id=21 order by goods_id desc Limit 0, 3 [ RunTime:0.0000s ]
NOTIC: [8] Undefined index: user_name C:\yjdata\www\www\wei\Application\Home\Controller\CateController.class.php 第 66 行.
INFO: [ view_parse ] --START--
INFO: [ template_filter ] --START--
INFO: Run Behavior\ContentReplaceBehavior [ RunTime:0.000000s ]
INFO: [ template_filter ] --END-- [ RunTime:0.000000s ]
INFO: Run Behavior\ParseTemplateBehavior [ RunTime:0.031250s ]
INFO: [ view_parse ] --END-- [ RunTime:0.031250s ]
INFO: [ view_filter ] --START--
INFO: Run Behavior\WriteHtmlCacheBehavior [ RunTime:0.000000s ]
INFO: [ view_filter ] --END-- [ RunTime:0.000000s ]
INFO: [ app_end ] --START--
INFO: Run Behavior\ShowPageTraceBehavior [ RunTime:0.000000s ]
INFO: [ app_end ] --END-- [ RunTime:0.000000s ]

[ 2017-04-12T08:50:59+08:00 ] 112.90.82.218 /wei/index.php/goods/showlist?page%2525253D3
INFO: [ app_init ] --START--
INFO: Run Behavior\BuildLiteBehavior [ RunTime:0.000000s ]
INFO: [ app_init ] --END-- [ RunTime:0.000000s ]
INFO: [ app_begin ] --START--
INFO: Run Behavior\ReadHtmlCacheBehavior [ RunTime:0.000000s ]
INFO: [ app_begin ] --END-- [ RunTime:0.000000s ]
SQL: SHOW COLUMNS FROM `sw_goods` [ RunTime:0.0000s ]
SQL: SELECT COUNT(*) AS tp_count FROM `sw_goods` LIMIT 1   [ RunTime:0.0000s ]
SQL: select *from sw_goods order by goods_id desc Limit 0, 5 [ RunTime:0.0000s ]
SQL: SHOW COLUMNS FROM `sw_cate` [ RunTime:0.0156s ]
SQL: SELECT * FROM `sw_cate` WHERE ( cate_level=0 )  [ RunTime:0.0000s ]
NOTIC: [8] Undefined index: user_name C:\yjdata\www\www\wei\Application\Home\Controller\GoodsController.class.php 第 32 行.
INFO: [ view_parse ] --START--
INFO: [ template_filter ] --START--
INFO: Run Behavior\ContentReplaceBehavior [ RunTime:0.000000s ]
INFO: [ template_filter ] --END-- [ RunTime:0.000000s ]
INFO: Run Behavior\ParseTemplateBehavior [ RunTime:0.000000s ]
INFO: [ view_parse ] --END-- [ RunTime:0.000000s ]
INFO: [ view_filter ] --START--
INFO: Run Behavior\WriteHtmlCacheBehavior [ RunTime:0.000000s ]
INFO: [ view_filter ] --END-- [ RunTime:0.000000s ]
INFO: [ app_end ] --START--
INFO: Run Behavior\ShowPageTraceBehavior [ RunTime:0.000000s ]
INFO: [ app_end ] --END-- [ RunTime:0.000000s ]

[ 2017-04-12T08:51:08+08:00 ] 101.226.33.201 /wei/index.php/goods/showlist?page%2525253D3
INFO: [ app_init ] --START--
INFO: Run Behavior\BuildLiteBehavior [ RunTime:0.000000s ]
INFO: [ app_init ] --END-- [ RunTime:0.000000s ]
INFO: [ app_begin ] --START--
INFO: Run Behavior\ReadHtmlCacheBehavior [ RunTime:0.000000s ]
INFO: [ app_begin ] --END-- [ RunTime:0.000000s ]
SQL: SHOW COLUMNS FROM `sw_goods` [ RunTime:0.0000s ]
SQL: SELECT COUNT(*) AS tp_count FROM `sw_goods` LIMIT 1   [ RunTime:0.0000s ]
SQL: select *from sw_goods order by goods_id desc Limit 0, 5 [ RunTime:0.0000s ]
SQL: SHOW COLUMNS FROM `sw_cate` [ RunTime:0.0000s ]
SQL: SELECT * FROM `sw_cate` WHERE ( cate_level=0 )  [ RunTime:0.0000s ]
NOTIC: [8] Undefined index: user_name C:\yjdata\www\www\wei\Application\Home\Controller\GoodsController.class.php 第 32 行.
INFO: [ view_parse ] --START--
INFO: [ template_filter ] --START--
INFO: Run Behavior\ContentReplaceBehavior [ RunTime:0.000000s ]
INFO: [ template_filter ] --END-- [ RunTime:0.000000s ]
INFO: Run Behavior\ParseTemplateBehavior [ RunTime:0.015625s ]
INFO: [ view_parse ] --END-- [ RunTime:0.015625s ]
INFO: [ view_filter ] --START--
INFO: Run Behavior\WriteHtmlCacheBehavior [ RunTime:0.000000s ]
INFO: [ view_filter ] --END-- [ RunTime:0.000000s ]
INFO: [ app_end ] --START--
INFO: Run Behavior\ShowPageTraceBehavior [ RunTime:0.015625s ]
INFO: [ app_end ] --END-- [ RunTime:0.015625s ]

[ 2017-04-12T09:24:03+08:00 ] 140.207.124.105 /wei/index.php/home/Cate/ca/id/17?%25252526page%2525253D5
INFO: [ app_init ] --START--
INFO: Run Behavior\BuildLiteBehavior [ RunTime:0.000000s ]
INFO: [ app_init ] --END-- [ RunTime:0.000000s ]
INFO: [ app_begin ] --START--
INFO: Run Behavior\ReadHtmlCacheBehavior [ RunTime:0.015625s ]
INFO: [ app_begin ] --END-- [ RunTime:0.015625s ]
SQL: SHOW COLUMNS FROM `sw_cate` [ RunTime:0.0000s ]
SQL: SELECT `cate_name` FROM `sw_cate` WHERE ( cate_id=17 ) LIMIT 1   [ RunTime:0.0000s ]
SQL: SELECT * FROM `sw_cate` WHERE ( cate_pid=17 )  [ RunTime:0.0000s ]
SQL: SELECT * FROM `sw_cate` WHERE ( cate_level=0 )  [ RunTime:0.0000s ]
SQL: SELECT * FROM `sw_cate` WHERE ( cate_level=1 )  [ RunTime:0.0000s ]
SQL: SHOW COLUMNS FROM `sw_goods` [ RunTime:0.0000s ]
SQL: SELECT COUNT(*) AS tp_count FROM `sw_goods` LIMIT 1   [ RunTime:0.0000s ]
SQL: select *from sw_goods  where goods_category_id in(21) order by goods_id desc Limit 0, 3 [ RunTime:0.0000s ]
INFO: [ view_parse ] --START--
INFO: [ template_filter ] --START--
INFO: Run Behavior\ContentReplaceBehavior [ RunTime:0.000000s ]
INFO: [ template_filter ] --END-- [ RunTime:0.000000s ]
INFO: Run Behavior\ParseTemplateBehavior [ RunTime:0.046876s ]
INFO: [ view_parse ] --END-- [ RunTime:0.046876s ]
INFO: [ view_filter ] --START--
INFO: Run Behavior\WriteHtmlCacheBehavior [ RunTime:0.000000s ]
INFO: [ view_filter ] --END-- [ RunTime:0.000000s ]
INFO: [ app_end ] --START--
INFO: Run Behavior\ShowPageTraceBehavior [ RunTime:0.000000s ]
INFO: [ app_end ] --END-- [ RunTime:0.000000s ]

[ 2017-04-12T09:44:26+08:00 ] 183.57.53.196 /wei/index.php/Home/Cate/cates/id/23?page%2525253D2
INFO: [ app_init ] --START--
INFO: Run Behavior\BuildLiteBehavior [ RunTime:0.000000s ]
INFO: [ app_init ] --END-- [ RunTime:0.000000s ]
INFO: [ app_begin ] --START--
INFO: Run Behavior\ReadHtmlCacheBehavior [ RunTime:0.000000s ]
INFO: [ app_begin ] --END-- [ RunTime:0.000000s ]
SQL: SHOW COLUMNS FROM `sw_cate` [ RunTime:0.0000s ]
SQL: SELECT `cate_name` FROM `sw_cate` WHERE ( cate_id=23 ) LIMIT 1   [ RunTime:0.0000s ]
SQL: SELECT * FROM `sw_cate` WHERE ( cate_level=0 )  [ RunTime:0.0000s ]
SQL: SELECT * FROM `sw_cate` WHERE ( cate_level=1 )  [ RunTime:0.0000s ]
SQL: SHOW COLUMNS FROM `sw_goods` [ RunTime:0.0000s ]
SQL: SELECT COUNT(*) AS tp_count FROM `sw_goods` LIMIT 1   [ RunTime:0.0000s ]
SQL: select *from sw_goods  where goods_category_id=23 order by goods_id desc Limit 0, 3 [ RunTime:0.0000s ]
NOTIC: [8] Undefined index: user_name C:\yjdata\www\www\wei\Application\Home\Controller\CateController.class.php 第 66 行.
INFO: [ view_parse ] --START--
INFO: [ template_filter ] --START--
INFO: Run Behavior\ContentReplaceBehavior [ RunTime:0.000000s ]
INFO: [ template_filter ] --END-- [ RunTime:0.000000s ]
INFO: Run Behavior\ParseTemplateBehavior [ RunTime:0.015625s ]
INFO: [ view_parse ] --END-- [ RunTime:0.015625s ]
INFO: [ view_filter ] --START--
INFO: Run Behavior\WriteHtmlCacheBehavior [ RunTime:0.000000s ]
INFO: [ view_filter ] --END-- [ RunTime:0.000000s ]
INFO: [ app_end ] --START--
INFO: Run Behavior\ShowPageTraceBehavior [ RunTime:0.000000s ]
INFO: [ app_end ] --END-- [ RunTime:0.000000s ]

[ 2017-04-12T09:44:35+08:00 ] 101.226.89.115 /wei/index.php/Home/Cate/cates/id/23?page%2525253D2
INFO: [ app_init ] --START--
INFO: Run Behavior\BuildLiteBehavior [ RunTime:0.000000s ]
INFO: [ app_init ] --END-- [ RunTime:0.000000s ]
INFO: [ app_begin ] --START--
INFO: Run Behavior\ReadHtmlCacheBehavior [ RunTime:0.000000s ]
INFO: [ app_begin ] --END-- [ RunTime:0.000000s ]
SQL: SHOW COLUMNS FROM `sw_cate` [ RunTime:0.0000s ]
SQL: SELECT `cate_name` FROM `sw_cate` WHERE ( cate_id=23 ) LIMIT 1   [ RunTime:0.0000s ]
SQL: SELECT * FROM `sw_cate` WHERE ( cate_level=0 )  [ RunTime:0.0000s ]
SQL: SELECT * FROM `sw_cate` WHERE ( cate_level=1 )  [ RunTime:0.0000s ]
SQL: SHOW COLUMNS FROM `sw_goods` [ RunTime:0.0000s ]
SQL: SELECT COUNT(*) AS tp_count FROM `sw_goods` LIMIT 1   [ RunTime:0.0000s ]
SQL: select *from sw_goods  where goods_category_id=23 order by goods_id desc Limit 0, 3 [ RunTime:0.0000s ]
NOTIC: [8] Undefined index: user_name C:\yjdata\www\www\wei\Application\Home\Controller\CateController.class.php 第 66 行.
INFO: [ view_parse ] --START--
INFO: [ template_filter ] --START--
INFO: Run Behavior\ContentReplaceBehavior [ RunTime:0.000000s ]
INFO: [ template_filter ] --END-- [ RunTime:0.000000s ]
INFO: Run Behavior\ParseTemplateBehavior [ RunTime:0.015625s ]
INFO: [ view_parse ] --END-- [ RunTime:0.015625s ]
INFO: [ view_filter ] --START--
INFO: Run Behavior\WriteHtmlCacheBehavior [ RunTime:0.000000s ]
INFO: [ view_filter ] --END-- [ RunTime:0.000000s ]
INFO: [ app_end ] --START--
INFO: Run Behavior\ShowPageTraceBehavior [ RunTime:0.000000s ]
INFO: [ app_end ] --END-- [ RunTime:0.000000s ]

[ 2017-04-12T10:39:12+08:00 ] 140.207.185.111 /wei/index.php/Home/Cate/ca/id/17?page%253D2
INFO: [ app_init ] --START--
INFO: Run Behavior\BuildLiteBehavior [ RunTime:0.000000s ]
INFO: [ app_init ] --END-- [ RunTime:0.000000s ]
INFO: [ app_begin ] --START--
INFO: Run Behavior\ReadHtmlCacheBehavior [ RunTime:0.000000s ]
INFO: [ app_begin ] --END-- [ RunTime:0.000000s ]
SQL: SHOW COLUMNS FROM `sw_cate` [ RunTime:0.0000s ]
SQL: SELECT `cate_name` FROM `sw_cate` WHERE ( cate_id=17 ) LIMIT 1   [ RunTime:0.0000s ]
SQL: SELECT * FROM `sw_cate` WHERE ( cate_pid=17 )  [ RunTime:0.0000s ]
SQL: SELECT * FROM `sw_cate` WHERE ( cate_level=0 )  [ RunTime:0.0000s ]
SQL: SELECT * FROM `sw_cate` WHERE ( cate_level=1 )  [ RunTime:0.0000s ]
SQL: SHOW COLUMNS FROM `sw_goods` [ RunTime:0.0000s ]
SQL: SELECT COUNT(*) AS tp_count FROM `sw_goods` LIMIT 1   [ RunTime:0.0000s ]
SQL: select *from sw_goods  where goods_category_id in(21) order by goods_id desc Limit 0, 3 [ RunTime:0.0000s ]
INFO: [ view_parse ] --START--
INFO: [ template_filter ] --START--
INFO: Run Behavior\ContentReplaceBehavior [ RunTime:0.000000s ]
INFO: [ template_filter ] --END-- [ RunTime:0.000000s ]
INFO: Run Behavior\ParseTemplateBehavior [ RunTime:0.015625s ]
INFO: [ view_parse ] --END-- [ RunTime:0.015625s ]
INFO: [ view_filter ] --START--
INFO: Run Behavior\WriteHtmlCacheBehavior [ RunTime:0.000000s ]
INFO: [ view_filter ] --END-- [ RunTime:0.000000s ]
INFO: [ app_end ] --START--
INFO: Run Behavior\ShowPageTraceBehavior [ RunTime:0.000000s ]
INFO: [ app_end ] --END-- [ RunTime:0.000000s ]

[ 2017-04-12T10:57:59+08:00 ] 101.226.99.195 /wei/index.php/goods/showlist?page%252525253D3
INFO: [ app_init ] --START--
INFO: Run Behavior\BuildLiteBehavior [ RunTime:0.000000s ]
INFO: [ app_init ] --END-- [ RunTime:0.000000s ]
INFO: [ app_begin ] --START--
INFO: Run Behavior\ReadHtmlCacheBehavior [ RunTime:0.000000s ]
INFO: [ app_begin ] --END-- [ RunTime:0.000000s ]
SQL: SHOW COLUMNS FROM `sw_goods` [ RunTime:0.0000s ]
SQL: SELECT COUNT(*) AS tp_count FROM `sw_goods` LIMIT 1   [ RunTime:0.0000s ]
SQL: select *from sw_goods order by goods_id desc Limit 0, 5 [ RunTime:0.0000s ]
SQL: SHOW COLUMNS FROM `sw_cate` [ RunTime:0.0000s ]
SQL: SELECT * FROM `sw_cate` WHERE ( cate_level=0 )  [ RunTime:0.0000s ]
NOTIC: [8] Undefined index: user_name C:\yjdata\www\www\wei\Application\Home\Controller\GoodsController.class.php 第 32 行.
INFO: [ view_parse ] --START--
INFO: [ template_filter ] --START--
INFO: Run Behavior\ContentReplaceBehavior [ RunTime:0.000000s ]
INFO: [ template_filter ] --END-- [ RunTime:0.000000s ]
INFO: Run Behavior\ParseTemplateBehavior [ RunTime:0.015625s ]
INFO: [ view_parse ] --END-- [ RunTime:0.015625s ]
INFO: [ view_filter ] --START--
INFO: Run Behavior\WriteHtmlCacheBehavior [ RunTime:0.000000s ]
INFO: [ view_filter ] --END-- [ RunTime:0.000000s ]
INFO: [ app_end ] --START--
INFO: Run Behavior\ShowPageTraceBehavior [ RunTime:0.000000s ]
INFO: [ app_end ] --END-- [ RunTime:0.000000s ]

[ 2017-04-12T11:00:35+08:00 ] 101.226.66.179 /wei/index.php/Home/Cate/cates/id/21?page%252525253D3
INFO: [ app_init ] --START--
INFO: Run Behavior\BuildLiteBehavior [ RunTime:0.000000s ]
INFO: [ app_init ] --END-- [ RunTime:0.000000s ]
INFO: [ app_begin ] --START--
INFO: Run Behavior\ReadHtmlCacheBehavior [ RunTime:0.000000s ]
INFO: [ app_begin ] --END-- [ RunTime:0.000000s ]
SQL: SHOW COLUMNS FROM `sw_cate` [ RunTime:0.0000s ]
SQL: SELECT `cate_name` FROM `sw_cate` WHERE ( cate_id=21 ) LIMIT 1   [ RunTime:0.0000s ]
SQL: SELECT * FROM `sw_cate` WHERE ( cate_level=0 )  [ RunTime:0.0000s ]
SQL: SELECT * FROM `sw_cate` WHERE ( cate_level=1 )  [ RunTime:0.0000s ]
SQL: SHOW COLUMNS FROM `sw_goods` [ RunTime:0.0000s ]
SQL: SELECT COUNT(*) AS tp_count FROM `sw_goods` LIMIT 1   [ RunTime:0.0000s ]
SQL: select *from sw_goods  where goods_category_id=21 order by goods_id desc Limit 0, 3 [ RunTime:0.0000s ]
NOTIC: [8] Undefined index: user_name C:\yjdata\www\www\wei\Application\Home\Controller\CateController.class.php 第 66 行.
INFO: [ view_parse ] --START--
INFO: [ template_filter ] --START--
INFO: Run Behavior\ContentReplaceBehavior [ RunTime:0.000000s ]
INFO: [ template_filter ] --END-- [ RunTime:0.000000s ]
INFO: Run Behavior\ParseTemplateBehavior [ RunTime:0.015626s ]
INFO: [ view_parse ] --END-- [ RunTime:0.015626s ]
INFO: [ view_filter ] --START--
INFO: Run Behavior\WriteHtmlCacheBehavior [ RunTime:0.000000s ]
INFO: [ view_filter ] --END-- [ RunTime:0.000000s ]
INFO: [ app_end ] --START--
INFO: Run Behavior\ShowPageTraceBehavior [ RunTime:0.000000s ]
INFO: [ app_end ] --END-- [ RunTime:0.000000s ]

[ 2017-04-12T12:32:32+08:00 ] 140.207.185.107 /wei/index.php/home/Cate/ca/id/17?%2525252526page%252525253D5
INFO: [ app_init ] --START--
INFO: Run Behavior\BuildLiteBehavior [ RunTime:0.000000s ]
INFO: [ app_init ] --END-- [ RunTime:0.000000s ]
INFO: [ app_begin ] --START--
INFO: Run Behavior\ReadHtmlCacheBehavior [ RunTime:0.000000s ]
INFO: [ app_begin ] --END-- [ RunTime:0.000000s ]
SQL: SHOW COLUMNS FROM `sw_cate` [ RunTime:0.0000s ]
SQL: SELECT `cate_name` FROM `sw_cate` WHERE ( cate_id=17 ) LIMIT 1   [ RunTime:0.0000s ]
SQL: SELECT * FROM `sw_cate` WHERE ( cate_pid=17 )  [ RunTime:0.0000s ]
SQL: SELECT * FROM `sw_cate` WHERE ( cate_level=0 )  [ RunTime:0.0000s ]
SQL: SELECT * FROM `sw_cate` WHERE ( cate_level=1 )  [ RunTime:0.0000s ]
SQL: SHOW COLUMNS FROM `sw_goods` [ RunTime:0.0000s ]
SQL: SELECT COUNT(*) AS tp_count FROM `sw_goods` LIMIT 1   [ RunTime:0.0000s ]
SQL: select *from sw_goods  where goods_category_id in(21) order by goods_id desc Limit 0, 3 [ RunTime:0.0000s ]
INFO: [ view_parse ] --START--
INFO: [ template_filter ] --START--
INFO: Run Behavior\ContentReplaceBehavior [ RunTime:0.015625s ]
INFO: [ template_filter ] --END-- [ RunTime:0.015625s ]
INFO: Run Behavior\ParseTemplateBehavior [ RunTime:0.031250s ]
INFO: [ view_parse ] --END-- [ RunTime:0.031250s ]
INFO: [ view_filter ] --START--
INFO: Run Behavior\WriteHtmlCacheBehavior [ RunTime:0.000000s ]
INFO: [ view_filter ] --END-- [ RunTime:0.000000s ]
INFO: [ app_end ] --START--
INFO: Run Behavior\ShowPageTraceBehavior [ RunTime:0.000000s ]
INFO: [ app_end ] --END-- [ RunTime:0.000000s ]

[ 2017-04-12T12:40:59+08:00 ] 61.151.228.22 /wei/index.php/Home/Cate/ca/id/17?page%25253D2
INFO: [ app_init ] --START--
INFO: Run Behavior\BuildLiteBehavior [ RunTime:0.000000s ]
INFO: [ app_init ] --END-- [ RunTime:0.000000s ]
INFO: [ app_begin ] --START--
INFO: Run Behavior\ReadHtmlCacheBehavior [ RunTime:0.000000s ]
INFO: [ app_begin ] --END-- [ RunTime:0.000000s ]
SQL: SHOW COLUMNS FROM `sw_cate` [ RunTime:0.0000s ]
SQL: SELECT `cate_name` FROM `sw_cate` WHERE ( cate_id=17 ) LIMIT 1   [ RunTime:0.0000s ]
SQL: SELECT * FROM `sw_cate` WHERE ( cate_pid=17 )  [ RunTime:0.0000s ]
SQL: SELECT * FROM `sw_cate` WHERE ( cate_level=0 )  [ RunTime:0.0000s ]
SQL: SELECT * FROM `sw_cate` WHERE ( cate_level=1 )  [ RunTime:0.0000s ]
SQL: SHOW COLUMNS FROM `sw_goods` [ RunTime:0.0000s ]
SQL: SELECT COUNT(*) AS tp_count FROM `sw_goods` LIMIT 1   [ RunTime:0.0000s ]
SQL: select *from sw_goods  where goods_category_id in(21) order by goods_id desc Limit 0, 3 [ RunTime:0.0000s ]
INFO: [ view_parse ] --START--
INFO: [ template_filter ] --START--
INFO: Run Behavior\ContentReplaceBehavior [ RunTime:0.000000s ]
INFO: [ template_filter ] --END-- [ RunTime:0.000000s ]
INFO: Run Behavior\ParseTemplateBehavior [ RunTime:0.031250s ]
INFO: [ view_parse ] --END-- [ RunTime:0.031250s ]
INFO: [ view_filter ] --START--
INFO: Run Behavior\WriteHtmlCacheBehavior [ RunTime:0.000000s ]
INFO: [ view_filter ] --END-- [ RunTime:0.000000s ]
INFO: [ app_end ] --START--
INFO: Run Behavior\ShowPageTraceBehavior [ RunTime:0.000000s ]
INFO: [ app_end ] --END-- [ RunTime:0.000000s ]

[ 2017-04-12T12:48:10+08:00 ] 203.208.60.230 /wei/index.php
INFO: [ app_init ] --START--
INFO: Run Behavior\BuildLiteBehavior [ RunTime:0.000000s ]
INFO: [ app_init ] --END-- [ RunTime:0.000000s ]
INFO: [ app_begin ] --START--
INFO: Run Behavior\ReadHtmlCacheBehavior [ RunTime:0.000000s ]
INFO: [ app_begin ] --END-- [ RunTime:0.000000s ]
SQL: SHOW COLUMNS FROM `sw_goods` [ RunTime:0.0000s ]
SQL: SELECT * FROM `sw_goods` ORDER BY goods_create_time desc LIMIT 7   [ RunTime:0.0000s ]
SQL: SELECT * FROM `sw_goods` ORDER BY goods_view desc LIMIT 3   [ RunTime:0.0000s ]
SQL: SELECT * FROM `sw_goods` WHERE ( goods_price < 400  ) ORDER BY goods_price asc LIMIT 3   [ RunTime:0.0000s ]
SQL: SELECT * FROM `sw_goods` ORDER BY goods_create_time desc LIMIT 3   [ RunTime:0.0000s ]
SQL: SHOW COLUMNS FROM `sw_cate` [ RunTime:0.0000s ]
SQL: SELECT * FROM `sw_cate` WHERE ( cate_level=0 )  [ RunTime:0.0000s ]
NOTIC: [8] Undefined index: user_name C:\yjdata\www\www\wei\Application\Home\Controller\IndexController.class.php 第 27 行.
INFO: [ view_parse ] --START--
INFO: [ template_filter ] --START--
INFO: Run Behavior\ContentReplaceBehavior [ RunTime:0.000000s ]
INFO: [ template_filter ] --END-- [ RunTime:0.000000s ]
INFO: Run Behavior\ParseTemplateBehavior [ RunTime:0.015625s ]
INFO: [ view_parse ] --END-- [ RunTime:0.015625s ]
INFO: [ view_filter ] --START--
INFO: Run Behavior\WriteHtmlCacheBehavior [ RunTime:0.000000s ]
INFO: [ view_filter ] --END-- [ RunTime:0.000000s ]
INFO: [ app_end ] --START--
INFO: Run Behavior\ShowPageTraceBehavior [ RunTime:0.000000s ]
INFO: [ app_end ] --END-- [ RunTime:0.000000s ]

[ 2017-04-12T13:08:49+08:00 ] 101.226.68.215 /wei/index.php/Home/Cate/cates/id/23?page%252525253D2
INFO: [ app_init ] --START--
INFO: Run Behavior\BuildLiteBehavior [ RunTime:0.000000s ]
INFO: [ app_init ] --END-- [ RunTime:0.000000s ]
INFO: [ app_begin ] --START--
INFO: Run Behavior\ReadHtmlCacheBehavior [ RunTime:0.000000s ]
INFO: [ app_begin ] --END-- [ RunTime:0.000000s ]
SQL: SHOW COLUMNS FROM `sw_cate` [ RunTime:0.0000s ]
SQL: SELECT `cate_name` FROM `sw_cate` WHERE ( cate_id=23 ) LIMIT 1   [ RunTime:0.0000s ]
SQL: SELECT * FROM `sw_cate` WHERE ( cate_level=0 )  [ RunTime:0.0000s ]
SQL: SELECT * FROM `sw_cate` WHERE ( cate_level=1 )  [ RunTime:0.0000s ]
SQL: SHOW COLUMNS FROM `sw_goods` [ RunTime:0.0000s ]
SQL: SELECT COUNT(*) AS tp_count FROM `sw_goods` LIMIT 1   [ RunTime:0.0000s ]
SQL: select *from sw_goods  where goods_category_id=23 order by goods_id desc Limit 0, 3 [ RunTime:0.0000s ]
NOTIC: [8] Undefined index: user_name C:\yjdata\www\www\wei\Application\Home\Controller\CateController.class.php 第 66 行.
INFO: [ view_parse ] --START--
INFO: [ template_filter ] --START--
INFO: Run Behavior\ContentReplaceBehavior [ RunTime:0.000000s ]
INFO: [ template_filter ] --END-- [ RunTime:0.000000s ]
INFO: Run Behavior\ParseTemplateBehavior [ RunTime:0.015625s ]
INFO: [ view_parse ] --END-- [ RunTime:0.015625s ]
INFO: [ view_filter ] --START--
INFO: Run Behavior\WriteHtmlCacheBehavior [ RunTime:0.000000s ]
INFO: [ view_filter ] --END-- [ RunTime:0.000000s ]
INFO: [ app_end ] --START--
INFO: Run Behavior\ShowPageTraceBehavior [ RunTime:0.000000s ]
INFO: [ app_end ] --END-- [ RunTime:0.000000s ]

[ 2017-04-12T13:08:57+08:00 ] 140.207.185.111 /wei/index.php/Home/Cate/cates/id/23?page%252525253D2
INFO: [ app_init ] --START--
INFO: Run Behavior\BuildLiteBehavior [ RunTime:0.000000s ]
INFO: [ app_init ] --END-- [ RunTime:0.015625s ]
INFO: [ app_begin ] --START--
INFO: Run Behavior\ReadHtmlCacheBehavior [ RunTime:0.000000s ]
INFO: [ app_begin ] --END-- [ RunTime:0.000000s ]
SQL: SHOW COLUMNS FROM `sw_cate` [ RunTime:0.0000s ]
SQL: SELECT `cate_name` FROM `sw_cate` WHERE ( cate_id=23 ) LIMIT 1   [ RunTime:0.0000s ]
SQL: SELECT * FROM `sw_cate` WHERE ( cate_level=0 )  [ RunTime:0.0000s ]
SQL: SELECT * FROM `sw_cate` WHERE ( cate_level=1 )  [ RunTime:0.0000s ]
SQL: SHOW COLUMNS FROM `sw_goods` [ RunTime:0.0000s ]
SQL: SELECT COUNT(*) AS tp_count FROM `sw_goods` LIMIT 1   [ RunTime:0.0000s ]
SQL: select *from sw_goods  where goods_category_id=23 order by goods_id desc Limit 0, 3 [ RunTime:0.0000s ]
NOTIC: [8] Undefined index: user_name C:\yjdata\www\www\wei\Application\Home\Controller\CateController.class.php 第 66 行.
INFO: [ view_parse ] --START--
INFO: [ template_filter ] --START--
INFO: Run Behavior\ContentReplaceBehavior [ RunTime:0.000000s ]
INFO: [ template_filter ] --END-- [ RunTime:0.000000s ]
INFO: Run Behavior\ParseTemplateBehavior [ RunTime:0.015625s ]
INFO: [ view_parse ] --END-- [ RunTime:0.015625s ]
INFO: [ view_filter ] --START--
INFO: Run Behavior\WriteHtmlCacheBehavior [ RunTime:0.000000s ]
INFO: [ view_filter ] --END-- [ RunTime:0.000000s ]
INFO: [ app_end ] --START--
INFO: Run Behavior\ShowPageTraceBehavior [ RunTime:0.000000s ]
INFO: [ app_end ] --END-- [ RunTime:0.000000s ]

[ 2017-04-12T13:27:50+08:00 ] 101.226.66.193 /wei/index.php/home/Cate/ca/id/19
INFO: [ app_init ] --START--
INFO: Run Behavior\BuildLiteBehavior [ RunTime:0.000000s ]
INFO: [ app_init ] --END-- [ RunTime:0.000000s ]
INFO: [ app_begin ] --START--
INFO: Run Behavior\ReadHtmlCacheBehavior [ RunTime:0.000000s ]
INFO: [ app_begin ] --END-- [ RunTime:0.000000s ]
SQL: SHOW COLUMNS FROM `sw_cate` [ RunTime:0.0000s ]
SQL: SELECT `cate_name` FROM `sw_cate` WHERE ( cate_id=19 ) LIMIT 1   [ RunTime:0.0000s ]
SQL: SELECT * FROM `sw_cate` WHERE ( cate_pid=19 )  [ RunTime:0.0000s ]
SQL: SELECT * FROM `sw_cate` WHERE ( cate_level=0 )  [ RunTime:0.0000s ]
SQL: SELECT * FROM `sw_cate` WHERE ( cate_level=1 )  [ RunTime:0.0000s ]
SQL: SHOW COLUMNS FROM `sw_goods` [ RunTime:0.0000s ]
SQL: SELECT COUNT(*) AS tp_count FROM `sw_goods` LIMIT 1   [ RunTime:0.0000s ]
SQL: select *from sw_goods  where goods_category_id in(23) order by goods_id desc Limit 0, 3 [ RunTime:0.0000s ]
INFO: [ view_parse ] --START--
INFO: [ template_filter ] --START--
INFO: Run Behavior\ContentReplaceBehavior [ RunTime:0.000000s ]
INFO: [ template_filter ] --END-- [ RunTime:0.000000s ]
INFO: Run Behavior\ParseTemplateBehavior [ RunTime:0.031250s ]
INFO: [ view_parse ] --END-- [ RunTime:0.031250s ]
INFO: [ view_filter ] --START--
INFO: Run Behavior\WriteHtmlCacheBehavior [ RunTime:0.000000s ]
INFO: [ view_filter ] --END-- [ RunTime:0.000000s ]
INFO: [ app_end ] --START--
INFO: Run Behavior\ShowPageTraceBehavior [ RunTime:0.000000s ]
INFO: [ app_end ] --END-- [ RunTime:0.000000s ]

[ 2017-04-12T13:38:08+08:00 ] 101.226.65.105 /wei/index.php/goods/showlist?page%25252525253D3
INFO: [ app_init ] --START--
INFO: Run Behavior\BuildLiteBehavior [ RunTime:0.000000s ]
INFO: [ app_init ] --END-- [ RunTime:0.000000s ]
INFO: [ app_begin ] --START--
INFO: Run Behavior\ReadHtmlCacheBehavior [ RunTime:0.000000s ]
INFO: [ app_begin ] --END-- [ RunTime:0.000000s ]
SQL: SHOW COLUMNS FROM `sw_goods` [ RunTime:0.0000s ]
SQL: SELECT COUNT(*) AS tp_count FROM `sw_goods` LIMIT 1   [ RunTime:0.0000s ]
SQL: select *from sw_goods order by goods_id desc Limit 0, 5 [ RunTime:0.0000s ]
SQL: SHOW COLUMNS FROM `sw_cate` [ RunTime:0.0000s ]
SQL: SELECT * FROM `sw_cate` WHERE ( cate_level=0 )  [ RunTime:0.0000s ]
NOTIC: [8] Undefined index: user_name C:\yjdata\www\www\wei\Application\Home\Controller\GoodsController.class.php 第 32 行.
INFO: [ view_parse ] --START--
INFO: [ template_filter ] --START--
INFO: Run Behavior\ContentReplaceBehavior [ RunTime:0.000000s ]
INFO: [ template_filter ] --END-- [ RunTime:0.000000s ]
INFO: Run Behavior\ParseTemplateBehavior [ RunTime:0.015625s ]
INFO: [ view_parse ] --END-- [ RunTime:0.015625s ]
INFO: [ view_filter ] --START--
INFO: Run Behavior\WriteHtmlCacheBehavior [ RunTime:0.000000s ]
INFO: [ view_filter ] --END-- [ RunTime:0.000000s ]
INFO: [ app_end ] --START--
INFO: Run Behavior\ShowPageTraceBehavior [ RunTime:0.000000s ]
INFO: [ app_end ] --END-- [ RunTime:0.000000s ]

[ 2017-04-12T14:56:19+08:00 ] 140.207.185.107 /wei/index.php/Home/Cate/ca/id/17?page%2525253D2
INFO: [ app_init ] --START--
INFO: Run Behavior\BuildLiteBehavior [ RunTime:0.000000s ]
INFO: [ app_init ] --END-- [ RunTime:0.000000s ]
INFO: [ app_begin ] --START--
INFO: Run Behavior\ReadHtmlCacheBehavior [ RunTime:0.000000s ]
INFO: [ app_begin ] --END-- [ RunTime:0.000000s ]
SQL: SHOW COLUMNS FROM `sw_cate` [ RunTime:0.0000s ]
SQL: SELECT `cate_name` FROM `sw_cate` WHERE ( cate_id=17 ) LIMIT 1   [ RunTime:0.0000s ]
SQL: SELECT * FROM `sw_cate` WHERE ( cate_pid=17 )  [ RunTime:0.0000s ]
SQL: SELECT * FROM `sw_cate` WHERE ( cate_level=0 )  [ RunTime:0.0000s ]
SQL: SELECT * FROM `sw_cate` WHERE ( cate_level=1 )  [ RunTime:0.0000s ]
SQL: SHOW COLUMNS FROM `sw_goods` [ RunTime:0.0000s ]
SQL: SELECT COUNT(*) AS tp_count FROM `sw_goods` LIMIT 1   [ RunTime:0.0000s ]
SQL: select *from sw_goods  where goods_category_id in(21) order by goods_id desc Limit 0, 3 [ RunTime:0.0000s ]
INFO: [ view_parse ] --START--
INFO: [ template_filter ] --START--
INFO: Run Behavior\ContentReplaceBehavior [ RunTime:0.000000s ]
INFO: [ template_filter ] --END-- [ RunTime:0.000000s ]
INFO: Run Behavior\ParseTemplateBehavior [ RunTime:0.015625s ]
INFO: [ view_parse ] --END-- [ RunTime:0.015625s ]
INFO: [ view_filter ] --START--
INFO: Run Behavior\WriteHtmlCacheBehavior [ RunTime:0.000000s ]
INFO: [ view_filter ] --END-- [ RunTime:0.000000s ]
INFO: [ app_end ] --START--
INFO: Run Behavior\ShowPageTraceBehavior [ RunTime:0.000000s ]
INFO: [ app_end ] --END-- [ RunTime:0.000000s ]

[ 2017-04-12T15:26:09+08:00 ] 101.226.68.197 /wei/index.php/Home/Cate/cates/id/23?page%25252525253D2
INFO: [ app_init ] --START--
INFO: Run Behavior\BuildLiteBehavior [ RunTime:0.000000s ]
INFO: [ app_init ] --END-- [ RunTime:0.000000s ]
INFO: [ app_begin ] --START--
INFO: Run Behavior\ReadHtmlCacheBehavior [ RunTime:0.000000s ]
INFO: [ app_begin ] --END-- [ RunTime:0.000000s ]
SQL: SHOW COLUMNS FROM `sw_cate` [ RunTime:0.0000s ]
SQL: SELECT `cate_name` FROM `sw_cate` WHERE ( cate_id=23 ) LIMIT 1   [ RunTime:0.0000s ]
SQL: SELECT * FROM `sw_cate` WHERE ( cate_level=0 )  [ RunTime:0.0000s ]
SQL: SELECT * FROM `sw_cate` WHERE ( cate_level=1 )  [ RunTime:0.0000s ]
SQL: SHOW COLUMNS FROM `sw_goods` [ RunTime:0.0000s ]
SQL: SELECT COUNT(*) AS tp_count FROM `sw_goods` LIMIT 1   [ RunTime:0.0000s ]
SQL: select *from sw_goods  where goods_category_id=23 order by goods_id desc Limit 0, 3 [ RunTime:0.0000s ]
NOTIC: [8] Undefined index: user_name C:\yjdata\www\www\wei\Application\Home\Controller\CateController.class.php 第 66 行.
INFO: [ view_parse ] --START--
INFO: [ template_filter ] --START--
INFO: Run Behavior\ContentReplaceBehavior [ RunTime:0.000000s ]
INFO: [ template_filter ] --END-- [ RunTime:0.000000s ]
INFO: Run Behavior\ParseTemplateBehavior [ RunTime:0.031250s ]
INFO: [ view_parse ] --END-- [ RunTime:0.031250s ]
INFO: [ view_filter ] --START--
INFO: Run Behavior\WriteHtmlCacheBehavior [ RunTime:0.000000s ]
INFO: [ view_filter ] --END-- [ RunTime:0.000000s ]
INFO: [ app_end ] --START--
INFO: Run Behavior\ShowPageTraceBehavior [ RunTime:0.000000s ]
INFO: [ app_end ] --END-- [ RunTime:0.000000s ]

[ 2017-04-12T15:38:22+08:00 ] 220.181.108.179 /wei/index.php/Home/Cate/ca/id/19?page=4
INFO: [ app_init ] --START--
INFO: Run Behavior\BuildLiteBehavior [ RunTime:0.000000s ]
INFO: [ app_init ] --END-- [ RunTime:0.000000s ]
INFO: [ app_begin ] --START--
INFO: Run Behavior\ReadHtmlCacheBehavior [ RunTime:0.000000s ]
INFO: [ app_begin ] --END-- [ RunTime:0.000000s ]
SQL: SHOW COLUMNS FROM `sw_cate` [ RunTime:0.0000s ]
SQL: SELECT `cate_name` FROM `sw_cate` WHERE ( cate_id=19 ) LIMIT 1   [ RunTime:0.0000s ]
SQL: SELECT * FROM `sw_cate` WHERE ( cate_pid=19 )  [ RunTime:0.0000s ]
SQL: SELECT * FROM `sw_cate` WHERE ( cate_level=0 )  [ RunTime:0.0000s ]
SQL: SELECT * FROM `sw_cate` WHERE ( cate_level=1 )  [ RunTime:0.0000s ]
SQL: SHOW COLUMNS FROM `sw_goods` [ RunTime:0.0000s ]
SQL: SELECT COUNT(*) AS tp_count FROM `sw_goods` LIMIT 1   [ RunTime:0.0000s ]
SQL: select *from sw_goods  where goods_category_id in(23) order by goods_id desc Limit 9, 3 [ RunTime:0.0000s ]
INFO: [ view_parse ] --START--
INFO: [ template_filter ] --START--
INFO: Run Behavior\ContentReplaceBehavior [ RunTime:0.015625s ]
INFO: [ template_filter ] --END-- [ RunTime:0.015625s ]
INFO: Run Behavior\ParseTemplateBehavior [ RunTime:0.031250s ]
INFO: [ view_parse ] --END-- [ RunTime:0.031250s ]
INFO: [ view_filter ] --START--
INFO: Run Behavior\WriteHtmlCacheBehavior [ RunTime:0.000000s ]
INFO: [ view_filter ] --END-- [ RunTime:0.000000s ]
INFO: [ app_end ] --START--
INFO: Run Behavior\ShowPageTraceBehavior [ RunTime:0.000000s ]
INFO: [ app_end ] --END-- [ RunTime:0.000000s ]

[ 2017-04-12T16:00:59+08:00 ] 203.208.60.232 /wei/index.php/User/register.html
INFO: [ app_init ] --START--
INFO: Run Behavior\BuildLiteBehavior [ RunTime:0.000000s ]
INFO: [ app_init ] --END-- [ RunTime:0.000000s ]
INFO: [ app_begin ] --START--
INFO: Run Behavior\ReadHtmlCacheBehavior [ RunTime:0.000000s ]
INFO: [ app_begin ] --END-- [ RunTime:0.000000s ]
SQL: SHOW COLUMNS FROM `sw_user` [ RunTime:0.0000s ]
INFO: [ app_end ] --START--
INFO: Run Behavior\ShowPageTraceBehavior [ RunTime:0.000000s ]
INFO: [ app_end ] --END-- [ RunTime:0.000000s ]

[ 2017-04-12T16:27:48+08:00 ] 106.120.173.123 /wei/index.php
INFO: [ app_init ] --START--
INFO: Run Behavior\BuildLiteBehavior [ RunTime:0.000000s ]
INFO: [ app_init ] --END-- [ RunTime:0.000000s ]
INFO: [ app_begin ] --START--
INFO: Run Behavior\ReadHtmlCacheBehavior [ RunTime:0.000000s ]
INFO: [ app_begin ] --END-- [ RunTime:0.000000s ]
SQL: SHOW COLUMNS FROM `sw_goods` [ RunTime:0.0000s ]
SQL: SELECT * FROM `sw_goods` ORDER BY goods_create_time desc LIMIT 7   [ RunTime:0.0000s ]
SQL: SELECT * FROM `sw_goods` ORDER BY goods_view desc LIMIT 3   [ RunTime:0.0000s ]
SQL: SELECT * FROM `sw_goods` WHERE ( goods_price < 400  ) ORDER BY goods_price asc LIMIT 3   [ RunTime:0.0000s ]
SQL: SELECT * FROM `sw_goods` ORDER BY goods_create_time desc LIMIT 3   [ RunTime:0.0000s ]
SQL: SHOW COLUMNS FROM `sw_cate` [ RunTime:0.0000s ]
SQL: SELECT * FROM `sw_cate` WHERE ( cate_level=0 )  [ RunTime:0.0000s ]
NOTIC: [8] Undefined index: user_name C:\yjdata\www\www\wei\Application\Home\Controller\IndexController.class.php 第 27 行.
INFO: [ view_parse ] --START--
INFO: [ template_filter ] --START--
INFO: Run Behavior\ContentReplaceBehavior [ RunTime:0.000000s ]
INFO: [ template_filter ] --END-- [ RunTime:0.000000s ]
INFO: Run Behavior\ParseTemplateBehavior [ RunTime:0.015625s ]
INFO: [ view_parse ] --END-- [ RunTime:0.015625s ]
INFO: [ view_filter ] --START--
INFO: Run Behavior\WriteHtmlCacheBehavior [ RunTime:0.000000s ]
INFO: [ view_filter ] --END-- [ RunTime:0.000000s ]
INFO: [ app_end ] --START--
INFO: Run Behavior\ShowPageTraceBehavior [ RunTime:0.000000s ]
INFO: [ app_end ] --END-- [ RunTime:0.000000s ]

[ 2017-04-12T18:31:49+08:00 ] 101.226.51.228 /wei/index.php/Home/Cate/ca/id/17?page%252525253D2
INFO: [ app_init ] --START--
INFO: Run Behavior\BuildLiteBehavior [ RunTime:0.000000s ]
INFO: [ app_init ] --END-- [ RunTime:0.000000s ]
INFO: [ app_begin ] --START--
INFO: Run Behavior\ReadHtmlCacheBehavior [ RunTime:0.000000s ]
INFO: [ app_begin ] --END-- [ RunTime:0.000000s ]
SQL: SHOW COLUMNS FROM `sw_cate` [ RunTime:0.0000s ]
SQL: SELECT `cate_name` FROM `sw_cate` WHERE ( cate_id=17 ) LIMIT 1   [ RunTime:0.0000s ]
SQL: SELECT * FROM `sw_cate` WHERE ( cate_pid=17 )  [ RunTime:0.0000s ]
SQL: SELECT * FROM `sw_cate` WHERE ( cate_level=0 )  [ RunTime:0.0000s ]
SQL: SELECT * FROM `sw_cate` WHERE ( cate_level=1 )  [ RunTime:0.0000s ]
SQL: SHOW COLUMNS FROM `sw_goods` [ RunTime:0.0000s ]
SQL: SELECT COUNT(*) AS tp_count FROM `sw_goods` LIMIT 1   [ RunTime:0.0000s ]
SQL: select *from sw_goods  where goods_category_id in(21) order by goods_id desc Limit 0, 3 [ RunTime:0.0000s ]
INFO: [ view_parse ] --START--
INFO: [ template_filter ] --START--
INFO: Run Behavior\ContentReplaceBehavior [ RunTime:0.000000s ]
INFO: [ template_filter ] --END-- [ RunTime:0.000000s ]
INFO: Run Behavior\ParseTemplateBehavior [ RunTime:0.031250s ]
INFO: [ view_parse ] --END-- [ RunTime:0.031250s ]
INFO: [ view_filter ] --START--
INFO: Run Behavior\WriteHtmlCacheBehavior [ RunTime:0.000000s ]
INFO: [ view_filter ] --END-- [ RunTime:0.000000s ]
INFO: [ app_end ] --START--
INFO: Run Behavior\ShowPageTraceBehavior [ RunTime:0.000000s ]
INFO: [ app_end ] --END-- [ RunTime:0.000000s ]

[ 2017-04-12T18:38:21+08:00 ] 220.181.108.162 /wei/index.php/Home/Cate/ca/id/19?page=1
INFO: [ app_init ] --START--
INFO: Run Behavior\BuildLiteBehavior [ RunTime:0.000000s ]
INFO: [ app_init ] --END-- [ RunTime:0.000000s ]
INFO: [ app_begin ] --START--
INFO: Run Behavior\ReadHtmlCacheBehavior [ RunTime:0.000000s ]
INFO: [ app_begin ] --END-- [ RunTime:0.000000s ]
SQL: SHOW COLUMNS FROM `sw_cate` [ RunTime:0.0000s ]
SQL: SELECT `cate_name` FROM `sw_cate` WHERE ( cate_id=19 ) LIMIT 1   [ RunTime:0.0000s ]
SQL: SELECT * FROM `sw_cate` WHERE ( cate_pid=19 )  [ RunTime:0.0000s ]
SQL: SELECT * FROM `sw_cate` WHERE ( cate_level=0 )  [ RunTime:0.0000s ]
SQL: SELECT * FROM `sw_cate` WHERE ( cate_level=1 )  [ RunTime:0.0000s ]
SQL: SHOW COLUMNS FROM `sw_goods` [ RunTime:0.0000s ]
SQL: SELECT COUNT(*) AS tp_count FROM `sw_goods` LIMIT 1   [ RunTime:0.0000s ]
SQL: select *from sw_goods  where goods_category_id in(23) order by goods_id desc Limit 0, 3 [ RunTime:0.0000s ]
INFO: [ view_parse ] --START--
INFO: [ template_filter ] --START--
INFO: Run Behavior\ContentReplaceBehavior [ RunTime:0.000000s ]
INFO: [ template_filter ] --END-- [ RunTime:0.000000s ]
INFO: Run Behavior\ParseTemplateBehavior [ RunTime:0.031250s ]
INFO: [ view_parse ] --END-- [ RunTime:0.031250s ]
INFO: [ view_filter ] --START--
INFO: Run Behavior\WriteHtmlCacheBehavior [ RunTime:0.000000s ]
INFO: [ view_filter ] --END-- [ RunTime:0.000000s ]
INFO: [ app_end ] --START--
INFO: Run Behavior\ShowPageTraceBehavior [ RunTime:0.000000s ]
INFO: [ app_end ] --END-- [ RunTime:0.000000s ]

[ 2017-04-12T18:51:02+08:00 ] 101.226.68.215 /wei/index.php/Home/Cate/cates/id/23?page%2525252525253D2
INFO: [ app_init ] --START--
INFO: Run Behavior\BuildLiteBehavior [ RunTime:0.000000s ]
INFO: [ app_init ] --END-- [ RunTime:0.000000s ]
INFO: [ app_begin ] --START--
INFO: Run Behavior\ReadHtmlCacheBehavior [ RunTime:0.000000s ]
INFO: [ app_begin ] --END-- [ RunTime:0.000000s ]
SQL: SHOW COLUMNS FROM `sw_cate` [ RunTime:0.0000s ]
SQL: SELECT `cate_name` FROM `sw_cate` WHERE ( cate_id=23 ) LIMIT 1   [ RunTime:0.0000s ]
SQL: SELECT * FROM `sw_cate` WHERE ( cate_level=0 )  [ RunTime:0.0000s ]
SQL: SELECT * FROM `sw_cate` WHERE ( cate_level=1 )  [ RunTime:0.0000s ]
SQL: SHOW COLUMNS FROM `sw_goods` [ RunTime:0.0000s ]
SQL: SELECT COUNT(*) AS tp_count FROM `sw_goods` LIMIT 1   [ RunTime:0.0000s ]
SQL: select *from sw_goods  where goods_category_id=23 order by goods_id desc Limit 0, 3 [ RunTime:0.0000s ]
NOTIC: [8] Undefined index: user_name C:\yjdata\www\www\wei\Application\Home\Controller\CateController.class.php 第 66 行.
INFO: [ view_parse ] --START--
INFO: [ template_filter ] --START--
INFO: Run Behavior\ContentReplaceBehavior [ RunTime:0.000000s ]
INFO: [ template_filter ] --END-- [ RunTime:0.000000s ]
INFO: Run Behavior\ParseTemplateBehavior [ RunTime:0.015625s ]
INFO: [ view_parse ] --END-- [ RunTime:0.015625s ]
INFO: [ view_filter ] --START--
INFO: Run Behavior\WriteHtmlCacheBehavior [ RunTime:0.000000s ]
INFO: [ view_filter ] --END-- [ RunTime:0.000000s ]
INFO: [ app_end ] --START--
INFO: Run Behavior\ShowPageTraceBehavior [ RunTime:0.000000s ]
INFO: [ app_end ] --END-- [ RunTime:0.000000s ]

[ 2017-04-12T18:51:12+08:00 ] 180.153.206.17 /wei/index.php/Home/Cate/cates/id/23?page%2525252525253D2
INFO: [ app_init ] --START--
INFO: Run Behavior\BuildLiteBehavior [ RunTime:0.000000s ]
INFO: [ app_init ] --END-- [ RunTime:0.000000s ]
INFO: [ app_begin ] --START--
INFO: Run Behavior\ReadHtmlCacheBehavior [ RunTime:0.000000s ]
INFO: [ app_begin ] --END-- [ RunTime:0.000000s ]
SQL: SHOW COLUMNS FROM `sw_cate` [ RunTime:0.0000s ]
SQL: SELECT `cate_name` FROM `sw_cate` WHERE ( cate_id=23 ) LIMIT 1   [ RunTime:0.0000s ]
SQL: SELECT * FROM `sw_cate` WHERE ( cate_level=0 )  [ RunTime:0.0000s ]
SQL: SELECT * FROM `sw_cate` WHERE ( cate_level=1 )  [ RunTime:0.0000s ]
SQL: SHOW COLUMNS FROM `sw_goods` [ RunTime:0.0000s ]
SQL: SELECT COUNT(*) AS tp_count FROM `sw_goods` LIMIT 1   [ RunTime:0.0000s ]
SQL: select *from sw_goods  where goods_category_id=23 order by goods_id desc Limit 0, 3 [ RunTime:0.0000s ]
NOTIC: [8] Undefined index: user_name C:\yjdata\www\www\wei\Application\Home\Controller\CateController.class.php 第 66 行.
INFO: [ view_parse ] --START--
INFO: [ template_filter ] --START--
INFO: Run Behavior\ContentReplaceBehavior [ RunTime:0.000000s ]
INFO: [ template_filter ] --END-- [ RunTime:0.000000s ]
INFO: Run Behavior\ParseTemplateBehavior [ RunTime:0.015625s ]
INFO: [ view_parse ] --END-- [ RunTime:0.015625s ]
INFO: [ view_filter ] --START--
INFO: Run Behavior\WriteHtmlCacheBehavior [ RunTime:0.000000s ]
INFO: [ view_filter ] --END-- [ RunTime:0.000000s ]
INFO: [ app_end ] --START--
INFO: Run Behavior\ShowPageTraceBehavior [ RunTime:0.000000s ]
INFO: [ app_end ] --END-- [ RunTime:0.000000s ]

[ 2017-04-12T19:50:09+08:00 ] 203.208.60.228 /wei/index.php
INFO: [ app_init ] --START--
INFO: Run Behavior\BuildLiteBehavior [ RunTime:0.000000s ]
INFO: [ app_init ] --END-- [ RunTime:0.000000s ]
INFO: [ app_begin ] --START--
INFO: Run Behavior\ReadHtmlCacheBehavior [ RunTime:0.000000s ]
INFO: [ app_begin ] --END-- [ RunTime:0.000000s ]
SQL: SHOW COLUMNS FROM `sw_goods` [ RunTime:0.0000s ]
SQL: SELECT * FROM `sw_goods` ORDER BY goods_create_time desc LIMIT 7   [ RunTime:0.0000s ]
SQL: SELECT * FROM `sw_goods` ORDER BY goods_view desc LIMIT 3   [ RunTime:0.0000s ]
SQL: SELECT * FROM `sw_goods` WHERE ( goods_price < 400  ) ORDER BY goods_price asc LIMIT 3   [ RunTime:0.0000s ]
SQL: SELECT * FROM `sw_goods` ORDER BY goods_create_time desc LIMIT 3   [ RunTime:0.0000s ]
SQL: SHOW COLUMNS FROM `sw_cate` [ RunTime:0.0000s ]
SQL: SELECT * FROM `sw_cate` WHERE ( cate_level=0 )  [ RunTime:0.0000s ]
NOTIC: [8] Undefined index: user_name C:\yjdata\www\www\wei\Application\Home\Controller\IndexController.class.php 第 27 行.
INFO: [ view_parse ] --START--
INFO: [ template_filter ] --START--
INFO: Run Behavior\ContentReplaceBehavior [ RunTime:0.015625s ]
INFO: [ template_filter ] --END-- [ RunTime:0.015625s ]
INFO: Run Behavior\ParseTemplateBehavior [ RunTime:0.031249s ]
INFO: [ view_parse ] --END-- [ RunTime:0.031249s ]
INFO: [ view_filter ] --START--
INFO: Run Behavior\WriteHtmlCacheBehavior [ RunTime:0.000000s ]
INFO: [ view_filter ] --END-- [ RunTime:0.000000s ]
INFO: [ app_end ] --START--
INFO: Run Behavior\ShowPageTraceBehavior [ RunTime:0.000000s ]
INFO: [ app_end ] --END-- [ RunTime:0.000000s ]

[ 2017-04-12T19:50:10+08:00 ] 203.208.60.228 /wei/index.php
INFO: [ app_init ] --START--
INFO: Run Behavior\BuildLiteBehavior [ RunTime:0.000000s ]
INFO: [ app_init ] --END-- [ RunTime:0.000000s ]
INFO: [ app_begin ] --START--
INFO: Run Behavior\ReadHtmlCacheBehavior [ RunTime:0.000000s ]
INFO: [ app_begin ] --END-- [ RunTime:0.000000s ]
SQL: SHOW COLUMNS FROM `sw_goods` [ RunTime:0.0000s ]
SQL: SELECT * FROM `sw_goods` ORDER BY goods_create_time desc LIMIT 7   [ RunTime:0.0000s ]
SQL: SELECT * FROM `sw_goods` ORDER BY goods_view desc LIMIT 3   [ RunTime:0.0000s ]
SQL: SELECT * FROM `sw_goods` WHERE ( goods_price < 400  ) ORDER BY goods_price asc LIMIT 3   [ RunTime:0.0000s ]
SQL: SELECT * FROM `sw_goods` ORDER BY goods_create_time desc LIMIT 3   [ RunTime:0.0000s ]
SQL: SHOW COLUMNS FROM `sw_cate` [ RunTime:0.0000s ]
SQL: SELECT * FROM `sw_cate` WHERE ( cate_level=0 )  [ RunTime:0.0000s ]
NOTIC: [8] Undefined index: user_name C:\yjdata\www\www\wei\Application\Home\Controller\IndexController.class.php 第 27 行.
INFO: [ view_parse ] --START--
INFO: [ template_filter ] --START--
INFO: Run Behavior\ContentReplaceBehavior [ RunTime:0.000000s ]
INFO: [ template_filter ] --END-- [ RunTime:0.000000s ]
INFO: Run Behavior\ParseTemplateBehavior [ RunTime:0.015625s ]
INFO: [ view_parse ] --END-- [ RunTime:0.015625s ]
INFO: [ view_filter ] --START--
INFO: Run Behavior\WriteHtmlCacheBehavior [ RunTime:0.000000s ]
INFO: [ view_filter ] --END-- [ RunTime:0.000000s ]
INFO: [ app_end ] --START--
INFO: Run Behavior\ShowPageTraceBehavior [ RunTime:0.015624s ]
INFO: [ app_end ] --END-- [ RunTime:0.015624s ]

[ 2017-04-12T19:52:51+08:00 ] 203.208.60.229 /wei/index.php/User/cancel
INFO: [ app_init ] --START--
INFO: Run Behavior\BuildLiteBehavior [ RunTime:0.000000s ]
INFO: [ app_init ] --END-- [ RunTime:0.000000s ]
INFO: [ app_begin ] --START--
INFO: Run Behavior\ReadHtmlCacheBehavior [ RunTime:0.000000s ]
INFO: [ app_begin ] --END-- [ RunTime:0.000000s ]
NOTIC: [8] Undefined index: id C:\yjdata\www\www\wei\Application\Home\Controller\UserController.class.php 第 117 行.
SQL: SHOW COLUMNS FROM `sw_collect` [ RunTime:0.0000s ]
ERR: 1064:You have an error in your SQL syntax; check the manual that corresponds to your MySQL server version for the right syntax to use near 'AND uid =  )' at line 1
 [ SQL语句 ] : DELETE FROM `sw_collect` WHERE ( gid =  AND uid =  )
ERR: 1064:You have an error in your SQL syntax; check the manual that corresponds to your MySQL server version for the right syntax to use near 'AND uid =  )' at line 1
 [ SQL语句 ] : DELETE FROM `sw_collect` WHERE ( gid =  AND uid =  )

[ 2017-04-12T19:52:51+08:00 ] 203.208.60.229 /wei/index.php/User/index
INFO: [ app_init ] --START--
INFO: Run Behavior\BuildLiteBehavior [ RunTime:0.000000s ]
INFO: [ app_init ] --END-- [ RunTime:0.000000s ]
INFO: [ app_begin ] --START--
INFO: Run Behavior\ReadHtmlCacheBehavior [ RunTime:0.000000s ]
INFO: [ app_begin ] --END-- [ RunTime:0.000000s ]
INFO: [ app_end ] --START--
INFO: Run Behavior\ShowPageTraceBehavior [ RunTime:0.000000s ]
INFO: [ app_end ] --END-- [ RunTime:0.000000s ]

[ 2017-04-12T19:52:52+08:00 ] 203.208.60.229 /wei/index.php/User/update
INFO: [ app_init ] --START--
INFO: Run Behavior\BuildLiteBehavior [ RunTime:0.000000s ]
INFO: [ app_init ] --END-- [ RunTime:0.000000s ]
INFO: [ app_begin ] --START--
INFO: Run Behavior\ReadHtmlCacheBehavior [ RunTime:0.000000s ]
INFO: [ app_begin ] --END-- [ RunTime:0.000000s ]
NOTIC: [8] Undefined index: username C:\yjdata\www\www\wei\Application\Home\Controller\UserController.class.php 第 143 行.
NOTIC: [8] Undefined index: pass C:\yjdata\www\www\wei\Application\Home\Controller\UserController.class.php 第 144 行.
NOTIC: [8] Undefined index: email C:\yjdata\www\www\wei\Application\Home\Controller\UserController.class.php 第 145 行.
SQL: SHOW COLUMNS FROM `sw_user` [ RunTime:0.0000s ]
ERR: 1064:You have an error in your SQL syntax; check the manual that corresponds to your MySQL server version for the right syntax to use near ')' at line 1
 [ SQL语句 ] : UPDATE `sw_user` SET `username`=NULL,`password`=NULL,`user_email`=NULL WHERE ( user_id =  )
ERR: 1064:You have an error in your SQL syntax; check the manual that corresponds to your MySQL server version for the right syntax to use near ')' at line 1
 [ SQL语句 ] : UPDATE `sw_user` SET `username`=NULL,`password`=NULL,`user_email`=NULL WHERE ( user_id =  )

[ 2017-04-12T19:52:52+08:00 ] 203.208.60.229 /wei/index.php/Com/getComment
INFO: [ app_init ] --START--
INFO: Run Behavior\BuildLiteBehavior [ RunTime:0.000000s ]
INFO: [ app_init ] --END-- [ RunTime:0.000000s ]
INFO: [ app_begin ] --START--
INFO: Run Behavior\ReadHtmlCacheBehavior [ RunTime:0.000000s ]
INFO: [ app_begin ] --END-- [ RunTime:0.000000s ]
NOTIC: [8] Undefined index: gid C:\yjdata\www\www\wei\Application\Home\Controller\ComController.class.php 第 45 行.
SQL: SHOW COLUMNS FROM `sw_comment` [ RunTime:0.0469s ]
ERR: 1064:You have an error in your SQL syntax; check the manual that corresponds to your MySQL server version for the right syntax to use near ') ORDER BY time DESC' at line 1
 [ SQL语句 ] : SELECT * FROM `sw_comment` WHERE ( gid =  ) ORDER BY time DESC 
ERR: 1064:You have an error in your SQL syntax; check the manual that corresponds to your MySQL server version for the right syntax to use near ') ORDER BY time DESC' at line 1
 [ SQL语句 ] : SELECT * FROM `sw_comment` WHERE ( gid =  ) ORDER BY time DESC 

[ 2017-04-12T20:44:31+08:00 ] 180.153.214.200 /wei/index.php/Home/Cate/ca/id/17?page%25252525253D2
INFO: [ app_init ] --START--
INFO: Run Behavior\BuildLiteBehavior [ RunTime:0.000000s ]
INFO: [ app_init ] --END-- [ RunTime:0.000000s ]
INFO: [ app_begin ] --START--
INFO: Run Behavior\ReadHtmlCacheBehavior [ RunTime:0.000000s ]
INFO: [ app_begin ] --END-- [ RunTime:0.000000s ]
SQL: SHOW COLUMNS FROM `sw_cate` [ RunTime:0.0000s ]
SQL: SELECT `cate_name` FROM `sw_cate` WHERE ( cate_id=17 ) LIMIT 1   [ RunTime:0.0000s ]
SQL: SELECT * FROM `sw_cate` WHERE ( cate_pid=17 )  [ RunTime:0.0000s ]
SQL: SELECT * FROM `sw_cate` WHERE ( cate_level=0 )  [ RunTime:0.0000s ]
SQL: SELECT * FROM `sw_cate` WHERE ( cate_level=1 )  [ RunTime:0.0000s ]
SQL: SHOW COLUMNS FROM `sw_goods` [ RunTime:0.0000s ]
SQL: SELECT COUNT(*) AS tp_count FROM `sw_goods` LIMIT 1   [ RunTime:0.0000s ]
SQL: select *from sw_goods  where goods_category_id in(21) order by goods_id desc Limit 0, 3 [ RunTime:0.0000s ]
INFO: [ view_parse ] --START--
INFO: [ template_filter ] --START--
INFO: Run Behavior\ContentReplaceBehavior [ RunTime:0.000000s ]
INFO: [ template_filter ] --END-- [ RunTime:0.000000s ]
INFO: Run Behavior\ParseTemplateBehavior [ RunTime:0.015624s ]
INFO: [ view_parse ] --END-- [ RunTime:0.015624s ]
INFO: [ view_filter ] --START--
INFO: Run Behavior\WriteHtmlCacheBehavior [ RunTime:0.000000s ]
INFO: [ view_filter ] --END-- [ RunTime:0.000000s ]
INFO: [ app_end ] --START--
INFO: Run Behavior\ShowPageTraceBehavior [ RunTime:0.000000s ]
INFO: [ app_end ] --END-- [ RunTime:0.000000s ]

[ 2017-04-12T20:49:51+08:00 ] 101.226.66.177 /wei/index.php/Home/Cate/cates/id/23?page%252525252525253D2
INFO: [ app_init ] --START--
INFO: Run Behavior\BuildLiteBehavior [ RunTime:0.000000s ]
INFO: [ app_init ] --END-- [ RunTime:0.000000s ]
INFO: [ app_begin ] --START--
INFO: Run Behavior\ReadHtmlCacheBehavior [ RunTime:0.000000s ]
INFO: [ app_begin ] --END-- [ RunTime:0.000000s ]
SQL: SHOW COLUMNS FROM `sw_cate` [ RunTime:0.0000s ]
SQL: SELECT `cate_name` FROM `sw_cate` WHERE ( cate_id=23 ) LIMIT 1   [ RunTime:0.0000s ]
SQL: SELECT * FROM `sw_cate` WHERE ( cate_level=0 )  [ RunTime:0.0000s ]
SQL: SELECT * FROM `sw_cate` WHERE ( cate_level=1 )  [ RunTime:0.0000s ]
SQL: SHOW COLUMNS FROM `sw_goods` [ RunTime:0.0000s ]
SQL: SELECT COUNT(*) AS tp_count FROM `sw_goods` LIMIT 1   [ RunTime:0.0000s ]
SQL: select *from sw_goods  where goods_category_id=23 order by goods_id desc Limit 0, 3 [ RunTime:0.0000s ]
NOTIC: [8] Undefined index: user_name C:\yjdata\www\www\wei\Application\Home\Controller\CateController.class.php 第 66 行.
INFO: [ view_parse ] --START--
INFO: [ template_filter ] --START--
INFO: Run Behavior\ContentReplaceBehavior [ RunTime:0.000000s ]
INFO: [ template_filter ] --END-- [ RunTime:0.000000s ]
INFO: Run Behavior\ParseTemplateBehavior [ RunTime:0.031249s ]
INFO: [ view_parse ] --END-- [ RunTime:0.031249s ]
INFO: [ view_filter ] --START--
INFO: Run Behavior\WriteHtmlCacheBehavior [ RunTime:0.000000s ]
INFO: [ view_filter ] --END-- [ RunTime:0.000000s ]
INFO: [ app_end ] --START--
INFO: Run Behavior\ShowPageTraceBehavior [ RunTime:0.000000s ]
INFO: [ app_end ] --END-- [ RunTime:0.000000s ]

[ 2017-04-12T21:21:30+08:00 ] 203.208.60.230 /wei/index.php/Home/Cate/ca/id/20?&page=4
INFO: [ app_init ] --START--
INFO: Run Behavior\BuildLiteBehavior [ RunTime:0.000000s ]
INFO: [ app_init ] --END-- [ RunTime:0.000000s ]
INFO: [ app_begin ] --START--
INFO: Run Behavior\ReadHtmlCacheBehavior [ RunTime:0.000000s ]
INFO: [ app_begin ] --END-- [ RunTime:0.000000s ]
SQL: SHOW COLUMNS FROM `sw_cate` [ RunTime:0.0000s ]
SQL: SELECT `cate_name` FROM `sw_cate` WHERE ( cate_id=20 ) LIMIT 1   [ RunTime:0.0000s ]
SQL: SELECT * FROM `sw_cate` WHERE ( cate_pid=20 )  [ RunTime:0.0156s ]
SQL: SELECT * FROM `sw_cate` WHERE ( cate_level=0 )  [ RunTime:0.0000s ]
SQL: SELECT * FROM `sw_cate` WHERE ( cate_level=1 )  [ RunTime:0.0000s ]
SQL: SHOW COLUMNS FROM `sw_goods` [ RunTime:0.0000s ]
SQL: SELECT COUNT(*) AS tp_count FROM `sw_goods` LIMIT 1   [ RunTime:0.0000s ]
SQL: select *from sw_goods  where goods_category_id in(24) order by goods_id desc Limit 9, 3 [ RunTime:0.0000s ]
INFO: [ view_parse ] --START--
INFO: [ template_filter ] --START--
INFO: Run Behavior\ContentReplaceBehavior [ RunTime:0.000000s ]
INFO: [ template_filter ] --END-- [ RunTime:0.000000s ]
INFO: Run Behavior\ParseTemplateBehavior [ RunTime:0.015624s ]
INFO: [ view_parse ] --END-- [ RunTime:0.015624s ]
INFO: [ view_filter ] --START--
INFO: Run Behavior\WriteHtmlCacheBehavior [ RunTime:0.000000s ]
INFO: [ view_filter ] --END-- [ RunTime:0.000000s ]
INFO: [ app_end ] --START--
INFO: Run Behavior\ShowPageTraceBehavior [ RunTime:0.000000s ]
INFO: [ app_end ] --END-- [ RunTime:0.000000s ]

[ 2017-04-12T21:39:24+08:00 ] 180.153.212.13 /wei/index.php/goods/showlist?page%2525252525253D3
INFO: [ app_init ] --START--
INFO: Run Behavior\BuildLiteBehavior [ RunTime:0.000000s ]
INFO: [ app_init ] --END-- [ RunTime:0.000000s ]
INFO: [ app_begin ] --START--
INFO: Run Behavior\ReadHtmlCacheBehavior [ RunTime:0.000000s ]
INFO: [ app_begin ] --END-- [ RunTime:0.000000s ]
SQL: SHOW COLUMNS FROM `sw_goods` [ RunTime:0.0000s ]
SQL: SELECT COUNT(*) AS tp_count FROM `sw_goods` LIMIT 1   [ RunTime:0.0000s ]
SQL: select *from sw_goods order by goods_id desc Limit 0, 5 [ RunTime:0.0000s ]
SQL: SHOW COLUMNS FROM `sw_cate` [ RunTime:0.0000s ]
SQL: SELECT * FROM `sw_cate` WHERE ( cate_level=0 )  [ RunTime:0.0000s ]
NOTIC: [8] Undefined index: user_name C:\yjdata\www\www\wei\Application\Home\Controller\GoodsController.class.php 第 32 行.
INFO: [ view_parse ] --START--
INFO: [ template_filter ] --START--
INFO: Run Behavior\ContentReplaceBehavior [ RunTime:0.000000s ]
INFO: [ template_filter ] --END-- [ RunTime:0.000000s ]
INFO: Run Behavior\ParseTemplateBehavior [ RunTime:0.015625s ]
INFO: [ view_parse ] --END-- [ RunTime:0.015625s ]
INFO: [ view_filter ] --START--
INFO: Run Behavior\WriteHtmlCacheBehavior [ RunTime:0.000000s ]
INFO: [ view_filter ] --END-- [ RunTime:0.000000s ]
INFO: [ app_end ] --START--
INFO: Run Behavior\ShowPageTraceBehavior [ RunTime:0.000000s ]
INFO: [ app_end ] --END-- [ RunTime:0.000000s ]

[ 2017-04-12T21:47:08+08:00 ] 203.208.60.232 /wei/index.php/Home/Cate/ca/id/17
INFO: [ app_init ] --START--
INFO: Run Behavior\BuildLiteBehavior [ RunTime:0.000000s ]
INFO: [ app_init ] --END-- [ RunTime:0.000000s ]
INFO: [ app_begin ] --START--
INFO: Run Behavior\ReadHtmlCacheBehavior [ RunTime:0.000000s ]
INFO: [ app_begin ] --END-- [ RunTime:0.000000s ]
SQL: SHOW COLUMNS FROM `sw_cate` [ RunTime:0.0000s ]
SQL: SELECT `cate_name` FROM `sw_cate` WHERE ( cate_id=17 ) LIMIT 1   [ RunTime:0.0000s ]
SQL: SELECT * FROM `sw_cate` WHERE ( cate_pid=17 )  [ RunTime:0.0000s ]
SQL: SELECT * FROM `sw_cate` WHERE ( cate_level=0 )  [ RunTime:0.0000s ]
SQL: SELECT * FROM `sw_cate` WHERE ( cate_level=1 )  [ RunTime:0.0000s ]
SQL: SHOW COLUMNS FROM `sw_goods` [ RunTime:0.0000s ]
SQL: SELECT COUNT(*) AS tp_count FROM `sw_goods` LIMIT 1   [ RunTime:0.0000s ]
SQL: select *from sw_goods  where goods_category_id in(21) order by goods_id desc Limit 0, 3 [ RunTime:0.0000s ]
INFO: [ view_parse ] --START--
INFO: [ template_filter ] --START--
INFO: Run Behavior\ContentReplaceBehavior [ RunTime:0.000000s ]
INFO: [ template_filter ] --END-- [ RunTime:0.000000s ]
INFO: Run Behavior\ParseTemplateBehavior [ RunTime:0.015625s ]
INFO: [ view_parse ] --END-- [ RunTime:0.015625s ]
INFO: [ view_filter ] --START--
INFO: Run Behavior\WriteHtmlCacheBehavior [ RunTime:0.000000s ]
INFO: [ view_filter ] --END-- [ RunTime:0.000000s ]
INFO: [ app_end ] --START--
INFO: Run Behavior\ShowPageTraceBehavior [ RunTime:0.000000s ]
INFO: [ app_end ] --END-- [ RunTime:0.000000s ]

[ 2017-04-12T22:54:32+08:00 ] 112.90.82.218 /wei/index.php/Home/Cate/cates/id/23?page%25252525252525253D2
INFO: [ app_init ] --START--
INFO: Run Behavior\BuildLiteBehavior [ RunTime:0.000000s ]
INFO: [ app_init ] --END-- [ RunTime:0.000000s ]
INFO: [ app_begin ] --START--
INFO: Run Behavior\ReadHtmlCacheBehavior [ RunTime:0.000000s ]
INFO: [ app_begin ] --END-- [ RunTime:0.000000s ]
SQL: SHOW COLUMNS FROM `sw_cate` [ RunTime:0.0000s ]
SQL: SELECT `cate_name` FROM `sw_cate` WHERE ( cate_id=23 ) LIMIT 1   [ RunTime:0.0000s ]
SQL: SELECT * FROM `sw_cate` WHERE ( cate_level=0 )  [ RunTime:0.0000s ]
SQL: SELECT * FROM `sw_cate` WHERE ( cate_level=1 )  [ RunTime:0.0000s ]
SQL: SHOW COLUMNS FROM `sw_goods` [ RunTime:0.0000s ]
SQL: SELECT COUNT(*) AS tp_count FROM `sw_goods` LIMIT 1   [ RunTime:0.0000s ]
SQL: select *from sw_goods  where goods_category_id=23 order by goods_id desc Limit 0, 3 [ RunTime:0.0000s ]
NOTIC: [8] Undefined index: user_name C:\yjdata\www\www\wei\Application\Home\Controller\CateController.class.php 第 66 行.
INFO: [ view_parse ] --START--
INFO: [ template_filter ] --START--
INFO: Run Behavior\ContentReplaceBehavior [ RunTime:0.000000s ]
INFO: [ template_filter ] --END-- [ RunTime:0.000000s ]
INFO: Run Behavior\ParseTemplateBehavior [ RunTime:0.031252s ]
INFO: [ view_parse ] --END-- [ RunTime:0.031252s ]
INFO: [ view_filter ] --START--
INFO: Run Behavior\WriteHtmlCacheBehavior [ RunTime:0.000000s ]
INFO: [ view_filter ] --END-- [ RunTime:0.000000s ]
INFO: [ app_end ] --START--
INFO: Run Behavior\ShowPageTraceBehavior [ RunTime:0.000000s ]
INFO: [ app_end ] --END-- [ RunTime:0.000000s ]

[ 2017-04-12T22:54:50+08:00 ] 101.226.65.108 /wei/index.php/Home/Cate/cates/id/23?page%25252525252525253D2
INFO: [ app_init ] --START--
INFO: Run Behavior\BuildLiteBehavior [ RunTime:0.000000s ]
INFO: [ app_init ] --END-- [ RunTime:0.000000s ]
INFO: [ app_begin ] --START--
INFO: Run Behavior\ReadHtmlCacheBehavior [ RunTime:0.000000s ]
INFO: [ app_begin ] --END-- [ RunTime:0.000000s ]
SQL: SHOW COLUMNS FROM `sw_cate` [ RunTime:0.0000s ]
SQL: SELECT `cate_name` FROM `sw_cate` WHERE ( cate_id=23 ) LIMIT 1   [ RunTime:0.0000s ]
SQL: SELECT * FROM `sw_cate` WHERE ( cate_level=0 )  [ RunTime:0.0000s ]
SQL: SELECT * FROM `sw_cate` WHERE ( cate_level=1 )  [ RunTime:0.0000s ]
SQL: SHOW COLUMNS FROM `sw_goods` [ RunTime:0.0000s ]
SQL: SELECT COUNT(*) AS tp_count FROM `sw_goods` LIMIT 1   [ RunTime:0.0000s ]
SQL: select *from sw_goods  where goods_category_id=23 order by goods_id desc Limit 0, 3 [ RunTime:0.0000s ]
NOTIC: [8] Undefined index: user_name C:\yjdata\www\www\wei\Application\Home\Controller\CateController.class.php 第 66 行.
INFO: [ view_parse ] --START--
INFO: [ template_filter ] --START--
INFO: Run Behavior\ContentReplaceBehavior [ RunTime:0.000000s ]
INFO: [ template_filter ] --END-- [ RunTime:0.000000s ]
INFO: Run Behavior\ParseTemplateBehavior [ RunTime:0.015626s ]
INFO: [ view_parse ] --END-- [ RunTime:0.015626s ]
INFO: [ view_filter ] --START--
INFO: Run Behavior\WriteHtmlCacheBehavior [ RunTime:0.000000s ]
INFO: [ view_filter ] --END-- [ RunTime:0.000000s ]
INFO: [ app_end ] --START--
INFO: Run Behavior\ShowPageTraceBehavior [ RunTime:0.000000s ]
INFO: [ app_end ] --END-- [ RunTime:0.000000s ]

[ 2017-04-12T23:02:00+08:00 ] 101.226.85.67 /wei/index.php/Home/Cate/ca/id/17?page%2525252525253D2
INFO: [ app_init ] --START--
INFO: Run Behavior\BuildLiteBehavior [ RunTime:0.000000s ]
INFO: [ app_init ] --END-- [ RunTime:0.000000s ]
INFO: [ app_begin ] --START--
INFO: Run Behavior\ReadHtmlCacheBehavior [ RunTime:0.000000s ]
INFO: [ app_begin ] --END-- [ RunTime:0.000000s ]
SQL: SHOW COLUMNS FROM `sw_cate` [ RunTime:0.0000s ]
SQL: SELECT `cate_name` FROM `sw_cate` WHERE ( cate_id=17 ) LIMIT 1   [ RunTime:0.0000s ]
SQL: SELECT * FROM `sw_cate` WHERE ( cate_pid=17 )  [ RunTime:0.0000s ]
SQL: SELECT * FROM `sw_cate` WHERE ( cate_level=0 )  [ RunTime:0.0000s ]
SQL: SELECT * FROM `sw_cate` WHERE ( cate_level=1 )  [ RunTime:0.0000s ]
SQL: SHOW COLUMNS FROM `sw_goods` [ RunTime:0.0000s ]
SQL: SELECT COUNT(*) AS tp_count FROM `sw_goods` LIMIT 1   [ RunTime:0.0000s ]
SQL: select *from sw_goods  where goods_category_id in(21) order by goods_id desc Limit 0, 3 [ RunTime:0.0000s ]
INFO: [ view_parse ] --START--
INFO: [ template_filter ] --START--
INFO: Run Behavior\ContentReplaceBehavior [ RunTime:0.000000s ]
INFO: [ template_filter ] --END-- [ RunTime:0.000000s ]
INFO: Run Behavior\ParseTemplateBehavior [ RunTime:0.031252s ]
INFO: [ view_parse ] --END-- [ RunTime:0.031252s ]
INFO: [ view_filter ] --START--
INFO: Run Behavior\WriteHtmlCacheBehavior [ RunTime:0.000000s ]
INFO: [ view_filter ] --END-- [ RunTime:0.000000s ]
INFO: [ app_end ] --START--
INFO: Run Behavior\ShowPageTraceBehavior [ RunTime:0.000000s ]
INFO: [ app_end ] --END-- [ RunTime:0.000000s ]

