[ 2016-11-06T15:04:36+08:00 ] ::1 /wei/index.php/Admin/Manager/
INFO: [ app_init ] --START--
INFO: Run Behavior\BuildLiteBehavior [ RunTime:0.000026s ]
INFO: [ app_init ] --END-- [ RunTime:0.000437s ]
INFO: [ app_begin ] --START--
INFO: Run Behavior\ReadHtmlCacheBehavior [ RunTime:0.000769s ]
INFO: [ app_begin ] --END-- [ RunTime:0.000910s ]
ERR: 非法操作:index

[ 2016-11-06T15:04:40+08:00 ] ::1 /wei/index.php/Admin/Manager/login.html
INFO: [ app_init ] --START--
INFO: Run Behavior\BuildLiteBehavior [ RunTime:0.000040s ]
INFO: [ app_init ] --END-- [ RunTime:0.000550s ]
INFO: [ app_begin ] --START--
INFO: Run Behavior\ReadHtmlCacheBehavior [ RunTime:0.000578s ]
INFO: [ app_begin ] --END-- [ RunTime:0.000708s ]
INFO: [ view_parse ] --START--
INFO: [ template_filter ] --START--
INFO: Run Behavior\ContentReplaceBehavior [ RunTime:0.000094s ]
INFO: [ template_filter ] --END-- [ RunTime:0.000222s ]
NOTIC: [8] Undefined variable: msg D:\wamp\www\wei\Application\Runtime\Cache\Admin\9573a6fefcd263b117f74d0cf3257239.php 第 13 行.
INFO: Run Behavior\ParseTemplateBehavior [ RunTime:0.054928s ]
INFO: [ view_parse ] --END-- [ RunTime:0.055040s ]
INFO: [ view_filter ] --START--
INFO: Run Behavior\WriteHtmlCacheBehavior [ RunTime:0.000379s ]
INFO: [ view_filter ] --END-- [ RunTime:0.000479s ]
INFO: [ app_end ] --START--
INFO: Run Behavior\ShowPageTraceBehavior [ RunTime:0.000557s ]
INFO: [ app_end ] --END-- [ RunTime:0.000669s ]

[ 2016-11-06T15:04:41+08:00 ] ::1 /wei/index.php/Admin/Manager/verifyImg
INFO: [ app_init ] --START--
INFO: Run Behavior\BuildLiteBehavior [ RunTime:0.000031s ]
INFO: [ app_init ] --END-- [ RunTime:0.000425s ]
INFO: [ app_begin ] --START--
INFO: Run Behavior\ReadHtmlCacheBehavior [ RunTime:0.000476s ]
INFO: [ app_begin ] --END-- [ RunTime:0.000599s ]
INFO: [ app_end ] --START--
INFO: Run Behavior\ShowPageTraceBehavior [ RunTime:0.000596s ]
INFO: [ app_end ] --END-- [ RunTime:0.000771s ]

[ 2016-11-06T15:04:49+08:00 ] ::1 /wei/index.php/Admin/Manager/verifyImg/0.016065962152375324
INFO: [ app_init ] --START--
INFO: Run Behavior\BuildLiteBehavior [ RunTime:0.000024s ]
INFO: [ app_init ] --END-- [ RunTime:0.000352s ]
INFO: [ app_begin ] --START--
INFO: Run Behavior\ReadHtmlCacheBehavior [ RunTime:0.000371s ]
INFO: [ app_begin ] --END-- [ RunTime:0.000485s ]
INFO: [ app_end ] --START--
INFO: Run Behavior\ShowPageTraceBehavior [ RunTime:0.000555s ]
INFO: [ app_end ] --END-- [ RunTime:0.000679s ]

[ 2016-11-06T15:04:54+08:00 ] ::1 /wei/index.php/Admin/Manager/login.html
INFO: [ app_init ] --START--
INFO: Run Behavior\BuildLiteBehavior [ RunTime:0.000032s ]
INFO: [ app_init ] --END-- [ RunTime:0.000742s ]
INFO: [ app_begin ] --START--
INFO: Run Behavior\ReadHtmlCacheBehavior [ RunTime:0.000445s ]
INFO: [ app_begin ] --END-- [ RunTime:0.000568s ]
SQL: SHOW COLUMNS FROM `sw_manager` [ RunTime:0.0382s ]
SQL: SELECT * FROM `sw_manager` WHERE ( mg_name='chery' ) LIMIT 1   [ RunTime:0.0003s ]
INFO: [ view_parse ] --START--
INFO: [ template_filter ] --START--
INFO: Run Behavior\ContentReplaceBehavior [ RunTime:0.000087s ]
INFO: [ template_filter ] --END-- [ RunTime:0.000218s ]
INFO: Run Behavior\ParseTemplateBehavior [ RunTime:0.005721s ]
INFO: [ view_parse ] --END-- [ RunTime:0.005913s ]
INFO: [ view_filter ] --START--
INFO: Run Behavior\WriteHtmlCacheBehavior [ RunTime:0.000311s ]
INFO: [ view_filter ] --END-- [ RunTime:0.000410s ]
INFO: [ app_end ] --START--
INFO: Run Behavior\ShowPageTraceBehavior [ RunTime:0.000418s ]
INFO: [ app_end ] --END-- [ RunTime:0.000550s ]

[ 2016-11-06T15:04:54+08:00 ] ::1 /wei/index.php/Admin/Manager/verifyImg
INFO: [ app_init ] --START--
INFO: Run Behavior\BuildLiteBehavior [ RunTime:0.000024s ]
INFO: [ app_init ] --END-- [ RunTime:0.000359s ]
INFO: [ app_begin ] --START--
INFO: Run Behavior\ReadHtmlCacheBehavior [ RunTime:0.000456s ]
INFO: [ app_begin ] --END-- [ RunTime:0.000583s ]
INFO: [ app_end ] --START--
INFO: Run Behavior\ShowPageTraceBehavior [ RunTime:0.000556s ]
INFO: [ app_end ] --END-- [ RunTime:0.000687s ]

[ 2016-11-06T15:05:14+08:00 ] ::1 /wei/index.php/Admin/Manager/verifyImg/0.07228985177120772
INFO: [ app_init ] --START--
INFO: Run Behavior\BuildLiteBehavior [ RunTime:0.000029s ]
INFO: [ app_init ] --END-- [ RunTime:0.000713s ]
INFO: [ app_begin ] --START--
INFO: Run Behavior\ReadHtmlCacheBehavior [ RunTime:0.000446s ]
INFO: [ app_begin ] --END-- [ RunTime:0.000572s ]
INFO: [ app_end ] --START--
INFO: Run Behavior\ShowPageTraceBehavior [ RunTime:0.000606s ]
INFO: [ app_end ] --END-- [ RunTime:0.000776s ]

[ 2016-11-06T15:05:15+08:00 ] ::1 /wei/index.php/Admin/Manager/verifyImg/0.1779929028932563
INFO: [ app_init ] --START--
INFO: Run Behavior\BuildLiteBehavior [ RunTime:0.000023s ]
INFO: [ app_init ] --END-- [ RunTime:0.000324s ]
INFO: [ app_begin ] --START--
INFO: Run Behavior\ReadHtmlCacheBehavior [ RunTime:0.000372s ]
INFO: [ app_begin ] --END-- [ RunTime:0.000478s ]
INFO: [ app_end ] --START--
INFO: Run Behavior\ShowPageTraceBehavior [ RunTime:0.000494s ]
INFO: [ app_end ] --END-- [ RunTime:0.000608s ]

[ 2016-11-06T15:05:20+08:00 ] ::1 /wei/index.php/Admin/Manager/login.html
INFO: [ app_init ] --START--
INFO: Run Behavior\BuildLiteBehavior [ RunTime:0.000023s ]
INFO: [ app_init ] --END-- [ RunTime:0.000387s ]
INFO: [ app_begin ] --START--
INFO: Run Behavior\ReadHtmlCacheBehavior [ RunTime:0.001253s ]
INFO: [ app_begin ] --END-- [ RunTime:0.001500s ]
SQL: SHOW COLUMNS FROM `sw_manager` [ RunTime:0.0023s ]
SQL: SELECT * FROM `sw_manager` WHERE ( mg_name='admin' ) LIMIT 1   [ RunTime:0.0003s ]

[ 2016-11-06T15:05:21+08:00 ] ::1 /wei/index.php/Admin/Index/index.html
INFO: [ app_init ] --START--
INFO: Run Behavior\BuildLiteBehavior [ RunTime:0.000048s ]
INFO: [ app_init ] --END-- [ RunTime:0.000615s ]
INFO: [ app_begin ] --START--
INFO: Run Behavior\ReadHtmlCacheBehavior [ RunTime:0.000433s ]
INFO: [ app_begin ] --END-- [ RunTime:0.000556s ]
INFO: [ view_parse ] --START--
INFO: [ template_filter ] --START--
INFO: Run Behavior\ContentReplaceBehavior [ RunTime:0.000081s ]
INFO: [ template_filter ] --END-- [ RunTime:0.000193s ]
INFO: Run Behavior\ParseTemplateBehavior [ RunTime:0.018524s ]
INFO: [ view_parse ] --END-- [ RunTime:0.018641s ]
INFO: [ view_filter ] --START--
INFO: Run Behavior\WriteHtmlCacheBehavior [ RunTime:0.000281s ]
INFO: [ view_filter ] --END-- [ RunTime:0.000377s ]
INFO: [ app_end ] --START--
INFO: Run Behavior\ShowPageTraceBehavior [ RunTime:0.000642s ]
INFO: [ app_end ] --END-- [ RunTime:0.000888s ]

[ 2016-11-06T15:05:21+08:00 ] ::1 /wei/index.php/Admin/Index/head.html
INFO: [ app_init ] --START--
INFO: Run Behavior\BuildLiteBehavior [ RunTime:0.000041s ]
INFO: [ app_init ] --END-- [ RunTime:0.000562s ]
INFO: [ app_begin ] --START--
INFO: Run Behavior\ReadHtmlCacheBehavior [ RunTime:0.000637s ]
INFO: [ app_begin ] --END-- [ RunTime:0.000856s ]
INFO: [ view_parse ] --START--
INFO: [ template_filter ] --START--
INFO: Run Behavior\ContentReplaceBehavior [ RunTime:0.000142s ]
INFO: [ template_filter ] --END-- [ RunTime:0.000342s ]
INFO: Run Behavior\ParseTemplateBehavior [ RunTime:0.017792s ]
INFO: [ view_parse ] --END-- [ RunTime:0.017945s ]
INFO: [ view_filter ] --START--
INFO: Run Behavior\WriteHtmlCacheBehavior [ RunTime:0.000319s ]
INFO: [ view_filter ] --END-- [ RunTime:0.000418s ]
INFO: [ app_end ] --START--
INFO: Run Behavior\ShowPageTraceBehavior [ RunTime:0.000471s ]
INFO: [ app_end ] --END-- [ RunTime:0.000583s ]

[ 2016-11-06T15:05:21+08:00 ] ::1 /wei/index.php/Admin/Index/left.html
INFO: [ app_init ] --START--
INFO: Run Behavior\BuildLiteBehavior [ RunTime:0.000044s ]
INFO: [ app_init ] --END-- [ RunTime:0.000620s ]
INFO: [ app_begin ] --START--
INFO: Run Behavior\ReadHtmlCacheBehavior [ RunTime:0.000648s ]
INFO: [ app_begin ] --END-- [ RunTime:0.000835s ]
SQL: SHOW COLUMNS FROM `sw_manager` [ RunTime:0.0026s ]
SQL: SELECT * FROM `sw_manager` WHERE `mg_id` = 3 LIMIT 1   [ RunTime:0.0003s ]
SQL: SHOW COLUMNS FROM `sw_role` [ RunTime:0.0123s ]
SQL: SELECT * FROM `sw_role` WHERE `role_id` = 102 LIMIT 1   [ RunTime:0.0003s ]
NOTIC: [8] Undefined variable: admin_name D:\wamp\www\wei\Application\Admin\Controller\IndexController.class.php 第 26 行.
SQL: SHOW COLUMNS FROM `sw_auth` [ RunTime:0.0150s ]
SQL: SELECT * FROM `sw_auth` WHERE ( auth_level=0 and auth_id in(10,21,22,23,49,11,31,32,12,41,42,43,52,53,54) )  [ RunTime:0.0005s ]
SQL: SELECT * FROM `sw_auth` WHERE ( auth_level=1 and auth_id in(10,21,22,23,49,11,31,32,12,41,42,43,52,53,54) )  [ RunTime:0.0004s ]
INFO: [ view_parse ] --START--
INFO: [ template_filter ] --START--
INFO: Run Behavior\ContentReplaceBehavior [ RunTime:0.000104s ]
INFO: [ template_filter ] --END-- [ RunTime:0.000231s ]
INFO: Run Behavior\ParseTemplateBehavior [ RunTime:0.021423s ]
INFO: [ view_parse ] --END-- [ RunTime:0.021578s ]
INFO: [ view_filter ] --START--
INFO: Run Behavior\WriteHtmlCacheBehavior [ RunTime:0.000396s ]
INFO: [ view_filter ] --END-- [ RunTime:0.000496s ]
INFO: [ app_end ] --START--
INFO: Run Behavior\ShowPageTraceBehavior [ RunTime:0.000524s ]
INFO: [ app_end ] --END-- [ RunTime:0.000627s ]

[ 2016-11-06T15:05:21+08:00 ] ::1 /wei/index.php/Admin/Index/right.html
INFO: [ app_init ] --START--
INFO: Run Behavior\BuildLiteBehavior [ RunTime:0.000028s ]
INFO: [ app_init ] --END-- [ RunTime:0.000524s ]
INFO: [ app_begin ] --START--
INFO: Run Behavior\ReadHtmlCacheBehavior [ RunTime:0.000568s ]
INFO: [ app_begin ] --END-- [ RunTime:0.000703s ]
INFO: [ view_parse ] --START--
INFO: [ template_filter ] --START--
INFO: Run Behavior\ContentReplaceBehavior [ RunTime:0.000103s ]
INFO: [ template_filter ] --END-- [ RunTime:0.000253s ]
INFO: Run Behavior\ParseTemplateBehavior [ RunTime:0.031468s ]
INFO: [ view_parse ] --END-- [ RunTime:0.031637s ]
INFO: [ view_filter ] --START--
INFO: Run Behavior\WriteHtmlCacheBehavior [ RunTime:0.000411s ]
INFO: [ view_filter ] --END-- [ RunTime:0.000512s ]
INFO: [ app_end ] --START--
INFO: Run Behavior\ShowPageTraceBehavior [ RunTime:0.000568s ]
INFO: [ app_end ] --END-- [ RunTime:0.000675s ]

[ 2016-11-06T15:05:21+08:00 ] ::1 /wei/index.php/Admin/Index/bottom.html
INFO: [ app_init ] --START--
INFO: Run Behavior\BuildLiteBehavior [ RunTime:0.000031s ]
INFO: [ app_init ] --END-- [ RunTime:0.000605s ]
INFO: [ app_begin ] --START--
INFO: Run Behavior\ReadHtmlCacheBehavior [ RunTime:0.000649s ]
INFO: [ app_begin ] --END-- [ RunTime:0.000783s ]
INFO: [ view_parse ] --START--
INFO: [ template_filter ] --START--
INFO: Run Behavior\ContentReplaceBehavior [ RunTime:0.000085s ]
INFO: [ template_filter ] --END-- [ RunTime:0.000207s ]
INFO: Run Behavior\ParseTemplateBehavior [ RunTime:0.005976s ]
INFO: [ view_parse ] --END-- [ RunTime:0.006110s ]
INFO: [ view_filter ] --START--
INFO: Run Behavior\WriteHtmlCacheBehavior [ RunTime:0.000397s ]
INFO: [ view_filter ] --END-- [ RunTime:0.000513s ]
INFO: [ app_end ] --START--
INFO: Run Behavior\ShowPageTraceBehavior [ RunTime:0.000568s ]
INFO: [ app_end ] --END-- [ RunTime:0.000677s ]

[ 2016-11-06T15:05:35+08:00 ] ::1 /wei/index.php/Admin/Goods/category
INFO: [ app_init ] --START--
INFO: Run Behavior\BuildLiteBehavior [ RunTime:0.000024s ]
INFO: [ app_init ] --END-- [ RunTime:0.000385s ]
INFO: [ app_begin ] --START--
INFO: Run Behavior\ReadHtmlCacheBehavior [ RunTime:0.000641s ]
INFO: [ app_begin ] --END-- [ RunTime:0.000795s ]
ERR: 非法操作:category

[ 2016-11-06T15:05:39+08:00 ] ::1 /wei/index.php/Admin/Cate/tianjia
INFO: [ app_init ] --START--
INFO: Run Behavior\BuildLiteBehavior [ RunTime:0.000042s ]
INFO: [ app_init ] --END-- [ RunTime:0.000587s ]
INFO: [ app_begin ] --START--
INFO: Run Behavior\ReadHtmlCacheBehavior [ RunTime:0.000627s ]
INFO: [ app_begin ] --END-- [ RunTime:0.000775s ]
SQL: SHOW COLUMNS FROM `sw_manager` [ RunTime:0.0022s ]
SQL: SELECT * FROM `sw_manager` WHERE `mg_id` = 3 LIMIT 1   [ RunTime:0.0003s ]
SQL: SHOW COLUMNS FROM `sw_role` [ RunTime:0.0022s ]
SQL: SELECT * FROM `sw_role` WHERE `role_id` = 102 LIMIT 1   [ RunTime:0.0003s ]
SQL: SHOW COLUMNS FROM `sw_cate` [ RunTime:0.0024s ]
SQL: SELECT * FROM `sw_cate` WHERE ( cate_level=0 )  [ RunTime:0.0003s ]
INFO: [ view_parse ] --START--
INFO: [ template_filter ] --START--
INFO: Run Behavior\ContentReplaceBehavior [ RunTime:0.000092s ]
INFO: [ template_filter ] --END-- [ RunTime:0.000200s ]
INFO: Run Behavior\ParseTemplateBehavior [ RunTime:0.068026s ]
INFO: [ view_parse ] --END-- [ RunTime:0.068137s ]
INFO: [ view_filter ] --START--
INFO: Run Behavior\WriteHtmlCacheBehavior [ RunTime:0.000392s ]
INFO: [ view_filter ] --END-- [ RunTime:0.000487s ]
INFO: [ app_end ] --START--
INFO: Run Behavior\ShowPageTraceBehavior [ RunTime:0.000526s ]
INFO: [ app_end ] --END-- [ RunTime:0.000638s ]

[ 2016-11-06T15:05:40+08:00 ] ::1 /wei/index.php/Admin/Cate/showlist
INFO: [ app_init ] --START--
INFO: Run Behavior\BuildLiteBehavior [ RunTime:0.000039s ]
INFO: [ app_init ] --END-- [ RunTime:0.000594s ]
INFO: [ app_begin ] --START--
INFO: Run Behavior\ReadHtmlCacheBehavior [ RunTime:0.000647s ]
INFO: [ app_begin ] --END-- [ RunTime:0.000793s ]
SQL: SHOW COLUMNS FROM `sw_manager` [ RunTime:0.0024s ]
SQL: SELECT * FROM `sw_manager` WHERE `mg_id` = 3 LIMIT 1   [ RunTime:0.0005s ]
SQL: SHOW COLUMNS FROM `sw_role` [ RunTime:0.0023s ]
SQL: SELECT * FROM `sw_role` WHERE `role_id` = 102 LIMIT 1   [ RunTime:0.0003s ]
SQL: SHOW COLUMNS FROM `sw_cate` [ RunTime:0.0022s ]
SQL: SELECT * FROM `sw_cate` ORDER BY cate_path  [ RunTime:0.0004s ]
INFO: [ view_parse ] --START--
INFO: [ template_filter ] --START--
INFO: Run Behavior\ContentReplaceBehavior [ RunTime:0.000102s ]
INFO: [ template_filter ] --END-- [ RunTime:0.000212s ]
NOTIC: [8] Undefined index: goods_id D:\wamp\www\wei\Application\Runtime\Cache\Admin\7d527337abf8c8352f576f1033505a34.php 第 91 行.
NOTIC: [8] Undefined index: goods_id D:\wamp\www\wei\Application\Runtime\Cache\Admin\7d527337abf8c8352f576f1033505a34.php 第 92 行.
NOTIC: [8] Undefined index: goods_id D:\wamp\www\wei\Application\Runtime\Cache\Admin\7d527337abf8c8352f576f1033505a34.php 第 91 行.
NOTIC: [8] Undefined index: goods_id D:\wamp\www\wei\Application\Runtime\Cache\Admin\7d527337abf8c8352f576f1033505a34.php 第 92 行.
NOTIC: [8] Undefined index: goods_id D:\wamp\www\wei\Application\Runtime\Cache\Admin\7d527337abf8c8352f576f1033505a34.php 第 91 行.
NOTIC: [8] Undefined index: goods_id D:\wamp\www\wei\Application\Runtime\Cache\Admin\7d527337abf8c8352f576f1033505a34.php 第 92 行.
NOTIC: [8] Undefined index: goods_id D:\wamp\www\wei\Application\Runtime\Cache\Admin\7d527337abf8c8352f576f1033505a34.php 第 91 行.
NOTIC: [8] Undefined index: goods_id D:\wamp\www\wei\Application\Runtime\Cache\Admin\7d527337abf8c8352f576f1033505a34.php 第 92 行.
NOTIC: [8] Undefined index: goods_id D:\wamp\www\wei\Application\Runtime\Cache\Admin\7d527337abf8c8352f576f1033505a34.php 第 91 行.
NOTIC: [8] Undefined index: goods_id D:\wamp\www\wei\Application\Runtime\Cache\Admin\7d527337abf8c8352f576f1033505a34.php 第 92 行.
NOTIC: [8] Undefined index: goods_id D:\wamp\www\wei\Application\Runtime\Cache\Admin\7d527337abf8c8352f576f1033505a34.php 第 91 行.
NOTIC: [8] Undefined index: goods_id D:\wamp\www\wei\Application\Runtime\Cache\Admin\7d527337abf8c8352f576f1033505a34.php 第 92 行.
NOTIC: [8] Undefined index: goods_id D:\wamp\www\wei\Application\Runtime\Cache\Admin\7d527337abf8c8352f576f1033505a34.php 第 91 行.
NOTIC: [8] Undefined index: goods_id D:\wamp\www\wei\Application\Runtime\Cache\Admin\7d527337abf8c8352f576f1033505a34.php 第 92 行.
NOTIC: [8] Undefined index: goods_id D:\wamp\www\wei\Application\Runtime\Cache\Admin\7d527337abf8c8352f576f1033505a34.php 第 91 行.
NOTIC: [8] Undefined index: goods_id D:\wamp\www\wei\Application\Runtime\Cache\Admin\7d527337abf8c8352f576f1033505a34.php 第 92 行.
NOTIC: [8] Undefined index: goods_id D:\wamp\www\wei\Application\Runtime\Cache\Admin\7d527337abf8c8352f576f1033505a34.php 第 91 行.
NOTIC: [8] Undefined index: goods_id D:\wamp\www\wei\Application\Runtime\Cache\Admin\7d527337abf8c8352f576f1033505a34.php 第 92 行.
NOTIC: [8] Undefined variable: pagelist D:\wamp\www\wei\Application\Runtime\Cache\Admin\7d527337abf8c8352f576f1033505a34.php 第 100 行.
INFO: Run Behavior\ParseTemplateBehavior [ RunTime:0.035703s ]
INFO: [ view_parse ] --END-- [ RunTime:0.035808s ]
INFO: [ view_filter ] --START--
INFO: Run Behavior\WriteHtmlCacheBehavior [ RunTime:0.000374s ]
INFO: [ view_filter ] --END-- [ RunTime:0.000469s ]
INFO: [ app_end ] --START--
INFO: Run Behavior\ShowPageTraceBehavior [ RunTime:0.000571s ]
INFO: [ app_end ] --END-- [ RunTime:0.000686s ]

[ 2016-11-06T15:06:05+08:00 ] ::1 /wei/index.php/Admin/Index/index.html
INFO: [ app_init ] --START--
INFO: Run Behavior\BuildLiteBehavior [ RunTime:0.000027s ]
INFO: [ app_init ] --END-- [ RunTime:0.000484s ]
INFO: [ app_begin ] --START--
INFO: Run Behavior\ReadHtmlCacheBehavior [ RunTime:0.000537s ]
INFO: [ app_begin ] --END-- [ RunTime:0.000653s ]
INFO: [ view_parse ] --START--
INFO: [ template_filter ] --START--
INFO: Run Behavior\ContentReplaceBehavior [ RunTime:0.000083s ]
INFO: [ template_filter ] --END-- [ RunTime:0.000197s ]
INFO: Run Behavior\ParseTemplateBehavior [ RunTime:0.005550s ]
INFO: [ view_parse ] --END-- [ RunTime:0.005655s ]
INFO: [ view_filter ] --START--
INFO: Run Behavior\WriteHtmlCacheBehavior [ RunTime:0.000356s ]
INFO: [ view_filter ] --END-- [ RunTime:0.000451s ]
INFO: [ app_end ] --START--
INFO: Run Behavior\ShowPageTraceBehavior [ RunTime:0.000507s ]
INFO: [ app_end ] --END-- [ RunTime:0.000607s ]

[ 2016-11-06T15:06:05+08:00 ] ::1 /wei/index.php/Admin/Index/head.html
INFO: [ app_init ] --START--
INFO: Run Behavior\BuildLiteBehavior [ RunTime:0.000046s ]
INFO: [ app_init ] --END-- [ RunTime:0.001478s ]
INFO: [ app_begin ] --START--
INFO: Run Behavior\ReadHtmlCacheBehavior [ RunTime:0.001068s ]
INFO: [ app_begin ] --END-- [ RunTime:0.001272s ]
INFO: [ view_parse ] --START--
INFO: [ template_filter ] --START--
INFO: Run Behavior\ContentReplaceBehavior [ RunTime:0.000098s ]
INFO: [ template_filter ] --END-- [ RunTime:0.000308s ]
INFO: Run Behavior\ParseTemplateBehavior [ RunTime:0.008868s ]
INFO: [ view_parse ] --END-- [ RunTime:0.009128s ]
INFO: [ view_filter ] --START--
INFO: Run Behavior\WriteHtmlCacheBehavior [ RunTime:0.000637s ]
INFO: [ view_filter ] --END-- [ RunTime:0.000833s ]
INFO: [ app_end ] --START--
INFO: Run Behavior\ShowPageTraceBehavior [ RunTime:0.000889s ]
INFO: [ app_end ] --END-- [ RunTime:0.001078s ]

[ 2016-11-06T15:06:05+08:00 ] ::1 /wei/index.php/Admin/Index/left.html
INFO: [ app_init ] --START--
INFO: Run Behavior\BuildLiteBehavior [ RunTime:0.000043s ]
INFO: [ app_init ] --END-- [ RunTime:0.000592s ]
INFO: [ app_begin ] --START--
INFO: Run Behavior\ReadHtmlCacheBehavior [ RunTime:0.000920s ]
INFO: [ app_begin ] --END-- [ RunTime:0.001148s ]
SQL: SHOW COLUMNS FROM `sw_manager` [ RunTime:0.0025s ]
SQL: SELECT * FROM `sw_manager` WHERE `mg_id` = 3 LIMIT 1   [ RunTime:0.0003s ]
SQL: SHOW COLUMNS FROM `sw_role` [ RunTime:0.0025s ]
SQL: SELECT * FROM `sw_role` WHERE `role_id` = 102 LIMIT 1   [ RunTime:0.0003s ]
NOTIC: [8] Undefined variable: admin_name D:\wamp\www\wei\Application\Admin\Controller\IndexController.class.php 第 26 行.
SQL: SHOW COLUMNS FROM `sw_auth` [ RunTime:0.0032s ]
SQL: SELECT * FROM `sw_auth` WHERE ( auth_level=0 and auth_id in(10,21,22,23,49,11,31,32,12,41,42,43,52,53,54) )  [ RunTime:0.0004s ]
SQL: SELECT * FROM `sw_auth` WHERE ( auth_level=1 and auth_id in(10,21,22,23,49,11,31,32,12,41,42,43,52,53,54) )  [ RunTime:0.0003s ]
INFO: [ view_parse ] --START--
INFO: [ template_filter ] --START--
INFO: Run Behavior\ContentReplaceBehavior [ RunTime:0.000180s ]
INFO: [ template_filter ] --END-- [ RunTime:0.000410s ]
INFO: Run Behavior\ParseTemplateBehavior [ RunTime:0.014900s ]
INFO: [ view_parse ] --END-- [ RunTime:0.015035s ]
INFO: [ view_filter ] --START--
INFO: Run Behavior\WriteHtmlCacheBehavior [ RunTime:0.000455s ]
INFO: [ view_filter ] --END-- [ RunTime:0.000562s ]
INFO: [ app_end ] --START--
INFO: Run Behavior\ShowPageTraceBehavior [ RunTime:0.000601s ]
INFO: [ app_end ] --END-- [ RunTime:0.000712s ]

[ 2016-11-06T15:06:05+08:00 ] ::1 /wei/index.php/Admin/Index/right.html
INFO: [ app_init ] --START--
INFO: Run Behavior\BuildLiteBehavior [ RunTime:0.000051s ]
INFO: [ app_init ] --END-- [ RunTime:0.000616s ]
INFO: [ app_begin ] --START--
INFO: Run Behavior\ReadHtmlCacheBehavior [ RunTime:0.001792s ]
INFO: [ app_begin ] --END-- [ RunTime:0.002020s ]
INFO: [ view_parse ] --START--
INFO: [ template_filter ] --START--
INFO: Run Behavior\ContentReplaceBehavior [ RunTime:0.000101s ]
INFO: [ template_filter ] --END-- [ RunTime:0.000227s ]
INFO: Run Behavior\ParseTemplateBehavior [ RunTime:0.006647s ]
INFO: [ view_parse ] --END-- [ RunTime:0.006835s ]
INFO: [ view_filter ] --START--
INFO: Run Behavior\WriteHtmlCacheBehavior [ RunTime:0.000454s ]
INFO: [ view_filter ] --END-- [ RunTime:0.000561s ]
INFO: [ app_end ] --START--
INFO: Run Behavior\ShowPageTraceBehavior [ RunTime:0.000575s ]
INFO: [ app_end ] --END-- [ RunTime:0.000689s ]

[ 2016-11-06T15:06:05+08:00 ] ::1 /wei/index.php/Admin/Index/bottom.html
INFO: [ app_init ] --START--
INFO: Run Behavior\BuildLiteBehavior [ RunTime:0.000027s ]
INFO: [ app_init ] --END-- [ RunTime:0.000396s ]
INFO: [ app_begin ] --START--
INFO: Run Behavior\ReadHtmlCacheBehavior [ RunTime:0.000689s ]
INFO: [ app_begin ] --END-- [ RunTime:0.000895s ]
INFO: [ view_parse ] --START--
INFO: [ template_filter ] --START--
INFO: Run Behavior\ContentReplaceBehavior [ RunTime:0.000138s ]
INFO: [ template_filter ] --END-- [ RunTime:0.000341s ]
INFO: Run Behavior\ParseTemplateBehavior [ RunTime:0.010393s ]
INFO: [ view_parse ] --END-- [ RunTime:0.010578s ]
INFO: [ view_filter ] --START--
INFO: Run Behavior\WriteHtmlCacheBehavior [ RunTime:0.000477s ]
INFO: [ view_filter ] --END-- [ RunTime:0.000684s ]
INFO: [ app_end ] --START--
INFO: Run Behavior\ShowPageTraceBehavior [ RunTime:0.000949s ]
INFO: [ app_end ] --END-- [ RunTime:0.001101s ]

[ 2016-11-06T15:06:07+08:00 ] ::1 /wei/index.php/Admin/Cate/showlist
INFO: [ app_init ] --START--
INFO: Run Behavior\BuildLiteBehavior [ RunTime:0.000026s ]
INFO: [ app_init ] --END-- [ RunTime:0.000433s ]
INFO: [ app_begin ] --START--
INFO: Run Behavior\ReadHtmlCacheBehavior [ RunTime:0.000572s ]
INFO: [ app_begin ] --END-- [ RunTime:0.000703s ]
SQL: SHOW COLUMNS FROM `sw_manager` [ RunTime:0.0021s ]
SQL: SELECT * FROM `sw_manager` WHERE `mg_id` = 3 LIMIT 1   [ RunTime:0.0002s ]
SQL: SHOW COLUMNS FROM `sw_role` [ RunTime:0.0019s ]
SQL: SELECT * FROM `sw_role` WHERE `role_id` = 102 LIMIT 1   [ RunTime:0.0002s ]
SQL: SHOW COLUMNS FROM `sw_cate` [ RunTime:0.0035s ]
SQL: SELECT * FROM `sw_cate` ORDER BY cate_path  [ RunTime:0.0003s ]
INFO: [ view_parse ] --START--
INFO: [ template_filter ] --START--
INFO: Run Behavior\ContentReplaceBehavior [ RunTime:0.000106s ]
INFO: [ template_filter ] --END-- [ RunTime:0.000219s ]
NOTIC: [8] Undefined index: goods_id D:\wamp\www\wei\Application\Runtime\Cache\Admin\7d527337abf8c8352f576f1033505a34.php 第 91 行.
NOTIC: [8] Undefined index: goods_id D:\wamp\www\wei\Application\Runtime\Cache\Admin\7d527337abf8c8352f576f1033505a34.php 第 92 行.
NOTIC: [8] Undefined index: goods_id D:\wamp\www\wei\Application\Runtime\Cache\Admin\7d527337abf8c8352f576f1033505a34.php 第 91 行.
NOTIC: [8] Undefined index: goods_id D:\wamp\www\wei\Application\Runtime\Cache\Admin\7d527337abf8c8352f576f1033505a34.php 第 92 行.
NOTIC: [8] Undefined index: goods_id D:\wamp\www\wei\Application\Runtime\Cache\Admin\7d527337abf8c8352f576f1033505a34.php 第 91 行.
NOTIC: [8] Undefined index: goods_id D:\wamp\www\wei\Application\Runtime\Cache\Admin\7d527337abf8c8352f576f1033505a34.php 第 92 行.
NOTIC: [8] Undefined index: goods_id D:\wamp\www\wei\Application\Runtime\Cache\Admin\7d527337abf8c8352f576f1033505a34.php 第 91 行.
NOTIC: [8] Undefined index: goods_id D:\wamp\www\wei\Application\Runtime\Cache\Admin\7d527337abf8c8352f576f1033505a34.php 第 92 行.
NOTIC: [8] Undefined index: goods_id D:\wamp\www\wei\Application\Runtime\Cache\Admin\7d527337abf8c8352f576f1033505a34.php 第 91 行.
NOTIC: [8] Undefined index: goods_id D:\wamp\www\wei\Application\Runtime\Cache\Admin\7d527337abf8c8352f576f1033505a34.php 第 92 行.
NOTIC: [8] Undefined index: goods_id D:\wamp\www\wei\Application\Runtime\Cache\Admin\7d527337abf8c8352f576f1033505a34.php 第 91 行.
NOTIC: [8] Undefined index: goods_id D:\wamp\www\wei\Application\Runtime\Cache\Admin\7d527337abf8c8352f576f1033505a34.php 第 92 行.
NOTIC: [8] Undefined index: goods_id D:\wamp\www\wei\Application\Runtime\Cache\Admin\7d527337abf8c8352f576f1033505a34.php 第 91 行.
NOTIC: [8] Undefined index: goods_id D:\wamp\www\wei\Application\Runtime\Cache\Admin\7d527337abf8c8352f576f1033505a34.php 第 92 行.
NOTIC: [8] Undefined index: goods_id D:\wamp\www\wei\Application\Runtime\Cache\Admin\7d527337abf8c8352f576f1033505a34.php 第 91 行.
NOTIC: [8] Undefined index: goods_id D:\wamp\www\wei\Application\Runtime\Cache\Admin\7d527337abf8c8352f576f1033505a34.php 第 92 行.
NOTIC: [8] Undefined index: goods_id D:\wamp\www\wei\Application\Runtime\Cache\Admin\7d527337abf8c8352f576f1033505a34.php 第 91 行.
NOTIC: [8] Undefined index: goods_id D:\wamp\www\wei\Application\Runtime\Cache\Admin\7d527337abf8c8352f576f1033505a34.php 第 92 行.
NOTIC: [8] Undefined variable: pagelist D:\wamp\www\wei\Application\Runtime\Cache\Admin\7d527337abf8c8352f576f1033505a34.php 第 100 行.
INFO: Run Behavior\ParseTemplateBehavior [ RunTime:0.008899s ]
INFO: [ view_parse ] --END-- [ RunTime:0.009004s ]
INFO: [ view_filter ] --START--
INFO: Run Behavior\WriteHtmlCacheBehavior [ RunTime:0.000371s ]
INFO: [ view_filter ] --END-- [ RunTime:0.000468s ]
INFO: [ app_end ] --START--
INFO: Run Behavior\ShowPageTraceBehavior [ RunTime:0.000577s ]
INFO: [ app_end ] --END-- [ RunTime:0.000689s ]

[ 2016-11-06T15:07:09+08:00 ] ::1 /wei/index.php/Admin/Index/index.html
INFO: [ app_init ] --START--
INFO: Run Behavior\BuildLiteBehavior [ RunTime:0.000024s ]
INFO: [ app_init ] --END-- [ RunTime:0.000390s ]
INFO: [ app_begin ] --START--
INFO: Run Behavior\ReadHtmlCacheBehavior [ RunTime:0.000613s ]
INFO: [ app_begin ] --END-- [ RunTime:0.000747s ]
INFO: [ view_parse ] --START--
INFO: [ template_filter ] --START--
INFO: Run Behavior\ContentReplaceBehavior [ RunTime:0.000092s ]
INFO: [ template_filter ] --END-- [ RunTime:0.000215s ]
INFO: Run Behavior\ParseTemplateBehavior [ RunTime:0.006109s ]
INFO: [ view_parse ] --END-- [ RunTime:0.006352s ]
INFO: [ view_filter ] --START--
INFO: Run Behavior\WriteHtmlCacheBehavior [ RunTime:0.000889s ]
INFO: [ view_filter ] --END-- [ RunTime:0.001102s ]
INFO: [ app_end ] --START--
INFO: Run Behavior\ShowPageTraceBehavior [ RunTime:0.000605s ]
INFO: [ app_end ] --END-- [ RunTime:0.000716s ]

[ 2016-11-06T15:07:10+08:00 ] ::1 /wei/index.php/Admin/Index/head.html
INFO: [ app_init ] --START--
INFO: Run Behavior\BuildLiteBehavior [ RunTime:0.000041s ]
INFO: [ app_init ] --END-- [ RunTime:0.000586s ]
INFO: [ app_begin ] --START--
INFO: Run Behavior\ReadHtmlCacheBehavior [ RunTime:0.000844s ]
INFO: [ app_begin ] --END-- [ RunTime:0.001090s ]
INFO: [ view_parse ] --START--
INFO: [ template_filter ] --START--
INFO: Run Behavior\ContentReplaceBehavior [ RunTime:0.000161s ]
INFO: [ template_filter ] --END-- [ RunTime:0.000392s ]
INFO: Run Behavior\ParseTemplateBehavior [ RunTime:0.008825s ]
INFO: [ view_parse ] --END-- [ RunTime:0.009080s ]
INFO: [ view_filter ] --START--
INFO: Run Behavior\WriteHtmlCacheBehavior [ RunTime:0.000632s ]
INFO: [ view_filter ] --END-- [ RunTime:0.000877s ]
INFO: [ app_end ] --START--
INFO: Run Behavior\ShowPageTraceBehavior [ RunTime:0.000853s ]
INFO: [ app_end ] --END-- [ RunTime:0.001077s ]

[ 2016-11-06T15:07:10+08:00 ] ::1 /wei/index.php/Admin/Index/left.html
INFO: [ app_init ] --START--
INFO: Run Behavior\BuildLiteBehavior [ RunTime:0.000042s ]
INFO: [ app_init ] --END-- [ RunTime:0.000656s ]
INFO: [ app_begin ] --START--
INFO: Run Behavior\ReadHtmlCacheBehavior [ RunTime:0.000716s ]
INFO: [ app_begin ] --END-- [ RunTime:0.000933s ]
SQL: SHOW COLUMNS FROM `sw_manager` [ RunTime:0.0031s ]
SQL: SELECT * FROM `sw_manager` WHERE `mg_id` = 3 LIMIT 1   [ RunTime:0.0003s ]
SQL: SHOW COLUMNS FROM `sw_role` [ RunTime:0.0027s ]
SQL: SELECT * FROM `sw_role` WHERE `role_id` = 102 LIMIT 1   [ RunTime:0.0003s ]
NOTIC: [8] Undefined variable: admin_name D:\wamp\www\wei\Application\Admin\Controller\IndexController.class.php 第 26 行.
SQL: SHOW COLUMNS FROM `sw_auth` [ RunTime:0.0023s ]
SQL: SELECT * FROM `sw_auth` WHERE ( auth_level=0 and auth_id in(10,21,22,23,49,11,31,32,12,41,42,43,52,53,54) )  [ RunTime:0.0004s ]
SQL: SELECT * FROM `sw_auth` WHERE ( auth_level=1 and auth_id in(10,21,22,23,49,11,31,32,12,41,42,43,52,53,54) )  [ RunTime:0.0004s ]
INFO: [ view_parse ] --START--
INFO: [ template_filter ] --START--
INFO: Run Behavior\ContentReplaceBehavior [ RunTime:0.000176s ]
INFO: [ template_filter ] --END-- [ RunTime:0.000385s ]
INFO: Run Behavior\ParseTemplateBehavior [ RunTime:0.015443s ]
INFO: [ view_parse ] --END-- [ RunTime:0.015649s ]
INFO: [ view_filter ] --START--
INFO: Run Behavior\WriteHtmlCacheBehavior [ RunTime:0.000692s ]
INFO: [ view_filter ] --END-- [ RunTime:0.000846s ]
INFO: [ app_end ] --START--
INFO: Run Behavior\ShowPageTraceBehavior [ RunTime:0.000582s ]
INFO: [ app_end ] --END-- [ RunTime:0.000692s ]

[ 2016-11-06T15:07:10+08:00 ] ::1 /wei/index.php/Admin/Index/right.html
INFO: [ app_init ] --START--
INFO: Run Behavior\BuildLiteBehavior [ RunTime:0.000040s ]
INFO: [ app_init ] --END-- [ RunTime:0.000595s ]
INFO: [ app_begin ] --START--
INFO: Run Behavior\ReadHtmlCacheBehavior [ RunTime:0.000716s ]
INFO: [ app_begin ] --END-- [ RunTime:0.000938s ]
INFO: [ view_parse ] --START--
INFO: [ template_filter ] --START--
INFO: Run Behavior\ContentReplaceBehavior [ RunTime:0.000102s ]
INFO: [ template_filter ] --END-- [ RunTime:0.000232s ]
INFO: Run Behavior\ParseTemplateBehavior [ RunTime:0.006598s ]
INFO: [ view_parse ] --END-- [ RunTime:0.006766s ]
INFO: [ view_filter ] --START--
INFO: Run Behavior\WriteHtmlCacheBehavior [ RunTime:0.000314s ]
INFO: [ view_filter ] --END-- [ RunTime:0.000418s ]
INFO: [ app_end ] --START--
INFO: Run Behavior\ShowPageTraceBehavior [ RunTime:0.000515s ]
INFO: [ app_end ] --END-- [ RunTime:0.000634s ]

[ 2016-11-06T15:07:10+08:00 ] ::1 /wei/index.php/Admin/Index/bottom.html
INFO: [ app_init ] --START--
INFO: Run Behavior\BuildLiteBehavior [ RunTime:0.000042s ]
INFO: [ app_init ] --END-- [ RunTime:0.000595s ]
INFO: [ app_begin ] --START--
INFO: Run Behavior\ReadHtmlCacheBehavior [ RunTime:0.000853s ]
INFO: [ app_begin ] --END-- [ RunTime:0.001117s ]
INFO: [ view_parse ] --START--
INFO: [ template_filter ] --START--
INFO: Run Behavior\ContentReplaceBehavior [ RunTime:0.000083s ]
INFO: [ template_filter ] --END-- [ RunTime:0.000202s ]
INFO: Run Behavior\ParseTemplateBehavior [ RunTime:0.006920s ]
INFO: [ view_parse ] --END-- [ RunTime:0.007124s ]
INFO: [ view_filter ] --START--
INFO: Run Behavior\WriteHtmlCacheBehavior [ RunTime:0.000710s ]
INFO: [ view_filter ] --END-- [ RunTime:0.000895s ]
INFO: [ app_end ] --START--
INFO: Run Behavior\ShowPageTraceBehavior [ RunTime:0.000892s ]
INFO: [ app_end ] --END-- [ RunTime:0.001050s ]

[ 2016-11-06T15:07:12+08:00 ] ::1 /wei/index.php/Admin/Cate/showlist
INFO: [ app_init ] --START--
INFO: Run Behavior\BuildLiteBehavior [ RunTime:0.000025s ]
INFO: [ app_init ] --END-- [ RunTime:0.000354s ]
INFO: [ app_begin ] --START--
INFO: Run Behavior\ReadHtmlCacheBehavior [ RunTime:0.000453s ]
INFO: [ app_begin ] --END-- [ RunTime:0.000591s ]
SQL: SHOW COLUMNS FROM `sw_manager` [ RunTime:0.0032s ]
SQL: SELECT * FROM `sw_manager` WHERE `mg_id` = 3 LIMIT 1   [ RunTime:0.0003s ]
SQL: SHOW COLUMNS FROM `sw_role` [ RunTime:0.0021s ]
SQL: SELECT * FROM `sw_role` WHERE `role_id` = 102 LIMIT 1   [ RunTime:0.0002s ]
SQL: SHOW COLUMNS FROM `sw_cate` [ RunTime:0.0021s ]
SQL: SELECT * FROM `sw_cate`  [ RunTime:0.0002s ]
NOTIC: [8] Undefined index: pid D:\wamp\www\wei\Application\Common\Common\function.php 第 15 行.
NOTIC: [8] Undefined index: id D:\wamp\www\wei\Application\Common\Common\function.php 第 19 行.
NOTIC: [8] Undefined index: pid D:\wamp\www\wei\Application\Common\Common\function.php 第 15 行.
NOTIC: [8] Undefined index: id D:\wamp\www\wei\Application\Common\Common\function.php 第 19 行.
NOTIC: [8] Undefined index: pid D:\wamp\www\wei\Application\Common\Common\function.php 第 15 行.
NOTIC: [8] Undefined index: id D:\wamp\www\wei\Application\Common\Common\function.php 第 19 行.
NOTIC: [8] Undefined index: pid D:\wamp\www\wei\Application\Common\Common\function.php 第 15 行.
NOTIC: [8] Undefined index: id D:\wamp\www\wei\Application\Common\Common\function.php 第 19 行.
NOTIC: [8] Undefined index: pid D:\wamp\www\wei\Application\Common\Common\function.php 第 15 行.
NOTIC: [8] Undefined index: id D:\wamp\www\wei\Application\Common\Common\function.php 第 19 行.
NOTIC: [8] Undefined index: pid D:\wamp\www\wei\Application\Common\Common\function.php 第 15 行.
NOTIC: [8] Undefined index: id D:\wamp\www\wei\Application\Common\Common\function.php 第 19 行.
NOTIC: [8] Undefined index: pid D:\wamp\www\wei\Application\Common\Common\function.php 第 15 行.
NOTIC: [8] Undefined index: id D:\wamp\www\wei\Application\Common\Common\function.php 第 19 行.
NOTIC: [8] Undefined index: pid D:\wamp\www\wei\Application\Common\Common\function.php 第 15 行.
NOTIC: [8] Undefined index: id D:\wamp\www\wei\Application\Common\Common\function.php 第 19 行.
NOTIC: [8] Undefined index: pid D:\wamp\www\wei\Application\Common\Common\function.php 第 15 行.
NOTIC: [8] Undefined index: id D:\wamp\www\wei\Application\Common\Common\function.php 第 19 行.
NOTIC: [8] Undefined index: pid D:\wamp\www\wei\Application\Common\Common\function.php 第 15 行.
NOTIC: [8] Undefined index: id D:\wamp\www\wei\Application\Common\Common\function.php 第 19 行.
NOTIC: [8] Undefined index: pid D:\wamp\www\wei\Application\Common\Common\function.php 第 15 行.
NOTIC: [8] Undefined index: id D:\wamp\www\wei\Application\Common\Common\function.php 第 19 行.
NOTIC: [8] Undefined index: pid D:\wamp\www\wei\Application\Common\Common\function.php 第 15 行.
NOTIC: [8] Undefined index: id D:\wamp\www\wei\Application\Common\Common\function.php 第 19 行.
NOTIC: [8] Undefined index: pid D:\wamp\www\wei\Application\Common\Common\function.php 第 15 行.
NOTIC: [8] Undefined index: id D:\wamp\www\wei\Application\Common\Common\function.php 第 19 行.
NOTIC: [8] Undefined index: pid D:\wamp\www\wei\Application\Common\Common\function.php 第 15 行.
NOTIC: [8] Undefined index: id D:\wamp\www\wei\Application\Common\Common\function.php 第 19 行.
NOTIC: [8] Undefined index: pid D:\wamp\www\wei\Application\Common\Common\function.php 第 15 行.
NOTIC: [8] Undefined index: id D:\wamp\www\wei\Application\Common\Common\function.php 第 19 行.
NOTIC: [8] Undefined index: pid D:\wamp\www\wei\Application\Common\Common\function.php 第 15 行.
NOTIC: [8] Undefined index: id D:\wamp\www\wei\Application\Common\Common\function.php 第 19 行.
NOTIC: [8] Undefined index: pid D:\wamp\www\wei\Application\Common\Common\function.php 第 15 行.
NOTIC: [8] Undefined index: id D:\wamp\www\wei\Application\Common\Common\function.php 第 19 行.
NOTIC: [8] Undefined index: pid D:\wamp\www\wei\Application\Common\Common\function.php 第 15 行.
NOTIC: [8] Undefined index: id D:\wamp\www\wei\Application\Common\Common\function.php 第 19 行.
NOTIC: [8] Undefined index: pid D:\wamp\www\wei\Application\Common\Common\function.php 第 15 行.
NOTIC: [8] Undefined index: id D:\wamp\www\wei\Application\Common\Common\function.php 第 19 行.
NOTIC: [8] Undefined index: pid D:\wamp\www\wei\Application\Common\Common\function.php 第 15 行.
NOTIC: [8] Undefined index: id D:\wamp\www\wei\Application\Common\Common\function.php 第 19 行.
NOTIC: [8] Undefined index: pid D:\wamp\www\wei\Application\Common\Common\function.php 第 15 行.
NOTIC: [8] Undefined index: id D:\wamp\www\wei\Application\Common\Common\function.php 第 19 行.
NOTIC: [8] Undefined index: pid D:\wamp\www\wei\Application\Common\Common\function.php 第 15 行.
NOTIC: [8] Undefined index: id D:\wamp\www\wei\Application\Common\Common\function.php 第 19 行.
NOTIC: [8] Undefined index: pid D:\wamp\www\wei\Application\Common\Common\function.php 第 15 行.
NOTIC: [8] Undefined index: id D:\wamp\www\wei\Application\Common\Common\function.php 第 19 行.
NOTIC: [8] Undefined index: pid D:\wamp\www\wei\Application\Common\Common\function.php 第 15 行.
NOTIC: [8] Undefined index: id D:\wamp\www\wei\Application\Common\Common\function.php 第 19 行.
NOTIC: [8] Undefined index: pid D:\wamp\www\wei\Application\Common\Common\function.php 第 15 行.
NOTIC: [8] Undefined index: id D:\wamp\www\wei\Application\Common\Common\function.php 第 19 行.
NOTIC: [8] Undefined index: pid D:\wamp\www\wei\Application\Common\Common\function.php 第 15 行.
NOTIC: [8] Undefined index: id D:\wamp\www\wei\Application\Common\Common\function.php 第 19 行.
NOTIC: [8] Undefined index: pid D:\wamp\www\wei\Application\Common\Common\function.php 第 15 行.
NOTIC: [8] Undefined index: id D:\wamp\www\wei\Application\Common\Common\function.php 第 19 行.
NOTIC: [8] Undefined index: pid D:\wamp\www\wei\Application\Common\Common\function.php 第 15 行.
NOTIC: [8] Undefined index: id D:\wamp\www\wei\Application\Common\Common\function.php 第 19 行.
NOTIC: [8] Undefined index: pid D:\wamp\www\wei\Application\Common\Common\function.php 第 15 行.
NOTIC: [8] Undefined index: id D:\wamp\www\wei\Application\Common\Common\function.php 第 19 行.
NOTIC: [8] Undefined index: pid D:\wamp\www\wei\Application\Common\Common\function.php 第 15 行.
NOTIC: [8] Undefined index: id D:\wamp\www\wei\Application\Common\Common\function.php 第 19 行.
NOTIC: [8] Undefined index: pid D:\wamp\www\wei\Application\Common\Common\function.php 第 15 行.
NOTIC: [8] Undefined index: id D:\wamp\www\wei\Application\Common\Common\function.php 第 19 行.
NOTIC: [8] Undefined index: pid D:\wamp\www\wei\Application\Common\Common\function.php 第 15 行.
NOTIC: [8] Undefined index: id D:\wamp\www\wei\Application\Common\Common\function.php 第 19 行.
NOTIC: [8] Undefined index: pid D:\wamp\www\wei\Application\Common\Common\function.php 第 15 行.
NOTIC: [8] Undefined index: id D:\wamp\www\wei\Application\Common\Common\function.php 第 19 行.
NOTIC: [8] Undefined index: pid D:\wamp\www\wei\Application\Common\Common\function.php 第 15 行.
NOTIC: [8] Undefined index: id D:\wamp\www\wei\Application\Common\Common\function.php 第 19 行.
NOTIC: [8] Undefined index: pid D:\wamp\www\wei\Application\Common\Common\function.php 第 15 行.
NOTIC: [8] Undefined index: id D:\wamp\www\wei\Application\Common\Common\function.php 第 19 行.
NOTIC: [8] Undefined index: pid D:\wamp\www\wei\Application\Common\Common\function.php 第 15 行.
NOTIC: [8] Undefined index: id D:\wamp\www\wei\Application\Common\Common\function.php 第 19 行.
NOTIC: [8] Undefined index: pid D:\wamp\www\wei\Application\Common\Common\function.php 第 15 行.
NOTIC: [8] Undefined index: id D:\wamp\www\wei\Application\Common\Common\function.php 第 19 行.
NOTIC: [8] Undefined index: pid D:\wamp\www\wei\Application\Common\Common\function.php 第 15 行.
NOTIC: [8] Undefined index: id D:\wamp\www\wei\Application\Common\Common\function.php 第 19 行.
NOTIC: [8] Undefined index: pid D:\wamp\www\wei\Application\Common\Common\function.php 第 15 行.
NOTIC: [8] Undefined index: id D:\wamp\www\wei\Application\Common\Common\function.php 第 19 行.
NOTIC: [8] Undefined index: pid D:\wamp\www\wei\Application\Common\Common\function.php 第 15 行.
NOTIC: [8] Undefined index: id D:\wamp\www\wei\Application\Common\Common\function.php 第 19 行.
NOTIC: [8] Undefined index: pid D:\wamp\www\wei\Application\Common\Common\function.php 第 15 行.
NOTIC: [8] Undefined index: id D:\wamp\www\wei\Application\Common\Common\function.php 第 19 行.
NOTIC: [8] Undefined index: pid D:\wamp\www\wei\Application\Common\Common\function.php 第 15 行.
NOTIC: [8] Undefined index: id D:\wamp\www\wei\Application\Common\Common\function.php 第 19 行.
NOTIC: [8] Undefined index: pid D:\wamp\www\wei\Application\Common\Common\function.php 第 15 行.
NOTIC: [8] Undefined index: id D:\wamp\www\wei\Application\Common\Common\function.php 第 19 行.
NOTIC: [8] Undefined index: pid D:\wamp\www\wei\Application\Common\Common\function.php 第 15 行.
NOTIC: [8] Undefined index: id D:\wamp\www\wei\Application\Common\Common\function.php 第 19 行.
NOTIC: [8] Undefined index: pid D:\wamp\www\wei\Application\Common\Common\function.php 第 15 行.
NOTIC: [8] Undefined index: id D:\wamp\www\wei\Application\Common\Common\function.php 第 19 行.
NOTIC: [8] Undefined index: pid D:\wamp\www\wei\Application\Common\Common\function.php 第 15 行.
NOTIC: [8] Undefined index: id D:\wamp\www\wei\Application\Common\Common\function.php 第 19 行.
NOTIC: [8] Undefined index: pid D:\wamp\www\wei\Application\Common\Common\function.php 第 15 行.
NOTIC: [8] Undefined index: id D:\wamp\www\wei\Application\Common\Common\function.php 第 19 行.
NOTIC: [8] Undefined index: pid D:\wamp\www\wei\Application\Common\Common\function.php 第 15 行.
NOTIC: [8] Undefined index: id D:\wamp\www\wei\Application\Common\Common\function.php 第 19 行.
NOTIC: [8] Undefined index: pid D:\wamp\www\wei\Application\Common\Common\function.php 第 15 行.
NOTIC: [8] Undefined index: id D:\wamp\www\wei\Application\Common\Common\function.php 第 19 行.
NOTIC: [8] Undefined index: pid D:\wamp\www\wei\Application\Common\Common\function.php 第 15 行.
NOTIC: [8] Undefined index: id D:\wamp\www\wei\Application\Common\Common\function.php 第 19 行.
NOTIC: [8] Undefined index: pid D:\wamp\www\wei\Application\Common\Common\function.php 第 15 行.
NOTIC: [8] Undefined index: id D:\wamp\www\wei\Application\Common\Common\function.php 第 19 行.
NOTIC: [8] Undefined index: pid D:\wamp\www\wei\Application\Common\Common\function.php 第 15 行.
NOTIC: [8] Undefined index: id D:\wamp\www\wei\Application\Common\Common\function.php 第 19 行.
NOTIC: [8] Undefined index: pid D:\wamp\www\wei\Application\Common\Common\function.php 第 15 行.
NOTIC: [8] Undefined index: id D:\wamp\www\wei\Application\Common\Common\function.php 第 19 行.
NOTIC: [8] Undefined index: pid D:\wamp\www\wei\Application\Common\Common\function.php 第 15 行.
NOTIC: [8] Undefined index: id D:\wamp\www\wei\Application\Common\Common\function.php 第 19 行.
NOTIC: [8] Undefined index: pid D:\wamp\www\wei\Application\Common\Common\function.php 第 15 行.
NOTIC: [8] Undefined index: id D:\wamp\www\wei\Application\Common\Common\function.php 第 19 行.
NOTIC: [8] Undefined index: pid D:\wamp\www\wei\Application\Common\Common\function.php 第 15 行.
NOTIC: [8] Undefined index: id D:\wamp\www\wei\Application\Common\Common\function.php 第 19 行.
NOTIC: [8] Undefined index: pid D:\wamp\www\wei\Application\Common\Common\function.php 第 15 行.
NOTIC: [8] Undefined index: id D:\wamp\www\wei\Application\Common\Common\function.php 第 19 行.
NOTIC: [8] Undefined index: pid D:\wamp\www\wei\Application\Common\Common\function.php 第 15 行.
NOTIC: [8] Undefined index: id D:\wamp\www\wei\Application\Common\Common\function.php 第 19 行.
NOTIC: [8] Undefined index: pid D:\wamp\www\wei\Application\Common\Common\function.php 第 15 行.
NOTIC: [8] Undefined index: id D:\wamp\www\wei\Application\Common\Common\function.php 第 19 行.
NOTIC: [8] Undefined index: pid D:\wamp\www\wei\Application\Common\Common\function.php 第 15 行.
NOTIC: [8] Undefined index: id D:\wamp\www\wei\Application\Common\Common\function.php 第 19 行.
NOTIC: [8] Undefined index: pid D:\wamp\www\wei\Application\Common\Common\function.php 第 15 行.
NOTIC: [8] Undefined index: id D:\wamp\www\wei\Application\Common\Common\function.php 第 19 行.
NOTIC: [8] Undefined index: pid D:\wamp\www\wei\Application\Common\Common\function.php 第 15 行.
NOTIC: [8] Undefined index: id D:\wamp\www\wei\Application\Common\Common\function.php 第 19 行.
NOTIC: [8] Undefined index: pid D:\wamp\www\wei\Application\Common\Common\function.php 第 15 行.
NOTIC: [8] Undefined index: id D:\wamp\www\wei\Application\Common\Common\function.php 第 19 行.
NOTIC: [8] Undefined index: pid D:\wamp\www\wei\Application\Common\Common\function.php 第 15 行.
NOTIC: [8] Undefined index: id D:\wamp\www\wei\Application\Common\Common\function.php 第 19 行.
NOTIC: [8] Undefined index: pid D:\wamp\www\wei\Application\Common\Common\function.php 第 15 行.
NOTIC: [8] Undefined index: id D:\wamp\www\wei\Application\Common\Common\function.php 第 19 行.
NOTIC: [8] Undefined index: pid D:\wamp\www\wei\Application\Common\Common\function.php 第 15 行.
NOTIC: [8] Undefined index: id D:\wamp\www\wei\Application\Common\Common\function.php 第 19 行.
NOTIC: [8] Undefined index: pid D:\wamp\www\wei\Application\Common\Common\function.php 第 15 行.
NOTIC: [8] Undefined index: id D:\wamp\www\wei\Application\Common\Common\function.php 第 19 行.
NOTIC: [8] Undefined index: pid D:\wamp\www\wei\Application\Common\Common\function.php 第 15 行.
NOTIC: [8] Undefined index: id D:\wamp\www\wei\Application\Common\Common\function.php 第 19 行.
NOTIC: [8] Undefined index: pid D:\wamp\www\wei\Application\Common\Common\function.php 第 15 行.
NOTIC: [8] Undefined index: id D:\wamp\www\wei\Application\Common\Common\function.php 第 19 行.
NOTIC: [8] Undefined index: pid D:\wamp\www\wei\Application\Common\Common\function.php 第 15 行.
NOTIC: [8] Undefined index: id D:\wamp\www\wei\Application\Common\Common\function.php 第 19 行.
NOTIC: [8] Undefined index: pid D:\wamp\www\wei\Application\Common\Common\function.php 第 15 行.
NOTIC: [8] Undefined index: id D:\wamp\www\wei\Application\Common\Common\function.php 第 19 行.
NOTIC: [8] Undefined index: pid D:\wamp\www\wei\Application\Common\Common\function.php 第 15 行.
NOTIC: [8] Undefined index: id D:\wamp\www\wei\Application\Common\Common\function.php 第 19 行.
NOTIC: [8] Undefined index: pid D:\wamp\www\wei\Application\Common\Common\function.php 第 15 行.
NOTIC: [8] Undefined index: id D:\wamp\www\wei\Application\Common\Common\function.php 第 19 行.
NOTIC: [8] Undefined index: pid D:\wamp\www\wei\Application\Common\Common\function.php 第 15 行.
NOTIC: [8] Undefined index: id D:\wamp\www\wei\Application\Common\Common\function.php 第 19 行.
NOTIC: [8] Undefined index: pid D:\wamp\www\wei\Application\Common\Common\function.php 第 15 行.
NOTIC: [8] Undefined index: id D:\wamp\www\wei\Application\Common\Common\function.php 第 19 行.
NOTIC: [8] Undefined index: pid D:\wamp\www\wei\Application\Common\Common\function.php 第 15 行.
NOTIC: [8] Undefined index: id D:\wamp\www\wei\Application\Common\Common\function.php 第 19 行.
NOTIC: [8] Undefined index: pid D:\wamp\www\wei\Application\Common\Common\function.php 第 15 行.
NOTIC: [8] Undefined index: id D:\wamp\www\wei\Application\Common\Common\function.php 第 19 行.
NOTIC: [8] Undefined index: pid D:\wamp\www\wei\Application\Common\Common\function.php 第 15 行.
NOTIC: [8] Undefined index: id D:\wamp\www\wei\Application\Common\Common\function.php 第 19 行.
NOTIC: [8] Undefined index: pid D:\wamp\www\wei\Application\Common\Common\function.php 第 15 行.
NOTIC: [8] Undefined index: id D:\wamp\www\wei\Application\Common\Common\function.php 第 19 行.
NOTIC: [8] Undefined index: pid D:\wamp\www\wei\Application\Common\Common\function.php 第 15 行.
NOTIC: [8] Undefined index: id D:\wamp\www\wei\Application\Common\Common\function.php 第 19 行.
NOTIC: [8] Undefined index: pid D:\wamp\www\wei\Application\Common\Common\function.php 第 15 行.
NOTIC: [8] Undefined index: id D:\wamp\www\wei\Application\Common\Common\function.php 第 19 行.
NOTIC: [8] Undefined index: pid D:\wamp\www\wei\Application\Common\Common\function.php 第 15 行.
NOTIC: [8] Undefined index: id D:\wamp\www\wei\Application\Common\Common\function.php 第 19 行.
NOTIC: [8] Undefined index: pid D:\wamp\www\wei\Application\Common\Common\function.php 第 15 行.
NOTIC: [8] Undefined index: id D:\wamp\www\wei\Application\Common\Common\function.php 第 19 行.
NOTIC: [8] Undefined index: pid D:\wamp\www\wei\Application\Common\Common\function.php 第 15 行.
NOTIC: [8] Undefined index: id D:\wamp\www\wei\Application\Common\Common\function.php 第 19 行.
NOTIC: [8] Undefined index: pid D:\wamp\www\wei\Application\Common\Common\function.php 第 15 行.
NOTIC: [8] Undefined index: id D:\wamp\www\wei\Application\Common\Common\function.php 第 19 行.
NOTIC: [8] Undefined index: pid D:\wamp\www\wei\Application\Common\Common\function.php 第 15 行.
NOTIC: [8] Undefined index: id D:\wamp\www\wei\Application\Common\Common\function.php 第 19 行.

[ 2016-11-06T15:10:37+08:00 ] ::1 /wei/index.php/Admin/Index/index.html
INFO: [ app_init ] --START--
INFO: Run Behavior\BuildLiteBehavior [ RunTime:0.000024s ]
INFO: [ app_init ] --END-- [ RunTime:0.000361s ]
INFO: [ app_begin ] --START--
INFO: Run Behavior\ReadHtmlCacheBehavior [ RunTime:0.000466s ]
INFO: [ app_begin ] --END-- [ RunTime:0.000588s ]
INFO: [ view_parse ] --START--
INFO: [ template_filter ] --START--
INFO: Run Behavior\ContentReplaceBehavior [ RunTime:0.000144s ]
INFO: [ template_filter ] --END-- [ RunTime:0.000277s ]
INFO: Run Behavior\ParseTemplateBehavior [ RunTime:0.006297s ]
INFO: [ view_parse ] --END-- [ RunTime:0.006420s ]
INFO: [ view_filter ] --START--
INFO: Run Behavior\WriteHtmlCacheBehavior [ RunTime:0.000317s ]
INFO: [ view_filter ] --END-- [ RunTime:0.000415s ]
INFO: [ app_end ] --START--
INFO: Run Behavior\ShowPageTraceBehavior [ RunTime:0.000492s ]
INFO: [ app_end ] --END-- [ RunTime:0.000592s ]

[ 2016-11-06T15:10:37+08:00 ] ::1 /wei/index.php/Admin/Index/head.html
INFO: [ app_init ] --START--
INFO: Run Behavior\BuildLiteBehavior [ RunTime:0.000041s ]
INFO: [ app_init ] --END-- [ RunTime:0.000540s ]
INFO: [ app_begin ] --START--
INFO: Run Behavior\ReadHtmlCacheBehavior [ RunTime:0.001472s ]
INFO: [ app_begin ] --END-- [ RunTime:0.001687s ]
INFO: [ view_parse ] --START--
INFO: [ template_filter ] --START--
INFO: Run Behavior\ContentReplaceBehavior [ RunTime:0.000144s ]
INFO: [ template_filter ] --END-- [ RunTime:0.000349s ]
INFO: Run Behavior\ParseTemplateBehavior [ RunTime:0.008810s ]
INFO: [ view_parse ] --END-- [ RunTime:0.009005s ]
INFO: [ view_filter ] --START--
INFO: Run Behavior\WriteHtmlCacheBehavior [ RunTime:0.000474s ]
INFO: [ view_filter ] --END-- [ RunTime:0.000658s ]
INFO: [ app_end ] --START--
INFO: Run Behavior\ShowPageTraceBehavior [ RunTime:0.000716s ]
INFO: [ app_end ] --END-- [ RunTime:0.000905s ]

[ 2016-11-06T15:10:37+08:00 ] ::1 /wei/index.php/Admin/Index/left.html
INFO: [ app_init ] --START--
INFO: Run Behavior\BuildLiteBehavior [ RunTime:0.000041s ]
INFO: [ app_init ] --END-- [ RunTime:0.000602s ]
INFO: [ app_begin ] --START--
INFO: Run Behavior\ReadHtmlCacheBehavior [ RunTime:0.000967s ]
INFO: [ app_begin ] --END-- [ RunTime:0.001186s ]
SQL: SHOW COLUMNS FROM `sw_manager` [ RunTime:0.0043s ]
SQL: SELECT * FROM `sw_manager` WHERE `mg_id` = 3 LIMIT 1   [ RunTime:0.0003s ]
SQL: SHOW COLUMNS FROM `sw_role` [ RunTime:0.0031s ]
SQL: SELECT * FROM `sw_role` WHERE `role_id` = 102 LIMIT 1   [ RunTime:0.0003s ]
NOTIC: [8] Undefined variable: admin_name D:\wamp\www\wei\Application\Admin\Controller\IndexController.class.php 第 26 行.
SQL: SHOW COLUMNS FROM `sw_auth` [ RunTime:0.0233s ]
SQL: SELECT * FROM `sw_auth` WHERE ( auth_level=0 and auth_id in(10,21,22,23,49,11,31,32,12,41,42,43,52,53,54) )  [ RunTime:0.0004s ]
SQL: SELECT * FROM `sw_auth` WHERE ( auth_level=1 and auth_id in(10,21,22,23,49,11,31,32,12,41,42,43,52,53,54) )  [ RunTime:0.0004s ]
INFO: [ view_parse ] --START--
INFO: [ template_filter ] --START--
INFO: Run Behavior\ContentReplaceBehavior [ RunTime:0.000145s ]
INFO: [ template_filter ] --END-- [ RunTime:0.000290s ]
INFO: Run Behavior\ParseTemplateBehavior [ RunTime:0.011077s ]
INFO: [ view_parse ] --END-- [ RunTime:0.011231s ]
INFO: [ view_filter ] --START--
INFO: Run Behavior\WriteHtmlCacheBehavior [ RunTime:0.000489s ]
INFO: [ view_filter ] --END-- [ RunTime:0.000597s ]
INFO: [ app_end ] --START--
INFO: Run Behavior\ShowPageTraceBehavior [ RunTime:0.000624s ]
INFO: [ app_end ] --END-- [ RunTime:0.000732s ]

[ 2016-11-06T15:10:37+08:00 ] ::1 /wei/index.php/Admin/Index/right.html
INFO: [ app_init ] --START--
INFO: Run Behavior\BuildLiteBehavior [ RunTime:0.000037s ]
INFO: [ app_init ] --END-- [ RunTime:0.000539s ]
INFO: [ app_begin ] --START--
INFO: Run Behavior\ReadHtmlCacheBehavior [ RunTime:0.000655s ]
INFO: [ app_begin ] --END-- [ RunTime:0.000855s ]
INFO: [ view_parse ] --START--
INFO: [ template_filter ] --START--
INFO: Run Behavior\ContentReplaceBehavior [ RunTime:0.000170s ]
INFO: [ template_filter ] --END-- [ RunTime:0.000377s ]
INFO: Run Behavior\ParseTemplateBehavior [ RunTime:0.016385s ]
INFO: [ view_parse ] --END-- [ RunTime:0.016592s ]
INFO: [ view_filter ] --START--
INFO: Run Behavior\WriteHtmlCacheBehavior [ RunTime:0.000342s ]
INFO: [ view_filter ] --END-- [ RunTime:0.000477s ]
INFO: [ app_end ] --START--
INFO: Run Behavior\ShowPageTraceBehavior [ RunTime:0.000738s ]
INFO: [ app_end ] --END-- [ RunTime:0.000892s ]

[ 2016-11-06T15:10:37+08:00 ] ::1 /wei/index.php/Admin/Index/bottom.html
INFO: [ app_init ] --START--
INFO: Run Behavior\BuildLiteBehavior [ RunTime:0.000042s ]
INFO: [ app_init ] --END-- [ RunTime:0.000613s ]
INFO: [ app_begin ] --START--
INFO: Run Behavior\ReadHtmlCacheBehavior [ RunTime:0.001010s ]
INFO: [ app_begin ] --END-- [ RunTime:0.001317s ]
INFO: [ view_parse ] --START--
INFO: [ template_filter ] --START--
INFO: Run Behavior\ContentReplaceBehavior [ RunTime:0.000092s ]
INFO: [ template_filter ] --END-- [ RunTime:0.000223s ]
INFO: Run Behavior\ParseTemplateBehavior [ RunTime:0.008112s ]
INFO: [ view_parse ] --END-- [ RunTime:0.008298s ]
INFO: [ view_filter ] --START--
INFO: Run Behavior\WriteHtmlCacheBehavior [ RunTime:0.000402s ]
INFO: [ view_filter ] --END-- [ RunTime:0.000514s ]
INFO: [ app_end ] --START--
INFO: Run Behavior\ShowPageTraceBehavior [ RunTime:0.000547s ]
INFO: [ app_end ] --END-- [ RunTime:0.000653s ]

[ 2016-11-06T15:10:40+08:00 ] ::1 /wei/index.php/Admin/Cate/showlist
INFO: [ app_init ] --START--
INFO: Run Behavior\BuildLiteBehavior [ RunTime:0.000042s ]
INFO: [ app_init ] --END-- [ RunTime:0.000719s ]
INFO: [ app_begin ] --START--
INFO: Run Behavior\ReadHtmlCacheBehavior [ RunTime:0.000657s ]
INFO: [ app_begin ] --END-- [ RunTime:0.000806s ]
SQL: SHOW COLUMNS FROM `sw_manager` [ RunTime:0.0022s ]
SQL: SELECT * FROM `sw_manager` WHERE `mg_id` = 3 LIMIT 1   [ RunTime:0.0002s ]
SQL: SHOW COLUMNS FROM `sw_role` [ RunTime:0.0020s ]
SQL: SELECT * FROM `sw_role` WHERE `role_id` = 102 LIMIT 1   [ RunTime:0.0002s ]
SQL: SHOW COLUMNS FROM `sw_cate` [ RunTime:0.0021s ]
SQL: SELECT * FROM `sw_cate` ORDER BY cate_path  [ RunTime:0.0003s ]
INFO: [ view_parse ] --START--
INFO: [ template_filter ] --START--
INFO: Run Behavior\ContentReplaceBehavior [ RunTime:0.000104s ]
INFO: [ template_filter ] --END-- [ RunTime:0.000249s ]
NOTIC: [8] Undefined index: goods_id D:\wamp\www\wei\Application\Runtime\Cache\Admin\7d527337abf8c8352f576f1033505a34.php 第 91 行.
NOTIC: [8] Undefined index: goods_id D:\wamp\www\wei\Application\Runtime\Cache\Admin\7d527337abf8c8352f576f1033505a34.php 第 92 行.
NOTIC: [8] Undefined index: goods_id D:\wamp\www\wei\Application\Runtime\Cache\Admin\7d527337abf8c8352f576f1033505a34.php 第 91 行.
NOTIC: [8] Undefined index: goods_id D:\wamp\www\wei\Application\Runtime\Cache\Admin\7d527337abf8c8352f576f1033505a34.php 第 92 行.
NOTIC: [8] Undefined index: goods_id D:\wamp\www\wei\Application\Runtime\Cache\Admin\7d527337abf8c8352f576f1033505a34.php 第 91 行.
NOTIC: [8] Undefined index: goods_id D:\wamp\www\wei\Application\Runtime\Cache\Admin\7d527337abf8c8352f576f1033505a34.php 第 92 行.
NOTIC: [8] Undefined index: goods_id D:\wamp\www\wei\Application\Runtime\Cache\Admin\7d527337abf8c8352f576f1033505a34.php 第 91 行.
NOTIC: [8] Undefined index: goods_id D:\wamp\www\wei\Application\Runtime\Cache\Admin\7d527337abf8c8352f576f1033505a34.php 第 92 行.
NOTIC: [8] Undefined index: goods_id D:\wamp\www\wei\Application\Runtime\Cache\Admin\7d527337abf8c8352f576f1033505a34.php 第 91 行.
NOTIC: [8] Undefined index: goods_id D:\wamp\www\wei\Application\Runtime\Cache\Admin\7d527337abf8c8352f576f1033505a34.php 第 92 行.
NOTIC: [8] Undefined index: goods_id D:\wamp\www\wei\Application\Runtime\Cache\Admin\7d527337abf8c8352f576f1033505a34.php 第 91 行.
NOTIC: [8] Undefined index: goods_id D:\wamp\www\wei\Application\Runtime\Cache\Admin\7d527337abf8c8352f576f1033505a34.php 第 92 行.
NOTIC: [8] Undefined index: goods_id D:\wamp\www\wei\Application\Runtime\Cache\Admin\7d527337abf8c8352f576f1033505a34.php 第 91 行.
NOTIC: [8] Undefined index: goods_id D:\wamp\www\wei\Application\Runtime\Cache\Admin\7d527337abf8c8352f576f1033505a34.php 第 92 行.
NOTIC: [8] Undefined index: goods_id D:\wamp\www\wei\Application\Runtime\Cache\Admin\7d527337abf8c8352f576f1033505a34.php 第 91 行.
NOTIC: [8] Undefined index: goods_id D:\wamp\www\wei\Application\Runtime\Cache\Admin\7d527337abf8c8352f576f1033505a34.php 第 92 行.
NOTIC: [8] Undefined index: goods_id D:\wamp\www\wei\Application\Runtime\Cache\Admin\7d527337abf8c8352f576f1033505a34.php 第 91 行.
NOTIC: [8] Undefined index: goods_id D:\wamp\www\wei\Application\Runtime\Cache\Admin\7d527337abf8c8352f576f1033505a34.php 第 92 行.
NOTIC: [8] Undefined variable: pagelist D:\wamp\www\wei\Application\Runtime\Cache\Admin\7d527337abf8c8352f576f1033505a34.php 第 100 行.
INFO: Run Behavior\ParseTemplateBehavior [ RunTime:0.010614s ]
INFO: [ view_parse ] --END-- [ RunTime:0.010762s ]
INFO: [ view_filter ] --START--
INFO: Run Behavior\WriteHtmlCacheBehavior [ RunTime:0.000383s ]
INFO: [ view_filter ] --END-- [ RunTime:0.000488s ]
INFO: [ app_end ] --START--
INFO: Run Behavior\ShowPageTraceBehavior [ RunTime:0.000576s ]
INFO: [ app_end ] --END-- [ RunTime:0.000699s ]

[ 2016-11-06T15:22:31+08:00 ] ::1 /wei/index.php/Admin/Cate/showlist
INFO: [ app_init ] --START--
INFO: Run Behavior\BuildLiteBehavior [ RunTime:0.000024s ]
INFO: [ app_init ] --END-- [ RunTime:0.000505s ]
INFO: [ app_begin ] --START--
INFO: Run Behavior\ReadHtmlCacheBehavior [ RunTime:0.000677s ]
INFO: [ app_begin ] --END-- [ RunTime:0.000834s ]
SQL: SHOW COLUMNS FROM `sw_manager` [ RunTime:0.0023s ]
SQL: SELECT * FROM `sw_manager` WHERE `mg_id` = 3 LIMIT 1   [ RunTime:0.0003s ]
SQL: SHOW COLUMNS FROM `sw_role` [ RunTime:0.0023s ]
SQL: SELECT * FROM `sw_role` WHERE `role_id` = 102 LIMIT 1   [ RunTime:0.0003s ]
SQL: SHOW COLUMNS FROM `sw_cate` [ RunTime:0.0025s ]
SQL: SELECT * FROM `sw_cate` ORDER BY cate_path  [ RunTime:0.0003s ]
INFO: [ view_parse ] --START--
INFO: [ template_filter ] --START--
INFO: Run Behavior\ContentReplaceBehavior [ RunTime:0.000115s ]
INFO: [ template_filter ] --END-- [ RunTime:0.000241s ]
NOTIC: [8] Undefined index: goods_id D:\wamp\www\wei\Application\Runtime\Cache\Admin\7d527337abf8c8352f576f1033505a34.php 第 91 行.
NOTIC: [8] Undefined index: goods_id D:\wamp\www\wei\Application\Runtime\Cache\Admin\7d527337abf8c8352f576f1033505a34.php 第 92 行.
NOTIC: [8] Undefined index: goods_id D:\wamp\www\wei\Application\Runtime\Cache\Admin\7d527337abf8c8352f576f1033505a34.php 第 91 行.
NOTIC: [8] Undefined index: goods_id D:\wamp\www\wei\Application\Runtime\Cache\Admin\7d527337abf8c8352f576f1033505a34.php 第 92 行.
NOTIC: [8] Undefined index: goods_id D:\wamp\www\wei\Application\Runtime\Cache\Admin\7d527337abf8c8352f576f1033505a34.php 第 91 行.
NOTIC: [8] Undefined index: goods_id D:\wamp\www\wei\Application\Runtime\Cache\Admin\7d527337abf8c8352f576f1033505a34.php 第 92 行.
NOTIC: [8] Undefined index: goods_id D:\wamp\www\wei\Application\Runtime\Cache\Admin\7d527337abf8c8352f576f1033505a34.php 第 91 行.
NOTIC: [8] Undefined index: goods_id D:\wamp\www\wei\Application\Runtime\Cache\Admin\7d527337abf8c8352f576f1033505a34.php 第 92 行.
NOTIC: [8] Undefined index: goods_id D:\wamp\www\wei\Application\Runtime\Cache\Admin\7d527337abf8c8352f576f1033505a34.php 第 91 行.
NOTIC: [8] Undefined index: goods_id D:\wamp\www\wei\Application\Runtime\Cache\Admin\7d527337abf8c8352f576f1033505a34.php 第 92 行.
NOTIC: [8] Undefined index: goods_id D:\wamp\www\wei\Application\Runtime\Cache\Admin\7d527337abf8c8352f576f1033505a34.php 第 91 行.
NOTIC: [8] Undefined index: goods_id D:\wamp\www\wei\Application\Runtime\Cache\Admin\7d527337abf8c8352f576f1033505a34.php 第 92 行.
NOTIC: [8] Undefined index: goods_id D:\wamp\www\wei\Application\Runtime\Cache\Admin\7d527337abf8c8352f576f1033505a34.php 第 91 行.
NOTIC: [8] Undefined index: goods_id D:\wamp\www\wei\Application\Runtime\Cache\Admin\7d527337abf8c8352f576f1033505a34.php 第 92 行.
NOTIC: [8] Undefined index: goods_id D:\wamp\www\wei\Application\Runtime\Cache\Admin\7d527337abf8c8352f576f1033505a34.php 第 91 行.
NOTIC: [8] Undefined index: goods_id D:\wamp\www\wei\Application\Runtime\Cache\Admin\7d527337abf8c8352f576f1033505a34.php 第 92 行.
NOTIC: [8] Undefined index: goods_id D:\wamp\www\wei\Application\Runtime\Cache\Admin\7d527337abf8c8352f576f1033505a34.php 第 91 行.
NOTIC: [8] Undefined index: goods_id D:\wamp\www\wei\Application\Runtime\Cache\Admin\7d527337abf8c8352f576f1033505a34.php 第 92 行.
NOTIC: [8] Undefined variable: pagelist D:\wamp\www\wei\Application\Runtime\Cache\Admin\7d527337abf8c8352f576f1033505a34.php 第 100 行.
INFO: Run Behavior\ParseTemplateBehavior [ RunTime:0.010347s ]
INFO: [ view_parse ] --END-- [ RunTime:0.010499s ]
INFO: [ view_filter ] --START--
INFO: Run Behavior\WriteHtmlCacheBehavior [ RunTime:0.000468s ]
INFO: [ view_filter ] --END-- [ RunTime:0.000571s ]
INFO: [ app_end ] --START--
INFO: Run Behavior\ShowPageTraceBehavior [ RunTime:0.000637s ]
INFO: [ app_end ] --END-- [ RunTime:0.000779s ]

[ 2016-11-06T15:22:50+08:00 ] ::1 /wei/index.php/Admin/Goods/add
INFO: [ app_init ] --START--
INFO: Run Behavior\BuildLiteBehavior [ RunTime:0.000023s ]
INFO: [ app_init ] --END-- [ RunTime:0.000360s ]
INFO: [ app_begin ] --START--
INFO: Run Behavior\ReadHtmlCacheBehavior [ RunTime:0.000533s ]
INFO: [ app_begin ] --END-- [ RunTime:0.000658s ]
SQL: SHOW COLUMNS FROM `sw_goods` [ RunTime:0.0027s ]
INFO: [ view_parse ] --START--
INFO: [ template_filter ] --START--
INFO: Run Behavior\ContentReplaceBehavior [ RunTime:0.000102s ]
INFO: [ template_filter ] --END-- [ RunTime:0.000246s ]
INFO: Run Behavior\ParseTemplateBehavior [ RunTime:0.016753s ]
INFO: [ view_parse ] --END-- [ RunTime:0.016904s ]
INFO: [ view_filter ] --START--
INFO: Run Behavior\WriteHtmlCacheBehavior [ RunTime:0.000397s ]
INFO: [ view_filter ] --END-- [ RunTime:0.000496s ]
INFO: [ app_end ] --START--
INFO: Run Behavior\ShowPageTraceBehavior [ RunTime:0.000511s ]
INFO: [ app_end ] --END-- [ RunTime:0.000613s ]

[ 2016-11-06T15:31:10+08:00 ] ::1 /wei/index.php/Admin/Cate/tianjia
INFO: [ app_init ] --START--
INFO: Run Behavior\BuildLiteBehavior [ RunTime:0.000024s ]
INFO: [ app_init ] --END-- [ RunTime:0.000394s ]
INFO: [ app_begin ] --START--
INFO: Run Behavior\ReadHtmlCacheBehavior [ RunTime:0.000534s ]
INFO: [ app_begin ] --END-- [ RunTime:0.000650s ]
SQL: SHOW COLUMNS FROM `sw_manager` [ RunTime:0.0023s ]
SQL: SELECT * FROM `sw_manager` WHERE `mg_id` = 3 LIMIT 1   [ RunTime:0.0003s ]
SQL: SHOW COLUMNS FROM `sw_role` [ RunTime:0.0022s ]
SQL: SELECT * FROM `sw_role` WHERE `role_id` = 102 LIMIT 1   [ RunTime:0.0002s ]
SQL: SHOW COLUMNS FROM `sw_cate` [ RunTime:0.0023s ]
SQL: SELECT * FROM `sw_cate` WHERE ( cate_level=0 )  [ RunTime:0.0002s ]
INFO: [ view_parse ] --START--
INFO: [ template_filter ] --START--
INFO: Run Behavior\ContentReplaceBehavior [ RunTime:0.000095s ]
INFO: [ template_filter ] --END-- [ RunTime:0.000204s ]
INFO: Run Behavior\ParseTemplateBehavior [ RunTime:0.007368s ]
INFO: [ view_parse ] --END-- [ RunTime:0.007507s ]
INFO: [ view_filter ] --START--
INFO: Run Behavior\WriteHtmlCacheBehavior [ RunTime:0.000391s ]
INFO: [ view_filter ] --END-- [ RunTime:0.000491s ]
INFO: [ app_end ] --START--
INFO: Run Behavior\ShowPageTraceBehavior [ RunTime:0.000551s ]
INFO: [ app_end ] --END-- [ RunTime:0.000651s ]

[ 2016-11-06T15:31:13+08:00 ] ::1 /wei/index.php/Admin/Goods/add
INFO: [ app_init ] --START--
INFO: Run Behavior\BuildLiteBehavior [ RunTime:0.000024s ]
INFO: [ app_init ] --END-- [ RunTime:0.000448s ]
INFO: [ app_begin ] --START--
INFO: Run Behavior\ReadHtmlCacheBehavior [ RunTime:0.000573s ]
INFO: [ app_begin ] --END-- [ RunTime:0.000701s ]
SQL: SHOW COLUMNS FROM `sw_goods` [ RunTime:0.0027s ]
SQL: SHOW COLUMNS FROM `sw_cate` [ RunTime:0.0022s ]
SQL: SELECT * FROM `sw_cate` ORDER BY cate_path  [ RunTime:0.0003s ]
INFO: [ view_parse ] --START--
INFO: [ template_filter ] --START--
INFO: Run Behavior\ContentReplaceBehavior [ RunTime:0.000160s ]
INFO: [ template_filter ] --END-- [ RunTime:0.000279s ]
INFO: Run Behavior\ParseTemplateBehavior [ RunTime:0.007647s ]
INFO: [ view_parse ] --END-- [ RunTime:0.007757s ]
INFO: [ view_filter ] --START--
INFO: Run Behavior\WriteHtmlCacheBehavior [ RunTime:0.000369s ]
INFO: [ view_filter ] --END-- [ RunTime:0.000488s ]
INFO: [ app_end ] --START--
INFO: Run Behavior\ShowPageTraceBehavior [ RunTime:0.000501s ]
INFO: [ app_end ] --END-- [ RunTime:0.000601s ]

[ 2016-11-06T15:37:18+08:00 ] ::1 /wei/index.php/Admin/Index/index.html
INFO: [ app_init ] --START--
INFO: Run Behavior\BuildLiteBehavior [ RunTime:0.000030s ]
INFO: [ app_init ] --END-- [ RunTime:0.000576s ]
INFO: [ app_begin ] --START--
INFO: Run Behavior\ReadHtmlCacheBehavior [ RunTime:0.000607s ]
INFO: [ app_begin ] --END-- [ RunTime:0.000749s ]
INFO: [ view_parse ] --START--
INFO: [ template_filter ] --START--
INFO: Run Behavior\ContentReplaceBehavior [ RunTime:0.000101s ]
INFO: [ template_filter ] --END-- [ RunTime:0.000208s ]
INFO: Run Behavior\ParseTemplateBehavior [ RunTime:0.004769s ]
INFO: [ view_parse ] --END-- [ RunTime:0.004898s ]
INFO: [ view_filter ] --START--
INFO: Run Behavior\WriteHtmlCacheBehavior [ RunTime:0.000282s ]
INFO: [ view_filter ] --END-- [ RunTime:0.000382s ]
INFO: [ app_end ] --START--
INFO: Run Behavior\ShowPageTraceBehavior [ RunTime:0.000654s ]
INFO: [ app_end ] --END-- [ RunTime:0.000875s ]

[ 2016-11-06T15:37:19+08:00 ] ::1 /wei/index.php/Admin/Index/head.html
INFO: [ app_init ] --START--
INFO: Run Behavior\BuildLiteBehavior [ RunTime:0.000041s ]
INFO: [ app_init ] --END-- [ RunTime:0.000553s ]
INFO: [ app_begin ] --START--
INFO: Run Behavior\ReadHtmlCacheBehavior [ RunTime:0.000568s ]
INFO: [ app_begin ] --END-- [ RunTime:0.000774s ]
INFO: [ view_parse ] --START--
INFO: [ template_filter ] --START--
INFO: Run Behavior\ContentReplaceBehavior [ RunTime:0.000150s ]
INFO: [ template_filter ] --END-- [ RunTime:0.000367s ]
INFO: Run Behavior\ParseTemplateBehavior [ RunTime:0.007919s ]
INFO: [ view_parse ] --END-- [ RunTime:0.008122s ]
INFO: [ view_filter ] --START--
INFO: Run Behavior\WriteHtmlCacheBehavior [ RunTime:0.000304s ]
INFO: [ view_filter ] --END-- [ RunTime:0.000473s ]
INFO: [ app_end ] --START--
INFO: Run Behavior\ShowPageTraceBehavior [ RunTime:0.000646s ]
INFO: [ app_end ] --END-- [ RunTime:0.000837s ]

[ 2016-11-06T15:37:19+08:00 ] ::1 /wei/index.php/Admin/Index/right.html
INFO: [ app_init ] --START--
INFO: Run Behavior\BuildLiteBehavior [ RunTime:0.000039s ]
INFO: [ app_init ] --END-- [ RunTime:0.000582s ]
INFO: [ app_begin ] --START--
INFO: Run Behavior\ReadHtmlCacheBehavior [ RunTime:0.000658s ]
INFO: [ app_begin ] --END-- [ RunTime:0.000850s ]
INFO: [ view_parse ] --START--
INFO: [ template_filter ] --START--
INFO: Run Behavior\ContentReplaceBehavior [ RunTime:0.000141s ]
INFO: [ template_filter ] --END-- [ RunTime:0.000331s ]
INFO: Run Behavior\ParseTemplateBehavior [ RunTime:0.008340s ]
INFO: [ view_parse ] --END-- [ RunTime:0.008563s ]
INFO: [ view_filter ] --START--
INFO: Run Behavior\WriteHtmlCacheBehavior [ RunTime:0.000444s ]
INFO: [ view_filter ] --END-- [ RunTime:0.000704s ]
INFO: [ app_end ] --START--
INFO: Run Behavior\ShowPageTraceBehavior [ RunTime:0.000923s ]
INFO: [ app_end ] --END-- [ RunTime:0.001111s ]

[ 2016-11-06T15:37:19+08:00 ] ::1 /wei/index.php/Admin/Index/left.html
INFO: [ app_init ] --START--
INFO: Run Behavior\BuildLiteBehavior [ RunTime:0.000043s ]
INFO: [ app_init ] --END-- [ RunTime:0.000597s ]
INFO: [ app_begin ] --START--
INFO: Run Behavior\ReadHtmlCacheBehavior [ RunTime:0.000993s ]
INFO: [ app_begin ] --END-- [ RunTime:0.001392s ]
SQL: SHOW COLUMNS FROM `sw_manager` [ RunTime:0.0025s ]
SQL: SELECT * FROM `sw_manager` WHERE `mg_id` = 3 LIMIT 1   [ RunTime:0.0003s ]
SQL: SHOW COLUMNS FROM `sw_role` [ RunTime:0.0035s ]
SQL: SELECT * FROM `sw_role` WHERE `role_id` = 102 LIMIT 1   [ RunTime:0.0003s ]
NOTIC: [8] Undefined variable: admin_name D:\wamp\www\wei\Application\Admin\Controller\IndexController.class.php 第 26 行.
SQL: SHOW COLUMNS FROM `sw_auth` [ RunTime:0.0028s ]
SQL: SELECT * FROM `sw_auth` WHERE ( auth_level=0 and auth_id in(10,21,22,23,49,11,31,32,12,41,42,43,52,53,54) )  [ RunTime:0.0004s ]
SQL: SELECT * FROM `sw_auth` WHERE ( auth_level=1 and auth_id in(10,21,22,23,49,11,31,32,12,41,42,43,52,53,54) )  [ RunTime:0.0003s ]
INFO: [ view_parse ] --START--
INFO: [ template_filter ] --START--
INFO: Run Behavior\ContentReplaceBehavior [ RunTime:0.000106s ]
INFO: [ template_filter ] --END-- [ RunTime:0.000230s ]
INFO: Run Behavior\ParseTemplateBehavior [ RunTime:0.011312s ]
INFO: [ view_parse ] --END-- [ RunTime:0.011483s ]
INFO: [ view_filter ] --START--
INFO: Run Behavior\WriteHtmlCacheBehavior [ RunTime:0.000705s ]
INFO: [ view_filter ] --END-- [ RunTime:0.000884s ]
INFO: [ app_end ] --START--
INFO: Run Behavior\ShowPageTraceBehavior [ RunTime:0.000865s ]
INFO: [ app_end ] --END-- [ RunTime:0.001052s ]

[ 2016-11-06T15:37:19+08:00 ] ::1 /wei/index.php/Admin/Index/bottom.html
INFO: [ app_init ] --START--
INFO: Run Behavior\BuildLiteBehavior [ RunTime:0.000025s ]
INFO: [ app_init ] --END-- [ RunTime:0.000410s ]
INFO: [ app_begin ] --START--
INFO: Run Behavior\ReadHtmlCacheBehavior [ RunTime:0.000669s ]
INFO: [ app_begin ] --END-- [ RunTime:0.000792s ]
INFO: [ view_parse ] --START--
INFO: [ template_filter ] --START--
INFO: Run Behavior\ContentReplaceBehavior [ RunTime:0.000085s ]
INFO: [ template_filter ] --END-- [ RunTime:0.000208s ]
INFO: Run Behavior\ParseTemplateBehavior [ RunTime:0.006499s ]
INFO: [ view_parse ] --END-- [ RunTime:0.006660s ]
INFO: [ view_filter ] --START--
INFO: Run Behavior\WriteHtmlCacheBehavior [ RunTime:0.000449s ]
INFO: [ view_filter ] --END-- [ RunTime:0.000594s ]
INFO: [ app_end ] --START--
INFO: Run Behavior\ShowPageTraceBehavior [ RunTime:0.000901s ]
INFO: [ app_end ] --END-- [ RunTime:0.001082s ]

[ 2016-11-06T17:07:57+08:00 ] ::1 /wei/index.php/Admin
INFO: [ app_init ] --START--
INFO: Run Behavior\BuildLiteBehavior [ RunTime:0.000023s ]
INFO: [ app_init ] --END-- [ RunTime:0.000384s ]
INFO: [ app_begin ] --START--
INFO: Run Behavior\ReadHtmlCacheBehavior [ RunTime:0.000434s ]
INFO: [ app_begin ] --END-- [ RunTime:0.000542s ]
INFO: [ view_parse ] --START--
INFO: [ template_filter ] --START--
INFO: Run Behavior\ContentReplaceBehavior [ RunTime:0.000081s ]
INFO: [ template_filter ] --END-- [ RunTime:0.000191s ]
INFO: Run Behavior\ParseTemplateBehavior [ RunTime:0.005335s ]
INFO: [ view_parse ] --END-- [ RunTime:0.005443s ]
INFO: [ view_filter ] --START--
INFO: Run Behavior\WriteHtmlCacheBehavior [ RunTime:0.000345s ]
INFO: [ view_filter ] --END-- [ RunTime:0.000453s ]
INFO: [ app_end ] --START--
INFO: Run Behavior\ShowPageTraceBehavior [ RunTime:0.000512s ]
INFO: [ app_end ] --END-- [ RunTime:0.000697s ]

[ 2016-11-06T17:08:11+08:00 ] ::1 /wei/index.php/Admin/Manager/login
INFO: [ app_init ] --START--
INFO: Run Behavior\BuildLiteBehavior [ RunTime:0.000024s ]
INFO: [ app_init ] --END-- [ RunTime:0.000359s ]
INFO: [ app_begin ] --START--
INFO: Run Behavior\ReadHtmlCacheBehavior [ RunTime:0.000538s ]
INFO: [ app_begin ] --END-- [ RunTime:0.000642s ]
INFO: [ view_parse ] --START--
INFO: [ template_filter ] --START--
INFO: Run Behavior\ContentReplaceBehavior [ RunTime:0.000108s ]
INFO: [ template_filter ] --END-- [ RunTime:0.000256s ]
NOTIC: [8] Undefined variable: msg D:\wamp\www\wei\Application\Runtime\Cache\Admin\9573a6fefcd263b117f74d0cf3257239.php 第 13 行.
INFO: Run Behavior\ParseTemplateBehavior [ RunTime:0.006243s ]
INFO: [ view_parse ] --END-- [ RunTime:0.006345s ]
INFO: [ view_filter ] --START--
INFO: Run Behavior\WriteHtmlCacheBehavior [ RunTime:0.000372s ]
INFO: [ view_filter ] --END-- [ RunTime:0.000468s ]
INFO: [ app_end ] --START--
INFO: Run Behavior\ShowPageTraceBehavior [ RunTime:0.000536s ]
INFO: [ app_end ] --END-- [ RunTime:0.000637s ]

[ 2016-11-06T17:08:12+08:00 ] ::1 /wei/index.php/Admin/Manager/verifyImg
INFO: [ app_init ] --START--
INFO: Run Behavior\BuildLiteBehavior [ RunTime:0.000025s ]
INFO: [ app_init ] --END-- [ RunTime:0.000397s ]
INFO: [ app_begin ] --START--
INFO: Run Behavior\ReadHtmlCacheBehavior [ RunTime:0.000544s ]
INFO: [ app_begin ] --END-- [ RunTime:0.000665s ]
INFO: [ app_end ] --START--
INFO: Run Behavior\ShowPageTraceBehavior [ RunTime:0.001136s ]
INFO: [ app_end ] --END-- [ RunTime:0.001387s ]

[ 2016-11-06T17:08:21+08:00 ] ::1 /wei/index.php/Admin/Manager/login
INFO: [ app_init ] --START--
INFO: Run Behavior\BuildLiteBehavior [ RunTime:0.000026s ]
INFO: [ app_init ] --END-- [ RunTime:0.000373s ]
INFO: [ app_begin ] --START--
INFO: Run Behavior\ReadHtmlCacheBehavior [ RunTime:0.000389s ]
INFO: [ app_begin ] --END-- [ RunTime:0.000546s ]
SQL: SHOW COLUMNS FROM `sw_manager` [ RunTime:0.0024s ]
SQL: SELECT * FROM `sw_manager` WHERE ( mg_name='admin' ) LIMIT 1   [ RunTime:0.0003s ]

[ 2016-11-06T17:08:21+08:00 ] ::1 /wei/index.php/Admin/Index/index
INFO: [ app_init ] --START--
INFO: Run Behavior\BuildLiteBehavior [ RunTime:0.000047s ]
INFO: [ app_init ] --END-- [ RunTime:0.000705s ]
INFO: [ app_begin ] --START--
INFO: Run Behavior\ReadHtmlCacheBehavior [ RunTime:0.000430s ]
INFO: [ app_begin ] --END-- [ RunTime:0.000553s ]
INFO: [ view_parse ] --START--
INFO: [ template_filter ] --START--
INFO: Run Behavior\ContentReplaceBehavior [ RunTime:0.000079s ]
INFO: [ template_filter ] --END-- [ RunTime:0.000195s ]
INFO: Run Behavior\ParseTemplateBehavior [ RunTime:0.004617s ]
INFO: [ view_parse ] --END-- [ RunTime:0.004725s ]
INFO: [ view_filter ] --START--
INFO: Run Behavior\WriteHtmlCacheBehavior [ RunTime:0.000327s ]
INFO: [ view_filter ] --END-- [ RunTime:0.000449s ]
INFO: [ app_end ] --START--
INFO: Run Behavior\ShowPageTraceBehavior [ RunTime:0.000481s ]
INFO: [ app_end ] --END-- [ RunTime:0.000581s ]

[ 2016-11-06T17:08:21+08:00 ] ::1 /wei/index.php/Admin/Index/bottom.html
INFO: [ app_init ] --START--
INFO: Run Behavior\BuildLiteBehavior [ RunTime:0.000039s ]
INFO: [ app_init ] --END-- [ RunTime:0.000533s ]
INFO: [ app_begin ] --START--
INFO: Run Behavior\ReadHtmlCacheBehavior [ RunTime:0.000646s ]
INFO: [ app_begin ] --END-- [ RunTime:0.000848s ]
INFO: [ view_parse ] --START--
INFO: [ template_filter ] --START--
INFO: Run Behavior\ContentReplaceBehavior [ RunTime:0.000086s ]
INFO: [ template_filter ] --END-- [ RunTime:0.000251s ]
INFO: Run Behavior\ParseTemplateBehavior [ RunTime:0.006294s ]
INFO: [ view_parse ] --END-- [ RunTime:0.006547s ]
INFO: [ view_filter ] --START--
INFO: Run Behavior\WriteHtmlCacheBehavior [ RunTime:0.000277s ]
INFO: [ view_filter ] --END-- [ RunTime:0.000408s ]
INFO: [ app_end ] --START--
INFO: Run Behavior\ShowPageTraceBehavior [ RunTime:0.000481s ]
INFO: [ app_end ] --END-- [ RunTime:0.000588s ]

[ 2016-11-06T17:08:21+08:00 ] ::1 /wei/index.php/Admin/Index/right.html
INFO: [ app_init ] --START--
INFO: Run Behavior\BuildLiteBehavior [ RunTime:0.000041s ]
INFO: [ app_init ] --END-- [ RunTime:0.000600s ]
INFO: [ app_begin ] --START--
INFO: Run Behavior\ReadHtmlCacheBehavior [ RunTime:0.000881s ]
INFO: [ app_begin ] --END-- [ RunTime:0.001092s ]
INFO: [ view_parse ] --START--
INFO: [ template_filter ] --START--
INFO: Run Behavior\ContentReplaceBehavior [ RunTime:0.000166s ]
INFO: [ template_filter ] --END-- [ RunTime:0.000379s ]
INFO: Run Behavior\ParseTemplateBehavior [ RunTime:0.008936s ]
INFO: [ view_parse ] --END-- [ RunTime:0.009074s ]
INFO: [ view_filter ] --START--
INFO: Run Behavior\WriteHtmlCacheBehavior [ RunTime:0.000406s ]
INFO: [ view_filter ] --END-- [ RunTime:0.000508s ]
INFO: [ app_end ] --START--
INFO: Run Behavior\ShowPageTraceBehavior [ RunTime:0.000607s ]
INFO: [ app_end ] --END-- [ RunTime:0.000717s ]

[ 2016-11-06T17:08:21+08:00 ] ::1 /wei/index.php/Admin/Index/left.html
INFO: [ app_init ] --START--
INFO: Run Behavior\BuildLiteBehavior [ RunTime:0.000038s ]
INFO: [ app_init ] --END-- [ RunTime:0.000637s ]
INFO: [ app_begin ] --START--
INFO: Run Behavior\ReadHtmlCacheBehavior [ RunTime:0.001215s ]
INFO: [ app_begin ] --END-- [ RunTime:0.001533s ]
SQL: SHOW COLUMNS FROM `sw_manager` [ RunTime:0.0024s ]
SQL: SELECT * FROM `sw_manager` WHERE `mg_id` = 3 LIMIT 1   [ RunTime:0.0002s ]
SQL: SHOW COLUMNS FROM `sw_role` [ RunTime:0.0021s ]
SQL: SELECT * FROM `sw_role` WHERE `role_id` = 102 LIMIT 1   [ RunTime:0.0004s ]
NOTIC: [8] Undefined variable: admin_name D:\wamp\www\wei\Application\Admin\Controller\IndexController.class.php 第 26 行.
SQL: SHOW COLUMNS FROM `sw_auth` [ RunTime:0.0028s ]
SQL: SELECT * FROM `sw_auth` WHERE ( auth_level=0 and auth_id in(10,21,22,23,49,11,31,32,12,41,42,43,52,53,54) )  [ RunTime:0.0005s ]
SQL: SELECT * FROM `sw_auth` WHERE ( auth_level=1 and auth_id in(10,21,22,23,49,11,31,32,12,41,42,43,52,53,54) )  [ RunTime:0.0003s ]
INFO: [ view_parse ] --START--
INFO: [ template_filter ] --START--
INFO: Run Behavior\ContentReplaceBehavior [ RunTime:0.000174s ]
INFO: [ template_filter ] --END-- [ RunTime:0.000351s ]
INFO: Run Behavior\ParseTemplateBehavior [ RunTime:0.010622s ]
INFO: [ view_parse ] --END-- [ RunTime:0.010744s ]
INFO: [ view_filter ] --START--
INFO: Run Behavior\WriteHtmlCacheBehavior [ RunTime:0.000484s ]
INFO: [ view_filter ] --END-- [ RunTime:0.000588s ]
INFO: [ app_end ] --START--
INFO: Run Behavior\ShowPageTraceBehavior [ RunTime:0.000860s ]
INFO: [ app_end ] --END-- [ RunTime:0.001046s ]

[ 2016-11-06T17:08:21+08:00 ] ::1 /wei/index.php/Admin/Index/head.html
INFO: [ app_init ] --START--
INFO: Run Behavior\BuildLiteBehavior [ RunTime:0.000025s ]
INFO: [ app_init ] --END-- [ RunTime:0.000348s ]
INFO: [ app_begin ] --START--
INFO: Run Behavior\ReadHtmlCacheBehavior [ RunTime:0.000443s ]
INFO: [ app_begin ] --END-- [ RunTime:0.000602s ]
INFO: [ view_parse ] --START--
INFO: [ template_filter ] --START--
INFO: Run Behavior\ContentReplaceBehavior [ RunTime:0.000084s ]
INFO: [ template_filter ] --END-- [ RunTime:0.000204s ]
INFO: Run Behavior\ParseTemplateBehavior [ RunTime:0.007109s ]
INFO: [ view_parse ] --END-- [ RunTime:0.007269s ]
INFO: [ view_filter ] --START--
INFO: Run Behavior\WriteHtmlCacheBehavior [ RunTime:0.000362s ]
INFO: [ view_filter ] --END-- [ RunTime:0.000464s ]
INFO: [ app_end ] --START--
INFO: Run Behavior\ShowPageTraceBehavior [ RunTime:0.000495s ]
INFO: [ app_end ] --END-- [ RunTime:0.000601s ]

[ 2016-11-06T17:08:29+08:00 ] ::1 /wei/index.php/Admin/Goods/add
INFO: [ app_init ] --START--
INFO: Run Behavior\BuildLiteBehavior [ RunTime:0.000025s ]
INFO: [ app_init ] --END-- [ RunTime:0.000337s ]
INFO: [ app_begin ] --START--
INFO: Run Behavior\ReadHtmlCacheBehavior [ RunTime:0.000486s ]
INFO: [ app_begin ] --END-- [ RunTime:0.000608s ]
SQL: SHOW COLUMNS FROM `sw_goods` [ RunTime:0.0027s ]
SQL: SHOW COLUMNS FROM `sw_cate` [ RunTime:0.0024s ]
SQL: SELECT * FROM `sw_cate` ORDER BY cate_path  [ RunTime:0.0003s ]
INFO: [ view_parse ] --START--
INFO: [ template_filter ] --START--
INFO: Run Behavior\ContentReplaceBehavior [ RunTime:0.000124s ]
INFO: [ template_filter ] --END-- [ RunTime:0.000239s ]
INFO: Run Behavior\ParseTemplateBehavior [ RunTime:0.008046s ]
INFO: [ view_parse ] --END-- [ RunTime:0.008154s ]
INFO: [ view_filter ] --START--
INFO: Run Behavior\WriteHtmlCacheBehavior [ RunTime:0.000322s ]
INFO: [ view_filter ] --END-- [ RunTime:0.000419s ]
INFO: [ app_end ] --START--
INFO: Run Behavior\ShowPageTraceBehavior [ RunTime:0.000546s ]
INFO: [ app_end ] --END-- [ RunTime:0.000658s ]

[ 2016-11-06T17:17:59+08:00 ] ::1 /wei/index.php/Admin/Goods/add
INFO: [ app_init ] --START--
INFO: Run Behavior\BuildLiteBehavior [ RunTime:0.000026s ]
INFO: [ app_init ] --END-- [ RunTime:0.000423s ]
INFO: [ app_begin ] --START--
INFO: Run Behavior\ReadHtmlCacheBehavior [ RunTime:0.000419s ]
INFO: [ app_begin ] --END-- [ RunTime:0.000528s ]
SQL: SHOW COLUMNS FROM `sw_goods` [ RunTime:0.0026s ]
NOTIC: [8] Undefined index: good_image D:\wamp\www\wei\Application\Admin\Controller\GoodsController.class.php 第 26 行.
NOTIC: [2] call_user_func() expects parameter 1 to be a valid callback, no array or string given D:\wamp\www\wei\ThinkPHP\Library\Think\Upload.class.php 第 170 行.
NOTIC: [8] Undefined index: validate D:\wamp\www\wei\ThinkPHP\Library\Think\Model.class.php 第 1185 行.
NOTIC: [8] Undefined index: auto D:\wamp\www\wei\ThinkPHP\Library\Think\Model.class.php 第 1128 行.
SQL: INSERT INTO `sw_goods` (`goods_category_id`,`goods_name`,`goods_number`,`goods_price2`,`goods_price`,`goods_introduce`,`goods_big_img`,`goods_small_img`,`goods_create_time`) VALUES ('23','ap 6sssssss','12','1222','1111','sssssssss','Application/Public/uploads/2016-11-06/581ef5472354e.jpg','Application/Public/uploads/2016-11-06/small_581ef5472354e.jpg','2016-11-06 17:17:59') [ RunTime:0.0263s ]

[ 2016-11-06T17:18:01+08:00 ] ::1 /wei/index.php/Admin/Goods/showlist
INFO: [ app_init ] --START--
INFO: Run Behavior\BuildLiteBehavior [ RunTime:0.000024s ]
INFO: [ app_init ] --END-- [ RunTime:0.000378s ]
INFO: [ app_begin ] --START--
INFO: Run Behavior\ReadHtmlCacheBehavior [ RunTime:0.000542s ]
INFO: [ app_begin ] --END-- [ RunTime:0.000656s ]
SQL: SHOW COLUMNS FROM `sw_goods` [ RunTime:0.0025s ]
SQL: SELECT COUNT(*) AS tp_count FROM `sw_goods` LIMIT 1   [ RunTime:0.0003s ]
SQL: select *from sw_goods order by goods_id desc Limit 0, 3 [ RunTime:0.0003s ]
INFO: [ view_parse ] --START--
INFO: [ template_filter ] --START--
INFO: Run Behavior\ContentReplaceBehavior [ RunTime:0.000106s ]
INFO: [ template_filter ] --END-- [ RunTime:0.000221s ]
INFO: Run Behavior\ParseTemplateBehavior [ RunTime:0.035277s ]
INFO: [ view_parse ] --END-- [ RunTime:0.035386s ]
INFO: [ view_filter ] --START--
INFO: Run Behavior\WriteHtmlCacheBehavior [ RunTime:0.000392s ]
INFO: [ view_filter ] --END-- [ RunTime:0.000494s ]
INFO: [ app_end ] --START--
INFO: Run Behavior\ShowPageTraceBehavior [ RunTime:0.000553s ]
INFO: [ app_end ] --END-- [ RunTime:0.000654s ]

[ 2016-11-06T17:33:05+08:00 ] ::1 /wei/index.php/Admin/Goods/update/goods_id/205
INFO: [ app_init ] --START--
INFO: Run Behavior\BuildLiteBehavior [ RunTime:0.000024s ]
INFO: [ app_init ] --END-- [ RunTime:0.000385s ]
INFO: [ app_begin ] --START--
INFO: Run Behavior\ReadHtmlCacheBehavior [ RunTime:0.000602s ]
INFO: [ app_begin ] --END-- [ RunTime:0.000731s ]
SQL: SHOW COLUMNS FROM `sw_goods` [ RunTime:0.0025s ]
SQL: SELECT * FROM `sw_goods` WHERE `goods_id` = 205 LIMIT 1   [ RunTime:0.0004s ]
INFO: [ view_parse ] --START--
INFO: [ template_filter ] --START--
INFO: Run Behavior\ContentReplaceBehavior [ RunTime:0.000109s ]
INFO: [ template_filter ] --END-- [ RunTime:0.000250s ]
INFO: Run Behavior\ParseTemplateBehavior [ RunTime:0.014720s ]
INFO: [ view_parse ] --END-- [ RunTime:0.014869s ]
INFO: [ view_filter ] --START--
INFO: Run Behavior\WriteHtmlCacheBehavior [ RunTime:0.000260s ]
INFO: [ view_filter ] --END-- [ RunTime:0.000355s ]
INFO: [ app_end ] --START--
INFO: Run Behavior\ShowPageTraceBehavior [ RunTime:0.000505s ]
INFO: [ app_end ] --END-- [ RunTime:0.000603s ]

