[ 2016-10-17T10:32:26+08:00 ] ::1 /wei/index.php/Admin/Manager/login.html
INFO: [ app_init ] --START--
INFO: Run Behavior\BuildLiteBehavior [ RunTime:0.000027s ]
INFO: [ app_init ] --END-- [ RunTime:0.026046s ]
INFO: [ app_begin ] --START--
INFO: Run Behavior\ReadHtmlCacheBehavior [ RunTime:0.008919s ]
INFO: [ app_begin ] --END-- [ RunTime:0.009045s ]
INFO: [ view_parse ] --START--
INFO: [ template_filter ] --START--
INFO: Run Behavior\ContentReplaceBehavior [ RunTime:0.043939s ]
INFO: [ template_filter ] --END-- [ RunTime:0.044106s ]
NOTIC: [8] Undefined variable: msg D:\wamp\www\wei\Application\Runtime\Cache\Admin\9573a6fefcd263b117f74d0cf3257239.php 第 13 行.
INFO: Run Behavior\ParseTemplateBehavior [ RunTime:0.120684s ]
INFO: [ view_parse ] --END-- [ RunTime:0.120802s ]
INFO: [ view_filter ] --START--
INFO: Run Behavior\WriteHtmlCacheBehavior [ RunTime:0.009010s ]
INFO: [ view_filter ] --END-- [ RunTime:0.009126s ]
INFO: [ app_end ] --START--
INFO: Run Behavior\ShowPageTraceBehavior [ RunTime:0.012386s ]
INFO: [ app_end ] --END-- [ RunTime:0.012517s ]

[ 2016-10-17T10:32:27+08:00 ] ::1 /wei/index.php/Admin/Manager/verifyImg
INFO: [ app_init ] --START--
INFO: Run Behavior\BuildLiteBehavior [ RunTime:0.000023s ]
INFO: [ app_init ] --END-- [ RunTime:0.000343s ]
INFO: [ app_begin ] --START--
INFO: Run Behavior\ReadHtmlCacheBehavior [ RunTime:0.000340s ]
INFO: [ app_begin ] --END-- [ RunTime:0.000445s ]
INFO: [ app_end ] --START--
INFO: Run Behavior\ShowPageTraceBehavior [ RunTime:0.000459s ]
INFO: [ app_end ] --END-- [ RunTime:0.000589s ]

[ 2016-10-17T10:32:56+08:00 ] ::1 /wei/index.php/Admin/Manager/login.html
INFO: [ app_init ] --START--
INFO: Run Behavior\BuildLiteBehavior [ RunTime:0.000023s ]
INFO: [ app_init ] --END-- [ RunTime:0.000395s ]
INFO: [ app_begin ] --START--
INFO: Run Behavior\ReadHtmlCacheBehavior [ RunTime:0.000389s ]
INFO: [ app_begin ] --END-- [ RunTime:0.000526s ]
SQL: SHOW COLUMNS FROM `sw_manager` [ RunTime:0.0947s ]
SQL: SELECT * FROM `sw_manager` WHERE ( mg_name='admin' ) LIMIT 1   [ RunTime:0.0351s ]
INFO: [ view_parse ] --START--
INFO: [ template_filter ] --START--
INFO: Run Behavior\ContentReplaceBehavior [ RunTime:0.000084s ]
INFO: [ template_filter ] --END-- [ RunTime:0.000198s ]
INFO: Run Behavior\ParseTemplateBehavior [ RunTime:0.005119s ]
INFO: [ view_parse ] --END-- [ RunTime:0.005250s ]
INFO: [ view_filter ] --START--
INFO: Run Behavior\WriteHtmlCacheBehavior [ RunTime:0.000194s ]
INFO: [ view_filter ] --END-- [ RunTime:0.000289s ]
INFO: [ app_end ] --START--
INFO: Run Behavior\ShowPageTraceBehavior [ RunTime:0.000364s ]
INFO: [ app_end ] --END-- [ RunTime:0.000465s ]

[ 2016-10-17T10:32:57+08:00 ] ::1 /wei/index.php/Admin/Manager/verifyImg
INFO: [ app_init ] --START--
INFO: Run Behavior\BuildLiteBehavior [ RunTime:0.000026s ]
INFO: [ app_init ] --END-- [ RunTime:0.000383s ]
INFO: [ app_begin ] --START--
INFO: Run Behavior\ReadHtmlCacheBehavior [ RunTime:0.000404s ]
INFO: [ app_begin ] --END-- [ RunTime:0.000528s ]
INFO: [ app_end ] --START--
INFO: Run Behavior\ShowPageTraceBehavior [ RunTime:0.000441s ]
INFO: [ app_end ] --END-- [ RunTime:0.000574s ]

[ 2016-10-17T10:33:08+08:00 ] ::1 /wei/index.php/Admin/Manager/login.html
INFO: [ app_init ] --START--
INFO: Run Behavior\BuildLiteBehavior [ RunTime:0.000024s ]
INFO: [ app_init ] --END-- [ RunTime:0.000338s ]
INFO: [ app_begin ] --START--
INFO: Run Behavior\ReadHtmlCacheBehavior [ RunTime:0.001823s ]
INFO: [ app_begin ] --END-- [ RunTime:0.002006s ]
INFO: [ view_parse ] --START--
INFO: [ template_filter ] --START--
INFO: Run Behavior\ContentReplaceBehavior [ RunTime:0.000115s ]
INFO: [ template_filter ] --END-- [ RunTime:0.000227s ]
INFO: Run Behavior\ParseTemplateBehavior [ RunTime:0.005104s ]
INFO: [ view_parse ] --END-- [ RunTime:0.005267s ]
INFO: [ view_filter ] --START--
INFO: Run Behavior\WriteHtmlCacheBehavior [ RunTime:0.000213s ]
INFO: [ view_filter ] --END-- [ RunTime:0.000344s ]
INFO: [ app_end ] --START--
INFO: Run Behavior\ShowPageTraceBehavior [ RunTime:0.000400s ]
INFO: [ app_end ] --END-- [ RunTime:0.000504s ]

[ 2016-10-17T10:33:08+08:00 ] ::1 /wei/index.php/Admin/Manager/verifyImg
INFO: [ app_init ] --START--
INFO: Run Behavior\BuildLiteBehavior [ RunTime:0.000039s ]
INFO: [ app_init ] --END-- [ RunTime:0.000536s ]
INFO: [ app_begin ] --START--
INFO: Run Behavior\ReadHtmlCacheBehavior [ RunTime:0.000434s ]
INFO: [ app_begin ] --END-- [ RunTime:0.000556s ]
INFO: [ app_end ] --START--
INFO: Run Behavior\ShowPageTraceBehavior [ RunTime:0.000464s ]
INFO: [ app_end ] --END-- [ RunTime:0.000590s ]

[ 2016-10-17T10:33:18+08:00 ] ::1 /wei/index.php/Admin/Manager/login.html
INFO: [ app_init ] --START--
INFO: Run Behavior\BuildLiteBehavior [ RunTime:0.000023s ]
INFO: [ app_init ] --END-- [ RunTime:0.000355s ]
INFO: [ app_begin ] --START--
INFO: Run Behavior\ReadHtmlCacheBehavior [ RunTime:0.000389s ]
INFO: [ app_begin ] --END-- [ RunTime:0.000504s ]
INFO: [ view_parse ] --START--
INFO: [ template_filter ] --START--
INFO: Run Behavior\ContentReplaceBehavior [ RunTime:0.000118s ]
INFO: [ template_filter ] --END-- [ RunTime:0.000237s ]
INFO: Run Behavior\ParseTemplateBehavior [ RunTime:0.006695s ]
INFO: [ view_parse ] --END-- [ RunTime:0.006807s ]
INFO: [ view_filter ] --START--
INFO: Run Behavior\WriteHtmlCacheBehavior [ RunTime:0.000205s ]
INFO: [ view_filter ] --END-- [ RunTime:0.000301s ]
INFO: [ app_end ] --START--
INFO: Run Behavior\ShowPageTraceBehavior [ RunTime:0.000340s ]
INFO: [ app_end ] --END-- [ RunTime:0.000472s ]

[ 2016-10-17T10:33:19+08:00 ] ::1 /wei/index.php/Admin/Manager/verifyImg
INFO: [ app_init ] --START--
INFO: Run Behavior\BuildLiteBehavior [ RunTime:0.000043s ]
INFO: [ app_init ] --END-- [ RunTime:0.000657s ]
INFO: [ app_begin ] --START--
INFO: Run Behavior\ReadHtmlCacheBehavior [ RunTime:0.000451s ]
INFO: [ app_begin ] --END-- [ RunTime:0.000575s ]
INFO: [ app_end ] --START--
INFO: Run Behavior\ShowPageTraceBehavior [ RunTime:0.001010s ]
INFO: [ app_end ] --END-- [ RunTime:0.001544s ]

[ 2016-10-17T10:33:31+08:00 ] ::1 /wei/index.php/Admin/Manager/login.html
INFO: [ app_init ] --START--
INFO: Run Behavior\BuildLiteBehavior [ RunTime:0.000024s ]
INFO: [ app_init ] --END-- [ RunTime:0.000373s ]
INFO: [ app_begin ] --START--
INFO: Run Behavior\ReadHtmlCacheBehavior [ RunTime:0.000338s ]
INFO: [ app_begin ] --END-- [ RunTime:0.000444s ]
SQL: SHOW COLUMNS FROM `sw_manager` [ RunTime:0.0026s ]
SQL: SELECT * FROM `sw_manager` WHERE ( mg_name='admin' ) LIMIT 1   [ RunTime:0.0003s ]

[ 2016-10-17T10:33:31+08:00 ] ::1 /wei/index.php/Admin/Index/index.html
INFO: [ app_init ] --START--
INFO: Run Behavior\BuildLiteBehavior [ RunTime:0.000023s ]
INFO: [ app_init ] --END-- [ RunTime:0.000352s ]
INFO: [ app_begin ] --START--
INFO: Run Behavior\ReadHtmlCacheBehavior [ RunTime:0.000360s ]
INFO: [ app_begin ] --END-- [ RunTime:0.000465s ]
INFO: [ view_parse ] --START--
INFO: [ template_filter ] --START--
INFO: Run Behavior\ContentReplaceBehavior [ RunTime:0.000081s ]
INFO: [ template_filter ] --END-- [ RunTime:0.000194s ]
INFO: Run Behavior\ParseTemplateBehavior [ RunTime:0.017922s ]
INFO: [ view_parse ] --END-- [ RunTime:0.018050s ]
INFO: [ view_filter ] --START--
INFO: Run Behavior\WriteHtmlCacheBehavior [ RunTime:0.000184s ]
INFO: [ view_filter ] --END-- [ RunTime:0.000279s ]
INFO: [ app_end ] --START--
INFO: Run Behavior\ShowPageTraceBehavior [ RunTime:0.000334s ]
INFO: [ app_end ] --END-- [ RunTime:0.000434s ]

[ 2016-10-17T10:33:32+08:00 ] ::1 /wei/index.php/Admin/Index/head.html
INFO: [ app_init ] --START--
INFO: Run Behavior\BuildLiteBehavior [ RunTime:0.000040s ]
INFO: [ app_init ] --END-- [ RunTime:0.000581s ]
INFO: [ app_begin ] --START--
INFO: Run Behavior\ReadHtmlCacheBehavior [ RunTime:0.000583s ]
INFO: [ app_begin ] --END-- [ RunTime:0.000782s ]
INFO: [ view_parse ] --START--
INFO: [ template_filter ] --START--
INFO: Run Behavior\ContentReplaceBehavior [ RunTime:0.000090s ]
INFO: [ template_filter ] --END-- [ RunTime:0.000218s ]
INFO: Run Behavior\ParseTemplateBehavior [ RunTime:0.023156s ]
INFO: [ view_parse ] --END-- [ RunTime:0.023394s ]
INFO: [ view_filter ] --START--
INFO: Run Behavior\WriteHtmlCacheBehavior [ RunTime:0.000235s ]
INFO: [ view_filter ] --END-- [ RunTime:0.000339s ]
INFO: [ app_end ] --START--
INFO: Run Behavior\ShowPageTraceBehavior [ RunTime:0.000434s ]
INFO: [ app_end ] --END-- [ RunTime:0.000545s ]

[ 2016-10-17T10:33:32+08:00 ] ::1 /wei/index.php/Admin/Index/left.html
INFO: [ app_init ] --START--
INFO: Run Behavior\BuildLiteBehavior [ RunTime:0.000034s ]
INFO: [ app_init ] --END-- [ RunTime:0.000580s ]
INFO: [ app_begin ] --START--
INFO: Run Behavior\ReadHtmlCacheBehavior [ RunTime:0.000798s ]
INFO: [ app_begin ] --END-- [ RunTime:0.001002s ]
SQL: SHOW COLUMNS FROM `sw_manager` [ RunTime:0.0032s ]
SQL: SELECT * FROM `sw_manager` WHERE `mg_id` = 3 LIMIT 1   [ RunTime:0.0240s ]
SQL: SHOW COLUMNS FROM `sw_role` [ RunTime:0.0261s ]
SQL: SELECT * FROM `sw_role` WHERE `role_id` = 102 LIMIT 1   [ RunTime:0.0004s ]
NOTIC: [8] Undefined variable: admin_name D:\wamp\www\wei\Application\Admin\Controller\IndexController.class.php 第 26 行.
SQL: SHOW COLUMNS FROM `sw_auth` [ RunTime:0.0367s ]
SQL: SELECT * FROM `sw_auth` WHERE ( auth_level=0 and auth_id in(10,21,22,23,49,11,31,32,12,41,42,43,51) )  [ RunTime:0.0529s ]
SQL: SELECT * FROM `sw_auth` WHERE ( auth_level=1 and auth_id in(10,21,22,23,49,11,31,32,12,41,42,43,51) )  [ RunTime:0.0006s ]
INFO: [ view_parse ] --START--
INFO: [ template_filter ] --START--
INFO: Run Behavior\ContentReplaceBehavior [ RunTime:0.000098s ]
INFO: [ template_filter ] --END-- [ RunTime:0.000242s ]
INFO: Run Behavior\ParseTemplateBehavior [ RunTime:0.092207s ]
INFO: [ view_parse ] --END-- [ RunTime:0.092347s ]
INFO: [ view_filter ] --START--
INFO: Run Behavior\WriteHtmlCacheBehavior [ RunTime:0.000300s ]
INFO: [ view_filter ] --END-- [ RunTime:0.000398s ]
INFO: [ app_end ] --START--
INFO: Run Behavior\ShowPageTraceBehavior [ RunTime:0.000447s ]
INFO: [ app_end ] --END-- [ RunTime:0.000548s ]

[ 2016-10-17T10:33:32+08:00 ] ::1 /wei/index.php/Admin/Index/right.html
INFO: [ app_init ] --START--
INFO: Run Behavior\BuildLiteBehavior [ RunTime:0.000041s ]
INFO: [ app_init ] --END-- [ RunTime:0.000663s ]
INFO: [ app_begin ] --START--
INFO: Run Behavior\ReadHtmlCacheBehavior [ RunTime:0.000717s ]
INFO: [ app_begin ] --END-- [ RunTime:0.000921s ]
INFO: [ view_parse ] --START--
INFO: [ template_filter ] --START--
INFO: Run Behavior\ContentReplaceBehavior [ RunTime:0.000104s ]
INFO: [ template_filter ] --END-- [ RunTime:0.000237s ]
INFO: Run Behavior\ParseTemplateBehavior [ RunTime:0.034747s ]
INFO: [ view_parse ] --END-- [ RunTime:0.034974s ]
INFO: [ view_filter ] --START--
INFO: Run Behavior\WriteHtmlCacheBehavior [ RunTime:0.000403s ]
INFO: [ view_filter ] --END-- [ RunTime:0.000513s ]
INFO: [ app_end ] --START--
INFO: Run Behavior\ShowPageTraceBehavior [ RunTime:0.000675s ]
INFO: [ app_end ] --END-- [ RunTime:0.000880s ]

[ 2016-10-17T10:33:32+08:00 ] ::1 /wei/index.php/Admin/Index/bottom.html
INFO: [ app_init ] --START--
INFO: Run Behavior\BuildLiteBehavior [ RunTime:0.000027s ]
INFO: [ app_init ] --END-- [ RunTime:0.000558s ]
INFO: [ app_begin ] --START--
INFO: Run Behavior\ReadHtmlCacheBehavior [ RunTime:0.000621s ]
INFO: [ app_begin ] --END-- [ RunTime:0.000765s ]
INFO: [ view_parse ] --START--
INFO: [ template_filter ] --START--
INFO: Run Behavior\ContentReplaceBehavior [ RunTime:0.000140s ]
INFO: [ template_filter ] --END-- [ RunTime:0.000352s ]
INFO: Run Behavior\ParseTemplateBehavior [ RunTime:0.012064s ]
INFO: [ view_parse ] --END-- [ RunTime:0.012206s ]
INFO: [ view_filter ] --START--
INFO: Run Behavior\WriteHtmlCacheBehavior [ RunTime:0.000296s ]
INFO: [ view_filter ] --END-- [ RunTime:0.000396s ]
INFO: [ app_end ] --START--
INFO: Run Behavior\ShowPageTraceBehavior [ RunTime:0.000487s ]
INFO: [ app_end ] --END-- [ RunTime:0.000629s ]

[ 2016-10-17T10:33:37+08:00 ] ::1 /wei/index.php/Admin/Goods/showlist
INFO: [ app_init ] --START--
INFO: Run Behavior\BuildLiteBehavior [ RunTime:0.000025s ]
INFO: [ app_init ] --END-- [ RunTime:0.000529s ]
INFO: [ app_begin ] --START--
INFO: Run Behavior\ReadHtmlCacheBehavior [ RunTime:0.000576s ]
INFO: [ app_begin ] --END-- [ RunTime:0.000727s ]
SQL: SHOW COLUMNS FROM `sw_goods` [ RunTime:0.0583s ]
SQL: SELECT COUNT(*) AS tp_count FROM `sw_goods` LIMIT 1   [ RunTime:0.0320s ]
SQL: select *from sw_goods order by goods_id desc Limit 0, 3 [ RunTime:0.0006s ]
INFO: [ view_parse ] --START--
INFO: [ template_filter ] --START--
INFO: Run Behavior\ContentReplaceBehavior [ RunTime:0.000105s ]
INFO: [ template_filter ] --END-- [ RunTime:0.000228s ]
INFO: Run Behavior\ParseTemplateBehavior [ RunTime:0.054765s ]
INFO: [ view_parse ] --END-- [ RunTime:0.054895s ]
INFO: [ view_filter ] --START--
INFO: Run Behavior\WriteHtmlCacheBehavior [ RunTime:0.000221s ]
INFO: [ view_filter ] --END-- [ RunTime:0.000321s ]
INFO: [ app_end ] --START--
INFO: Run Behavior\ShowPageTraceBehavior [ RunTime:0.000357s ]
INFO: [ app_end ] --END-- [ RunTime:0.000459s ]

[ 2016-10-17T10:33:40+08:00 ] ::1 /wei/index.php/Admin/Goods/showlist?&page=2
INFO: [ app_init ] --START--
INFO: Run Behavior\BuildLiteBehavior [ RunTime:0.000027s ]
INFO: [ app_init ] --END-- [ RunTime:0.000440s ]
INFO: [ app_begin ] --START--
INFO: Run Behavior\ReadHtmlCacheBehavior [ RunTime:0.000559s ]
INFO: [ app_begin ] --END-- [ RunTime:0.000703s ]
SQL: SHOW COLUMNS FROM `sw_goods` [ RunTime:0.0027s ]
SQL: SELECT COUNT(*) AS tp_count FROM `sw_goods` LIMIT 1   [ RunTime:0.0003s ]
SQL: select *from sw_goods order by goods_id desc Limit 3, 3 [ RunTime:0.0004s ]
INFO: [ view_parse ] --START--
INFO: [ template_filter ] --START--
INFO: Run Behavior\ContentReplaceBehavior [ RunTime:0.000140s ]
INFO: [ template_filter ] --END-- [ RunTime:0.000293s ]
INFO: Run Behavior\ParseTemplateBehavior [ RunTime:0.008391s ]
INFO: [ view_parse ] --END-- [ RunTime:0.008548s ]
INFO: [ view_filter ] --START--
INFO: Run Behavior\WriteHtmlCacheBehavior [ RunTime:0.000225s ]
INFO: [ view_filter ] --END-- [ RunTime:0.000322s ]
INFO: [ app_end ] --START--
INFO: Run Behavior\ShowPageTraceBehavior [ RunTime:0.000421s ]
INFO: [ app_end ] --END-- [ RunTime:0.000534s ]

[ 2016-10-17T10:33:47+08:00 ] ::1 /wei/index.php/Admin/Order/showlist
INFO: [ app_init ] --START--
INFO: Run Behavior\BuildLiteBehavior [ RunTime:0.000025s ]
INFO: [ app_init ] --END-- [ RunTime:0.000363s ]
INFO: [ app_begin ] --START--
INFO: Run Behavior\ReadHtmlCacheBehavior [ RunTime:0.000382s ]
INFO: [ app_begin ] --END-- [ RunTime:0.000492s ]
ERR: 无法加载控制器:Order

[ 2016-10-17T10:33:49+08:00 ] ::1 /wei/index.php/Admin/Manager/showlist
INFO: [ app_init ] --START--
INFO: Run Behavior\BuildLiteBehavior [ RunTime:0.000027s ]
INFO: [ app_init ] --END-- [ RunTime:0.000457s ]
INFO: [ app_begin ] --START--
INFO: Run Behavior\ReadHtmlCacheBehavior [ RunTime:0.000543s ]
INFO: [ app_begin ] --END-- [ RunTime:0.000691s ]
ERR: 非法操作:showlist

[ 2016-10-17T10:33:50+08:00 ] ::1 /wei/index.php/Admin/Role/showlist
INFO: [ app_init ] --START--
INFO: Run Behavior\BuildLiteBehavior [ RunTime:0.000027s ]
INFO: [ app_init ] --END-- [ RunTime:0.000377s ]
INFO: [ app_begin ] --START--
INFO: Run Behavior\ReadHtmlCacheBehavior [ RunTime:0.000394s ]
INFO: [ app_begin ] --END-- [ RunTime:0.000520s ]
SQL: SHOW COLUMNS FROM `sw_manager` [ RunTime:0.0023s ]
SQL: SELECT * FROM `sw_manager` WHERE `mg_id` = 3 LIMIT 1   [ RunTime:0.0003s ]
SQL: SHOW COLUMNS FROM `sw_role` [ RunTime:0.0024s ]
SQL: SELECT * FROM `sw_role` WHERE `role_id` = 102 LIMIT 1   [ RunTime:0.0003s ]
SQL: SHOW COLUMNS FROM `sw_role` [ RunTime:0.0022s ]
SQL: SELECT * FROM `sw_role`  [ RunTime:0.0002s ]
INFO: [ view_parse ] --START--
INFO: [ template_filter ] --START--
INFO: Run Behavior\ContentReplaceBehavior [ RunTime:0.000135s ]
INFO: [ template_filter ] --END-- [ RunTime:0.000307s ]
NOTIC: [8] Undefined variable: pagelist D:\wamp\www\wei\Application\Runtime\Cache\Admin\7083caa8be6418438f207bfc442a1335.php 第 86 行.
INFO: Run Behavior\ParseTemplateBehavior [ RunTime:0.023693s ]
INFO: [ view_parse ] --END-- [ RunTime:0.023931s ]
INFO: [ view_filter ] --START--
INFO: Run Behavior\WriteHtmlCacheBehavior [ RunTime:0.000311s ]
INFO: [ view_filter ] --END-- [ RunTime:0.000473s ]
INFO: [ app_end ] --START--
INFO: Run Behavior\ShowPageTraceBehavior [ RunTime:0.000497s ]
INFO: [ app_end ] --END-- [ RunTime:0.000598s ]

[ 2016-10-17T10:33:52+08:00 ] ::1 /wei/index.php/Admin/Auth/showlist
INFO: [ app_init ] --START--
INFO: Run Behavior\BuildLiteBehavior [ RunTime:0.000025s ]
INFO: [ app_init ] --END-- [ RunTime:0.000367s ]
INFO: [ app_begin ] --START--
INFO: Run Behavior\ReadHtmlCacheBehavior [ RunTime:0.000529s ]
INFO: [ app_begin ] --END-- [ RunTime:0.000664s ]
SQL: SHOW COLUMNS FROM `sw_manager` [ RunTime:0.0028s ]
SQL: SELECT * FROM `sw_manager` WHERE `mg_id` = 3 LIMIT 1   [ RunTime:0.0003s ]
SQL: SHOW COLUMNS FROM `sw_role` [ RunTime:0.0026s ]
SQL: SELECT * FROM `sw_role` WHERE `role_id` = 102 LIMIT 1   [ RunTime:0.0003s ]
SQL: SHOW COLUMNS FROM `sw_auth` [ RunTime:0.0022s ]
SQL: SELECT * FROM `sw_auth` ORDER BY auth_path  [ RunTime:0.0527s ]
INFO: [ view_parse ] --START--
INFO: [ template_filter ] --START--
INFO: Run Behavior\ContentReplaceBehavior [ RunTime:0.000107s ]
INFO: [ template_filter ] --END-- [ RunTime:0.000228s ]
NOTIC: [8] Undefined index: goods_id D:\wamp\www\wei\Application\Runtime\Cache\Admin\4928a69b4809876b4427338c537f363e.php 第 93 行.
NOTIC: [8] Undefined index: goods_id D:\wamp\www\wei\Application\Runtime\Cache\Admin\4928a69b4809876b4427338c537f363e.php 第 94 行.
NOTIC: [8] Undefined index: goods_id D:\wamp\www\wei\Application\Runtime\Cache\Admin\4928a69b4809876b4427338c537f363e.php 第 93 行.
NOTIC: [8] Undefined index: goods_id D:\wamp\www\wei\Application\Runtime\Cache\Admin\4928a69b4809876b4427338c537f363e.php 第 94 行.
NOTIC: [8] Undefined index: goods_id D:\wamp\www\wei\Application\Runtime\Cache\Admin\4928a69b4809876b4427338c537f363e.php 第 93 行.
NOTIC: [8] Undefined index: goods_id D:\wamp\www\wei\Application\Runtime\Cache\Admin\4928a69b4809876b4427338c537f363e.php 第 94 行.
NOTIC: [8] Undefined index: goods_id D:\wamp\www\wei\Application\Runtime\Cache\Admin\4928a69b4809876b4427338c537f363e.php 第 93 行.
NOTIC: [8] Undefined index: goods_id D:\wamp\www\wei\Application\Runtime\Cache\Admin\4928a69b4809876b4427338c537f363e.php 第 94 行.
NOTIC: [8] Undefined index: goods_id D:\wamp\www\wei\Application\Runtime\Cache\Admin\4928a69b4809876b4427338c537f363e.php 第 93 行.
NOTIC: [8] Undefined index: goods_id D:\wamp\www\wei\Application\Runtime\Cache\Admin\4928a69b4809876b4427338c537f363e.php 第 94 行.
NOTIC: [8] Undefined index: goods_id D:\wamp\www\wei\Application\Runtime\Cache\Admin\4928a69b4809876b4427338c537f363e.php 第 93 行.
NOTIC: [8] Undefined index: goods_id D:\wamp\www\wei\Application\Runtime\Cache\Admin\4928a69b4809876b4427338c537f363e.php 第 94 行.
NOTIC: [8] Undefined index: goods_id D:\wamp\www\wei\Application\Runtime\Cache\Admin\4928a69b4809876b4427338c537f363e.php 第 93 行.
NOTIC: [8] Undefined index: goods_id D:\wamp\www\wei\Application\Runtime\Cache\Admin\4928a69b4809876b4427338c537f363e.php 第 94 行.
NOTIC: [8] Undefined index: goods_id D:\wamp\www\wei\Application\Runtime\Cache\Admin\4928a69b4809876b4427338c537f363e.php 第 93 行.
NOTIC: [8] Undefined index: goods_id D:\wamp\www\wei\Application\Runtime\Cache\Admin\4928a69b4809876b4427338c537f363e.php 第 94 行.
NOTIC: [8] Undefined index: goods_id D:\wamp\www\wei\Application\Runtime\Cache\Admin\4928a69b4809876b4427338c537f363e.php 第 93 行.
NOTIC: [8] Undefined index: goods_id D:\wamp\www\wei\Application\Runtime\Cache\Admin\4928a69b4809876b4427338c537f363e.php 第 94 行.
NOTIC: [8] Undefined index: goods_id D:\wamp\www\wei\Application\Runtime\Cache\Admin\4928a69b4809876b4427338c537f363e.php 第 93 行.
NOTIC: [8] Undefined index: goods_id D:\wamp\www\wei\Application\Runtime\Cache\Admin\4928a69b4809876b4427338c537f363e.php 第 94 行.
NOTIC: [8] Undefined index: goods_id D:\wamp\www\wei\Application\Runtime\Cache\Admin\4928a69b4809876b4427338c537f363e.php 第 93 行.
NOTIC: [8] Undefined index: goods_id D:\wamp\www\wei\Application\Runtime\Cache\Admin\4928a69b4809876b4427338c537f363e.php 第 94 行.
NOTIC: [8] Undefined index: goods_id D:\wamp\www\wei\Application\Runtime\Cache\Admin\4928a69b4809876b4427338c537f363e.php 第 93 行.
NOTIC: [8] Undefined index: goods_id D:\wamp\www\wei\Application\Runtime\Cache\Admin\4928a69b4809876b4427338c537f363e.php 第 94 行.
NOTIC: [8] Undefined index: goods_id D:\wamp\www\wei\Application\Runtime\Cache\Admin\4928a69b4809876b4427338c537f363e.php 第 93 行.
NOTIC: [8] Undefined index: goods_id D:\wamp\www\wei\Application\Runtime\Cache\Admin\4928a69b4809876b4427338c537f363e.php 第 94 行.
NOTIC: [8] Undefined index: goods_id D:\wamp\www\wei\Application\Runtime\Cache\Admin\4928a69b4809876b4427338c537f363e.php 第 93 行.
NOTIC: [8] Undefined index: goods_id D:\wamp\www\wei\Application\Runtime\Cache\Admin\4928a69b4809876b4427338c537f363e.php 第 94 行.
NOTIC: [8] Undefined index: goods_id D:\wamp\www\wei\Application\Runtime\Cache\Admin\4928a69b4809876b4427338c537f363e.php 第 93 行.
NOTIC: [8] Undefined index: goods_id D:\wamp\www\wei\Application\Runtime\Cache\Admin\4928a69b4809876b4427338c537f363e.php 第 94 行.
NOTIC: [8] Undefined variable: pagelist D:\wamp\www\wei\Application\Runtime\Cache\Admin\4928a69b4809876b4427338c537f363e.php 第 102 行.
INFO: Run Behavior\ParseTemplateBehavior [ RunTime:0.035045s ]
INFO: [ view_parse ] --END-- [ RunTime:0.035195s ]
INFO: [ view_filter ] --START--
INFO: Run Behavior\WriteHtmlCacheBehavior [ RunTime:0.000205s ]
INFO: [ view_filter ] --END-- [ RunTime:0.000312s ]
INFO: [ app_end ] --START--
INFO: Run Behavior\ShowPageTraceBehavior [ RunTime:0.000476s ]
INFO: [ app_end ] --END-- [ RunTime:0.000631s ]

